1 6 9
2 7 17
3 8 17
4 9 20
5 10 20
6 11 20
7 12 20
8 13 20
9 14 20
10 15 18
11 16 18
12 17 18
13 18 21
14 19 21
15 20 21
16 21 21
17 22 21
18 23 21
19 24 21
20 25 24
21 26 24
22 27 112
23 28 112
24 29 112
25 30 112
26 31 112
27 32 112
28 33 107
29 34 107
30 35 107
31 36 107
32 37 27
33 38 27
34 39 35
35 40 35
36 41 110
37 42 110
38 43 110
39 44 110
40 45 110
41 46 110
42 47 105
43 48 105
44 49 105
45 50 105
46 51 105
47 52 105
48 53 25
49 54 113
50 55 113
51 56 113
52 57 113
53 58 113
54 59 113
55 60 113
56 61 33
57 62 108
58 63 108
59 64 108
60 65 108
61 66 108
62 67 108
63 68 108
64 69 28
65 70 28
66 71 103
67 72 103
68 73 116
69 74 116
70 75 116
71 76 116
72 77 116
73 78 116
74 79 36
75 80 36
76 81 36
77 82 111
78 83 111
79 84 111
80 85 111
81 86 111
82 87 111
83 88 111
84 89 31
85 90 31
86 91 93
87 92 93
88 93 93
89 94 106
90 95 106
91 96 106
92 97 119
93 98 119
94 99 119
95 100 119
96 101 119
97 102 119
98 103 88
99 104 88
100 105 88
1 7 17
2 8 17
3 9 20
4 10 20
5 11 20
6 12 20
7 13 20
8 14 20
9 15 20
10 16 18
11 17 18
12 18 21
13 19 21
14 20 21
15 21 21
16 22 21
17 23 21
18 24 21
19 25 24
20 26 24
21 27 112
22 28 112
23 29 112
24 30 112
25 31 112
26 32 112
27 33 112
28 34 107
29 35 107
30 36 107
31 37 107
32 38 27
33 39 35
34 40 35
35 41 110
36 42 110
37 43 110
38 44 110
39 45 110
40 46 110
41 47 110
42 48 105
43 49 105
44 50 105
45 51 105
46 52 105
47 53 105
48 54 113
49 55 113
50 56 113
51 57 113
52 58 113
53 59 113
54 60 113
55 61 113
56 62 108
57 63 108
58 64 108
59 65 108
60 66 108
61 67 108
62 68 108
63 69 108
64 70 28
65 71 103
66 72 103
67 73 116
68 74 116
69 75 116
70 76 116
71 77 116
72 78 116
73 79 116
74 80 36
75 81 36
76 82 111
77 83 111
78 84 111
79 85 111
80 86 111
81 87 111
82 88 111
83 89 111
84 90 31
85 91 93
86 92 93
87 93 93
88 94 106
89 95 106
90 96 106
91 97 119
92 98 119
93 99 119
94 100 119
95 101 119
96 102 119
97 103 119
98 104 88
99 105 88
100 106 88
1 8 17
2 9 20
3 10 20
4 11 20
5 12 20
6 13 20
7 14 20
8 15 20
9 16 20
10 17 18
11 18 21
12 19 21
13 20 21
14 21 21
15 22 21
16 23 21
17 24 21
18 25 24
19 26 24
20 27 112
21 28 112
22 29 112
23 30 112
24 31 112
25 32 112
26 33 112
27 34 112
28 35 107
29 36 107
30 37 107
31 38 107
32 39 35
33 40 35
34 41 110
35 42 110
36 43 110
37 44 110
38 45 110
39 46 110
40 47 110
41 48 110
42 49 105
43 50 105
44 51 105
45 52 105
46 53 105
47 54 113
48 55 113
49 56 113
50 57 113
51 58 113
52 59 113
53 60 113
54 61 113
55 62 113
56 63 108
57 64 108
58 65 108
59 66 108
60 67 108
61 68 108
62 69 108
63 70 108
64 71 103
65 72 103
66 73 116
67 74 116
68 75 116
69 76 116
70 77 116
71 78 116
72 79 116
73 80 116
74 81 36
75 82 111
76 83 111
77 84 111
78 85 111
79 86 111
80 87 111
81 88 111
82 89 111
83 90 111
84 91 93
85 92 93
86 93 93
87 94 106
88 95 106
89 96 106
90 97 119
91 98 119
92 99 119
93 100 119
94 101 119
95 102 119
96 103 119
97 104 119
98 105 88
99 106 88
100 107 101
1 9 20
2 10 20
3 11 20
4 12 20
5 13 20
6 14 20
7 15 20
8 16 20
9 17 20
10 18 21
11 19 21
12 20 21
13 21 21
14 22 21
15 23 21
16 24 21
17 25 24
18 26 24
19 27 112
20 28 112
21 29 112
22 30 112
23 31 112
24 32 112
25 33 112
26 34 112
27 35 112
28 36 107
29 37 107
30 38 107
31 39 107
32 40 35
33 41 110
34 42 110
35 43 110
36 44 110
37 45 110
38 46 110
39 47 110
40 48 110
41 49 110
42 50 105
43 51 105
44 52 105
45 53 105
46 54 113
47 55 113
48 56 113
49 57 113
50 58 113
51 59 113
52 60 113
53 61 113
54 62 113
55 63 113
56 64 108
57 65 108
58 66 108
59 67 108
60 68 108
61 69 108
62 70 108
63 71 108
64 72 103
65 73 116
66 74 116
67 75 116
68 76 116
69 77 116
70 78 116
71 79 116
72 80 116
73 81 116
74 82 111
75 83 111
76 84 111
77 85 111
78 86 111
79 87 111
80 88 111
81 89 111
82 90 111
83 91 111
84 92 93
85 93 93
86 94 106
87 95 106
88 96 106
89 97 119
90 98 119
91 99 119
92 100 119
93 101 119
94 102 119
95 103 119
96 104 119
97 105 119
98 106 88
99 107 101
100 108 114
1 10 20
2 11 20
3 12 20
4 13 20
5 14 20
6 15 20
7 16 20
8 17 20
9 18 21
10 19 21
11 20 21
12 21 21
13 22 21
14 23 21
15 24 21
16 25 24
17 26 24
18 27 112
19 28 112
20 29 112
21 30 112
22 31 112
23 32 112
24 33 112
25 34 112
26 35 112
27 36 112
28 37 107
29 38 107
30 39 107
31 40 107
32 41 110
33 42 110
34 43 110
35 44 110
36 45 110
37 46 110
38 47 110
39 48 110
40 49 110
41 50 110
42 51 105
43 52 105
44 53 105
45 54 113
46 55 113
47 56 113
48 57 113
49 58 113
50 59 113
51 60 113
52 61 113
53 62 113
54 63 113
55 64 113
56 65 108
57 66 108
58 67 108
59 68 108
60 69 108
61 70 108
62 71 108
63 72 108
64 73 116
65 74 116
66 75 116
67 76 116
68 77 116
69 78 116
70 79 116
71 80 116
72 81 116
73 82 116
74 83 111
75 84 111
76 85 111
77 86 111
78 87 111
79 88 111
80 89 111
81 90 111
82 91 111
83 92 111
84 93 93
85 94 106
86 95 106
87 96 106
88 97 119
89 98 119
90 99 119
91 100 119
92 101 119
93 102 119
94 103 119
95 104 119
96 105 119
97 106 119
98 107 101
99 108 114
100 109 114
1 11 20
2 12 20
3 13 20
4 14 20
5 15 20
6 16 20
7 17 20
8 18 21
9 19 21
10 20 21
11 21 21
12 22 21
13 23 21
14 24 21
15 25 24
16 26 24
17 27 112
18 28 112
19 29 112
20 30 112
21 31 112
22 32 112
23 33 112
24 34 112
25 35 112
26 36 112
27 37 112
28 38 107
29 39 107
30 40 107
31 41 110
32 42 110
33 43 110
34 44 110
35 45 110
36 46 110
37 47 110
38 48 110
39 49 110
40 50 110
41 51 110
42 52 105
43 53 105
44 54 113
45 55 113
46 56 113
47 57 113
48 58 113
49 59 113
50 60 113
51 61 113
52 62 113
53 63 113
54 64 113
55 65 113
56 66 108
57 67 108
58 68 108
59 69 108
60 70 108
61 71 108
62 72 108
63 73 116
64 74 116
65 75 116
66 76 116
67 77 116
68 78 116
69 79 116
70 80 116
71 81 116
72 82 116
73 83 116
74 84 111
75 85 111
76 86 111
77 87 111
78 88 111
79 89 111
80 90 111
81 91 111
82 92 111
83 93 111
84 94 106
85 95 106
86 96 106
87 97 119
88 98 119
89 99 119
90 100 119
91 101 119
92 102 119
93 103 119
94 104 119
95 105 119
96 106 119
97 107 119
98 108 114
99 109 114
100 110 114
1 12 20
2 13 20
3 14 20
4 15 20
5 16 20
6 17 20
7 18 21
8 19 21
9 20 21
10 21 21
11 22 21
12 23 21
13 24 21
14 25 24
15 26 24
16 27 112
17 28 112
18 29 112
19 30 112
20 31 112
21 32 112
22 33 112
23 34 112
24 35 112
25 36 112
26 37 112
27 38 112
28 39 107
29 40 107
30 41 110
31 42 110
32 43 110
33 44 110
34 45 110
35 46 110
36 47 110
37 48 110
38 49 110
39 50 110
40 51 110
41 52 110
42 53 105
43 54 113
44 55 113
45 56 113
46 57 113
47 58 113
48 59 113
49 60 113
50 61 113
51 62 113
52 63 113
53 64 113
54 65 113
55 66 113
56 67 108
57 68 108
58 69 108
59 70 108
60 71 108
61 72 108
62 73 116
63 74 116
64 75 116
65 76 116
66 77 116
67 78 116
68 79 116
69 80 116
70 81 116
71 82 116
72 83 116
73 84 116
74 85 111
75 86 111
76 87 111
77 88 111
78 89 111
79 90 111
80 91 111
81 92 111
82 93 111
83 94 111
84 95 106
85 96 106
86 97 119
87 98 119
88 99 119
89 100 119
90 101 119
91 102 119
92 103 119
93 104 119
94 105 119
95 106 119
96 107 119
97 108 119
98 109 114
99 110 114
100 111 114
1 13 20
2 14 20
3 15 20
4 16 20
5 17 20
6 18 21
7 19 21
8 20 21
9 21 21
10 22 21
11 23 21
12 24 21
13 25 24
14 26 24
15 27 112
16 28 112
17 29 112
18 30 112
19 31 112
20 32 112
21 33 112
22 34 112
23 35 112
24 36 112
25 37 112
26 38 112
27 39 112
28 40 107
29 41 110
30 42 110
31 43 110
32 44 110
33 45 110
34 46 110
35 47 110
36 48 110
37 49 110
38 50 110
39 51 110
40 52 110
41 53 110
42 54 113
43 55 113
44 56 113
45 57 113
46 58 113
47 59 113
48 60 113
49 61 113
50 62 113
51 63 113
52 64 113
53 65 113
54 66 113
55 67 113
56 68 108
57 69 108
58 70 108
59 71 108
60 72 108
61 73 116
62 74 116
63 75 116
64 76 116
65 77 116
66 78 116
67 79 116
68 80 116
69 81 116
70 82 116
71 83 116
72 84 116
73 85 116
74 86 111
75 87 111
76 88 111
77 89 111
78 90 111
79 91 111
80 92 111
81 93 111
82 94 111
83 95 111
84 96 106
85 97 119
86 98 119
87 99 119
88 100 119
89 101 119
90 102 119
91 103 119
92 104 119
93 105 119
94 106 119
95 107 119
96 108 119
97 109 119
98 110 114
99 111 114
100 112 114
1 14 20
2 15 20
3 16 20
4 17 20
5 18 21
6 19 21
7 20 21
8 21 21
9 22 21
10 23 21
11 24 21
12 25 24
13 26 24
14 27 112
15 28 112
16 29 112
17 30 112
18 31 112
19 32 112
20 33 112
21 34 112
22 35 112
23 36 112
24 37 112
25 38 112
26 39 112
27 40 112
28 41 110
29 42 110
30 43 110
31 44 110
32 45 110
33 46 110
34 47 110
35 48 110
36 49 110
37 50 110
38 51 110
39 52 110
40 53 110
41 54 113
42 55 113
43 56 113
44 57 113
45 58 113
46 59 113
47 60 113
48 61 113
49 62 113
50 63 113
51 64 113
52 65 113
53 66 113
54 67 113
55 68 113
56 69 108
57 70 108
58 71 108
59 72 108
60 73 116
61 74 116
62 75 116
63 76 116
64 77 116
65 78 116
66 79 116
67 80 116
68 81 116
69 82 116
70 83 116
71 84 116
72 85 116
73 86 116
74 87 111
75 88 111
76 89 111
77 90 111
78 91 111
79 92 111
80 93 111
81 94 111
82 95 111
83 96 111
84 97 119
85 98 119
86 99 119
87 100 119
88 101 119
89 102 119
90 103 119
91 104 119
92 105 119
93 106 119
94 107 119
95 108 119
96 109 119
97 110 119
98 111 114
99 112 114
100 113 114
1 15 20
2 16 20
3 17 20
4 18 21
5 19 21
6 20 21
7 21 21
8 22 21
9 23 21
10 24 21
11 25 24
12 26 24
13 27 112
14 28 112
15 29 112
16 30 112
17 31 112
18 32 112
19 33 112
20 34 112
21 35 112
22 36 112
23 37 112
24 38 112
25 39 112
26 40 112
27 41 112
28 42 110
29 43 110
30 44 110
31 45 110
32 46 110
33 47 110
34 48 110
35 49 110
36 50 110
37 51 110
38 52 110
39 53 110
40 54 113
41 55 113
42 56 113
43 57 113
44 58 113
45 59 113
46 60 113
47 61 113
48 62 113
49 63 113
50 64 113
51 65 113
52 66 113
53 67 113
54 68 113
55 69 113
56 70 108
57 71 108
58 72 108
59 73 116
60 74 116
61 75 116
62 76 116
63 77 116
64 78 116
65 79 116
66 80 116
67 81 116
68 82 116
69 83 116
70 84 116
71 85 116
72 86 116
73 87 116
74 88 111
75 89 111
76 90 111
77 91 111
78 92 111
79 93 111
80 94 111
81 95 111
82 96 111
83 97 119
84 98 119
85 99 119
86 100 119
87 101 119
88 102 119
89 103 119
90 104 119
91 105 119
92 106 119
93 107 119
94 108 119
95 109 119
96 110 119
97 111 119
98 112 114
99 113 114
100 114 114
