660541 796457 504
899606 421793 525
713770 641485 504
993173 135678 525
175399 785239 509
259228 908594 525
699427 114941 509
136343 626706 470
232626 105987 443
807384 45936 509
906622 657050 525
626776 172293 470
645259 937698 525
460938 946635 525
791076 997840 525
429597 642536 509
503783 321451 449
76303 57988 335
551466 539440 452
756649 359547 509
11081 394838 443
617115 50798 470
984014 300396 525
817588 849396 525
409147 727582 509
639741 184110 509
101238 600342 470
330035 38841 443
567249 568319 359
666272 384572 509
580598 557604 421
803733 344864 509
726700 594295 509
426502 166623 449
190216 483182 449
696194 947766 525
954162 637704 525
854989 410868 525
620499 925102 525
55644 930741 525
774936 603700 509
190124 312296 443
840358 949822 507
529407 683467 509
442970 741695 509
326068 89336 443
503163 695069 509
229762 831833 509
243647 412913 449
634256 92024 509
793846 530154 509
5940 855537 525
270103 763025 509
553031 713096 509
999526 370855 525
111842 703063 509
981694 845866 507
438071 509280 444
619264 356534 470
189197 216385 373
564888 831881 509
977049 727045 525
92137 639455 509
845046 419351 525
266133 365628 441
42114 138833 354
436778 408584 449
55764 822898 509
317164 176980 443
439965 511854 470
535547 288379 470
862554 464608 525
627809 408163 509
122163 967899 525
4410 159779 383
564083 808222 509
284480 962046 525
642149 733989 504
252530 722702 509
260295 607068 470
637345 814268 504
647662 297519 509
170839 952940 525
914486 10236 525
511268 387445 470
764451 275114 509
650758 485133 509
517593 706515 509
43316 493124 449
932468 159901 525
858503 870567 388
915205 261030 525
937862 978693 507
617258 959133 525
233676 921998 525
788425 925870 525
924696 641943 525
898088 153237 525
291569 5433 443
181420 423892 449
291572 475866 449
805293 21375 509
881084 394499 525
471410 352757 449
801900 371184 509
280718 924265 525
890715 188263 525
183510 109470 383
414109 791232 509
78397 861745 525
464042 920003 525
95375 201936 383
365038 350702 410
580550 589065 434
676653 950549 525
449868 128381 449
181392 707300 509
974862 931699 507
198863 97089 383
447161 451080 387
505533 159308 449
873685 318916 525
993323 357640 525
67834 477641 449
886074 687955 525
793266 326117 509
22721 810129 509
563757 397446 470
215062 669159 509
608667 803405 509
552765 362787 470
791530 634235 504
719019 504121 509
257564 900680 525
294069 276265 389
257219 795154 509
165338 111292 383
504540 592114 470
34281 575468 470
478470 367979 449
314705 501027 449
849437 998716 507
5763 384924 443
725624 515029 509
372613 379174 423
708603 638118 504
720086 156615 509
905561 621522 525
196474 237757 443
979881 62530 525
686689 274848 509
569124 866903 525
436856 834531 509
294585 368183 441
272715 802937 509
558989 738505 509
919637 813268 525
937874 856891 476
78246 749384 509
342659 78848 443
952239 972622 458
230201 508248 449
107117 915045 525
125037 289927 443
170032 736915 509
111691 837863 509
863047 569674 525
608111 455321 470
516938 116581 470
185662 371159 443
779396 529489 509
469092 110245 449
972347 366793 525
489573 685542 509
208604 804793 509
555490 712139 509
582600 337924 470
726891 420454 509
946677 105953 525
669819 593565 509
713282 130208 509
317396 792057 509
14364 830987 509
799672 399262 509
280582 63719 443
882945 944533 507
963784 7898 525
219358 864901 525
686390 676966 398
178218 850753 525
333979 639251 509
196778 709627 509
174467 113132 383
660643 913173 525
282210 673247 509
854934 102360 525
23716 52424 340
472921 694206 509
479122 530503 470
61268 621161 470
112093 398349 443
466644 76215 449
720523 924406 525
848783 105389 525
299387 782800 509
465269 399632 449
626070 854139 525
238831 124626 443
959636 519720 525
908406 601833 525
899048 835907 525
316435 199100 443
222794 21677 386
161455 289527 443
820383 872674 525
935958 735679 525
8902 552058 470
486796 219583 449
35329 507403 449
686924 657567 442
735742 653611 504
674585 620630 509
73538 84691 351
757827 112662 509
385969 993759 525
360889 227558 443
782204 810930 468
872645 484814 525
124007 696566 509
857064 756011 525
443381 52609 449
760722 367522 509
412403 401171 449
308734 652465 509
726687 103868 509
697192 216609 509
559219 862938 525
658540 282904 509
344785 783552 509
97980 142603 354
414156 683315 509
420926 212816 449
482768 391310 449
468288 454417 444
30896 369605 443
766937 488989 509
946186 190022 525
356573 273112 441
180633 445115 449
327164 115859 443
261399 710700 509
748151 85494 509
473549 206146 449
313792 819802 509
320120 936806 525
617710 300787 470
605209 390408 470
947034 367722 525
363674 669948 509
976025 380681 525
535768 857022 525
296085 922768 525
977937 524438 525
204298 458853 449
902444 365655 525
12699 408807 443
156895 6529 375
318798 58147 443
112896 846918 525
819371 322207 509
518764 559338 452
119404 757012 509
126030 182979 383
711009 390714 509
433933 814816 509
277091 501179 449
60948 43078 340
137970 261961 443
444607 998998 525
527534 135947 470
837151 225162 525
212526 910194 525
293866 658526 509
1025 443755 449
249538 211211 443
240767 377901 441
129824 835246 509
246730 709041 509
996637 65864 525
235302 101634 443
898717 539102 525
264755 348138 441
73688 369793 443
667459 249868 509
575174 941992 525
508636 769936 509
613927 496697 470
963403 991288 458
109996 358630 443
697699 137618 509
69381 959156 525
758225 302534 509
905416 743255 525
630941 358159 509
288186 838138 525
177151 698118 509
494142 910043 525
963355 512090 525
207127 948498 525
665371 846556 525
818972 137009 509
830120 868663 525
236535 216775 443
977029 740733 525
958745 971263 458
872648 898588 445
86718 253478 443
359157 53103 443
755864 72458 509
651896 559473 509
111707 976765 525
576127 384652 470
858020 983545 507
635570 966671 525
185735 133149 383
574288 878591 525
283315 572566 470
381607 930372 525
102532 519001 470
474224 292868 449
930981 508556 525
692484 705741 504
290336 524100 470
540287 245612 470
657988 792233 504
137392 405147 443
524914 706614 509
681145 672086 385
685316 875613 525
521610 761806 509
846105 329928 525
53236 696567 509
355137 547641 470
325036 613884 470
556738 708626 509
953119 854035 507
972485 700721 525
573164 805290 509
928864 692787 525
121091 208064 383
200065 845210 525
487896 966033 525
713395 613129 509
608195 697001 509
599440 881580 525
533943 827098 509
256580 490612 449
965533 771593 525
346553 907648 525
194572 3490 383
328356 234327 407
724391 750444 424
169964 812178 509
683796 738614 504
814898 115991 509
936148 170353 525
87041 261695 443
92420 998936 525
508116 859609 525
544815 982601 525
193790 842824 525
616654 790775 509
317754 620231 470
247261 234169 381
455247 218061 449
936538 677690 525
953311 782668 525
216989 370259 443
627277 150931 509
887887 125942 525
660809 733011 504
220552 5825 386
118906 311614 443
588041 394034 470
373510 77963 443
883410 284858 525
174657 397782 443
543970 679914 509
847343 386725 525
176201 450122 449
650680 486726 509
631211 872649 525
309159 720724 509
312531 480078 449
863006 791000 525
543729 12909 470
573594 416011 470
357874 658805 509
743775 847097 525
90426 359014 443
117440 315010 443
286849 11007 443
870605 382331 525
899783 217974 525
342169 97713 443
586805 957185 525
875110 889229 445
376658 900433 525
873584 112339 525
253982 919263 525
765523 988101 525
356686 391007 436
163161 296420 443
223077 509328 449
567780 682582 509
202604 88629 383
489972 554147 470
330062 108830 443
294166 343385 384
463634 585375 470
642730 8208 509
354805 504034 449
686799 75656 509
17955 661977 509
258989 631598 509
615698 799499 509
200222 259326 443
476156 248208 449
522233 554818 452
84215 972888 525
374269 812728 509
412978 72869 449
700247 488785 509
877710 462873 525
439184 136470 449
777686 679273 504
209495 864613 525
958685 417265 525
767078 284186 509
71155 480226 449
888914 566281 525
945859 500438 525
592500 737831 509
775244 375236 509
525360 670856 509
419194 102799 449
714271 504322 509
820640 308793 509
142301 191281 383
168661 892277 525
359408 440276 449
669224 869081 525
916243 746965 525
245376 521778 470
255135 814054 509
329109 446258 449
532309 718535 509
888517 654212 525
613834 158820 470
760660 87552 509
195759 358682 443
389443 845818 525
842748 807770 525
864395 830837 525
620729 549990 447
701942 139189 509
704745 100473 509
921435 283890 525
389715 278276 441
756468 519912 509
593838 76434 470
374621 601931 470
365160 781068 509
10732 926040 525
458067 153241 449
181671 866503 525
809516 256733 509
195942 849437 525
873290 426211 525
182854 464926 449
818016 798037 450
633287 360671 509
784047 357800 509
383363 530232 470
833611 34005 509
356748 342232 441
588807 619137 447
611936 766324 509
988095 290430 525
11211 849112 525
671747 525610 509
883738 334430 525
583963 270325 470
92151 824315 509
245884 520577 470
609062 999158 525
679941 32226 509
587611 225653 470
503798 160132 449
260853 458096 449
497006 285932 449
259739 375302 441
494878 278295 449
238258 486126 449
454992 474046 444
281208 939206 525
476558 519419 470
164992 534471 470
619760 505093 470
246602 138266 443
380422 839575 525
812542 578307 509
591709 503536 470
563845 933628 525
218866 234931 443
330308 455389 449
594417 560622 434
486390 791926 509
381224 591287 470
799013 244287 509
675789 576243 509
781509 765479 468
874728 550320 525
24557 256904 443
878110 951346 507
393203 318204 441
610588 269259 470
879650 514889 525
439452 381411 449
575835 387447 470
622679 434968 470
817093 594435 509
739463 983230 525
786162 758380 468
458456 81927 449
166800 792618 509
993834 274238 525
788040 399102 509
17605 247022 443
430070 539365 470
26138 791967 509
651334 816358 504
917938 321984 525
319335 742283 509
560566 191520 470
967343 287852 525
549466 7958 470
745803 503142 509
510054 370497 449
213281 162347 373
684386 643370 442
973252 775347 525
457565 893254 525
404499 818065 509
906266 705239 525
378926 664544 509
637528 461233 509
682710 684444 380
815549 914138 525
876385 266189 525
415902 890827 525
44886 800349 509
619693 106771 470
889771 539147 525
494464 207195 449
394328 217848 443
364474 891396 525
144471 411231 449
848472 326060 525
910907 657122 525
518810 885840 525
978730 495295 525
941195 196363 525
730617 93857 509
646319 566909 509
155618 807187 509
248905 903559 525
286564 790991 509
477446 158130 449
741496 74165 509
887177 339055 525
32747 172631 383
96340 615417 470
823964 401201 509
952463 235287 525
75412 913910 525
73465 742397 509
935933 758149 525
278056 19858 443
636161 600314 509
449086 608397 470
282496 245409 407
81066 23416 351
868717 987334 507
387352 86359 443
115014 146728 375
565622 451042 470
810350 827148 450
996388 3629 525
333736 123501 443
489400 345705 449
622130 967504 525
783787 525635 509
449212 984374 525
236643 600106 470
998531 901675 507
755741 569838 509
694799 1596 509
883638 564100 525
252229 322758 407
259927 781158 509
638378 355944 509
847483 974679 507
205621 221402 386
983071 260228 525
137358 792727 509
867781 215494 525
662249 683958 442
815076 882692 525
60090 595671 470
947759 542774 525
246868 791160 509
21568 99524 351
519778 89447 470
380001 539596 470
250176 107858 443
232695 34883 443
492535 960122 525
81740 584499 470
258067 2566 443
276855 865954 525
743075 102580 509
48554 966675 525
379277 154410 443
602072 518822 452
941003 163755 525
927169 658586 525
790726 54693 509
888475 750707 525
180493 522599 470
958879 27382 525
442546 450607 387
483501 625746 470
523969 183713 470
985692 705305 525
634910 607636 509
407778 583531 470
157946 250759 443
750428 429107 509
128497 167345 383
982332 653899 525
9796 200118 383
822604 80123 509
180270 661749 509
114147 156383 375
391397 72766 443
21987 561382 470
621358 19937 470
763115 837814 468
120093 441698 449
881120 575853 525
225576 545096 470
505107 400771 449
732967 382164 509
764303 988939 525
241515 731663 509
174530 655832 509
677880 603325 509
28934 289597 443
796000 834925 468
399498 496300 449
95677 800754 509
253217 675135 509
746378 476332 509
94631 839509 525
360286 59711 443
447500 905109 525
424071 7974 449
545534 989646 525
657343 577760 509
60151 105343 351
859470 333896 525
507040 854322 525
261307 734594 509
240352 126467 443
64560 896657 525
300294 579774 470
628329 905926 525
609679 507430 470
218648 311251 443
159444 786322 509
995097 526078 525
185043 503155 449
69965 134961 354
916184 168432 525
811029 614574 509
166535 597106 470
889581 344351 525
540489 629628 509
90914 634571 509
936145 255089 525
105970 994661 525
37066 991801 525
886398 348543 525
234271 656255 509
311790 353564 441
882726 298386 525
282849 690530 509
747626 439275 509
44559 955758 525
936147 428878 525
135614 304066 443
630004 211977 509
924957 993881 507
940593 550873 525
769025 835676 468
705355 834220 468
103161 735341 509
3658 469442 449
790352 888672 525
737285 866284 525
757598 168457 509
770897 309431 509
7243 11184 268
338372 403618 441
976610 697057 525
660133 884682 525
10637 699744 509
845234 802343 525
307 114042 354
777676 952879 525
674282 315639 509
603139 940888 525
455771 983340 525
977850 406907 525
556401 316205 470
752375 709972 424
718333 57951 509
317769 159782 443
450474 813611 509
720406 916155 525
603224 609230 403
124288 834057 509
664599 752333 504
514100 914480 525
598337 996934 525
961999 399008 525
63988 562978 470
764268 548952 509
623530 765287 509
743182 911049 525
37943 64746 340
959655 389593 525
266143 117409 443
228099 544387 470
965586 434647 525
159444 673819 509
305733 153656 443
521306 776303 509
427886 383244 449
893743 886026 445
73820 371265 443
171180 197010 365
359152 234592 441
113724 745681 509
917436 725218 525
732987 632720 504
616310 565660 447
252362 212767 443
667416 213781 509
742514 835698 468
635160 992760 525
530609 457510 470
784383 874276 525
621478 977057 525
216617 521953 470
706262 389718 509
361048 530798 470
44249 284520 443
739636 539766 509
785380 699238 504
398755 135137 443
216435 50421 383
324161 51398 443
534163 607179 452
919548 634301 525
747145 679831 504
882063 624914 525
357091 79167 443
842585 466263 525
221145 454849 449
727577 78033 509
837406 99835 525
33545 226194 386
638857 618501 509
144020 85479 375
154139 53500 375
78644 653479 509
925036 660634 525
452780 484524 444
110967 743361 509
896415 656926 525
984638 869463 507
748300 670122 504
365851 790602 509
859047 45266 525
353445 647156 509
896788 844383 445
213243 59610 383
745282 513009 509
253232 967055 525
324834 546231 470
92499 753654 509
454531 958841 525
770201 5988 509
392012 452370 449
647978 794788 504
262613 176764 443
984453 235284 525
674978 384900 509
236816 412268 449
885820 679196 525
428352 915999 525
69166 269711 443
916769 367578 525
311577 10255 443
609410 205161 470
145013 729770 509
324225 364537 441
314404 680667 509
484910 544696 470
19508 252797 443
721247 322392 509
578162 901402 525
774416 617971 509
754149 187170 509
705588 727561 411
917870 120567 525
331228 733028 509
948154 809381 525
547907 597596 434
498529 49711 449
237684 496439 449
511454 983684 525
2456 721640 509
197995 754257 509
291040 135800 443
191801 461936 449
999883 714626 525
688329 20478 509
115348 342360 443
259754 333962 407
343292 309636 384
755855 735976 424
221743 704169 509
805516 47398 509
758037 792519 468
674157 686742 398
804088 495197 509
33459 579658 470
835853 42152 509
773036 490974 509
137953 555018 470
464558 529519 470
539105 751942 509
624047 411434 470
615046 419304 470
937860 643903 525
239003 482946 449
556789 668851 509
389420 757392 509
274873 429461 449
60621 453181 449
233491 216328 443
155460 983550 525
252872 726015 509
635412 885021 525
384763 687240 509
352295 789904 509
202087 19711 383
154903 324935 443
950969 483043 525
365337 635269 509
59656 202565 383
908358 619174 525
559666 232028 470
391303 719103 509
150676 734454 509
365405 2914 443
48869 968841 525
307531 398016 441
795311 852264 525
114976 701865 509
971436 285201 525
859044 849264 419
595897 363171 470
844127 178794 525
694521 809836 504
458497 467733 444
979017 596257 525
490289 862228 525
400859 951847 525
599093 86360 470
156465 673357 509
657914 665627 398
883512 192797 525
536129 889286 525
798783 776648 468
275942 106099 443
604050 235710 470
362830 319180 441
523447 672863 509
933357 844114 476
935620 600523 525
477682 273850 449
223899 63253 386
235343 442354 449
55428 489239 449
126504 540545 470
653157 742943 504
533335 466572 470
640992 537479 509
574938 271476 470
492297 243811 449
176474 183837 365
941123 814867 525
133208 949642 525
217846 652855 509
175094 594020 470
760366 924610 525
350368 821274 509
575955 271592 470
831189 452001 509
48065 499761 449
166102 271324 443
480132 239599 449
359337 32216 443
963505 302412 525
883658 504558 525
502819 378173 449
474223 202892 449
889425 175571 525
586679 504141 470
941257 472752 525
572718 620355 447
298635 125846 443
855679 674007 525
396548 367131 436
405239 276232 441
642790 50489 509
124594 558415 470
572832 397122 470
678820 94563 509
18879 835760 509
826502 968152 525
214113 409306 443
66138 232739 443
565329 868995 525
636189 123512 509
822084 349581 509
218185 170772 386
985839 222795 525
298500 920407 525
744771 909812 525
946216 1225 525
334982 975858 525
233008 65533 443
327631 815450 509
339707 212818 443
865310 921591 476
731776 948374 525
533782 960191 525
501775 162566 449
978455 986599 427
353728 887345 525
826684 62610 509
760378 453947 509
593454 816357 509
837473 174460 525
323619 334902 384
402845 862856 525
871223 594146 525
988036 973898 427
161445 529725 470
897379 781257 525
939426 577700 525
698286 719821 504
548694 927599 525
944641 663002 525
532279 533699 377
753234 569499 509
764036 593860 509
533366 505690 470
417308 82535 449
659660 402860 509
669113 786085 504
619722 771498 509
506060 559115 470
970146 827929 525
884021 206766 525
