596595 664842 509
614578 20588 470
569924 450367 470
830467 50340 509
599857 923208 525
415236 671053 509
551860 413205 470
942142 477643 525
883762 212299 525
319625 240160 407
678586 174350 509
535379 350416 470
371856 221877 443
971894 336766 525
966115 649276 525
477825 243204 449
810977 144765 509
54333 624788 470
176888 238254 443
983936 349448 525
924383 624448 525
733971 786397 468
646608 7702 509
261529 234560 368
382750 139133 443
641986 720405 504
253026 14245 443
126282 631429 509
721573 919357 525
537846 654397 509
865791 347932 525
975864 35489 525
337335 911013 525
888895 840742 445
774205 127784 509
601592 718715 509
336298 644302 509
142386 751186 509
331330 530337 470
469836 19264 449
158174 718110 509
195776 723763 509
33726 424513 449
252415 373082 441
589399 44154 470
255190 660516 509
540325 284777 470
257319 510676 449
18795 650208 509
823595 834121 419
968484 932209 507
816752 312706 509
399021 28316 443
6904 781453 509
106246 737198 509
973876 884705 507
808461 343691 509
143578 588707 470
521606 919788 525
945660 831156 525
324836 927629 525
408503 284597 441
765901 221464 509
265578 670945 509
257673 20850 443
351274 776637 509
114345 278156 443
381240 813622 509
525386 75068 470
713054 365267 509
440835 714017 509
87445 962964 525
505792 956592 525
719200 764043 424
39434 942096 525
363931 664211 509
452584 158604 449
445531 736472 509
857687 903102 445
516986 898300 525
599191 27032 470
879282 956167 507
342612 808786 509
734076 336253 509
663512 85228 509
232214 978158 525
19995 130546 354
438774 623530 470
440181 951781 525
980963 967524 458
921044 302260 525
983892 254878 525
897147 537788 525
820164 626173 509
911187 560432 525
823174 224656 509
682732 594058 509
22622 512302 470
623276 246430 470
169814 308616 443
160627 235956 443
840789 866152 419
729997 789309 468
149265 165662 383
488794 450167 444
115533 70907 354
645489 633267 416
610483 555247 434
791796 776617 437
852597 881409 432
812177 783949 468
545265 612060 452
699449 750709 504
697001 682929 442
424833 397323 449
334014 364910 441
849923 779271 525
636135 712596 504
178149 232499 443
110322 179294 383
625221 581985 447
203912 149433 383
291287 266377 407
25815 99639 351
733531 773593 468
44459 96057 351
678465 673004 385
183843 174761 365
496676 537980 470
613544 608162 359
220091 264640 443
970749 910921 507
224118 300757 443
924704 950865 507
882811 845294 432
767696 754840 380
351122 371408 410
167235 206991 373
427057 379833 449
633387 658900 429
173012 176235 347
119364 51506 354
331873 428129 449
136588 62618 354
675938 719791 504
673056 627593 442
4130 99681 351
567430 551002 421
63131 104259 351
742706 832442 468
833021 910925 525
107139 119138 349
501655 405995 449
641360 608905 509
487526 432328 444
292219 253065 407
347087 379257 423
759848 821975 468
817260 837576 450
285583 379719 441
318250 233949 407
197219 158291 370
801627 792884 468
715279 680377 504
82254 168832 383
214603 176632 373
613558 604807 403
626857 537620 509
761577 837798 468
898916 917280 476
733976 657598 504
8100 27448 308
438010 503541 444
779605 776027 437
467684 426698 444
910208 824433 525
456061 420171 418
559339 460056 470
386091 448987 449
479015 411158 444
464083 423903 444
323076 301790 384
644655 712450 504
28383 67823 340
807506 743962 468
713398 812843 468
705522 714936 411
596094 675547 509
338085 424096 449
737933 756519 424
804039 827325 450
144883 102166 375
67360 149925 375
697360 770423 504
923926 901239 476
61767 87639 351
341406 404583 441
164108 186502 365
678641 767833 504
813081 907094 525
609949 677594 509
336922 319809 384
37708 64190 340
428434 338043 449
987789 913112 507
458551 375672 449
26481 103141 351
839277 752883 525
263926 300426 407
171588 87143 383
214033 193338 373
901991 965401 507
540415 542360 408
896159 952405 507
541462 533755 408
549108 559460 421
350355 337724 441
73268 153727 375
963449 967538 383
745313 710489 424
218709 143308 386
552421 582878 421
147877 213947 383
838052 812938 525
889046 802492 525
752139 732687 424
491372 452098 444
894608 962679 507
817842 732159 468
382819 448179 449
737911 639704 504
123262 150811 375
836893 879528 525
411034 312902 449
279629 206065 443
264419 266668 332
837470 906916 525
707562 784475 468
633677 543272 509
914228 954745 507
661199 733239 504
559245 486934 470
629348 679274 442
917542 947274 507
656410 669727 442
499489 593734 470
105511 96409 341
766483 743282 424
435959 497050 444
844956 872328 432
852855 877899 432
128828 189228 383
83729 154791 375
503170 541900 470
648737 636658 416
12334 28972 308
337255 367350 441
77849 115873 354
598485 605000 403
721360 750540 424
170399 176322 347
561327 531925 452
936847 865519 476
580279 558724 421
43974 123722 354
845341 749157 525
451253 354054 449
313960 317602 353
846261 880961 432
218753 227465 368
802723 706397 468
29613 8899 308
905057 806917 525
517369 588609 452
345424 281003 389
439245 374048 449
313604 353671 441
311673 245632 407
552557 555557 421
778043 847799 525
917045 999346 507
639672 686762 442
384023 358264 423
767062 738424 424
376510 279848 441
34983 48664 324
866107 804374 525
595455 625062 447
840784 747521 525
980430 997572 427
612837 519013 452
604798 602133 372
88291 56160 351
531702 561083 452
421635 428637 418
441515 403996 449
968803 898706 507
575786 598043 434
274593 212848 443
633831 638432 416
346932 300631 441
597556 513363 452
329789 252534 407
711986 612534 509
130657 148477 375
754616 745642 424
354368 439037 449
730767 700254 504
348137 314928 441
560943 573631 421
751501 823109 468
241544 166090 443
41067 86968 351
703438 756390 504
747909 788954 468
451492 416553 418
469499 460014 444
624034 668253 509
284345 260473 407
218159 129790 386
29992 26545 308
176495 261871 443
17804 29736 308
846554 854500 419
671988 636163 442
875360 931976 476
761833 686256 504
968769 888108 507
904706 976442 507
474755 567974 470
369249 280026 441
268650 233943 407
745690 673041 504
679900 683075 336
149706 195438 383
17427 103344 351
86212 69335 351
569225 541074 452
99024 169867 383
869373 828514 525
812504 763538 468
557146 549918 421
289507 216625 443
553506 605646 434
107316 105361 354
622588 522612 452
804475 780627 468
747815 769432 468
616705 648424 509
136688 188644 383
500495 557782 470
419943 433528 418
492742 547069 470
591886 569168 434
112560 174804 383
7208 102905 351
745263 765849 424
901841 964818 507
859965 800137 525
795724 870044 525
320355 266609 407
727856 629756 504
101261 155891 375
180342 174096 347
822273 863534 525
110498 36139 354
379610 293205 441
446635 506478 444
812330 886428 525
59483 131904 354
93560 139636 354
188192 259967 443
962198 913203 507
840548 750255 525
110590 195573 383
333970 271081 389
595987 588831 403
634809 683181 442
486363 539625 470
723111 717792 411
612697 595616 403
710594 654582 504
59383 23792 340
595547 644456 509
850244 926664 476
197586 228836 386
652131 664529 429
316281 365687 441
704308 719987 504
569026 640215 509
842188 863109 419
618832 590977 447
81898 115851 354
149850 145596 357
822965 908630 525
482269 428628 444
657730 683450 442
5716 15634 276
735527 803768 468
533573 448307 470
90031 51106 351
595156 693875 509
721629 807691 468
527717 576395 452
256875 348247 441
186803 126719 383
115630 45061 354
385715 421978 449
165586 185344 365
554681 487205 470
395101 402985 387
352604 365768 410
836664 780938 468
23447 111801 354
585635 529095 452
888907 875321 445
663215 608739 509
163339 171751 352
892726 880400 445
323041 398287 441
156987 68508 383
169537 76819 383
935570 919412 476
546398 455332 470
326795 324636 340
480834 563960 470
557581 498808 470
901934 972024 507
839753 825026 525
329206 329538 291
674198 649120 442
898666 916387 476
625251 620711 385
304966 355863 441
38264 17838 324
259646 273562 407
930618 922125 476
428969 464754 444
916534 845533 476
640193 631517 416
395664 387544 436
497741 533198 470
139448 200048 383
764025 793621 468
248040 153128 443
361743 274684 441
723318 760490 424
737184 650680 504
482178 386444 449
743982 751381 393
343729 359776 441
633980 658650 429
748719 741817 362
152699 241511 443
93484 31349 351
657016 635795 429
828367 821181 419
380414 420912 449
207552 166152 373
908745 982943 507
274516 214304 443
211764 114081 383
78315 82374 338
167911 144256 383
663516 680134 442
601303 530092 452
305054 246736 407
192738 230374 386
323996 355862 441
213265 160849 373
710715 745622 424
172214 148121 383
742857 661898 504
608255 566401 434
807108 872680 525
168378 87979 383
597035 682029 509
107125 36222 354
446753 353186 449
210330 304846 443
661865 580974 509
44039 12045 324
835227 878765 525
429233 434565 387
923520 965229 507
246717 176697 443
15714 41873 324
692477 688868 442
837164 803613 450
408219 471207 449
479759 404272 449
664483 566582 509
748087 683860 504
239977 311087 407
201922 142576 383
595544 596007 328
524533 440318 470
416418 465819 444
799612 830496 450
36716 28017 324
969993 970895 458
191665 117378 383
272737 279271 389
282832 276692 389
150361 238379 443
988531 959239 458
861122 918128 476
111410 15411 354
545910 470004 470
259251 342042 407
217701 241725 443
845309 825699 525
899266 857930 445
229816 214359 386
811930 753117 468
700558 791639 504
645774 547362 509
725780 780990 468
623290 722052 509
961192 963619 414
482744 447779 444
254198 235818 368
490116 513564 470
487231 579327 470
995936 986277 396
920549 888134 476
74576 26525 340
254990 231440 381
512702 459355 470
13594 57000 340
319397 402930 441
811534 764750 468
12400 10869 268
711449 734469 411
123650 92864 354
19387 119281 354
642510 729712 504
435201 433948 356
526830 485583 470
671541 577261 509
652963 556343 509
207445 294954 443
181324 133885 383
792808 832200 468
72408 99722 351
738048 737768 318
15187 15000 271
633600 692166 442
493478 506010 426
508774 516725 470
974656 965153 458
270015 270176 226
274965 223179 443
654300 702704 442
444879 542340 470
258838 275668 407
165923 113250 383
642915 728023 504
251980 166274 443
787083 830731 468
273991 242828 407
512242 490862 470
227816 130778 386
516236 564505 452
220756 276381 443
503094 572136 470
566457 537517 452
534344 462482 470
72970 113753 354
779493 807655 468
391373 306026 441
914799 981950 507
880047 940218 507
115469 105750 354
250398 186476 443
577997 553329 421
182928 104962 383
179257 264143 443
709392 799126 468
47448 71546 340
68647 114429 354
260631 311750 407
913901 990016 507
608623 704863 509
472671 402947 449
539454 597825 452
413750 464969 444
88575 161883 383
521257 612068 452
18819 41981 324
48690 26931 324
22181 61278 340
300814 248928 407
494001 585570 470
505882 455361 444
885827 839216 432
961468 883561 507
575879 503184 470
552779 470430 470
38246 57149 340
745769 735838 424
591170 649923 509
586708 616806 447
492770 549588 470
42161 57478 340
126656 226292 386
619223 630310 509
89043 61667 351
140142 215046 383
960866 995854 458
292519 221519 443
397100 340337 441
509515 571362 470
511522 570821 470
323515 374379 441
434280 462033 444
780045 733935 468
451552 417640 418
822068 863950 525
226478 325178 443
898964 967259 507
239702 230378 443
337980 381747 441
359129 416923 449
356404 393980 436
259089 226509 443
503433 569079 470
104234 101956 310
619421 702021 509
335410 331245 353
538879 496922 470
426225 396880 449
188836 281992 443
671242 742164 504
479664 395120 449
396443 326775 441
564612 496796 470
413490 387835 449
698145 710439 504
869525 785087 525
387415 385791 330
585008 555959 434
955294 955788 339
599714 514329 452
341474 285705 389
725104 740841 424
235914 247747 368
592544 636548 509
865522 804597 525
956608 971693 458
524057 622677 452
167998 234359 443
176144 225333 386
425956 430525 374
340153 356555 441
698439 648431 442
252993 289296 407
869585 908793 445
778675 852838 525
346176 421250 449
643589 736418 504
608539 635821 509
545400 474912 470
852612 820212 525
369574 437912 449
71510 132383 354
528006 549766 452
811349 712208 468
170425 223473 386
711045 793500 468
678068 587310 509
325820 241214 407
625210 609699 447
642140 621200 509
112248 46483 354
826178 736746 468
708756 630096 504
51941 74438 340
239749 163427 443
180783 239275 443
294196 388427 441
621144 715726 509
867576 964173 507
66196 12168 340
506548 414844 444
547761 505319 470
451789 473764 444
406654 391479 405
154317 203045 383
213958 155107 383
463666 434333 444
80702 77227 338
556809 645616 509
163058 76346 383
356936 279460 441
434944 352417 449
440393 458354 387
516881 449697 470
912635 981973 507
364360 390460 436
370206 452209 449
357944 326481 441
534995 462509 470
818488 881101 525
666050 764037 504
781696 836883 468
839804 755330 525
637300 639804 354
124210 137825 344
476262 465939 413
402703 449152 449
806460 794908 468
853768 864661 419
362262 410596 449
89027 11602 351
392217 347859 436
285128 380215 441
731160 651037 504
781802 879950 525
661657 717212 504
565731 608225 434
619666 686778 509
20155 63377 340
928184 853418 476
45755 3765 324
301322 335913 384
598257 516770 452
438041 522911 470
597569 685124 509
808845 859002 525
649612 611810 509
823361 788966 468
468614 505378 426
136215 89363 354
939758 960879 414
774975 721611 468
364361 275587 441
945909 989376 458
777754 854851 525
639206 734498 504
113114 181256 383
709286 628088 504
203973 127892 383
638957 626650 416
259009 354935 441
344294 317263 384
200968 144538 383
859699 897251 445
121176 129845 336
385822 302573 441
418583 359901 449
479308 391927 449
842170 869690 419
512127 584291 452
264657 319519 407
746028 778038 468
197150 116025 383
744412 769737 468
934816 844955 476
232519 316759 407
775386 793145 437
145420 96145 375
683255 687368 398
737543 752633 424
648676 711156 504
296838 361199 441
836912 903659 525
575419 674489 509
110371 81364 354
105409 145341 375
791027 867932 525
476041 390024 449
642610 627621 416
650817 702818 442
233842 143966 443
370319 361047 392
194732 204114 360
576336 526805 452
508435 512813 470
258056 309664 407
128785 31924 354
791176 695538 504
54184 144310 375
527942 469868 470
394732 301727 441
962199 931991 507
678162 590386 509
601097 647355 509
289728 338928 384
135292 120314 344
359798 277557 441
750971 657976 504
61074 66188 330
246410 331450 407
53037 58764 322
260750 264326 407
397407 298380 441
627591 643290 416
341077 284382 389
925710 839534 476
312629 278688 389
523530 610818 452
427739 371535 449
755481 823781 468
736018 715179 424
414854 351131 449
559461 525219 452
771207 861651 525
793186 889201 525
243756 291398 407
611614 614719 310
474464 377006 449
361708 276530 441
717342 617481 509
641850 636823 416
250105 333212 407
535820 531530 377
394484 321347 441
301996 240168 407
291194 365833 441
777626 821505 468
493145 418145 444
248198 337421 407
709919 778299 468
103310 136574 354
172312 85271 383
111562 45712 354
800576 833858 450
394391 434855 449
101904 97811 341
879025 857599 432
186212 134582 383
632692 650529 416
939067 920231 476
796007 727319 468
866234 960427 507
356483 377158 423
252228 255846 363
635897 707391 504
757612 850694 525
415870 332793 449
655086 561930 509
74506 107912 354
889635 859885 445
335301 415114 449
901738 972260 507
443003 511574 444
72111 144763 375
514060 500196 470
44966 121591 354
936827 881385 476
662597 627449 429
843636 871384 419
592203 551612 434
516216 612021 452
932240 900062 476
148989 99513 375
611229 596084 403
336045 375756 441
98661 198505 383
610910 620367 447
575423 641851 509
211545 308167 443
727855 722491 380
153954 197762 383
880872 813725 525
576772 486672 470
716565 799792 468
578643 524092 452
359021 320554 441
458105 531308 470
711236 780996 468
851921 828258 525
843261 799496 525
185585 97533 383
394967 318231 441
259090 356430 441
849167 860564 419
283754 299931 389
275721 286521 389
375314 287146 441
658109 664301 367
40485 50078 314
523827 447504 470
233850 275684 407
899619 974814 507
888924 978046 507
134115 221945 386
722204 689647 504
828589 910905 525
483099 568475 470
876958 895314 445
55761 71159 335
62137 9640 340
822309 750665 468
380351 305448 441
24432 786 282
655285 604970 509
612593 700180 509
993046 979730 427
169320 99598 383
504776 469468 426
514559 551385 452
205968 147439 383
309133 271395 389
831638 900916 525
449286 466348 444
833080 744655 468
687382 699381 442
385748 447358 449
488736 483013 382
751920 789151 468
829912 851155 525
250700 245220 350
488279 433819 444
928190 995100 507
619754 681158 509
233959 324047 407
537464 466561 470
706390 701202 504
584016 613251 403
361622 437650 449
565869 584821 434
498996 551068 470
759559 689466 504
859570 911731 476
381086 340878 441
415761 458077 418
625717 642020 509
275741 318637 389
353468 289036 441
700424 649289 442
880882 945592 507
746275 727215 424
644126 741111 504
944307 845889 507
205045 124970 383
704277 725278 504
629469 589092 509
456548 500905 444
779408 833342 468
343406 402917 441
394830 436564 449
867387 828086 525
741235 800901 468
543354 564258 452
878808 976049 507
19320 74767 340
82775 110256 354
417614 478701 444
20752 7776 279
759618 669303 504
802781 714652 468
195833 105425 383
96997 89289 333
915834 940116 507
363331 325928 441
748824 782355 468
735410 645170 504
60988 44989 340
119464 37327 354
89048 30182 351
459351 500216 444
838787 770102 525
463792 438519 444
143166 137100 375
806547 859692 525
854570 912704 476
563184 534481 452
512010 576538 452
814043 911506 525
285184 185468 443
510736 571173 470
547304 596639 434
250239 257602 363
453749 512975 470
661581 625964 509
647292 624987 509
724737 793514 468
326288 301685 384
247047 319730 407
559452 548059 421
789107 886705 525
306460 277981 389
796783 773588 468
420662 477942 444
803711 789462 468
614923 635220 509
383090 334047 441
953228 936055 507
665207 684718 442
665081 705509 504
437928 367503 449
371981 319975 441
699978 741713 504
579489 503814 470
229490 239522 443
689483 687728 380
345702 383766 441
828626 729110 468
