226360 38999 386
571773 170719 470
384607 2227 443
169653 564830 470
738043 145146 509
345048 456040 449
499343 78958 449
868516 674005 525
860850 817922 525
45148 560296 470
810996 9703 509
986460 175472 525
150555 977456 525
150250 499000 449
935006 7317 525
456802 68367 449
353555 641744 509
282752 39291 443
743646 279210 509
73500 429589 449
82512 512973 470
230406 200566 386
974948 489750 525
19173 8332 279
742241 677211 504
460596 145381 449
205562 915687 525
756426 432674 509
896598 684531 525
273292 70082 443
897705 898454 339
624590 612653 447
669291 164665 509
793682 864927 525
89148 562583 470
678167 408519 509
71411 497507 449
687469 456997 509
357642 953487 525
744150 231456 509
792434 635062 504
294323 537993 470
760809 990227 525
625577 628529 509
471091 149826 449
653887 456962 509
418158 922006 525
859808 447906 525
533110 410959 470
383148 53826 443
296784 756298 509
601016 377622 470
463457 226584 449
333014 316373 384
376943 570419 470
419050 45607 449
876736 68946 525
995716 455247 525
233219 179987 443
4371 356385 443
674998 612972 509
391488 380954 436
858087 628190 525
951161 471266 525
989862 219247 525
936511 68288 525
323708 399467 441
825613 226718 509
734183 672640 504
676311 869589 525
91112 5853 351
849067 314080 525
110761 752285 509
720319 388563 509
88525 792558 509
436317 787161 509
216839 48227 386
245574 86089 443
497443 383228 449
747516 282586 509
398463 252800 441
720424 366609 509
817270 770396 468
596111 584430 403
632973 730208 504
871538 557566 525
435726 714868 509
295452 843040 525
168127 863475 525
703910 845200 525
384405 639069 509
387632 287159 441
347576 791504 509
652426 518574 509
712736 307547 509
642212 790556 504
976653 471110 525
762264 600921 509
857567 62210 525
94510 276293 443
221951 92319 386
731826 79441 509
639421 740053 504
82357 665751 509
652126 945261 525
620049 693190 509
520051 572035 452
793611 290183 509
505826 828709 509
867593 377911 525
425607 785842 509
499785 110172 449
448881 479133 444
704526 716497 504
856593 700027 525
279131 348721 441
600613 418827 470
187348 245796 443
91364 696262 509
615206 579210 447
465876 441628 444
852440 257424 525
103371 230116 386
860880 424983 525
365621 21172 443
96837 898909 525
741036 111235 509
539853 17843 470
639182 479787 509
336056 740324 509
116766 684849 509
832511 422864 509
8054 232551 443
526542 479102 470
769240 629226 504
980973 859656 507
76528 617137 470
728658 313996 509
20779 918610 525
297811 35611 443
316384 856822 525
915819 338272 525
737833 879028 525
781631 982658 525
192142 40775 383
839314 574894 525
128186 540287 470
930048 379657 525
994109 267381 525
425126 375789 449
103299 72989 351
808714 526869 509
303807 490243 449
78866 640305 509
382788 870983 525
516349 242758 470
832447 617882 509
590181 841261 525
595573 759964 509
384835 805440 509
354435 439724 449
641474 8849 509
451733 88439 449
851958 565918 525
532155 772220 509
753766 239237 509
878177 379934 525
239224 350880 441
25070 513142 470
549836 444425 470
500391 859896 525
892620 129348 525
264728 412660 449
316976 205196 443
138874 931936 525
825018 877532 525
34906 730313 509
608188 986412 525
653743 169466 509
848757 543846 525
935091 256417 525
766096 886894 525
746698 622268 509
208884 651907 509
304535 661950 509
482518 953122 525
741382 889553 525
728715 320953 509
3641 842650 525
594399 31840 470
910735 288408 525
16253 598288 470
98128 371423 443
600023 635167 509
37405 354986 443
782120 378857 509
466647 151829 449
689210 310519 509
688058 502443 509
796584 106310 509
455388 570613 470
350610 686311 509
280775 507841 449
599474 296699 470
629801 306808 509
848889 403791 525
858723 33352 525
501092 373880 449
304490 670989 509
702308 267679 509
840810 344377 525
214256 33098 383
375553 334120 441
198338 309915 443
348079 583641 470
9959 480241 449
400449 181212 443
192598 372790 443
925247 639074 525
477630 68566 449
185336 3912 383
385608 593280 470
250690 54626 443
135818 773883 509
976593 747733 525
834294 894775 525
317407 254521 407
999815 247056 525
697852 467825 509
902285 946127 507
160011 52940 383
778615 384727 509
860632 334112 525
187579 841814 525
298720 952401 525
75044 70507 325
780129 499147 509
10278 990646 525
87463 716347 509
222283 104582 386
384246 300910 441
382611 563869 470
456561 255779 449
758980 110781 509
214155 611828 470
443788 785979 509
364077 143754 443
328752 928070 525
142268 371193 443
963479 925749 507
801276 949473 525
419277 137961 449
642895 394419 509
412790 602787 470
782945 861769 525
590394 123302 470
907608 58709 525
225172 412733 449
637379 761101 504
657757 252291 509
471540 814060 509
579992 555698 421
24508 252661 443
257295 187922 443
647325 167093 509
286630 918942 525
572070 942865 525
647701 734163 504
533205 404288 470
361606 713238 509
288152 907929 525
807224 740695 468
159520 400463 443
595124 573970 434
701162 523764 509
845847 311646 525
326878 81789 443
625866 566647 447
443791 989506 525
175005 369456 443
643257 10243 509
647142 23831 509
128060 222521 386
849525 558471 525
688845 403412 509
788603 944248 525
337854 431232 449
718395 923063 525
717534 293798 509
969365 474533 525
79621 993333 525
939503 515048 525
916669 220190 525
342847 317207 384
285284 755645 509
669950 90378 509
991859 563037 525
349999 903535 525
486520 556823 470
107985 875908 525
421024 118246 449
473887 273747 449
101486 809565 509
854771 681772 525
771696 860389 525
569826 245284 470
213375 4725 383
727564 573481 509
99172 381019 443
13645 351634 443
504127 680233 509
902447 105028 525
707042 578575 509
761050 403019 509
350235 978909 525
433927 637965 509
667703 470588 509
602146 983195 525
153122 513883 470
721620 101430 509
109592 649631 509
168316 134871 383
124057 292144 443
215134 942554 525
433459 709968 509
255659 310266 407
306951 507789 449
317957 500648 449
709763 819040 468
910643 666223 525
943705 771577 525
236299 35557 443
851674 813526 525
676761 635534 442
877220 897846 445
254459 175346 443
163655 82815 383
957654 101387 525
799161 638936 504
300501 636226 509
971713 887209 507
103511 7794 351
361836 980028 525
287763 175042 443
138735 332963 443
950180 507886 525
123929 605961 470
19789 612267 470
299733 691035 509
549976 594335 434
255496 180782 443
171950 484765 449
765400 238354 509
466758 523900 470
658949 772703 504
699829 389407 509
12768 149353 375
142008 835483 509
443065 515475 470
681764 553472 509
717181 808115 468
379485 37918 443
958306 828138 525
60770 271054 443
580243 813218 509
471775 857755 525
695676 848910 525
411590 430140 418
401597 988358 525
241317 112008 443
408506 723231 509
661769 453937 509
985964 771226 525
498044 315968 449
277132 775021 509
557496 25660 470
301421 380033 441
2729 890884 525
197404 435275 449
61211 689135 509
128124 826596 509
275032 415759 449
61727 528348 470
471768 855517 525
288649 814005 509
782327 656996 504
158131 50824 383
547755 585163 434
928926 789884 525
78434 897730 525
519565 556433 452
122466 131442 344
367980 278495 441
625166 113174 470
312753 541809 470
123243 127297 331
594438 923660 525
106265 138288 349
524772 980064 525
634113 828320 504
27642 167650 383
8584 874489 525
808600 144128 509
917319 963446 507
281209 98775 443
892043 719990 525
197328 683809 509
932316 212645 525
68443 738505 509
640199 983915 525
59989 592918 470
571005 670874 509
453606 772215 509
95220 39333 351
789314 972514 525
220653 410290 449
601238 296772 470
33074 448902 449
83435 486134 449
769330 475190 509
997188 623283 525
610474 549173 434
714008 177526 509
833447 473366 509
134473 745737 509
455224 425159 400
73811 65915 325
694012 311098 509
681754 339322 509
979365 693221 525
756184 174059 509
814655 896069 525
610070 11324 470
396218 760095 509
634703 56963 509
285320 93734 443
193667 297561 443
936120 594403 525
13290 379173 443
309602 123193 443
559840 895190 525
337761 906860 525
265877 416844 449
712067 995238 525
327132 773441 509
628223 677325 442
76015 804054 509
724141 680233 504
814759 17913 509
593090 848260 525
904504 400623 525
743930 394209 509
402628 226990 443
96920 221000 386
660301 1039 509
326218 746581 509
117885 535282 470
739933 215785 509
58126 297626 443
294121 882288 525
792101 78137 509
105579 804147 509
580190 850680 525
825085 416481 509
728962 975281 525
717705 845499 525
483503 819169 509
244522 221035 443
257007 207158 443
338202 323835 384
689449 452780 509
938618 801195 525
521707 483781 470
334974 750661 509
551345 663363 509
881458 998701 507
692526 765515 504
521818 791604 509
704382 871914 525
985810 298364 525
992437 109634 525
41202 569029 470
423026 219713 449
158074 382913 443
355917 316861 441
39377 856290 525
610933 315650 470
443316 353687 449
604190 881089 525
85147 715537 509
128870 850291 525
672538 639488 442
648362 61697 509
827979 143839 509
987502 710737 525
468266 114372 449
880641 931037 476
168794 616654 470
707404 30411 509
450755 923313 525
227738 202366 386
765813 784935 468
186962 72197 383
34790 798742 509
229343 418240 449
73051 15774 340
618447 990645 525
629269 645667 416
16402 291276 443
765024 953356 525
482225 639316 509
743102 599479 509
40066 843722 525
948646 402728 525
601649 651142 509
628599 509815 509
638208 829110 504
82868 514514 470
533392 776350 509
780870 785973 375
548729 61799 470
913475 250523 525
133158 416217 449
282798 354094 441
926221 719355 525
59427 242706 443
222998 990353 525
560678 281143 470
773775 105159 509
869860 302094 525
421024 100711 449
506084 148121 449
701715 341910 509
527682 692257 509
639929 19766 509
159485 575955 470
736338 909817 525
480330 750693 509
595301 379387 470
748239 401275 509
647171 866343 525
251535 235826 368
298402 395613 441
483759 458938 444
34335 973361 525
539904 583897 452
348658 447859 449
590770 151308 470
900157 844268 445
978400 103632 525
682033 374998 509
468647 54273 449
950117 431897 525
654233 971896 525
241479 447073 449
850711 537007 525
296362 384642 441
16966 706033 509
419926 241933 449
664025 458178 509
250727 121538 443
275482 354648 441
4484 265708 443
598611 389024 470
618370 641501 509
655495 306302 509
97074 915175 525
488226 796708 509
449453 956984 525
827914 240150 509
932213 146205 525
387102 705233 509
911122 125762 525
206444 911284 525
809844 483050 509
915248 196659 525
23054 705075 509
885220 971184 507
311288 183011 443
410792 128812 449
371041 374930 348
404703 518228 470
50314 786723 509
637187 473593 509
601223 477482 470
643303 191723 509
74286 869511 525
371349 846706 525
288511 935071 525
55779 698526 509
5417 77781 351
55418 294922 443
316508 106631 443
55214 927918 525
553713 779569 509
982361 403525 525
268444 575256 470
143499 572279 470
813594 651791 504
948985 138272 525
927689 984211 507
697825 323157 509
368758 571606 470
345082 673224 509
3945 70209 340
59267 511072 449
139958 790316 509
475754 475068 320
94937 904898 525
763418 493514 509
241164 279396 407
673560 75807 509
652571 693716 442
831112 398878 509
558933 176120 470
632199 404416 509
48024 37792 314
339299 535159 470
309050 998824 525
503486 729356 509
601650 730995 509
922152 900813 476
240727 595576 470
273028 303401 389
255952 449849 449
812050 620342 509
162919 939542 525
4995 308405 443
312390 869924 525
984864 813860 525
73399 350442 443
411783 455562 418
265186 140989 443
942158 348520 525
235255 895922 525
663275 867049 525
764172 628776 504
934275 79245 525
693196 117530 509
991299 473829 525
853709 20226 525
62426 228933 386
951430 180623 525
43327 710791 509
529111 678417 509
507227 948666 525
649324 74209 509
685944 315563 509
5034 31380 308
411724 478179 444
684987 408955 509
385209 900438 525
456561 186094 449
917652 395117 525
263876 512834 470
624682 578301 447
304654 129715 443
89819 428772 449
655676 925739 525
923072 21326 525
475117 203108 449
981059 293103 525
266257 395911 441
486308 532984 470
384197 631094 509
181814 299303 443
849112 182999 525
721478 973093 525
293338 64486 443
570049 985906 525
804207 257813 509
72209 324253 443
817354 364792 509
676183 572669 509
537069 180570 470
640960 66433 509
681017 784281 504
911818 556013 525
286201 156767 443
167343 263925 443
425590 786851 509
862678 599172 525
413029 877098 525
12111 928703 525
130890 575857 470
128143 217002 386
540249 370204 470
468942 70015 449
245392 589602 470
451695 60667 449
538401 335264 470
522781 775289 509
269275 955839 525
558395 195450 470
700835 495983 509
89519 458747 449
967218 410705 525
649831 853306 525
325758 914362 525
395363 782397 509
586595 830168 509
345077 722572 509
935297 379172 525
320399 371081 441
564181 240215 470
179067 139312 383
345888 999557 525
945952 342678 525
797187 758315 468
804766 700056 504
502780 884876 525
139806 77202 354
915303 917055 339
497038 870899 525
397376 337240 441
141229 796563 509
11093 660878 509
139983 260579 443
394062 869117 525
472928 790541 509
890933 536060 525
599749 694662 509
446400 744040 509
5721 363999 443
284941 688854 509
474575 547182 470
140782 449672 449
567900 487613 470
858252 727638 525
537787 391867 470
948465 216170 525
455674 326026 449
815517 574944 509
483343 223900 449
746384 3519 509
138261 211037 383
672041 2242 509
820329 683970 504
422261 843363 525
174390 105516 383
886437 8273 525
299887 968441 525
517392 553391 452
463571 861271 525
413362 384982 449
612033 455035 470
870314 855679 388
392624 726640 509
365347 627948 509
264801 927508 525
125993 499044 449
156584 813811 509
720320 410885 509
788947 510658 509
919095 143451 525
179230 593738 470
420766 124119 449
717488 115885 509
664195 193565 509
714454 735068 411
236057 516176 470
603305 339719 470
272650 617964 470
497041 487546 426
621699 173877 470
345222 41203 443
636662 930765 525
361556 881379 525
653475 670329 442
148895 3530 375
744161 440865 509
994067 700969 525
732684 62163 509
553930 177966 470
451014 149276 449
93003 495731 449
166461 376321 443
68066 439059 449
270568 220161 443
794622 347441 509
773704 884948 525
383909 112405 443
507203 527198 470
452057 264080 449
628204 938385 525
656705 702021 442
774124 340214 509
753920 721319 424
318473 410839 449
999472 483504 525
869693 866045 388
187993 984338 525
733040 606241 509
118739 759068 509
979295 87232 525
696529 244404 509
973024 728741 525
477345 960966 525
970606 281851 525
313083 31409 443
747022 160772 509
901845 652173 525
905208 928737 476
98410 671465 509
175485 6166 383
974879 873611 507
389165 723796 509
899633 694208 525
128807 357616 443
335901 972117 525
855479 604316 525
320264 832494 509
648211 150681 509
29127 626785 509
116959 582561 470
621001 267235 470
726493 326740 509
402949 713565 509
43032 379180 443
501715 331413 449
677978 692410 442
573964 888061 525
218027 628037 509
886549 102691 525
543724 951168 525
688902 716385 504
488556 202502 449
380895 90906 443
706355 906504 525
975198 486900 525
163152 778708 509
749133 10906 509
545246 848694 525
123223 100432 354
667113 269432 509
752220 192212 509
830901 620297 509
496356 681751 509
1971 514282 470
503540 419400 444
760167 979807 525
46361 368865 443
365437 524370 470
416834 299879 449
480632 739186 509
247850 602248 470
175556 629865 509
866106 308643 525
670521 313868 509
965347 65777 525
777865 433625 509
391601 558738 470
486288 748537 509
33026 428206 449
354409 287390 441
767867 306754 509
368579 798201 509
492010 902437 525
938727 227633 525
785998 703143 504
795972 553294 509
590221 459053 470
490234 211676 449
714597 637620 504
509806 477645 426
833656 657631 504
890844 847051 445
329420 638068 509
387407 981674 525
426101 881331 525
642191 98764 509
186471 985564 525
907523 178490 525
936747 914149 476
97949 431953 449
766220 279874 509
664130 276826 509
348251 591283 470
74727 185813 383
145916 287530 443
952198 53420 525
367835 975786 525
411241 766298 509
242768 86043 443
364720 542221 470
25622 612174 470
348035 390717 436
322375 525705 470
137826 597700 470
761418 601455 509
43838 262174 443
114991 804131 509
873334 962085 507
148514 942745 525
484826 192633 449
448297 126286 449
558020 802560 509
836148 740764 468
404634 343496 441
337825 630007 509
179571 499960 449
247831 534946 470
816190 36994 509
461893 512083 470
573903 248934 470
236417 548054 470
634812 782528 504
686871 413920 509
378341 513615 470
761906 125581 509
529364 253717 470
888668 684115 525
760377 77096 509
582503 763754 509
772394 548058 509
811933 588826 509
806820 709690 468
37821 402856 443
281465 46549 443
970161 544392 525
411020 715456 509
537456 395253 470
827016 659919 504
239998 318477 407
176462 709399 509
179018 686216 509
445914 190060 449
604436 377106 470
536977 887268 525
313637 199249 443
588359 470181 470
962261 760083 525
669702 87051 509
4984 561828 470
635467 550588 509
158783 783225 509
780519 312969 509
494700 923018 525
265331 61736 443
721079 758453 424
995122 213155 525
859642 821598 525
56909 884013 525
911475 395883 525
527428 416452 470
188596 915739 525
432401 333103 449
85612 968954 525
657561 922320 525
977763 207624 525
112886 277230 443
285992 857790 525
893681 861602 445
393861 237658 441
459469 102904 449
984689 930368 507
985164 999925 440
53631 275566 443
292814 678462 509
633696 719552 504
62124 898845 525
240198 464931 449
802072 496706 509
131079 221371 386
817015 393191 509
911940 786468 525
528207 309393 470
393575 214565 443
49385 781087 509
627025 971689 525
638084 875831 525
462018 854404 525
63596 169013 383
988682 7220 525
722615 609254 509
417909 278077 449
514650 884237 525
583405 792935 509
583594 345314 470
871777 900518 445
563226 109969 470
495909 385980 449
12682 481773 449
237805 337573 407
597197 274729 470
463184 66916 449
945736 222437 525
405189 136479 443
538920 838716 525
252643 775869 509
602422 995029 525
760192 982913 525
95676 90775 333
56562 963366 525
17817 607428 470
416396 685029 509
367027 223052 443
71267 172716 383
968888 934280 507
204285 35688 383
