1 6 9
2 7 17
3 8 17
4 9 20
5 10 20
6 11 20
7 12 20
8 13 20
9 14 20
10 15 18
11 16 18
12 17 18
13 18 21
14 19 21
15 20 21
16 21 21
17 22 21
18 23 21
19 24 21
20 25 24
21 26 24
22 27 112
23 28 112
24 29 112
25 30 112
26 31 112
27 32 112
28 33 107
29 34 107
30 35 107
31 36 107
32 37 27
33 38 27
34 39 35
35 40 35
36 41 110
37 42 110
38 43 110
39 44 110
40 45 110
41 46 110
42 47 105
43 48 105
44 49 105
45 50 105
46 51 105
47 52 105
48 53 25
49 54 113
50 55 113
51 56 113
52 57 113
53 58 113
54 59 113
55 60 113
56 61 33
57 62 108
58 63 108
59 64 108
60 65 108
61 66 108
62 67 108
63 68 108
64 69 28
65 70 28
66 71 103
67 72 103
68 73 116
69 74 116
70 75 116
71 76 116
72 77 116
73 78 116
74 79 36
75 80 36
76 81 36
77 82 111
78 83 111
79 84 111
80 85 111
81 86 111
82 87 111
83 88 111
84 89 31
85 90 31
86 91 93
87 92 93
88 93 93
89 94 106
50398 45367 314
69987 5699 340
19321 48766 324
31725 64715 340
26716 94613 351
22763 14519 279
31227 63990 340
15674 73678 340
80418 82483 320
98514 83323 333
47253 49810 314
15836 65309 340
41796 37971 306
51644 14552 324
31539 38411 324
51334 52266 309
74185 46146 340
99361 9805 351
25128 89693 351
24221 26832 308
48024 87476 351
3379 30382 308
39294 48392 314
50616 49803 265
99028 52066 351
26045 17553 282
3261 85343 351
55559 97171 351
81961 69568 351
48858 71634 340
98157 58623 351
82486 60600 351
85483 92487 333
61771 21081 340
2114 53810 340
90197 18881 351
30688 45692 324
80170 48042 351
17594 14294 271
10306 71878 340
36188 8187 324
23119 75226 340
51373 52321 278
16362 55910 340
96001 24528 351
91210 60409 351
70028 39399 340
12191 40084 324
82973 52752 351
15307 89567 351
59343 10709 340
81482 36785 351
60127 43270 340
8473 7338 252
74767 82309 351
53230 46352 340
55050 8923 340
42537 74442 340
81820 72260 351
28376 95891 351
28349 90218 351
88077 95636 333
50352 37133 314
81836 25267 351
46172 41756 314
1936 18962 279
84567 83972 320
1075 19497 279
48936 65953 340
38587 61797 340
33557 63253 340
965 45333 324
1993 91181 351
59162 56860 304
82736 11716 351
96005 78446 338
46701 52331 314
39648 81028 351
53169 92359 351
3974 15276 276
59081 92740 351
33041 52793 340
2942 29608 308
45749 30442 324
94901 65968 351
58675 58211 273
60416 34080 340
51 91829 351
62240 85449 351
85075 36054 351
29025 7386 308
19427 22379 274
24609 77648 351
24666 8359 282
11865 90443 351
25369 35967 324
71508 7678 340
15955 97765 351
88277 74331 351
96169 25129 351
83977 52698 351
62724 88727 351
64598 29555 340
3401 92535 351
23622 96185 351
15440 27317 308
58069 93256 351
67067 4188 340
71334 10822 340
17706 13775 279
56552 84487 351
85469 185 351
36534 89193 351
70 23332 279
27324 95110 351
53817 28696 340
49308 69928 340
84807 94055 333
25596 28182 308
15328 70472 340
36156 92125 351
68563 45538 340
77781 26907 351
90248 94717 333
65338 93047 351
74822 39269 340
85687 55257 351
1772 32573 308
29930 43100 324
15122 60315 340
15890 56367 340
63232 71772 330
15706 87930 351
66818 90727 351
88 95 106
89 96 106
90 97 119
91 98 119
92 99 119
93 100 119
94 101 119
95 102 119
96 103 119
97 104 119
98 105 88
99 106 88
100 107 101
1 9 20
2 10 20
3 11 20
4 12 20
5 13 20
6 14 20
7 15 20
8 16 20
9 17 20
10 18 21
11 19 21
12 20 21
13 21 21
14 22 21
15 23 21
16 24 21
17 25 24
18 26 24
19 27 112
20 28 112
21 29 112
14598 87575 351
70301 31910 340
84571 83017 320
63088 7230 340
79841 64967 351
92018 95323 328
89511 61329 351
70036 82613 351
98044 2347 351
72183 66265 325
9017 11794 268
83336 69426 351
2053 72585 340
92850 35247 351
10876 61222 340
52006 71609 340
89017 43173 351
86126 29668 351
20292 68694 340
24687 35971 324
37846 6690 324
73611 75573 325
28233 39710 324
46373 56576 340
16532 13870 271
10359 12369 268
91760 77116 338
6281 2554 262
36514 42323 306
98886 16700 351
54635 8963 340
2798 24437 282
40244 59845 340
57563 32440 340
31485 95244 351
58734 33295 340
34041 64009 340
68449 66345 312
60584 24143 340
59272 57940 273
1011 99338 351
92268 93376 315
39022 64018 340
96014 68425 351
48511 69892 340
22626 22057 269
9605 39755 324
83480 8818 351
61059 78464 351
57996 98456 351
71240 51459 340
69158 8907 340
43057 33831 324
98153 77470 338
33915 49653 324
84875 43016 351
45863 74647 340
21889 62074 340
35546 24189 311
85825 74524 351
80951 62566 351
74766 5027 340
81042 54050 351
93943 66987 351
24849 98049 351
89565 83285 333
53874 2020 340
4652 56874 340
22451 10077 279
77750 92907 338
87264 21893 351
30148 69024 340
93040 65623 351
67924 71800 325
65779 76463 325
38406 13787 324
38009 36225 306
26685 38894 324
58709 41972 340
5043 34629 311
40731 47387 314
78645 41662 351
64017 99019 351
24917 76641 340
37456 21808 324
45629 28917 324
65999 81107 351
32020 19895 308
23328 9526 279
50107 12837 324
80959 70105 351
49774 67054 340
39764 77118 351
74962 53005 335
83277 92786 333
39198 91877 351
68442 3936 340
40467 85959 351
69200 84493 351
29773 44443 324
33003 6127 308
50133 36377 314
27483 44606 324
6920 69963 340
82360 78827 320
69637 80454 351
44720 14097 324
91091 30934 351
99100 13397 351
37545 88414 351
78748 57879 351
76359 27196 340
42993 9975 324
62878 51292 340
85969 33981 351
1183 85103 351
3002 65839 340
42798 97241 351
87746 77761 338
697 35553 311
91413 77252 338
33766 24583 308
7209 22452 279
38376 21040 324
70871 46410 340
31552 22656 308
885 17264 276
35383 64165 340
59092 36033 340
59246 17271 340
49510 91084 351
8151 94216 351
6893 61880 340
28218 65137 340
59180 43512 340
88936 64449 351
92953 58089 351
24520 31141 308
57718 25539 340
40098 630 324
23338 91762 351
82720 13666 351
51668 99596 351
80792 1149 351
65329 41582 340
40501 36392 306
36791 43052 306
24519 60736 340
83461 90515 333
20572 102 279
29245 80393 351
77665 13265 351
80961 14761 351
61560 84992 351
5834 97421 351
72673 84626 351
81863 80144 320
16487 12835 276
9752 5704 262
4922 13856 276
18126 82986 351
56317 19067 340
93217 87382 333
9650 39943 324
11917 95290 351
56770 47463 340
30197 59071 340
54445 62698 335
66013 93663 351
9188 64546 340
41107 49213 314
33840 69036 340
94873 67925 351
80718 97213 333
26955 85638 351
35465 70788 340
45458 18728 324
55441 25297 340
12807 39434 324
2007 26805 308
70245 63765 312
16259 10858 276
49820 67403 340
39863 20672 324
25136 79268 351
77490 18001 351
21226 38456 324
23933 35757 324
72094 7509 340
50077 70845 340
40751 19234 324
18402 11585 279
70337 61897 330
15153 12981 276
21876 31055 308
75621 79728 351
40815 59003 340
97451 69391 351
33188 74003 340
89403 63383 351
86419 1498 351
67624 71230 312
38718 44501 306
65047 82773 351
45039 27461 324
62031 85254 351
52785 50191 340
26321 38257 324
44056 29936 324
89874 92874 333
16246 50232 324
9442 44702 324
13256 35824 324
809 88940 351
25429 20335 282
95719 64215 351
98394 15356 351
11241 17299 276
16158 59913 340
8084 29743 308
99773 72394 351
34498 29060 311
23398 23667 282
42132 69305 340
39208 41667 306
28911 40177 324
1961 71746 340
19592 29830 308
34608 91830 351
68562 77590 351
5517 91311 351
41287 60571 340
34190 2833 308
54056 37633 340
79898 47892 351
77702 48979 351
31940 52627 340
15137 36744 324
32177 77389 351
68174 6735 340
52463 11571 324
13342 12772 276
89522 28855 351
4505 80256 351
56721 3191 340
31064 35223 311
61070 14410 340
51459 8570 324
80438 47069 351
33550 4821 308
62309 15705 340
5146 71814 340
74052 53604 335
12279 66548 340
54506 36279 340
10703 65964 340
67118 91336 351
62046 26097 340
91642 75979 351
52950 3477 340
30940 95203 351
9793 47233 324
54165 37312 340
97898 75654 351
60958 28788 340
823 17061 276
82542 54137 351
98973 20366 351
45047 55080 340
57494 97518 351
4148 60593 340
89779 18614 351
25403 8679 282
56870 34663 340
74507 92416 351
64956 95046 351
36 97602 351
26997 72396 340
28179 34047 285
2412 21078 279
45193 94997 351
36578 14245 324
55798 92958 351
3668 14681 276
72115 10074 340
49803 95688 351
91832 97583 328
24542 98195 351
60562 53420 322
36937 70207 340
12562 77059 351
35621 14672 311
37417 34649 324
71967 74868 325
5627 89663 351
91172 14285 351
91429 49949 351
11250 25688 282
81121 22402 351
96147 5280 351
34783 33587 311
31534 99406 351
617834 640566 509
305332 665964 509
302524 486724 449
812304 978394 525
524216 877880 525
294588 311149 371
264359 505009 449
657134 844735 525
646374 760560 504
864934 936369 476
977838 996744 427
473095 994167 525
943142 961978 414
405101 863893 525
253603 824711 509
809338 842295 525
201783 750035 509
482142 716282 509
624573 753092 509
230381 616385 470
96260 983625 525
519431 531808 408
754309 883939 525
618272 876252 525
886321 999816 507
810226 847388 525
641440 724878 504
531000 637097 509
650384 825090 504
997364 999609 440
62729 585941 470
836818 942953 525
492359 739918 509
813854 869741 525
6482 518605 470
269658 607557 470
814551 965061 525
75695 374739 443
757973 916318 525
937970 984796 507
654095 997655 525
703822 963666 525
217877 606732 470
824781 941850 525
470089 910600 525
658234 866234 525
972983 986068 427
270524 817580 509
79808 637749 509
636318 939628 525
237160 737012 509
253474 997596 525
327029 644130 509
771776 869763 525
106466 400646 443
159004 874137 525
626910 752752 504
407339 548200 470
585846 771981 509
61111 559499 470
522470 550899 452
214295 987575 525
751229 993596 525
50935 64081 340
168576 790746 509
500530 705387 509
905688 970234 507
750532 815071 468
5193 319407 443
29182 160530 383
961978 967475 414
422608 961243 525
22582 251447 443
642602 954388 525
503970 714668 509
734222 936382 525
979877 999460 440
730598 968438 525
102916 216096 383
286374 471997 449
203090 324220 443
875748 911366 476
670506 995478 525
171709 495011 449
316242 888431 525
837137 845441 525
180805 410925 449
395024 889035 525
536960 730973 509
39081 77393 351
304675 621663 470
296879 869881 525
221310 754595 509
79002 3963 351
72791 47434 340
34361 86378 351
13339 70394 340
3674 31824 308
58646 41612 340
2515 63107 340
99730 58830 351
7371 63727 340
54986 22311 340
69620 62565 330
56708 42483 340
97555 95532 297
2534 48053 324
59971 48236 340
96951 81157 333
89409 96943 333
49701 31364 324
50249 66104 340
70038 73357 325
84109 3851 351
35639 93127 351
36159 72941 340
8800 72648 340
95640 54973 351
79734 34484 351
82646 47858 351
95221 55411 351
72589 88840 351
61981 45186 340
47117 82144 351
27638 54678 340
84109 36843 351
41273 51801 314
73827 97985 351
82042 57613 351
58859 64508 335
43137 15501 324
13132 49062 324
43178 19007 324
82248 26601 351
54767 17398 340
21757 5399 279
35945 69814 340
70671 11857 340
93447 19491 351
49545 20970 324
14229 98297 351
51703 60324 340
64540 61242 330
14345 25678 282
62875 51733 340
86322 40250 351
97210 45677 351
9760 73229 340
38877 48954 314
73242 72378 294
39872 84594 351
80430 13287 351
20176 8132 279
76333 87218 351
13094 10095 268
36313 39919 306
44601 80254 351
13839 95541 351
55289 19104 340
61152 98978 351
7538 36653 324
42729 43801 257
55980 98889 351
866 14458 276
44798 88750 351
63058 14600 340
52788 84840 351
95035 18209 351
56974 19792 340
55542 17551 340
71508 26834 340
38985 38556 244
33203 81950 351
50840 98027 351
13741 87495 351
35163 21471 311
5807 57515 340
11158 70290 340
43518 64524 340
10548 22860 279
12694 235 268
83791 57356 351
93201 19973 351
41802 22350 324
61662 61987 286
62089 92745 351
99662 11937 351
41669 67660 340
79961 71016 351
62107 8845 340
94361 58632 351
18828 64204 340
93432 60893 351
92810 3159 351
5384 21144 279
28970 77003 340
12523 54101 340
64219 37066 340
85879 69383 351
87312 11317 351
7217 80856 351
41250 81993 351
61530 95864 351
12073 84590 351
29582 62272 340
11279 85003 351
89821 63895 351
14635 95366 351
91213 7412 351
90551 79833 333
45807 20631 324
45176 34790 324
23193 66039 340
48602 20281 324
92951 71142 351
42490 73089 340
38541 43045 306
80711 60593 351
63332 97275 351
23562 87169 351
81239 16574 351
6160 52138 324
59094 14519 340
82112 75992 351
81983 9758 351
14715 67155 340
96504 91482 328
45910 37848 314
48694 45788 314
25245 98743 351
45324 9765 324
70127 57967 335
99640 67663 351
58758 21517 340
69429 17144 340
18253 76087 340
98653 27557 351
63416 29467 340
49692 23931 324
3351 71675 340
75466 46080 340
61185 96591 351
67142 11244 340
30462 19436 308
9625 9066 260
14822 31724 308
43242 60618 340
95912 29552 351
23681 8625 282
39734 21745 324
74851 77014 307
61102 95810 351
70561 46263 340
8034 76993 340
64046 61730 330
27053 30302 272
11038 98776 351
11724 9195 268
27440 98086 351
91520 65866 351
60111 2403 340
68470 85615 351
75985 40966 340
72976 56732 335
35939 37392 262
66759 13370 340
84470 51390 351
35029 4014 311
71582 93667 351
57547 14993 340
20025 89298 351
41079 75794 340
48369 68682 340
6587 60343 340
70908 71515 325
12044 81446 351
80106 90850 333
25647 20793 282
10708 17656 279
49958 96687 351
19645 76096 340
1715 9457 262
48814 44276 314
27038 19531 308
73464 11083 340
41026 65758 340
55598 27063 340
23523 67878 340
95963 14635 351
39383 34231 324
10233 32228 308
28154 6930 308
93094 58593 351
81757 75747 351
422 21451 279
92586 18912 351
94716 31055 351
62507 34681 340
6515 59846 340
55369 98809 351
56729 98470 351
2835 67604 340
27629 3395 308
22298 77856 351
27586 68446 340
24216 18142 282
54302 11116 340
8030 41487 324
59176 72444 335
15537 98472 351
61115 17994 340
8767 20249 279
59376 76687 335
7571 10722 260
83410 17267 351
87656 90893 333
72706 90627 351
41156 11150 324
54827 35144 340
13240 30404 308
36581 75244 340
85086 86475 302
16862 37390 324
96836 18189 351
93546 58237 351
26215 75126 340
68013 85420 351
27199 80940 351
44672 39803 306
17665 26427 282
98269 59651 351
106 20913 279
5954 21270 279
31273 47858 324
54819 89822 351
86724 61381 351
78081 9226 351
17552 44539 324
6831 75867 340
77650 83010 338
60362 40102 340
30429 5958 308
20985 48604 324
79498 11698 351
31876 34301 311
24917 42739 324
25171 7153 282
27688 52099 324
87075 25016 351
83631 20842 351
25377 79422 351
12799 41652 324
49103 14789 324
72670 82116 351
50238 83383 351
98416 27346 351
92005 92636 284
68913 78497 351
29080 20051 308
35841 41784 306
82783 96239 333
39139 82394 351
62523 4210 340
55344 76298 335
5924 27241 308
86649 67941 351
19784 35878 324
34836 16931 311
56545 23057 340
13187 86790 351
93810 34355 351
14909 24040 282
83729 55963 351
72952 88007 351
64216 97431 351
44117 98108 351
32892 69316 340
21410 54376 340
58711 10923 340
208 83021 351
75197 71837 325
84312 47055 351
66330 18167 340
578537 942035 525
825858 291941 509
728323 929695 525
747547 207426 509
164683 924510 525
298033 22268 443
812381 861371 525
787159 609640 509
839336 740463 525
969294 558171 525
432348 7458 449
995198 605162 525
422138 724718 509
113647 535200 470
407401 961604 525
968662 256333 525
755496 270759 509
943396 521007 525
370522 153930 443
538178 344333 470
115714 100333 354
704128 180513 509
806011 257024 509
631998 232190 509
986525 353078 525
426040 597964 470
774824 401682 509
635353 50157 509
969101 830733 525
768867 655892 504
331609 998245 525
626115 485680 470
45631 582082 470
613199 953747 525
472719 509925 426
821997 97572 509
626605 646204 416
668334 59158 509
15257 631049 509
651644 108536 509
419179 947396 525
728516 799237 468
696373 712473 504
934430 120797 525
81339 729955 509
810638 19604 509
772484 444012 509
466713 710539 509
171535 726007 509
743280 264229 509
758405 948529 525
988321 975805 427
131384 150354 375
425746 244895 449
883373 510721 525
383784 600220 470
29056 370975 443
700700 127336 509
