1 10 20
100 200 125
201 210 89
900 1000 174
478028 489716 413
289826 582734 470
652070 338501 509
699128 796387 504
75898 258484 443
133576 831116 509
671570 337494 509
599762 342316 470
662659 665558 442
9217 453827 449
630890 2106 509
480561 556977 470
191437 976380 525
567658 916657 525
546631 648285 509
883912 852082 432
758118 376221 509
851777 902649 445
798462 10804 509
645936 172577 509
429139 83527 449
438172 96772 449
828949 513489 509
421906 309662 449
789887 35584 509
416779 254120 449
329651 690522 509
752869 762909 424
870209 927674 476
239625 207154 443
819916 789094 468
954255 57068 525
4192 821628 509
236704 792944 509
400296 972402 525
440156 781387 509
178728 391885 443
263248 569851 470
446680 624225 470
245476 21008 443
4563 731277 509
505135 598327 470
747988 240932 509
700352 84281 509
471439 994371 525
955399 106522 525
50606 51074 278
53667 462689 449
973798 981638 427
496393 441592 444
220534 803122 509
778381 985577 525
846972 944893 507
790225 278728 509
22004 442463 449
873799 473200 525
782157 181477 509
731876 82085 509
641706 118052 509
257955 983257 525
428210 835338 509
847730 209610 525
469076 497743 426
321981 798472 509
601946 664459 509
581782 942036 525
220841 834978 509
235902 268772 407
572179 813722 509
255763 995652 525
492697 46413 449
356053 517334 470
19584 100090 351
690134 736954 504
428878 127029 449
72638 487432 449
479009 716287 509
278136 621626 470
211373 303472 443
314557 250983 407
322128 68560 443
943803 409642 525
708564 277126 509
532321 214305 470
951616 957224 414
992074 757074 525
140955 403505 443
256899 965799 525
2878 368528 443
164795 898010 525
955861 45021 525
904198 60524 525
331762 46566 443
427854 40206 449
10701 465256 449
602390 687 470
664371 798316 504
803527 566414 509
268981 776092 509
241874 759957 509
999171 806863 525
497282 906997 525
420926 702306 509
336328 477085 449
126506 660337 509
621730 750847 509
925858 661314 525
353896 616125 470
100546 819583 509
233368 898815 525
990365 515435 525
313751 344044 384
426809 171088 449
947179 117277 525
393585 695789 509
502652 705404 509
612400 392755 470
95061 999933 525
993369 549677 525
210013 947740 525
698587 636227 442
297540 348095 441
480571 140796 449
960379 651435 525
66602 97468 351
612903 710098 509
570493 573318 372
260757 926653 525
560281 997302 525
209442 724287 509
429690 953866 525
346620 228445 443
744730 558441 509
108118 958032 525
905772 738098 525
890676 834482 525
698928 120710 509
777857 704568 504
872354 179498 525
276966 254587 407
964684 455307 525
28625 406220 443
332872 51529 443
48830 805733 509
530020 409504 470
363369 258271 441
486716 959709 525
518150 226341 470
700724 747797 504
2246 142619 375
493452 122847 449
243556 892922 525
597489 192380 470
888229 537765 525
792351 469842 509
441501 165194 449
87765 757035 509
324915 470125 449
275857 936988 525
346492 373744 410
148366 322228 443
281937 709860 509
452552 151433 449
899229 316438 525
975408 153276 525
276122 901475 525
794396 468859 509
661238 36030 509
573794 908236 525
894429 65819 525
231012 366144 441
639530 335929 509
322405 318777 371
255764 964444 525
854539 114614 525
436841 118607 449
344819 2905 443
670689 235129 509
67918 797370 509
466997 569918 470
987744 43325 525
512184 259471 470
295500 298491 327
206726 689773 509
755591 385645 509
268140 617506 470
469787 502955 426
338083 907670 525
388465 308543 441
939508 110198 525
228805 759356 509
278612 376349 441
127829 573623 470
887344 949300 507
35569 195747 383
755423 354341 509
613811 23312 470
321802 267606 407
473731 425662 444
811306 44879 509
178737 229321 386
248627 79445 443
503466 648523 509
473417 586709 470
213259 408283 443
167638 412925 449
305625 442063 449
532037 962601 525
911900 433453 525
145551 419380 449
290072 947469 525
487132 900974 525
684931 903882 525
845895 808934 525
370164 158661 443
387982 657200 509
252997 548900 470
713774 152960 509
739669 272814 509
681096 187191 509
116467 952927 525
911341 365085 525
327685 422091 449
855543 443377 525
379108 755937 509
219757 517446 470
418419 669180 509
89413 706888 509
32173 103349 351
262010 451660 449
625211 402337 470
467588 166343 449
319302 878207 525
667373 697714 442
401256 575322 470
44600 864820 525
229905 517722 470
939812 955940 414
915668 73941 525
346229 311706 441
829151 811128 450
996659 565985 525
789225 763921 468
867270 602423 525
54082 821397 509
740085 645631 504
811973 679293 504
73851 207673 383
905386 647626 525
739300 741223 393
606043 306641 470
340714 783899 509
256191 352299 441
942591 280525 525
108582 688210 509
499337 288820 449
371156 937733 525
218005 495995 449
614770 160380 470
981777 85274 525
247256 668851 509
348143 721861 509
445885 575580 470
223206 421994 449
679568 867622 525
690614 962505 525
262755 801962 509
154260 31327 375
828203 518945 509
723507 613203 509
902022 936785 476
390869 222843 443
235190 789529 509
949909 608873 525
210499 849959 525
518809 448037 470
686249 457754 509
33334 383304 443
321649 132134 443
999755 772891 525
251747 517568 470
319530 690369 509
238047 514501 470
549798 473789 470
86991 66250 351
3034 273304 443
12498 505364 449
294893 910254 525
519126 247687 470
613997 761153 509
209189 245976 443
703730 649158 442
32461 895437 525
543922 253415 470
26305 870461 525
388028 60029 443
266749 278051 407
308903 707557 509
697698 504795 509
571044 858700 525
132003 301040 443
806404 90429 509
682 144501 375
908539 617648 525
895152 36160 525
282135 522536 470
171693 104340 383
516128 502216 470
755630 720505 424
590965 60050 470
636430 298286 509
576336 495344 470
202901 903178 525
407972 885239 525
260290 416950 449
717989 495368 509
585796 392293 470
53145 40744 340
658391 102830 509
655341 961683 525
570 553542 470
174233 453827 449
956043 172262 525
409118 690361 509
266762 228024 443
526310 82 470
495426 903191 525
806368 618997 509
504235 214678 449
631627 730691 504
226058 764525 509
673169 349615 509
390359 328206 441
947387 726313 525
204347 565101 470
634995 602727 509
56553 204917 383
893530 325579 525
532291 528947 346
756971 302648 509
819081 799052 450
218594 799632 509
418628 830858 509
561887 541313 452
788356 439215 509
720091 193513 509
59480 14413 340
858970 909611 445
152275 966190 525
47642 806356 509
925434 356621 525
77889 198988 383
524567 498339 470
27285 487771 449
790418 56857 509
372261 300607 441
100238 125850 354
473060 107206 449
648519 35218 509
990784 34946 525
228459 436874 449
967638 710874 525
620484 804290 509
770479 826608 468
149315 772758 509
645730 334472 509
533460 591101 452
89439 723619 509
211389 58026 383
631234 633075 385
933682 518158 525
160359 3494 383
110700 550271 470
101840 633418 509
668364 275570 509
228795 92623 386
319848 413174 449
217463 196432 386
539391 456683 470
745792 504293 509
355116 205058 443
796158 391522 509
631492 888575 525
462952 401948 449
35022 359232 443
393741 610538 470
614031 485055 470
35326 554099 470
187517 241082 443
33003 653517 509
746140 372232 509
785405 261797 509
974581 582339 525
39022 519219 470
539863 513971 439
235380 784813 509
692686 894978 525
299905 31537 443
433484 324177 449
10190 45332 324
18493 32351 308
20909 36848 324
48136 34687 324
46910 25302 324
28859 16770 308
14341 3531 276
42825 46148 314
15782 677 276
25094 48153 324
6736 33481 308
37977 42679 306
5717 12596 268
2363 40422 324
43181 46079 314
38588 3370 324
7762 7080 239
35720 45023 306
10280 207 262
29709 23541 308
25508 24920 264
40310 6200 324
28450 49486 324
2347 10584 262
16514 43793 324
25088 23250 282
27273 13064 308
32280 49341 324
42012 34643 324
39762 35192 324
30721 44701 324
4913 4834 179
1781 6984 262
49856 28412 324
7190 45917 324
1952 49049 324
20836 8613 279
21600 15637 279
8099 40298 324
42572 24612 324
34090 17659 308
14213 27715 308
30723 46493 324
27055 39086 324
47487 16817 324
24277 44559 324
11517 45541 324
49392 29649 324
18876 15600 279
24412 26065 264
11516 42715 324
41465 48703 314
1328 13064 268
14339 25778 282
3361 23263 279
16741 3803 276
40921 30954 324
31517 37995 324
43798 24923 324
27080 41284 324
41739 17708 324
2194 19608 279
13248 1585 268
15608 32123 308
17184 40020 324
24539 45051 324
32734 16003 308
43753 413 324
45418 24444 324
26190 48779 324
47706 9283 324
18933 4978 279
6588 16801 276
42973 385 324
41723 20052 324
8020 33462 308
37760 10213 324
19421 17359 279
28149 35028 311
49482 11685 324
25047 40372 324
6735 24133 282
6375 16840 276
24545 1792 282
41283 17087 324
16922 5340 276
42721 2206 324
10317 49308 324
19006 19641 274
16044 10729 276
39693 40415 306
10542 43804 324
627 29962 308
11162 45127 324
31341 26995 272
6811 6388 244
17367 29898 308
46872 23741 324
46737 37768 314
41884 4371 324
4854 25158 282
9710 47574 324
27363 36378 324
13233 46369 324
6019 29276 308
7097 12063 268
19690 33990 308
5866 36668 324
30303 33379 285
31795 11643 308
10374 4957 262
18030 27740 308
34854 31253 311
17832 47942 324
19021 26067 282
2312 40226 324
1224 28373 308
37800 28587 324
31103 17384 308
41307 3473 324
46660 14755 324
31887 32701 267
48744 37752 314
35721 29046 324
37482 17515 324
40688 47855 314
38823 25070 324
41946 40029 288
6322 9777 260
37970 41694 306
2196 6634 262
31920 3419 308
35006 36071 324
48357 32460 324
3454 39663 324
35932 16465 324
4417 17818 279
49166 3160 324
21921 34886 311
48557 9403 324
18752 39245 324
23609 7574 282
30666 15555 308
13954 3339 276
41683 1924 324
45033 43878 270
24909 26952 308
13649 26266 282
13022 12005 263
8726 16475 276
1668 11009 268
32940 6084 308
28827 48457 324
25596 17099 282
49694 24152 324
42853 18445 324
29748 16462 308
42370 10413 324
48368 6324 324
13752 6402 276
24599 25136 264
16632 49507 324
2087 30280 308
25772 31460 308
8636 849 262
14286 10303 276
11858 13577 276
32739 40684 324
12033 24686 282
24134 11726 282
48837 16987 324
46522 44937 314
49800 38892 314
5349 48167 324
11567 35452 311
4568 36165 324
26939 21199 308
2023 29025 308
17830 44146 324
26836 26466 308
44995 41122 288
3120 6852 262
4698 35858 324
13887 33083 308
26895 38020 324
44808 25732 324
5006 41330 324
37020 4805 324
46573 42368 314
19323 8139 279
44172 40243 288
10655 21110 279
27793 29029 259
16487 45623 324
23174 43322 324
38440 18168 324
34443 41559 324
41371 5493 324
43769 5257 324
38575 20663 324
43277 49734 314
12746 14634 276
41063 49765 314
35791 3987 324
8485 5113 262
28477 19008 308
45355 39131 314
40117 39500 306
34511 22955 311
35122 7685 311
16277 23561 282
42204 17071 324
15119 33575 308
22563 25239 282
38831 27489 324
45902 32107 324
27223 24999 308
13093 34637 311
24764 48883 324
38624 33248 324
20347 17100 279
2255 32054 308
22583 8723 279
21553 7093 279
31678 6674 308
14777 14306 271
46586 23333 324
47728 28056 324
6907 36643 324
3295 45737 324
14131 15548 271
44196 41353 288
40546 7288 324
42342 15309 324
22522 30965 308
14908 42868 324
14416 33514 308
24921 36998 324
8589 46473 324
10443 6618 260
19498 25219 282
20923 16083 279
14903 18650 279
44139 21809 324
21644 13785 279
33898 35775 324
29332 28093 272
43479 19877 324
1732 35820 324
1538 24253 282
33136 16445 308
8295 4511 262
3175 1124 217
4905 2201 238
9501 9966 242
3655 3555 194
5908 2498 238
7486 3693 262
4212 3229 238
2440 4775 238
6436 9283 260
4312 4589 215
1444 1831 180
8060 649 262
4799 9578 262
2023 8221 262
5361 5459 161
8514 3424 262
1145 1187 182
3438 9322 262
2571 6851 262
174 3739 238
3390 4356 238
7191 2428 262
8286 4189 262
4579 192 238
1453 4722 238
2035 5543 238
2272 2068 183
9673 1606 262
2632 6351 262
3511 7071 262
5415 7201 262
9451 6249 260
5186 7249 262
3171 6514 262
222 7458 262
8435 4769 262
9705 2230 262
3054 1959 217
1069 5408 238
9947 6102 262
329 527 142
607 9845 262
2531 9967 262
9606 8105 260
385 8018 262
1754 5028 238
6605 2301 262
8009 7181 252
9524 6463 260
2296 1658 183
2143 4618 238
9035 3650 262
1914 4627 238
351 7854 262
2326 2966 217
2712 2121 209
7570 8674 252
5019 9709 262
8493 7691 252
4104 8619 262
1383 1713 180
8969 2616 262
1143 7672 262
2154 8745 262
6929 4880 262
5152 437 238
1432 6970 262
4933 3598 238
4616 4842 197
322 5504 238
8995 5030 262
234 2739 209
6248 5103 262
570 4979 238
4394 4060 215
2971 5947 238
572 988 179
6561 1570 262
7031 9723 260
3305 8019 262
6882 702 262
8677 9113 247
1835 3778 238
1970 3388 217
6244 7339 257
4747 6028 236
546 9801 262
1715 9798 262
2424 9217 262
5576 2158 238
5921 5611 218
6338 2802 262
7073 8437 252
5958 6997 262
9674 8553 260
1229 5348 238
6252 36 262
1366 9814 262
7478 2245 262
1883 9200 262
7865 6625 257
3030 4688 238
6843 5947 262
9334 7455 260
2069 5887 238
6575 5946 262
6198 166 262
3930 9915 262
9224 825 262
1934 2037 175
5987 4639 236
1428 5572 238
2469 5142 238
4724 8318 262
5106 7327 262
7827 8964 252
4480 8629 262
1777 1789 149
8508 5550 262
1893 9661 262
491 9951 262
6028 3268 238
4276 2892 238
6832 6627 182
2137 6714 262
8446 5018 262
1009 8022 262
5041 1741 238
9200 5187 262
7221 4332 262
8819 4045 262
2386 9205 262
8821 4577 262
6877 6096 262
9776 9536 198
961 123 179
4258 3219 238
2528 9810 262
6113 4871 236
1761 3985 238
7740 6589 257
6961 9112 252
7016 2 262
1228 1340 177
4519 9498 262
750 4279 238
7307 2305 262
8098 4391 262
7651 7370 239
8082 733 262
3862 5624 236
9513 4781 262
5619 3972 236
3505 9052 262
8065 4159 262
7828 337 262
7331 5486 262
7286 4502 262
5128 7325 262
2065 5008 238
1584 3312 217
9579 6580 260
3588 4207 238
467 8774 262
562 463 142
6086 1598 238
822 8757 262
3077 6778 262
9434 8966 260
429 3801 238
2872 9354 262
5809 9430 262
6621 8122 257
898 3029 217
9423 8869 260
9940 7757 260
1810 6028 238
1805 9436 262
7243 3862 262
3483 744 217
1276 9237 262
2108 8270 262
7910 4049 262
3373 3927 238
2592 7932 262
6516 224 262
8140 5660 262
9913 1002 262
3290 6513 262
6775 5358 262
3549 4839 238
7441 2695 262
541 1962 182
3315 1112 217
9154 9708 260
7640 9664 260
1439 4881 238
9967 7415 260
2443 2218 183
4454 8686 262
5937 583 238
6934 4382 262
7334 3449 262
2047 3883 238
7029 113 262
9725 633 262
9834 8455 260
9750 7246 260
5228 3595 238
4235 2724 238
8739 9319 260
451 5225 238
6926 765 262
667 8695 262
7164 7531 239
1357 626 182
8692 6106 262
1506 1261 177
3259 9330 262
8587 1585 262
2093 8431 262
1218 8638 262
898 138 179
9539 1872 262
6098 7326 262
7886 3514 262
3687 6726 262
9469 9288 198
6635 1322 262
9476 3177 262
8097 8239 190
1234 1403 177
5383 5177 192
9918 6309 260
4049 9709 262
9641 401 262
2350 6163 238
2713 4451 238
3761 4204 189
4357 1290 238
9330 1728 262
2243 8640 262
2197 2229 183
7803 227 262
3789 3417 238
5503 4241 215
4915 9518 262
7004 2227 262
5262 4450 210
9421 9466 154
1653 6855 262
822 1 171
8826 817 262
1490 5606 238
6463 8051 257
6525 8196 257
2731 8292 262
3887 9459 262
7715 4708 262
2133 9780 262
9732 232 262
3782 988 238
3796 8909 262
3491 3835 238
4231 3569 238
5038 1697 238
2820 7466 262
7511 6526 257
9759 2842 262
8982 1747 262
7163 3848 262
5531 9487 262
3905 4686 215
4459 6304 262
6165 6442 262
3233 2390 217
231 7640 262
9851 4148 262
2789 4259 238
6067 8961 262
9267 4665 262
2269 4028 238
2586 3730 238
1626 8185 262
3143 8252 262
1601 6791 262
5763 2726 238
2919 4976 238
931 505 179
9617 3775 262
5692 423 238
8985 7056 252
4270 3079 238
6829 4489 262
9672 4156 262
1797 7306 262
5344 4358 215
2295 9078 262
262 6895 262
891 3349 217
1780 3756 238
4071 3585 238
8008 1468 262
9682 8618 260
5535 5522 130
493 8518 262
8894 167 262
9897 1671 262
5355 6934 262
5000 3724 215
2315 872 183
3078 3008 155
4859 8261 262
9684 5089 262
7917 3327 262
603 1148 179
827 4382 238
5255 1061 238
2107 1696 180
6158 2229 238
8765 439 262
7642 9507 260
7559 2033 262
7119 9876 260
5310 6409 262
3893 7920 262
1540 5802 238
3784 4615 215
9554 7979 260
2595 2465 178
1369 3078 217
7898 4569 262
7848 3606 262
6490 3896 262
7838 1561 262
4417 1706 238
9162 141 262
7504 832 262
9903 33 262
2964 401 217
572 1908 182
6859 3406 262
6483 7403 257
7907 7555 221
455 3102 217
784 2531 209
2254 6789 262
2653 8892 262
6477 837 262
2161 4187 238
1564 6774 262
