1 10 20
100 200 125
201 210 89
900 1000 174
1 2 2
4 5 6
5 10 20
10 5 20
528539 1782 470
90980 174279 383
810440 622369 509
822231 895635 525
236202 771831 509
584955 940833 525
169918 609830 470
485740 234718 449
299994 629104 509
862750 523816 525
892458 856065 445
355966 237959 441
850485 138576 525
567867 686187 509
140692 320191 443
394159 929199 525
899856 348668 525
456044 868180 525
871202 390982 525
810696 358327 509
382870 130030 443
688077 145513 509
973286 385702 525
879663 463474 525
652353 323928 509
686986 905962 525
591522 191699 470
457864 330666 449
322579 724113 509
107597 865187 525
644803 950584 525
880942 805137 525
456331 903420 525
321093 446781 449
588745 681246 509
70716 525011 470
428849 731075 509
561732 879336 525
546887 307029 470
308733 858934 525
819765 409417 509
11035 952035 525
379544 627826 509
120859 205602 383
117192 766746 509
161255 973470 525
126961 950782 525
883132 636294 525
343035 599071 470
153608 324203 443
1055 314290 443
534663 89232 470
960762 341207 525
295579 679261 509
515985 998341 525
144472 665036 509
943820 892681 507
293989 176051 443
78974 182376 383
694268 665767 442
2356 424635 449
306023 667813 509
723998 762524 424
725117 292700 509
12598 383788 443
341904 122900 443
974486 696534 525
926433 273816 525
902656 429041 525
295714 153189 443
12690 594920 470
82778 41591 351
240497 5852 443
754763 242073 509
890032 140616 525
395920 134153 443
358612 73328 443
266469 741616 509
625534 120355 470
623093 292418 470
883685 445453 525
961603 619255 525
372411 546836 470
167907 957309 525
735975 988833 525
940002 178580 525
518112 83203 470
668115 734751 504
70603 649767 509
637483 116680 509
204603 798709 509
202235 144246 383
997389 981726 427
878627 52624 525
115195 674676 509
430376 286001 449
123954 165788 383
623462 707690 509
61676 971864 525
565254 36907 470
72214 65435 325
470584 627900 509
867031 961615 507
96653 835569 509
615194 342747 470
261402 256581 345
9373 114016 354
853975 619886 525
523191 682312 509
90909 849455 525
646327 933436 525
654207 109533 509
717019 547970 509
537971 711632 509
37084 808165 509
253792 916522 525
153374 309310 443
331363 220180 443
62562 92016 351
602585 539407 452
514097 51010 470
840455 454821 525
447759 855751 525
552797 350829 470
664370 978164 525
330186 801230 509
111771 188397 383
951852 686412 525
605698 470264 470
197477 592416 470
528386 384810 470
790033 110815 509
608652 552419 434
278859 19991 443
180979 455930 449
147522 65787 375
133499 253257 443
183793 993059 525
115782 270937 443
140819 745583 509
171828 180425 347
1203 696907 509
27531 272093 443
217349 425374 449
583077 340799 470
738917 673860 504
177057 600949 470
731371 486382 509
675099 462388 509
401867 526360 470
574500 565259 377
741284 139383 509
869003 206059 525
997136 669458 525
323793 130130 443
627756 972886 525
589860 542828 452
278798 944173 525
31081 787339 509
707813 587817 509
796011 578355 509
948178 704475 525
611172 815448 509
657996 155096 509
698615 313983 509
866250 288542 525
188339 681316 509
481373 998821 525
493362 979564 525
161585 524129 470
724786 288428 509
616670 627253 509
106961 318173 443
521390 298356 470
709183 167418 509
808642 79035 509
996484 30484 525
529471 363017 470
746821 147881 509
278895 4611 443
123047 206261 383
761454 304621 509
272152 929462 525
735897 14855 509
27593 302541 443
197643 904023 525
860338 210682 525
53163 415774 449
863185 572144 525
561697 758229 509
204155 744964 509
253875 184636 443
917431 193501 525
823410 710178 468
367061 7195 443
4202 880989 525
663148 933187 525
991290 314353 525
12868 5063 268
629572 444840 509
217067 33032 386
25834 858012 525
585177 499901 470
505807 393124 449
777190 619066 509
570462 788314 509
782274 603333 509
81880 779095 509
372309 393941 436
446867 987165 525
451498 616153 470
505178 336195 449
13889 396396 443
242345 411025 449
682473 823249 504
576731 91644 470
530996 974535 525
57231 726709 509
945564 269309 525
553018 633411 509
757475 215018 509
797438 659842 504
620366 388424 470
949781 967439 414
430909 723658 509
869455 456885 525
879882 715213 525
349051 660289 509
352121 87000 443
701609 571638 509
755401 832371 468
141506 779702 509
718647 414262 509
508221 158956 449
791620 638154 504
406111 522572 470
602112 348756 470
813024 190552 509
482169 120009 449
719366 247292 509
463604 8724 449
839457 31709 525
205475 238053 443
573255 894128 525
669635 525159 509
122661 433789 449
396202 174782 443
993263 151100 525
937179 886305 476
557253 298930 470
60481 607351 470
566455 927325 525
162110 302071 443
283903 994639 525
685225 674156 385
937889 447299 525
141260 435512 449
258436 895636 525
898867 775060 525
262191 566475 470
555319 985730 525
809864 575264 509
549432 607756 434
628923 766746 504
387997 241338 441
286095 863743 525
624596 378020 470
158548 544967 470
169134 844104 525
640815 179776 509
5794 433958 449
54207 842675 525
791524 819105 468
489679 569781 470
782167 863797 525
671897 92438 509
272522 476686 449
366720 16220 443
815443 711489 468
726688 599925 509
60884 356794 443
318391 927836 525
883220 194526 525
881568 81487 525
471564 646883 509
280344 114546 443
217525 611346 470
993624 559186 525
807243 456543 509
530950 803435 509
204543 627692 509
405477 703446 509
725243 612135 509
314004 224078 443
416320 296921 449
754616 762589 380
962542 225920 525
899480 597859 525
919035 678669 525
588631 634629 509
790219 786584 406
194997 82682 383
224920 713100 509
100719 985425 525
826850 598265 509
645164 468759 509
40745 801991 509
383229 647060 509
791877 226072 509
640857 780719 504
92403 293549 443
698546 160201 509
501156 223497 449
113226 394353 443
301493 495445 449
44799 393251 443
882408 146870 525
137303 471554 449
782308 653834 504
784104 130302 509
527166 161154 470
367440 377506 423
455131 547673 470
152906 942406 525
11599 832476 509
56875 600625 470
456332 132120 449
581021 355210 470
282983 581615 470
28037 548030 470
648226 654641 385
680165 565703 509
906516 739152 525
700151 407720 509
271442 476997 449
553311 452635 470
627893 306566 509
921844 932563 476
904251 628494 525
849992 260792 525
198587 410554 449
273577 371593 441
205347 215804 373
515182 895234 525
113226 698880 509
955793 858169 507
688488 680183 398
202569 576297 470
977886 900824 507
370858 950867 525
576673 379603 470
438459 587734 470
556748 964935 525
110972 310057 443
929048 424222 525
474005 42786 449
800398 427817 509
426624 986119 525
520170 862135 525
206401 825786 509
433048 659654 509
200269 682641 509
548484 734454 509
36562 51085 314
485523 139501 449
646156 638343 416
530797 176166 470
48828 106377 354
302166 225370 443
30811 452138 449
721796 794952 468
935366 644024 525
232387 772684 509
575626 635080 509
641304 797276 504
332127 643565 509
864395 2340 525
894304 393583 525
683416 779167 504
766690 23481 509
720655 565835 509
512402 660422 509
994653 114599 525
134822 122526 344
462820 966828 525
258453 102405 443
506763 781611 509
249511 693379 509
516555 924952 525
832632 940293 525
680145 753662 504
929771 482529 525
775376 697691 504
790339 356198 509
959082 155038 525
286489 953326 525
121451 165300 383
450543 410287 418
435045 715717 509
324981 957581 525
412375 107521 449
425380 115838 449
62993 133425 354
158312 16000 383
336185 475476 449
7951 894069 525
655719 890891 525
174863 252606 443
977546 448526 525
236144 590231 470
795790 613603 509
999976 965789 458
877798 634396 525
438913 568276 470
696708 356194 509
342282 653364 509
197219 951184 525
239454 347530 441
205486 231852 443
362557 304909 441
858717 419898 525
29310 596507 470
133628 49083 354
167228 426764 449
835256 687387 504
983316 249597 525
654729 912542 525
313288 879592 525
664317 447317 509
360229 633190 509
200257 411278 449
811075 77793 509
645889 639526 416
844279 791823 525
336163 769159 509
85305 309239 443
94986 801596 509
733683 384167 509
771458 216956 509
571289 316905 470
579235 335332 470
717194 417307 509
881699 694332 525
473842 991240 525
221367 631745 509
478758 11990 449
966800 140980 525
151846 270790 443
18566 285951 443
675503 324350 509
953228 335512 525
318609 283073 389
394061 128674 443
456565 901180 525
882015 296219 525
800547 94568 509
56352 794843 509
515948 718558 509
13863 561031 470
916647 600364 525
600450 166568 470
809624 435963 509
411798 696303 509
530416 479347 470
500879 191327 449
166516 670370 509
790593 345085 509
985543 438877 525
546807 676329 509
578299 344716 470
782436 665075 504
56182 667822 509
611271 752084 509
422587 80322 449
467956 896231 525
837604 899568 525
697355 624902 509
485944 592046 470
37924 260425 443
358815 432802 449
749851 692827 504
902878 512186 525
307194 750145 509
104739 173590 383
25045 466828 449
283471 261382 407
890215 989800 507
373666 815053 509
964581 604783 525
922050 526102 525
546867 859028 525
298040 948649 525
937603 487283 525
650731 472088 509
969518 334032 525
410877 746993 509
699751 606850 509
186455 750507 509
414877 702665 509
990767 811356 525
293239 183078 443
325576 566217 470
484544 371620 449
571735 783418 509
686629 283837 509
651761 556940 509
996449 637214 525
68292 85667 351
882281 139856 525
714003 937264 525
217256 300300 443
441265 640979 509
492413 889418 525
463827 977232 525
995904 859205 507
993241 94821 525
328164 856249 525
444469 480004 444
606042 157250 470
673192 71866 509
667831 212616 509
481095 934941 525
296298 848359 525
466371 982662 525
817378 982445 525
231111 121023 443
441117 429058 400
467463 662050 509
107204 770093 509
748848 102192 509
683130 338311 509
78831 241270 443
90499 830285 509
885544 833835 525
375012 229434 443
764228 118553 509
257051 51477 443
191697 733899 509
452553 272486 449
495957 65908 449
384075 926627 525
98042 854244 525
395376 208819 443
458735 916229 525
675719 639534 442
909481 118948 525
405683 664434 509
193124 162955 365
300863 36602 443
987292 659385 525
767210 792334 468
717084 293378 509
763798 700533 504
719616 671883 504
157286 196441 370
443282 580774 470
144310 786613 509
367950 97754 443
799535 774737 468
832734 114154 509
935861 507024 525
292006 96917 443
709377 364375 509
832807 812539 450
679847 202416 509
894712 730837 525
271993 757493 509
568250 722577 509
237034 87650 443
877724 271207 525
817277 529576 509
261300 557322 470
627016 668669 442
920826 324690 525
987735 519752 525
750566 706826 424
442975 91082 449
474785 264312 449
866755 158753 525
397674 204782 443
420136 664331 509
853148 392508 525
688819 136706 509
55025 930494 525
583664 557941 421
664057 764189 504
21730 91426 351
948931 420509 525
478430 741299 509
194117 398171 443
960002 241370 525
219507 909111 525
872133 992084 507
166491 901800 525
713620 685419 504
289113 491008 449
146734 651688 509
627985 289905 509
149390 866659 525
831734 801353 450
427473 217297 449
98671 362458 443
903476 694788 525
157291 404645 443
412213 467776 444
326753 910886 525
163729 640426 509
578563 644299 509
517220 82394 470
233883 206427 443
859588 962616 507
716098 342441 509
645466 807799 504
968600 410591 525
862545 881638 432
476947 918489 525
355981 829186 509
37921 247944 443
842683 328478 525
863328 781293 525
360104 803837 509
340029 68199 443
261408 795219 509
183193 9024 383
537875 394069 470
482555 526514 470
992530 215246 525
416462 241641 449
31351 596573 470
782570 540544 509
524518 449184 470
83878 639194 509
347447 153430 443
149865 927411 525
136377 719868 509
270471 282881 389
446503 761282 509
731894 497001 509
532136 915259 525
593416 635153 509
770623 272328 509
470786 566855 470
629360 1175 509
404789 82795 443
733464 874659 525
769733 30324 509
963990 753821 525
129731 59061 354
194315 326190 443
770641 308682 509
10460 388600 443
656092 291536 509
43013 984958 525
83964 13702 351
331712 142739 443
840529 59983 525
872269 2486 525
660755 501043 509
545102 309181 470
195905 385091 443
383522 933393 525
230334 952603 525
61024 864318 525
928248 856630 476
474170 633701 509
946084 628332 525
597574 200649 470
590675 392436 470
767471 159470 509
106062 974691 525
650334 609511 509
757502 945140 525
906894 190563 525
42577 517908 470
551868 324298 470
591145 573806 434
496829 778604 509
525946 569537 452
219949 876668 525
945584 250248 525
53324 8087 340
426659 685491 509
185096 341214 443
567633 499465 470
2678 501624 449
765837 977424 525
240950 53843 443
387954 376174 423
873638 665625 525
47469 690711 509
859647 213028 525
891987 458872 525
641346 687296 442
497443 703531 509
724626 880311 525
90865 100439 341
746407 260152 509
678825 782424 504
37487 251801 443
444525 978009 525
895759 10266 525
150938 192216 383
893431 204728 525
482946 498772 426
238374 87549 443
566373 449241 470
516093 39773 470
236761 901717 525
350902 146900 443
144259 978128 525
647675 660371 429
966540 516006 525
900090 473999 525
530593 67671 470
440549 642854 509
831116 315955 509
365190 874177 525
145324 532588 470
158841 677752 509
540180 211551 470
189125 100626 383
185367 278201 443
795484 287552 509
804415 414354 509
966226 583431 525
772751 353809 509
105897 319588 443
509031 69483 449
620747 843577 525
737039 610085 509
247717 741514 509
312948 719465 509
540218 28860 470
765819 920179 525
315962 174692 443
858668 683441 525
600362 704668 509
14458 458222 449
618472 949645 525
629334 699913 442
828657 327554 509
797359 582103 509
142014 443349 449
101208 588616 470
462410 62542 449
204127 291033 443
792906 807833 468
597618 865496 525
792332 943719 525
656057 436414 509
275878 194654 443
328719 487897 449
624581 123725 470
197014 689909 509
41563 689346 509
379642 77219 443
841370 2174 525
667587 442587 509
319974 768824 509
171620 460783 449
318982 83709 443
108380 939544 525
721020 837877 525
8649 506740 449
102707 630487 509
993845 56674 525
704701 24844 509
68592 489376 449
992753 452558 525
133149 176108 383
192980 155040 383
138053 165945 383
895341 172031 525
839263 458465 525
43029 517757 470
657063 170164 509
656136 64445 509
723087 406196 509
648834 462958 509
365885 209176 443
606052 201176 470
411262 783302 509
620511 803161 509
308543 370762 441
478234 752528 509
823433 2809 509
838567 315170 525
682386 672827 385
150789 782223 509
407821 322686 441
609480 528394 452
463941 203160 449
43950 609314 470
92137 711146 509
815875 571920 509
261711 574698 470
982530 279899 525
304043 800825 509
672280 763966 504
242096 961274 525
69540 437293 449
830133 98838 509
321712 972646 525
840959 878200 432
183323 906950 525
273782 338835 389
918879 635483 525
329130 722749 509
517159 174542 470
922419 203250 525
565703 713945 509
699686 915496 525
393436 964237 525
250161 102332 443
844775 164181 525
52353 181214 383
794535 132016 509
503446 6253 449
157421 738846 509
715027 102995 509
57942 895685 525
946142 524315 525
964103 457902 525
215821 147258 383
627638 890302 525
396229 865666 525
232754 127973 443
153099 46126 375
897556 104290 525
257416 138076 443
502200 296102 449
784982 178678 509
157032 798282 509
777029 645117 504
72772 283514 443
608712 44856 470
610981 172838 470
438263 336826 449
901543 265570 525
12404 498058 449
981244 863975 507
33416 999907 525
444006 528506 470
913612 15274 525
899270 570979 525
71976 838796 525
225165 180570 386
125321 739853 509
953859 844591 507
204432 376923 443
141231 459859 449
193376 70635 383
804594 43364 509
801642 918446 525
515702 814275 509
326615 115517 443
394536 557967 470
154397 664913 509
826207 102450 509
444229 834660 509
980848 450566 525
460624 781817 509
474357 27687 449
901570 891293 401
999403 502541 525
564794 182964 470
290992 729676 509
475917 697124 509
265080 591568 470
655756 59466 509
213655 795953 509
46557 607709 470
511749 88209 449
296474 422206 449
543518 286443 470
22337 340544 443
887055 228423 525
969558 635402 525
680169 624686 509
395672 70775 443
718556 164477 509
245644 532842 470
51876 23933 324
561809 221083 470
845494 97926 525
452229 215996 449
853636 256879 525
69314 799994 509
41648 573110 470
743044 836079 468
361289 610523 470
266498 395600 441
797523 290481 509
584554 354415 470
990207 587835 525
109345 243351 443
400315 523012 470
146720 904102 525
91851 294862 443
492975 49561 449
372139 597306 470
223004 102650 386
712022 583083 509
236170 796798 509
575199 939364 525
30254 400447 443
907624 930825 476
146262 247542 443
799637 974243 525
452060 557773 470
587466 149972 470
144894 953371 525
518383 135840 470
409116 991994 525
992107 575886 525
585366 522771 452
439422 394947 449
990522 459562 525
212075 941631 525
923358 68363 525
342273 778205 509
542412 563963 452
93721 752709 509
682773 860737 525
185364 985694 525
37857 145157 375
594028 179462 470
625585 273455 470
345042 328582 366
129299 58307 354
859995 733036 525
305220 509625 449
924773 211766 525
782463 370366 509
766969 385578 509
887636 697935 525
621497 122338 470
572805 742104 509
659625 822349 504
252995 699586 509
852137 829594 525
274294 679896 509
521317 246856 470
706674 346159 509
704367 498815 509
922541 530607 525
571987 700076 509
84728 56064 351
479607 407989 449
675854 754521 504
505176 318321 449
207116 93646 383
185603 809498 509
521498 963692 525
318510 465506 449
608834 605481 403
575925 509225 470
681256 499070 509
890280 483236 525
113939 726170 509
874027 758143 525
983304 619999 525
23306 893078 525
236671 781955 509
788533 691449 504
566328 362355 470
477471 669872 509
573365 421096 470
279359 790811 509
534407 919968 525
658975 50071 509
331080 685795 509
924509 408318 525
403375 517438 470
301667 974208 525
833152 266954 509
722891 511610 509
922671 285736 525
887014 181048 525
248174 234354 368
804648 392122 509
382350 504744 449
794544 432523 509
70267 940357 525
608864 929306 525
743205 792806 468
597641 780184 509
679116 127672 509
530895 394198 470
341524 294746 384
284738 873251 525
742676 904370 525
412810 814873 509
663033 218335 509
819487 939529 525
709605 597798 509
216891 462487 449
48695 237295 443
294463 324019 384
376478 63691 443
520196 327628 470
506781 292559 449
53617 102085 351
827201 144401 509
422544 934318 525
