1 10 20
100 200 125
201 210 89
900 1000 174
148626 334145 443
187595 312107 443
706848 924306 525
567828 781003 509
458473 893445 525
216049 315411 443
507949 645828 509
634161 790297 504
364558 491263 449
950447 998371 458
449672 590744 470
87274 578241 470
107486 493926 449
128710 993642 525
720265 829789 468
756223 905996 525
82144 342682 443
722633 892717 525
563980 572968 421
505474 682390 509
80025 503402 449
968892 988954 458
445020 790763 509
848709 994805 507
78112 278637 443
734502 980408 525
133836 787984 509
386320 463017 449
742443 864048 525
227640 477107 449
243945 624848 470
931946 980520 507
972754 994877 427
573665 575388 328
287909 681775 509
835348 899202 525
651866 942693 525
806641 823256 450
785356 865426 525
550065 955889 525
13532 50098 324
964856 990533 458
510430 523408 470
184249 906851 525
267194 605922 470
466082 734849 509
793143 835361 468
956021 962155 414
690305 966665 525
203647 953296 525
96294 281329 443
41037 418713 449
753874 886560 525
389045 947235 525
822841 960102 525
172607 402754 443
335911 747130 509
829195 978153 525
916653 980861 507
752363 917876 525
622923 736028 509
132224 407842 443
607104 680816 509
920525 978761 507
990823 992943 352
963309 994754 458
396935 963150 525
425555 867462 525
457929 702243 509
363462 469005 449
774553 979004 525
284135 822984 509
546337 834441 509
372499 447429 449
940860 955409 414
688388 746204 504
807055 965751 525
350485 575861 470
838539 868081 419
480034 917058 525
40709 748360 509
387120 598214 470
997161 998748 440
453716 908110 525
298473 643334 509
416977 660581 509
954513 997669 458
411257 682668 509
740875 940780 525
371835 551933 470
371446 940214 525
347007 897327 525
870172 912206 476
900555 966399 507
253650 416914 449
936454 967315 507
729750 879745 525
356991 623071 470
774638 847410 525
831744 883368 525
749112 853329 525
327479 995311 525
142051 639857 509
125775 316761 443
672081 972346 525
114007 982480 525
229678 578127 470
227376 370958 443
246398 702909 509
518162 860924 525
487091 690324 509
506026 968416 525
589533 967013 525
585688 952834 525
776976 897363 525
653062 853476 525
808700 827868 450
471620 995283 525
661619 836804 504
264425 704962 509
269649 580265 470
858372 949314 507
125835 528682 470
859262 886960 445
510995 933204 525
193113 956051 525
509579 711256 509
863986 897144 445
422065 773229 509
853552 951182 507
929385 959170 507
85032 909350 525
170937 496407 449
789497 870874 525
302874 631319 509
686662 968320 525
18242 658592 509
345226 700384 509
789345 926391 525
739383 910669 525
536736 750459 509
404847 698003 509
505326 785979 509
995262 998717 440
209131 886006 525
414575 980890 525
813974 878498 525
776924 808147 468
125864 359097 443
218499 946276 525
756882 911644 525
32785 346032 443
297415 800964 509
315497 561799 470
727113 942980 525
394921 683847 509
610945 740992 509
700909 786953 504
547998 968556 525
784157 926513 525
942680 944321 352
625273 896126 525
128943 596338 470
310969 828940 509
72847 656816 509
902332 930558 476
207385 534837 470
631071 962235 525
842340 977139 507
559751 852059 525
460354 809995 509
993895 999270 440
580717 754412 509
733396 914846 525
653718 739898 504
333060 640330 509
636997 671498 442
592278 639786 509
646028 672757 442
366526 401751 436
298983 536202 470
827957 951354 525
743425 876696 525
214251 298203 443
162861 259686 443
216326 478676 449
757385 846529 525
29434 511013 449
196630 744571 509
130685 210192 383
58158 884790 525
636074 695620 442
819947 945424 525
621920 982492 525
566841 982955 525
35439 307946 443
203620 947645 525
262401 568077 470
623452 654039 509
249708 319402 407
169229 315213 443
7447 220655 386
392374 583085 470
196292 473424 449
172088 485594 449
927753 930973 383
16699 550834 470
206121 683572 509
926894 952085 507
34418 461410 449
705065 962534 525
800946 994895 525
885193 978157 507
506168 717098 509
182890 335973 443
512039 584719 452
642705 991651 525
914874 918546 383
899898 963949 507
363878 716653 509
332247 444987 449
751202 825514 468
417464 783614 509
643494 991032 525
525226 695094 509
315392 816227 509
659580 729661 504
148271 724597 509
413659 611449 470
285322 535778 470
611183 636840 509
844524 933647 476
617834 640566 509
305332 665964 509
302524 486724 449
812304 978394 525
524216 877880 525
294588 311149 371
264359 505009 449
657134 844735 525
646374 760560 504
864934 936369 476
977838 996744 427
473095 994167 525
943142 961978 414
405101 863893 525
253603 824711 509
809338 842295 525
201783 750035 509
482142 716282 509
624573 753092 509
230381 616385 470
96260 983625 525
519431 531808 408
754309 883939 525
618272 876252 525
886321 999816 507
810226 847388 525
641440 724878 504
531000 637097 509
650384 825090 504
997364 999609 440
62729 585941 470
836818 942953 525
492359 739918 509
813854 869741 525
6482 518605 470
269658 607557 470
814551 965061 525
75695 374739 443
757973 916318 525
937970 984796 507
654095 997655 525
703822 963666 525
217877 606732 470
824781 941850 525
470089 910600 525
658234 866234 525
972983 986068 427
270524 817580 509
79808 637749 509
636318 939628 525
237160 737012 509
253474 997596 525
327029 644130 509
771776 869763 525
106466 400646 443
159004 874137 525
626910 752752 504
407339 548200 470
585846 771981 509
61111 559499 470
522470 550899 452
214295 987575 525
751229 993596 525
50935 64081 340
168576 790746 509
500530 705387 509
905688 970234 507
750532 815071 468
5193 319407 443
29182 160530 383
961978 967475 414
422608 961243 525
22582 251447 443
642602 954388 525
503970 714668 509
734222 936382 525
979877 999460 440
730598 968438 525
102916 216096 383
286374 471997 449
203090 324220 443
875748 911366 476
670506 995478 525
171709 495011 449
316242 888431 525
837137 845441 525
180805 410925 449
395024 889035 525
536960 730973 509
39081 77393 351
304675 621663 470
296879 869881 525
221310 754595 509
607366 830036 509
157089 957107 525
2966 557384 470
530292 816180 509
299770 865191 525
890955 947792 507
873228 990535 507
564735 706379 509
17836 360327 443
368622 891812 525
925503 929887 476
92770 369056 443
482209 494214 426
222590 807579 509
618167 755627 509
48254 621994 470
865003 923851 476
567256 833452 509
983450 995421 427
503590 783111 509
788317 843183 525
807016 957375 525
371631 645972 509
56280 501377 449
688149 852248 525
8129 514968 470
726315 798266 468
687880 822371 504
79982 779386 509
893114 909256 445
143393 232849 443
126200 611827 470
801373 851374 525
957290 970970 458
811081 868000 525
207425 466909 449
937277 969817 507
928937 994986 507
277022 477118 449
505388 572996 470
120669 977746 525
716016 963940 525
366287 966150 525
890515 921180 476
987902 988250 290
537519 578840 452
708378 869494 525
400446 945625 525
681395 963260 525
694557 893588 525
325044 911178 525
375646 435623 449
727873 878890 525
574124 630580 509
114016 769555 509
498800 801493 509
848048 992152 507
737654 891402 525
57810 348846 443
981883 992695 427
648089 775231 504
767792 818733 468
249802 963806 525
638614 949798 525
249103 793094 509
316714 936779 525
893371 910757 476
920459 966116 507
278929 518684 470
2936 166094 383
540485 571236 452
10964 26845 308
102489 644528 509
820321 954425 525
780357 900558 525
817886 999076 525
83302 989029 525
748950 903690 525
514239 742496 509
223511 830741 509
613875 877419 525
24853 186706 383
710270 963613 525
279708 762400 509
807372 887252 525
201809 705915 509
489196 840011 525
532832 999510 525
865067 975916 507
517439 581566 452
929343 981270 507
199615 222287 386
982489 990116 427
830425 834289 419
479641 905614 525
65549 772404 509
374953 969035 525
611343 928189 525
960871 996092 458
673407 966632 525
66001 676511 509
211126 678409 509
784767 874334 525
426167 579058 470
217701 999200 525
107929 312084 443
104587 797372 509
119764 802404 509
81308 629169 509
389268 558253 470
634585 959187 525
212350 395669 443
86613 468903 449
702472 918611 525
785250 795133 437
867279 917768 476
121207 995809 525
383552 454160 449
349645 761538 509
185747 409111 443
935486 948549 507
606126 651633 509
32486 924279 525
274390 422073 449
886302 941499 507
934750 967131 507
723281 886518 525
287284 817511 509
319857 614385 470
144056 476123 449
29244 51562 324
588991 972885 525
934912 954038 507
805085 905000 525
997930 999039 396
665251 848792 525
580201 680243 509
989813 997159 365
633752 677979 442
886856 971854 507
198280 864176 525
625958 954039 525
960992 966389 414
360269 459608 449
44831 456181 449
556060 987428 525
899570 965522 507
390778 930759 525
619023 984967 525
718102 999532 525
24534 412202 449
64490 623272 470
553253 578566 421
422624 897959 525
238161 836527 509
358192 446735 449
91534 941360 525
976374 995163 427
527933 786753 509
114059 567024 470
289025 879832 525
312507 882470 525
363254 915748 525
148327 303548 443
831452 926580 525
537439 873412 525
940998 990596 458
447886 643282 509
528359 759873 509
388361 494427 449
524515 977651 525
354274 377780 423
408562 972904 525
478031 813962 509
485535 768973 509
95515 399256 443
657077 944562 525
848821 876790 432
580048 801261 509
734067 880060 525
488906 817472 509
681404 873368 525
231521 887870 525
734203 974334 525
644877 824709 504
612822 902161 525
452192 785237 509
898252 961944 507
525745 920764 525
438024 885468 525
742910 800824 468
935846 968254 507
140412 283473 443
378987 701096 509
876547 936756 476
719054 771827 468
228263 937063 525
897350 939225 476
793286 895968 525
50553 953718 525
165708 352560 443
97785 292590 443
513096 856500 525
247134 795470 509
556858 557180 315
158917 989495 525
77430 938500 525
469515 850736 525
207018 386713 443
851155 972570 507
391228 433723 449
229235 764343 509
977704 984428 427
126001 168016 383
269057 448388 449
622879 912995 525
671544 901117 525
898206 926137 476
725908 981974 525
974951 984104 427
661717 832800 504
43755 543297 470
434503 603116 470
37037 854384 525
820401 855525 525
271694 629571 509
353606 657150 509
513339 622703 452
9671 947521 525
678084 957349 525
935427 992856 507
790391 960673 525
671775 933706 525
459746 596399 470
444998 662951 509
87848 99370 333
212274 558265 470
832292 925578 525
728214 900049 525
259479 319095 407
917367 984278 507
807395 975730 525
580902 994367 525
677640 725106 504
787346 936326 525
30251 353808 443
771958 999469 525
747462 884505 525
776318 928913 525
831595 936959 525
482764 999906 525
915084 950297 507
738418 944792 525
423548 892875 525
732099 813775 468
398559 939880 525
607262 645176 509
958867 999403 458
374977 553625 470
633930 655268 416
706433 836804 468
983065 991422 427
86394 591622 470
935796 943108 507
444622 924137 525
755375 917494 525
991029 992511 321
42915 845670 525
776593 809075 468
418866 719965 509
312819 608371 470
164246 772688 509
850107 997126 507
859790 912980 476
293999 598476 470
362430 863103 525
941601 989133 458
721939 820792 468
42100 351768 443
280365 739948 509
163548 222466 386
549363 915496 525
15098 995244 525
870492 915756 476
594524 617743 447
72183 632530 509
711097 992666 525
997464 999372 440
848044 862272 419
366481 972945 525
830576 908500 525
271391 822265 509
740788 901166 525
749345 868253 525
493859 522608 470
96733 335429 443
375686 736671 509
843550 976095 507
748818 973765 525
199946 995869 525
257161 966421 525
518382 818212 509
231789 287080 407
525965 791996 509
70108 612240 470
644360 729590 504
937521 952773 507
980993 981621 321
596506 971750 525
156539 288416 443
153811 438567 449
564542 837819 525
45452 970139 525
899801 934175 476
447477 894881 525
9788 174903 383
293299 568128 470
80600 957739 525
210278 418768 449
172370 543990 470
795426 809621 468
610355 952300 525
394969 718461 509
346717 892773 525
425944 881053 525
240737 547544 470
421729 821029 509
863492 899705 445
284104 525093 470
540120 682231 509
77487 521326 470
799556 960050 525
416542 499477 444
521247 692005 509
94039 432402 449
945351 993044 458
447358 870510 525
987009 994443 396
623694 765661 509
975931 979464 383
469693 747275 509
591539 802022 509
544821 724077 509
667386 761052 504
617487 795626 509
635403 710072 504
90811 463627 449
563050 946200 525
261807 916022 525
688178 966957 525
999086 999092 215
146535 705208 509
379079 877045 525
902131 903187 383
372818 734712 509
561790 637243 509
376231 687459 509
947644 977285 458
700074 934310 525
888629 982642 507
147465 173564 383
163967 204555 365
880700 917638 476
238739 498910 449
641255 678411 442
763291 996783 525
49435 103595 351
87563 802356 509
794767 865641 525
109643 823297 509
151587 666351 509
318694 776163 509
6265 288504 443
910502 985425 507
68552 650544 509
377663 882567 525
454417 966729 525
493127 629086 509
223076 806418 509
49023 719691 509
897116 907713 445
352920 356545 379
691222 787494 504
602954 898694 525
683490 992457 525
202059 609562 470
964941 984180 458
455684 479674 444
611201 633535 509
9589 495561 449
162363 674030 509
696706 874508 525
715799 819179 468
997438 999860 440
366029 395178 436
42565 319999 443
784561 894595 525
185604 707191 509
890196 943437 507
712753 983780 525
405178 461432 449
688622 859386 525
642770 676016 442
959442 968631 414
653343 969894 525
705171 803977 468
750450 974556 525
295752 300123 371
179193 671772 509
724103 786615 468
178445 549671 470
825849 967806 525
297000 567690 470
730568 796759 468
643355 953655 525
163034 700257 509
53444 658601 509
418309 963438 525
661294 985408 525
851377 892608 445
881986 970676 507
441590 701148 509
147232 874011 525
64643 327997 443
458903 687019 509
748703 763826 424
377364 859221 525
825231 970051 525
747498 924419 525
453901 897300 525
430177 594360 470
711380 768088 468
973595 984737 427
866770 972046 507
939819 989413 458
978084 995237 427
186460 214989 373
617038 617287 217
415941 775600 509
37043 825189 509
594378 726486 509
949123 997915 458
426576 775465 509
736859 799157 468
596697 756324 509
382891 951412 525
57032 737940 509
533275 741894 509
105107 784849 509
705191 828882 468
714487 876511 525
323035 475999 449
269914 886091 525
971186 999593 440
973616 976573 383
295508 773257 509
673651 801674 504
451954 455063 369
424091 825532 509
845726 902904 445
94383 163217 383
131448 482354 449
635158 928723 525
242735 514993 470
326962 658047 509
907948 951790 507
683112 935485 525
730609 774378 468
969104 982352 458
421248 805657 509
253160 988054 525
433985 999185 525
695939 790373 504
92488 697238 509
67843 953031 525
699876 747219 504
424379 998870 525
306083 537112 470
90326 319351 443
582917 797940 509
226200 377179 443
601045 660466 509
692457 899987 525
568473 647915 509
619272 999938 525
619557 671814 509
446400 841637 525
128452 175877 383
21659 895110 525
236552 838255 525
166818 557568 470
830661 986938 525
789346 953857 525
145106 473098 449
64651 449739 449
36234 550578 470
638381 856588 525
960025 987992 458
784868 842872 525
341483 382745 441
47284 125766 354
16417 823165 509
723253 978098 525
678532 902932 525
626501 969670 525
471256 486580 413
474733 778792 509
559399 588857 434
318464 670890 509
847135 937534 476
146050 548152 470
353393 799812 509
970466 990940 458
323562 553305 470
559669 677674 509
748989 994331 525
777796 813896 468
860670 910507 476
233322 421755 449
445605 956680 525
189307 365535 443
647806 648266 341
216602 477033 449
187511 393962 443
284582 309775 389
441145 466271 444
580760 878557 525
740808 840062 525
321150 865214 525
537778 669288 509
321551 572137 470
965166 977234 458
859130 928247 476
269230 560366 470
191110 683895 509
884708 967394 507
964593 988278 458
518860 609455 452
345649 967688 525
694868 858936 525
131402 699163 509
49746 478868 449
770106 898187 525
300631 423803 449
373208 590778 470
784592 952859 525
582216 893178 525
678383 729510 504
568557 932513 525
265171 914949 525
405093 492544 449
887295 997637 507
730009 917610 525
729293 793969 468
307141 716510 509
591164 947026 525
651874 807365 504
903368 988622 507
561313 777699 509
366476 954777 525
536764 840201 525
901325 972207 507
176213 869134 525
909430 990651 507
504998 539672 470
64002 508967 449
465799 877134 525
287423 850244 525
659094 802854 504
730696 860197 525
741037 788827 468
786852 889702 525
776481 868005 525
838568 995749 507
533823 895482 525
278843 698932 509
985744 989058 396
686352 800413 504
490228 547252 470
282854 659951 509
684877 863538 525
273478 581226 470
13876 931184 525
930487 939965 507
676568 742948 504
511948 751392 509
698357 922912 525
390361 636568 509
407814 758532 509
810778 904754 525
878462 899458 445
15862 29412 308
193338 213815 373
727715 772806 468
557009 827950 509
159434 227752 386
697845 936962 525
129334 185480 383
950501 958937 414
513364 880545 525
944949 948858 383
594543 896438 525
421430 665893 509
561683 709930 509
234877 412050 449
779019 833550 468
713436 846929 525
558769 871972 525
313808 649349 509
455124 618604 470
724708 856357 525
399015 493292 449
481591 918585 525
608389 976222 525
433733 644236 509
621280 754830 509
946969 968452 414
994086 997825 440
564323 889088 525
563656 574215 421
592856 641248 509
645113 852302 525
865627 996316 507
434691 996893 525
160528 178834 352
834249 931756 525
47439 823602 509
943061 951533 414
456215 798777 509
307813 493835 449
501632 791394 509
765606 969751 525
647309 888112 525
94822 777720 509
83522 974075 525
132750 890191 525
140623 799797 509
847754 907118 445
696879 753361 504
83270 130141 354
678937 688306 398
217466 610529 470
525944 648988 509
436889 731664 509
138855 793523 509
662528 747319 504
344580 977581 525
489365 753360 509
639696 841612 525
85432 208704 383
819805 982611 525
210160 483328 449
29578 428939 449
54415 514732 470
932556 963075 507
730534 983472 525
104796 629112 509
945734 969051 414
587190 744843 509
781694 840677 525
883042 960648 507
366416 766005 509
233413 724003 509
46701 884591 525
821483 886608 525
672473 727051 504
687262 738542 504
234293 619800 470
452560 591412 470
679609 884217 525
780240 938318 525
413286 569873 470
670028 797079 504
451751 830281 509
896845 952045 507
