8 9 20
5 2 8
5 5 6
5 3 8
5 5 6
3 8 17
2 4 8
1 2 2
3 3 8
8 5 17
53 31 110
32 78 116
33 72 113
24 84 116
98 86 119
36 82 116
73 51 116
90 82 111
49 60 113
98 59 119
82 15 116
64 96 116
34 70 113
72 65 103
75 41 116
65 76 116
54 61 113
44 20 112
19 57 113
60 86 116
68 60 108
98 60 119
53 86 116
34 40 35
19 98 119
11 51 112
77 93 111
29 10 112
16 38 112
16 87 116
67 85 116
39 33 35
10 54 113
92 72 116
61 69 108
13 72 113
36 17 112
85 84 10
26 29 112
54 58 113
22 23 16
55 75 116
75 87 111
96 96 13
81 54 116
96 57 116
84 49 116
45 82 116
10 43 112
68 90 116
46 83 116
60 49 113
32 63 113
94 23 116
57 98 119
21 32 112
76 62 116
95 40 116
38 81 116
81 11 116
97 98 119
52 51 25
28 88 116
75 66 116
95 43 116
43 94 116
51 11 112
95 68 116
68 99 119
55 42 113
65 25 113
96 99 119
87 88 31
81 36 116
29 68 113
61 21 113
89 76 111
87 58 116
84 65 116
88 22 116
57 55 113
56 42 113
57 64 108
18 58 113
93 72 116
35 56 113
41 75 116
44 57 113
99 21 119
21 42 112
18 81 116
71 36 113
74 56 116
98 83 119
93 70 116
37 15 112
26 42 112
86 11 116
47 20 112
68 30 113
64 23 113
48 39 110
50 59 113
15 32 112
95 82 111
16 31 112
38 24 112
89 25 116
13 36 112
59 25 113
43 86 116
21 28 112
68 93 116
31 67 113
93 31 116
18 28 112
42 53 105
90 18 116
81 66 116
87 57 116
10 79 116
14 80 116
47 64 113
97 58 119
62 67 108
34 78 116
33 54 113
14 64 113
73 89 116
34 31 107
44 75 116
87 62 116
37 15 112
82 69 116
38 13 112
49 82 116
20 47 112
96 31 116
63 98 119
54 97 119
31 11 112
75 97 119
30 34 107
67 39 113
44 79 116
10 75 116
83 97 119
87 22 116
69 73 116
74 97 119
25 68 113
16 39 112
40 33 35
72 38 113
97 13 119
87 60 116
58 76 116
35 99 119
57 56 33
29 24 112
48 31 110
41 59 113
45 18 112
98 81 119
77 10 116
55 13 113
38 76 116
52 71 113
14 10 18
28 39 107
46 76 116
41 34 110
85 53 116
24 12 21
14 16 18
96 44 116
18 76 116
77 74 23
63 65 108
39 55 113
26 34 112
14 39 112
69 63 108
32 83 116
51 35 110
86 51 116
62 93 116
89 69 116
85 75 111
68 14 113
26 43 112
16 83 116
79 96 111
91 74 111
21 37 112
35 79 116
87 96 106
88 87 31
69 76 116
18 26 24
70 19 113
12 96 116
42 79 116
76 42 116
82 18 116
31 42 110
29 15 112
14 61 113
85 87 31
74 49 116
83 66 116
74 54 116
44 71 113
46 24 112
63 43 113
40 74 116
69 17 113
44 53 105
44 18 112
49 61 113
76 28 116
17 66 113
13 85 116
96 36 116
64 64 7
10 29 112
41 33 110
86 44 116
44 10 112
14 24 21
65 50 113
10 89 116
10 45 112
97 28 119
33 15 112
37 85 116
63 57 108
22 22 16
60 63 108
72 36 113
19 52 112
67 15 113
56 43 113
74 49 116
36 55 113
22 22 16
72 93 116
43 84 116
69 11 113
89 41 116
47 60 113
70 98 119
23 15 21
50 85 116
60 65 108
80 22 116
44 43 30
41 47 110
33 79 116
23 31 112
75 32 116
21 83 116
93 79 111
61 52 113
26 79 116
83 95 111
33 77 116
31 36 107
59 46 113
27 88 116
45 25 112
16 69 113
60 97 119
63 61 108
47 62 113
13 76 116
43 70 113
23 70 113
27 25 112
41 73 116
38 60 113
55 28 113
61 54 113
36 99 119
44 58 113
68 93 116
87 51 116
55 96 116
59 86 116
13 11 15
29 49 110
21 49 112
80 36 116
23 67 113
37 74 116
49 56 113
90 68 116
63 85 116
41 86 116
25 37 112
864 664 171
236 783 171
774 509 171
880 466 179
902 935 130
980 432 179
248 455 144
898 661 179
120 312 128
446 409 134
499 737 171
912 719 179
261 337 144
871 473 179
279 903 179
165 373 144
829 496 171
459 234 144
404 929 179
372 772 171
394 352 126
425 402 134
297 249 123
975 302 179
634 482 142
517 585 137
665 190 145
861 891 179
112 169 122
198 137 125
515 866 171
541 596 137
868 752 153
633 891 179
531 426 142
748 324 171
601 956 179
897 333 179
552 132 144
182 788 171
698 673 127
568 300 144
943 607 179
112 505 144
673 453 145
887 809 179
965 567 179
291 167 128
568 508 137
857 605 171
651 454 145
238 497 144
302 933 179
352 402 126
941 865 179
766 835 153
398 465 134
408 370 121
136 437 144
864 513 171
892 278 179
296 337 144
967 304 179
925 811 179
117 194 125
591 134 144
819 522 171
625 962 179
795 579 171
440 936 179
913 485 179
382 262 144
910 197 179
214 918 179
281 622 144
442 641 142
827 201 171
986 838 179
670 580 145
467 284 144
778 905 179
667 590 145
130 248 128
985 566 179
493 557 137
671 872 179
266 789 171
764 980 179
245 937 179
373 760 171
242 274 123
647 502 137
882 362 179
545 464 142
726 702 171
869 851 148
470 800 171
902 660 179
623 220 144
367 211 144
427 376 134
478 726 171
882 357 179
543 327 144
590 147 144
497 706 171
565 165 144
769 196 171
455 954 179
352 668 145
557 611 132
137 654 145
447 551 142
429 530 142
369 682 145
556 412 142
713 577 171
247 634 144
826 396 171
258 449 144
408 651 145
970 446 179
656 742 171
604 202 144
919 740 179
373 732 171
254 907 179
455 229 144
267 665 145
320 255 131
942 706 179
419 915 179
190 419 144
520 673 145
919 873 148
456 291 144
980 542 179
224 258 128
136 694 145
989 389 179
252 315 131
910 329 179
129 667 145
378 191 144
667 683 145
899 158 179
754 378 171
472 495 142
774 266 171
388 380 121
991 423 179
282 393 144
725 231 171
574 702 145
410 245 144
372 458 134
406 858 171
676 388 145
150 979 179
794 454 171
371 928 179
431 233 144
643 798 171
347 834 171
339 138 144
372 855 171
185 184 45
893 632 179
501 192 144
330 921 179
356 672 145
194 794 171
553 654 145
942 951 130
280 457 144
849 112 171
222 415 144
669 759 171
157 930 179
235 756 171
782 316 171
956 564 179
895 599 179
835 745 153
275 483 144
244 809 171
978 757 179
415 157 144
511 258 144
384 975 179
339 455 134
731 579 171
869 543 171
432 666 145
911 536 179
107 511 144
481 977 179
957 257 179
215 589 144
824 491 171
2482 2236 209
7187 1009 262
1902 1060 182
3752 6389 262
4511 9205 262
4152 4275 202
8183 8896 234
2078 3116 217
9956 7827 260
7961 1351 262
8787 5550 262
2815 4620 238
1821 1935 175
2716 5960 238
6807 2742 262
4865 9150 262
3350 9354 262
4392 2510 238
5412 1887 238
3706 7167 262
9775 4258 262
8452 8190 234
7218 4682 262
3001 7375 262
5742 8957 262
5809 3337 238
2760 6887 262
1310 6482 262
2354 4063 238
8979 5712 262
4057 3294 238
5276 6576 262
4933 5114 197
8615 5285 262
7671 5895 262
2540 5308 238
8127 5596 262
2859 7018 262
3548 3991 238
9288 5473 262
7079 3653 262
5445 5391 161
2155 5345 238
5711 4602 236
6234 3057 262
9933 7605 260
3685 6244 262
8189 3202 262
2629 7882 262
9213 3447 262
2828 4228 238
7782 5535 262
2818 9683 262
1768 5934 238
6459 4777 262
7574 9987 260
6642 2681 262
7422 5199 262
8525 2157 262
9248 1832 262
7227 3758 262
5840 2934 238
5421 9902 262
3943 1209 238
5855 4356 236
9049 5004 262
1819 4237 238
5597 8170 262
3078 9507 262
6853 6686 182
5240 2375 238
4676 5032 210
2366 6371 262
2415 4331 238
8548 3351 262
7651 5128 262
7024 2821 262
2879 3393 217
6994 1386 262
3070 8078 262
2366 9558 262
3130 9803 262
1893 1172 180
1418 2188 180
3051 1910 217
1273 5216 238
2650 1239 209
4506 1726 238
1741 3391 217
6869 9131 257
2936 3384 199
6723 6598 182
2104 8592 262
5100 8029 262
5145 8893 262
3274 1149 217
2067 9787 262
1835 2945 217
7150 5185 262
6777 5640 262
4795 5135 210
9141 4538 262
5008 3186 238
9136 9537 260
6559 9954 260
7160 2609 262
6835 6837 58
9641 1168 262
2965 6191 262
2785 6032 238
2586 3184 217
3428 2448 217
6545 4095 262
1523 3767 238
6507 5058 262
9373 6173 260
1859 6705 262
8292 9773 260
9242 6701 257
8638 2677 262
9582 2745 262
2638 2624 191
8885 8656 216
2164 1464 180
8515 5654 262
2529 2936 217
3783 6839 262
1514 4519 238
6140 6677 262
2148 7208 262
1539 3381 217
8594 4950 262
3233 8087 262
4894 6659 262
3028 1264 217
8511 4395 262
3524 3686 194
7753 1286 262
6604 7589 257
8923 7418 252
4890 6556 262
4383 7876 262
3994 3680 238
4651 3908 215
4225 5470 215
6986 7443 239
6584 5718 262
2327 6319 262
1046 3163 217
4130 7666 262
3380 7192 262
2311 8539 262
3709 5557 238
6232 2571 262
9356 7285 260
9207 2135 262
8369 1280 262
7199 2180 262
5431 2233 238
4341 9170 262
7587 7387 239
7676 3435 262
2395 1657 183
8911 5294 262
6295 5048 262
9679 4144 262
8939 3056 262
4433 6290 262
9302 7667 260
9712 9974 242
5151 7046 262
6178 6377 200
9454 8097 260
1075 6595 262
5076 9210 262
4126 1812 238
8002 1286 262
2063 6811 262
1206 7549 262
7367 6294 257
9698 4035 262
2247 6767 262
2767 3134 217
3725 2708 238
2155 8531 262
6899 1032 262
1313 3714 238
5548 6122 236
3409 5638 238
7010 6450 257
8379 9277 260
9411 9510 198
2808 3002 217
4236 4304 202
1997 7148 262
3739 3561 238
7739 4420 262
4933 2199 238
1330 9860 262
6116 8836 262
66295 58828 335
61108 15765 340
67692 80261 351
85928 54299 351
36945 42320 306
65716 76696 325
82640 65795 351
49762 76334 340
14700 59524 340
92748 17338 351
79944 39104 351
37335 86358 351
54102 99940 351
95609 87419 333
71187 98231 351
87682 97576 333
44783 47469 314
34672 55292 340
40896 50821 314
78931 42727 351
90047 72893 351
23352 35791 324
68949 75426 325
89625 54923 351
31773 41788 324
59804 13219 340
22932 69009 340
60303 56031 322
17079 26919 308
34176 69788 340
65711 82197 351
87541 62228 351
91188 89457 315
40309 47659 314
65547 72378 325
93580 71218 351
70416 86675 351
17508 85664 351
10154 97983 351
69793 98976 351
47871 14623 324
26474 82590 351
25995 80397 351
10440 40825 324
63573 54507 335
32045 98176 351
22223 65454 340
59656 41089 340
63035 44879 340
15580 49519 324
87325 43089 351
47404 45685 314
23761 82297 351
37826 66412 340
88355 42011 351
63342 22204 340
32108 96432 351
67476 65413 268
85531 43761 351
52817 68344 335
37751 39091 275
88409 75689 351
22780 21879 269
25331 94242 351
27873 46173 324
91485 84497 333
51623 53256 340
51120 99684 351
21917 97600 351
86420 39389 351
79894 60239 351
19445 18721 261
47424 30480 324
99293 69415 351
16721 34520 311
86929 85880 302
24562 36935 324
58210 38382 340
54857 36984 340
17824 30600 308
59203 75947 335
81494 70348 351
95439 82704 333
19373 16764 279
55840 82002 351
54141 80140 351
70764 83446 351
25826 72454 340
70224 38256 340
28383 76819 340
76783 33249 340
94628 59898 351
91985 45598 351
27444 24004 308
81206 45806 351
53293 84114 351
32166 66602 340
32433 76928 340
10359 72459 340
80787 77189 338
273012 711720 509
776060 790487 437
369325 695519 509
193695 672270 509
336679 142902 443
100069 591347 470
797291 661454 504
885721 613808 525
490177 233243 449
892690 990859 507
325608 985941 525
222728 839673 525
316904 816329 509
710034 500549 509
836833 509543 509
604399 807897 509
497794 740138 509
179350 607440 470
279378 498744 449
676018 136035 509
923076 115286 525
371315 843327 525
510487 865213 525
619908 818183 509
423825 687112 509
460379 924004 525
794725 826086 468
384222 266751 441
113011 841759 525
662274 775515 504
874233 859705 432
381873 237489 441
904861 197574 525
143470 450725 449
914714 138936 525
463664 873218 525
928066 676088 525
450640 331366 449
736981 962619 525
883737 477677 525
905395 300989 525
932121 812191 525
337461 632138 509
548621 334215 470
284546 712414 509
229015 224693 368
611543 608905 359
610441 823393 509
212508 632099 509
588922 825433 509
464782 729906 509
566751 542874 452
308437 299154 371
253922 476263 449
299414 736894 509
946295 840921 507
697745 952908 525
401399 482959 449
887548 254488 525
506483 427539 444
821878 320676 509
227756 165534 386
460205 567332 470
586703 459324 470
699856 184943 509
100134 656709 509
421482 849396 525
292936 349204 441
754679 319676 509
160823 943340 525
741189 440751 509
895149 291744 525
394513 701176 509
427289 413361 418
689583 158688 509
729933 999753 525
182826 750396 509
477158 414270 444
752499 501686 509
307331 416908 449
950368 664285 525
590034 682637 509
236768 504655 449
393764 113989 443
705583 428291 509
729584 931724 525
538779 368985 470
914946 901216 476
574665 942981 525
603393 795857 509
976517 526564 525
933228 211386 525
471770 691687 509
416438 215661 449
994261 346676 525
599596 927233 525
634950 822516 504
854704 579033 525
115362 168331 383
769966 305956 509
9260459 4712903 686
9647492 4948209 686
6342695 9044477 686
8567927 7668826 686
8848330 3848614 686
4898150 1680461 597
9629468 6476714 686
4567160 2918935 597
6150857 2712839 613
6278497 4735106 613
2901516 3604054 584
9863821 8016225 686
7513587 4251981 665
3243157 4503376 597
4987724 2339933 597
6608121 2842915 613
5558046 9645715 686
6862150 5262010 665
6105219 3005133 613
2941584 7874167 665
1238531 1968482 557
4733488 6925109 665
6515200 2517039 613
4193911 8768364 686
5888815 4468931 613
9171868 5084111 686
9579089 2819694 686
3527461 9445572 686
1762126 9666382 686
1674907 5284724 597
3011277 4768048 597
4202581 2883670 597
7244157 6252546 665
3906416 7606905 665
9599080 9446495 606
8991254 5189370 686
7684347 3579830 665
5872282 8663720 686
7247517 6761944 585
5977194 8695999 686
3299968 2083631 563
7781084 4693108 665
2691370 9193390 686
8630433 6928338 686
3295522 9101410 686
6270171 9121472 686
9904755 6156016 686
2610524 1353084 560
1002083 1222029 528
4403193 9137901 686
7713442 5672386 665
5993614 7589227 665
9971172 9496626 606
3820837 4535777 566
9690786 3559415 686
2390413 8838556 686
6270915 7986070 665
8339244 2586797 665
6473812 1836797 613
2142333 3006545 560
4898570 1296576 597
2388690 7293980 665
8118887 3246570 665
2065796 3263446 563
2359980 4158472 597
8009214 3817097 665
3308447 3250532 514
8302147 8568006 686
9419010 3098449 686
1803438 7878324 665
7014148 1802590 665
7262343 1511001 665
7554018 4123144 665
7344168 1369393 665
4505056 8321335 665
3783089 5791591 613
5664978 5790243 520
5250311 5845290 613
7099179 4453514 665
1211819 1554827 531
4607860 6879712 665
9733556 3465326 686
1749411 7498111 665
7699037 3846271 665
9391596 7589947 686
5580851 4715535 587
5123997 3941862 587
6856360 8286826 616
6379199 9650323 686
5402191 7582324 665
9657316 4081825 686
4031221 4392259 566
2577435 9934990 686
5552752 7977583 665
9253677 2206769 686
5358947 5935188 613
7592067 3358348 665
2206565 6467286 613
8613432 3693888 686
3404729 8639444 686
