1 10 20
100 200 125
201 210 89
900 1000 174
593583 78202 470
591906 491037 470
472878 716820 509
763490 133882 509
706527 791347 468
996035 602341 525
68414 702277 509
894226 405542 525
861869 789470 525
33306 383221 443
48297 582933 470
198199 285674 443
328564 735785 509
829101 13964 509
237522 611826 470
799473 398496 509
504990 921142 525
147689 950267 525
444693 988843 525
158849 571288 470
152266 955137 525
493267 40533 449
47247 822166 509
847651 267189 525
802296 279699 509
925335 851875 476
504981 583117 470
224909 760533 509
108077 836699 509
541288 897845 525
659388 377017 509
881173 609297 525
37033 955119 525
332083 52310 443
717794 137307 509
587911 327108 470
765341 922309 525
5137 166066 383
55641 621773 470
975375 971817 383
332224 829772 509
547953 258096 470
388170 508478 449
23925 451059 449
108771 845362 525
206082 887799 525
825521 827210 344
415968 399334 449
438931 344080 449
262641 727789 509
356619 309343 441
422312 914181 525
374058 276251 441
940843 340272 525
49923 507597 449
382834 485731 449
748831 902459 525
193394 357395 443
571846 68707 470
224222 625746 470
996928 280937 525
859313 184863 525
118454 455283 449
899998 147553 525
352410 630090 509
469848 18796 449
794459 674031 504
475110 532214 470
792464 905589 525
872090 77294 525
390460 796652 509
932772 134620 525
861607 215652 525
502506 776427 509
141409 765317 509
756427 801194 468
87782 313822 443
760646 667723 504
707755 609981 509
828856 156396 509
974560 81424 525
619199 464298 470
164429 155068 383
444074 21712 449
135983 472316 449
310807 341384 384
31514 156719 383
102644 324202 443
246141 963958 525
552874 425443 470
758703 182212 509
443751 973455 525
326688 507744 449
512354 353804 470
991818 336487 525
673018 659120 442
721668 930295 525
630748 136820 509
877551 625095 525
951777 941834 414
7570 8674 252
5019 9709 262
8493 7691 252
4104 8619 262
1383 1713 180
8969 2616 262
1143 7672 262
2154 8745 262
6929 4880 262
5152 437 238
1432 6970 262
4933 3598 238
4616 4842 197
322 5504 238
8995 5030 262
234 2739 209
6248 5103 262
570 4979 238
4394 4060 215
2971 5947 238
572 988 179
6561 1570 262
7031 9723 260
3305 8019 262
6882 702 262
8677 9113 247
1835 3778 238
1970 3388 217
6244 7339 257
4747 6028 236
546 9801 262
1715 9798 262
2424 9217 262
5576 2158 238
5921 5611 218
6338 2802 262
7073 8437 252
5958 6997 262
9674 8553 260
1229 5348 238
6252 36 262
1366 9814 262
7478 2245 262
1883 9200 262
7865 6625 257
3030 4688 238
6843 5947 262
9334 7455 260
2069 5887 238
6575 5946 262
6198 166 262
3930 9915 262
9224 825 262
1934 2037 175
5987 4639 236
1428 5572 238
2469 5142 238
4724 8318 262
5106 7327 262
7827 8964 252
4480 8629 262
1777 1789 149
8508 5550 262
1893 9661 262
491 9951 262
6028 3268 238
4276 2892 238
6832 6627 182
2137 6714 262
8446 5018 262
1009 8022 262
5041 1741 238
9200 5187 262
7221 4332 262
8819 4045 262
2386 9205 262
8821 4577 262
6877 6096 262
9776 9536 198
961 123 179
4258 3219 238
2528 9810 262
6113 4871 236
1761 3985 238
7740 6589 257
6961 9112 252
7016 2 262
1228 1340 177
4519 9498 262
750 4279 238
7307 2305 262
8098 4391 262
7651 7370 239
8082 733 262
3862 5624 236
9513 4781 262
5619 3972 236
3505 9052 262
8065 4159 262
7828 337 262
7331 5486 262
7286 4502 262
5128 7325 262
2065 5008 238
1584 3312 217
9579 6580 260
3588 4207 238
467 8774 262
562 463 142
6086 1598 238
822 8757 262
3077 6778 262
9434 8966 260
429 3801 238
2872 9354 262
5809 9430 262
6621 8122 257
898 3029 217
9423 8869 260
9940 7757 260
1810 6028 238
1805 9436 262
7243 3862 262
3483 744 217
1276 9237 262
2108 8270 262
7910 4049 262
3373 3927 238
2592 7932 262
6516 224 262
8140 5660 262
9913 1002 262
3290 6513 262
6775 5358 262
3549 4839 238
7441 2695 262
541 1962 182
3315 1112 217
9154 9708 260
7640 9664 260
1439 4881 238
9967 7415 260
2443 2218 183
4454 8686 262
5937 583 238
6934 4382 262
7334 3449 262
2047 3883 238
7029 113 262
9725 633 262
9834 8455 260
9750 7246 260
5228 3595 238
4235 2724 238
8739 9319 260
451 5225 238
6926 765 262
667 8695 262
7164 7531 239
1357 626 182
8692 6106 262
1506 1261 177
3259 9330 262
8587 1585 262
2093 8431 262
1218 8638 262
898 138 179
9539 1872 262
6098 7326 262
7886 3514 262
3687 6726 262
9469 9288 198
6635 1322 262
9476 3177 262
8097 8239 190
1234 1403 177
5383 5177 192
9918 6309 260
4049 9709 262
9641 401 262
2350 6163 238
2713 4451 238
3761 4204 189
4357 1290 238
9330 1728 262
2243 8640 262
2197 2229 183
7803 227 262
3789 3417 238
5503 4241 215
4915 9518 262
7004 2227 262
5262 4450 210
9421 9466 154
1653 6855 262
822 1 171
8826 817 262
1490 5606 238
6463 8051 257
6525 8196 257
2731 8292 262
8663 9222 247
583 7315 262
273 6898 262
3437 6391 262
9591 9606 167
2679 6012 238
1735 8266 262
8253 9219 247
6889 8883 257
8665 9271 260
9727 9789 198
9878 9962 242
2347 7713 262
2539 9643 262
8725 9279 260
5185 5317 192
7886 9766 260
1629 6626 262
2421 6951 262
5108 7845 262
2438 3461 217
9977 9992 180
2055 5065 238
7162 7873 239
1669 9628 262
2548 4436 238
341 6021 238
2865 2976 217
1970 8295 262
7025 9026 252
9665 9992 242
6742 7338 257
4141 9550 262
4507 9984 262
8889 9735 260
9740 9896 242
8706 9066 247
2972 4463 238
6324 6908 244
9232 9534 260
1612 3896 238
7705 7872 221
6778 8674 257
6950 9909 260
3732 6592 262
7331 7351 195
7272 8480 252
1385 2807 209
7925 9006 252
1099 5936 238
9703 9793 198
2668 4835 238
7901 9713 260
8953 9467 260
3650 5262 238
7984 9761 260
1241 3682 217
4523 7560 262
4509 9367 262
1803 2426 183
9487 9579 198
5264 5907 236
3001 3735 238
610 4679 238
2905 9300 262
781 1227 182
6056 9770 262
3569 8178 262
9721 9904 242
3044 7392 262
847 7426 262
720 7614 262
6970 8869 252
6616 7305 257
1922 7507 262
8770 8828 172
5619 6529 262
8254 9521 260
5730 7318 262
7850 8147 252
1561 3709 217
5578 8340 262
9979 9988 167
4305 6339 262
7363 8336 252
3496 8550 262
7877 8138 252
9149 9411 260
8525 9401 260
4169 7294 262
7884 7926 190
232 9871 262
4786 7675 262
8170 9093 247
9636 9647 167
5507 7569 262
7548 9182 252
8856 9642 260
4003 7637 262
125 7336 262
8387 9943 260
5977 6562 262
4627 4897 197
7034 9305 260
563 5316 238
5461 6349 262
792 8040 262
1276 6543 262
9058 9987 260
9423 9718 198
9542 9812 198
9104 9886 260
6151 9906 262
1979 5063 238
8316 9387 260
4111 8215 262
3430 4769 238
8852 9243 247
1852 8226 262
2412 7802 262
2655 6614 262
2925 9024 262
4264 6790 262
5646 7828 262
7521 7959 221
6803 7278 257
2427 5532 238
4315 7720 262
7875 8314 252
9262 9682 198
6850 9796 260
5588 9947 262
3648 8333 262
7471 9362 260
1380 7019 262
5942 6298 262
6252 8578 257
5323 8140 262
1673 4648 238
9236 9944 260
751 5090 238
577 1957 182
782 3506 217
4308 4650 215
2047 8670 262
98 6166 238
4153 5850 236
4678 7654 262
7606 8759 252
6805 7177 257
4568 4861 197
5866 6270 262
1181 4105 238
3262 7746 262
3415 4719 238
1745 5281 238
7240 8135 252
926 4527 238
8938 9371 260
9411 9491 198
2690 8592 262
4830 6250 262
5365 9809 262
2593 7368 262
7460 9433 260
3595 3825 238
888 8089 262
6707 9140 257
8347 9197 247
3145 5976 238
6187 8763 257
9280 9506 198
2379 5652 238
9084 9364 260
8701 9375 260
7255 8820 252
3765 4448 215
3592 9772 262
477 910 179
6053 6089 187
2429 4462 238
5487 6381 262
7069 9599 260
4752 7630 262
6225 7709 257
2 7373 262
4807 6362 262
4420 5616 236
700 8753 262
5368 9943 262
3949 8619 262
2348 3867 238
6150 6839 262
967 3089 217
3359 6532 262
8126 9888 260
7403 9031 252
949 9482 262
3507 4956 238
343 3242 217
7003 8499 252
542183 686994 509
748602 218660 509
722465 667414 504
912334 659967 525
311737 714088 509
365452 642720 509
641137 482441 509
850122 835461 525
181895 794662 509
364992 230709 441
265162 151128 443
633294 852871 525
262249 757059 509
732562 67206 509
107149 803304 509
97330 301448 443
378521 964164 525
179345 250657 443
539771 82469 470
233194 810452 509
107190 35049 354
259237 585156 470
911838 560515 525
646842 675810 442
847508 248060 525
408559 635342 509
882362 444831 525
645689 969981 525
170732 449075 449
152134 658921 509
151457 879104 525
454897 123861 449
226124 56945 386
209391 296692 443
730746 534024 509
529676 412011 470
946574 340092 525
766224 909922 525
435816 323269 449
571959 204930 470
76946 463553 449
57555 113062 354
162399 34540 383
751716 474892 509
750271 510529 509
454193 242784 449
946319 446945 525
390622 596745 470
235793 419189 449
596764 931203 525
548447 805094 509
84775 957753 525
349967 87473 443
789142 988146 525
127097 222926 386
576473 167343 470
131155 250639 443
618183 455340 470
708691 364087 509
876521 618628 525
813588 453496 509
463066 938503 525
418352 588064 470
9056 514916 470
143436 251742 443
420726 897840 525
747505 594974 509
270800 181419 443
111148 105242 354
585908 615150 447
832571 251838 509
591743 749710 509
190372 628591 509
132745 7541 354
494573 499297 351
805831 680639 504
536452 576673 452
380712 241260 441
684240 989764 525
680492 590899 509
464949 377407 449
599319 78626 470
698659 563561 509
272442 165374 443
334241 478115 449
512393 164627 470
710404 502741 509
25854 92351 351
656747 153708 509
287766 506336 449
210604 830173 509
66519 795633 509
889344 979202 507
593174 111286 470
975399 990125 427
854445 431747 525
377417 683398 509
459776 215489 449
922826 637095 525
243705 769587 509
700808 47849 509
875957 825659 525
207157 704969 509
335243 952543 525
330187 892570 525
60292 913399 525
788507 472651 509
50945 682216 509
442578 198445 449
64043 77779 351
887632 207844 525
896313 592953 525
561730 820169 509
429783 116039 449
335848 596141 470
527021 575191 452
208562 717587 509
855560 550271 525
555562 760948 509
842787 784569 525
482329 818522 509
446562 449210 369
18891 272299 443
689834 781018 504
593010 266988 470
173861 437218 449
394648 928622 525
84545 35604 351
686703 918710 525
626065 664260 509
684035 755022 504
186707 791319 509
594520 861186 525
765670 90477 509
60335 884117 525
127407 655568 509
10679 268508 443
994249 566068 525
471586 514374 470
884815 345707 525
258983 441816 449
901718 231831 525
945938 324903 525
841269 882761 432
938050 937872 277
231110 17383 443
292209 8772 443
390328 890120 525
997852 147764 525
490679 650913 509
908968 501750 525
191237 867869 525
461431 714930 509
180024 90946 383
812308 449690 509
782801 430363 509
243841 612827 470
156642 973067 525
397403 394235 405
538662 587562 452
720034 841975 525
395200 947364 525
371216 951939 525
620595 585050 447
980897 205654 525
302214 184075 443
458520 835612 509
645256 455220 509
481351 800337 509
236879 716049 509
571452 558145 421
296469 323547 384
180125 982180 525
435882 991733 525
789437 945490 525
232308 51748 443
167054 783583 509
844751 505443 525
654352 968647 525
472098 997970 525
569247 600892 434
478150 32083 449
683429 549877 509
743525 163086 509
480507 590996 470
884187 813532 525
811 195 171
803 403 171
130 889 179
444 999 179
732 913 179
95 561 144
417 145 144
794 843 135
236 876 179
632 677 145
780 319 171
314 952 179
154 478 144
12 132 122
504 220 144
922 773 179
760 708 140
841 235 171
186 182 94
989 855 179
138 379 144
515 451 142
242 143 128
813 424 171
864 539 171
681 142 145
20 538 144
23 397 144
801 874 179
450 661 145
824 294 171
380 735 171
654 668 145
114 62 119
294 888 179
404 121 144
789 79 171
181 354 144
397 888 179
732 939 179
827 258 171
242 938 179
786 288 171
77 840 171
343 287 144
579 630 132
914 373 179
438 575 142
976 334 179
923 73 179
417 475 134
680 139 145
771 709 153
895 404 179
273 134 128
505 992 179
5 636 144
38 97 116
925 854 179
147 685 145
166 803 171
234 884 179
893 218 179
892 311 179
555 643 132
252 866 171
284 892 179
279 661 145
217 946 179
271 857 171
653 564 145
93 513 144
558 40 144
331 286 144
423 521 142
361 861 171
958 445 179
765 985 179
752 573 171
861 244 171
597 734 171
430 841 171
584 92 144
28 210 125
713 436 171
36 428 144
899 874 148
665 717 171
47 40 110
550 336 142
815 273 171
315 706 171
505 595 137
514 685 145
783 962 179
728 682 171
268 429 144
832 814 135
960 554 179
372 859 171
722 23 171
885 429 179
266 133 128
431 716 171
814 381 171
256 57 128
926 801 179
449 703 145
725 762 140
100 691 145
817 663 171
815 616 171
352 418 134
565 198 144
877 642 179
50 65 113
508 653 145
274 540 144
532 521 124
966 720 179
304 787 171
450 745 171
381 878 179
557 921 179
690 67 145
64 577 144
740 734 140
469 152 144
912 907 55
755 508 171
595 596 75
378 110 144
676 482 145
745 923 179
255 504 144
110 213 125
535 527 124
814 406 171
269 334 144
689 708 171
49 298 128
208 769 171
573 235 144
666 905 179
414 591 142
199 12 125
175 764 171
334 289 144
400 321 144
84 790 171
676 472 145
738 364 171
887 24 179
757 919 179
118 830 171
451 387 134
798 924 179
437 259 144
963 366 179
198 25 125
248 277 123
329 970 179
615 977 179
573 923 179
682 105 145
684 298 145
62 248 128
809 544 171
253 601 144
653 662 145
256 684 145
429 925 179
513 325 144
888 647 179
338 937 179
726 268 171
41 602 144
587 160 144
783 787 122
340 540 142
503 653 145
357 684 145
731 403 171
32 373 144
355 256 144
521 868 171
844 978 179
790 352 171
414 293 144
300 340 144
558 984 179
657 251 145
485 501 142
312 397 144
71 169 122
558 630 132
253 936 179
98 322 131
753 755 65
693 360 145
430 204 144
568 761 171
144 57 122
990 932 174
447 709 171
576 310 144
501 411 142
686 800 171
214 426 144
678 570 145
123 797 171
778 141 171
91 949 179
246 262 123
159 925 179
817 916 179
974 496 179
976 49 179
761 75 171
824 277 171
982 12 179
545 297 144
456 65 144
968 699 179
716 872 179
504 240 144
113 667 145
639 467 142
319 578 144
833 292 171
824 807 135
593 121 144
618 302 144
855 894 179
248 944 179
383 964 179
370 523 142
343 256 144
255 166 128
245 935 179
524 728 171
484 107 144
69 234 128
947 6 179
358 244 144
577 762 171
750 540 171
390 641 142
950 218 179
843 61 171
258 543 144
235 332 144
691 993 179
879 591 179
786 782 122
268 650 145
41 948 179
405 522 142
133 274 128
281 993 179
820 557 171
745 403 171
673 202 145
312 429 144
657 373 145
853 675 171
268 335 144
124 697 145
529 961 179
805 114 171
923 653 179
882 920 148
167 854 171
741 391 171
896 313 179
490 268 144
107 290 128
709 592 171
98 742 171
723 215 171
814 873 179
497 585 137
410 59 144
726 274 171
928 941 174
98 900 179
372 472 134
228 501 144
979 270 179
430 312 144
355 553 142
402 137 144
421 54 144
147 894 179
24 390 144
189 401 144
690 323 145
495 563 137
431 258 144
6 564 144
518 35 144
699 867 171
132 585 144
913 481 179
214 469 144
427 1 144
307 421 144
765 947 179
325 10 131
322 841 171
49 142 122
419 519 142
798 949 179
111 995 179
608 991 179
208 269 128
907 505 179
877 458 179
118 383 144
161 479 144
744 489 171
56 658 145