27 101 119
18 76 116
32 64 113
35 133 122
47 123 119
27 37 112
57 103 119
58 146 122
66 97 119
86 124 119
64 85 116
7 97 119
86 145 122
47 130 122
13 104 119
44 109 119
50 148 122
38 115 119
62 146 122
8 55 113
58 118 119
43 57 113
89 156 122
3 39 112
29 117 119
14 18 21
86 120 119
35 35 14
40 108 119
71 73 116
7 16 20
6 75 116
49 123 119
49 135 122
36 134 122
4 66 113
53 88 116
60 159 122
38 77 116
22 100 119
97 160 122
92 176 125
83 107 119
80 143 122
65 76 116
82 133 122
56 132 122
23 114 119
45 57 113
91 168 122
35 75 116
1 10 20
24 28 112
1 77 116
20 82 116
44 85 116
18 81 116
100 160 122
38 99 119
1 56 113
76 105 119
30 73 116
35 75 116
41 108 119
24 25 24
99 109 114
80 150 122
100 140 122
15 55 113
75 125 119
88 186 125
58 129 122
79 141 122
79 135 122
81 162 122
78 89 111
33 67 113
14 50 112
51 148 122
56 81 116
52 102 119
40 102 119
5 39 112
15 32 112
94 94 106
76 147 122
18 37 112
41 56 113
15 33 112
79 104 119
40 64 113
9 16 20
45 80 116
30 41 110
23 107 119
63 89 116
25 105 119
66 163 122
45 52 105
46 77 116
180 1052 179
179 209 120
141 359 144
556 1288 182
319 602 144
417 1090 179
858 1448 182
744 1495 182
423 1328 182
461 1160 179
954 1108 169
211 563 144
104 333 144
632 1263 182
719 1190 182
955 1704 182
949 1038 156
371 452 134
412 1385 182
23 821 171
656 1310 182
682 977 179
650 1003 179
677 724 171
586 686 145
379 1009 179
508 1017 179
344 424 134
495 1344 182
132 262 128
836 1653 182
875 907 148
403 475 134
817 861 148
900 972 174
475 1246 182
199 471 144
760 1689 182
904 989 174
398 1054 179
83 809 171
140 759 171
746 1300 182
595 1188 182
244 1205 182
953 1571 182
657 960 179
969 1677 182
46 494 144
746 1450 182
694 1292 182
421 967 179
395 972 179
830 1606 182
415 431 134
569 1040 179
546 702 145
110 324 131
350 418 134
886 1645 182
217 1095 179
612 875 179
480 976 179
366 1142 179
55 840 171
989 1390 182
288 699 145
128 961 179
505 645 137
765 1600 182
206 1071 179
64 205 125
908 1048 174
241 360 144
107 129 122
911 949 174
955 1029 156
57 686 145
780 809 122
372 971 179
380 424 134
678 999 179
117 634 144
72 261 128
532 1120 179
193 734 171
841 1368 182
813 1811 182
929 1295 182
573 707 171
130 280 128
455 827 171
439 982 179
843 1829 182
295 937 179
316 960 179
117 774 171
423 901 179
22 104 119
5 673 145
6276 12257 268
971 2195 182
5683 6397 262
5532 12768 268
6229 8611 257
9922 10154 224
9017 13029 268
5290 6653 262
2004 5115 238
7306 14567 276
7539 13364 276
1498 1547 154
6677 16269 276
4346 12854 268
7365 11865 268
7529 14205 276
4581 4880 197
8304 16863 276
4092 6221 262
3940 8679 262
8637 8722 203
7318 9047 252
720 8248 262
9046 11015 268
6383 14332 276
3892 13074 268
3033 7609 262
9738 18881 279
1312 1462 172
2167 11356 268
7957 17128 276
4495 6800 262
3259 7411 262
312 8644 262
964 6206 262
4995 10083 262
3553 8576 262
3538 9317 262
6207 6801 244
5369 7505 262
5426 14353 276
6027 15273 276
437 2443 183
2032 5004 238
1312 4311 238
8728 17547 276
1045 1497 182
5528 13969 276
692 5985 238
8027 8788 234
768 4997 238
9549 10631 255
2065 7180 262
536 7146 262
8761 13810 276
8246 11324 268
1363 4802 238
120 7742 262
8751 18221 279
9439 12245 268
182 5622 238
8591 16244 276
3341 12765 268
9899 19400 279
9678 12398 268
1029 9684 262
3791 5765 236
5018 7439 262
3204 6313 262
3898 5519 215
7665 9679 260
9461 11990 268
5925 12776 268
3742 9883 262
188 5764 238
3703 8770 262
9269 18804 279
1889 10066 262
9944 18976 279
5955 12860 268
9189 16703 276
7626 14118 276
3636 10374 262
7932 15831 276
5763 10668 262
9373 13692 276
3869 12131 268
6272 16101 276
4779 10037 262
5101 9350 262
7469 11976 268
5306 14101 276
5298 6870 262
7555 17359 276
7888 14981 276
6855 11426 268
6621 6793 182
8706 9222 247
8900 12465 268
2298 2408 183
23079 33273 308
11513 18976 279
2900 5736 238
27220 41740 324
14112 40725 324
14346 26862 308
18145 29991 308
2146 11847 268
14662 27427 308
12132 34401 311
23921 30298 308
27928 48593 324
21679 44750 324
4592 14162 276
28539 50173 324
20783 37462 324
18203 45720 324
10427 26090 282
22719 43462 324
4294 5908 236
330 17940 279
22169 24727 282
22178 30582 308
17940 42881 324
4675 5544 210
16107 35998 324
13842 17508 271
16528 20396 279
8492 12626 268
23140 36881 324
16051 30709 308
1386 12221 268
27610 54276 340
20779 29234 308
16941 44199 324
9620 26287 282
10216 27272 308
22604 33977 308
22137 43171 324
5937 7871 262
14930 22018 279
19381 24786 282
9279 19512 279
9046 36435 324
16814 41270 324
16659 28831 308
22999 37809 324
5911 13309 276
3878 12161 268
17765 20233 274
28894 39004 324
2947 32000 308
20639 44218 324
14199 23996 282
10225 31051 308
17021 31373 308
6029 23542 282
26813 36582 324
27634 49123 324
20406 39726 324
27007 34325 311
13936 25589 282
10344 31589 308
5067 21405 279
4286 4612 215
24786 38120 324
3568 31302 308
22715 42211 324
3949 32103 308
29341 42817 324
23123 29222 308
18766 40157 324
26821 36265 324
148 10199 262
26749 31889 285
24781 35817 324
1912 27151 308
3174 24569 282
17105 18880 279
15233 33038 308
6740 15615 276
1182 29419 308
20162 35520 311
14554 37430 324
9492 32109 308
18574 32041 308
7416 30802 308
24452 49694 324
8646 13869 276
10315 26217 282
5567 23457 279
5855 30057 308
18532 37162 324
27547 44658 324
22893 40516 324
16956 24253 282
10834 32914 308
16234 18083 279
1033 9474 262
23127 37299 324
34173 48583 324
60716 117746 354
69615 162165 383
8668 10663 260
36664 110981 354
80202 107653 354
70244 138341 354
83533 149190 375
77189 164057 383
63769 65651 299
96802 169558 383
61322 129422 354
94964 155191 375
87166 106893 354
52855 151651 375
65556 110442 354
55995 60518 322
54472 86535 351
20409 81617 351
49135 115169 354
15532 75468 340
17388 104217 351
99640 180162 383
2285 94566 351
95550 98451 297
32474 88644 351
26988 109254 354
68278 146138 375
61912 95596 351
71440 109367 354
27138 71587 340
14614 108628 354
74472 91617 351
19221 52151 324
34198 127154 354
27671 79201 351
17641 96910 351
20381 79089 351
10971 85870 351
2705 43457 324
88027 92604 333
79250 122439 354
25552 39366 324
83519 157652 383
71398 72529 263
48872 135948 354
79043 129260 354
33084 52159 324
62250 119320 354
78442 111047 354
16678 51736 324
50617 51973 309
32864 80289 351
41206 68172 340
15384 114210 354
20149 86885 351
65088 82047 351
3093 49979 324
52565 58472 322
58913 134656 354
56857 109583 354
77751 167694 383
62947 80617 351
54840 75622 335
1131 62767 340
26859 32647 285
15044 50593 324
93261 105625 341
86515 86611 227
33971 63777 340
67398 153598 375
26742 121620 354
2773 49429 324
54797 110200 354
22966 54156 340
31298 44510 324
41640 71302 340
7740 29155 308
19069 82343 351
89212 147572 375
84455 162682 383
8046 58983 340
2791 38392 324
19109 86719 351
50082 148980 375
39954 132435 354
79204 140891 354
3739 24978 282
51242 52536 340
13550 18513 279
72492 102756 351
62273 134056 354
15879 46579 324
4599 25770 282
76527 174752 383
98176 175367 383
12104 104833 351
2001 69347 340
54678 59068 322
68234 71838 325
120830 373119 443
222816 236106 443
125588 309250 443
293853 359950 441
206641 399208 443
228268 246466 443
204252 352181 443
2129 93114 351
154524 379293 443
85100 217879 386
137787 195889 383
253829 457092 449
48826 182397 383
178458 454175 449
198445 331562 443
297461 585153 470
141756 406644 443
159706 240549 443
261742 266290 407
42416 100472 351
222886 438779 449
250625 550370 470
155544 220478 386
263034 352871 441
216355 306459 443
117551 262386 443
31862 273629 443
146844 335940 443
145202 388272 443
81042 156156 375
114809 155060 375
264752 267821 345
213469 504632 449
18121 245533 443
148740 298141 443
189997 277223 443
158328 275286 443
266731 543457 470
30484 129796 354
227116 317907 443
282995 414701 449
116333 185420 383
277278 328765 389
183077 466932 449
298154 379521 441
138492 242384 443
101038 242940 443
72902 176882 383
7482 264044 443
95983 383088 443
274251 419206 449
174733 303196 443
78596 319356 443
145801 281143 443
39774 113387 354
91975 345585 443
36548 106804 354
95700 219571 386
34520 197203 383
235148 278236 407
195744 369444 443
89701 346486 443
240211 392762 441
109190 209188 383
87202 257942 443
46045 222640 386
21475 78041 351
31137 314698 443
257059 537493 470
176271 309248 443
203602 493756 449
211208 228248 386
145304 156478 383
240364 508763 449
273314 469302 449
15149 101909 351
12866 186852 383
298556 596687 470
55807 126792 354
257714 349112 441
57369 272210 443
149954 291385 443
86856 311896 443
270262 289999 407
235970 471820 449
50826 148068 375
228620 391397 443
111899 391091 443
232565 368511 441
96797 335166 443
184102 304862 443
205619 297008 443
226145 510977 449
257820 356011 441
178048 282839 443
114264 394918 443
193069 294685 443
23246 310687 443
198689 456114 449
194686 243988 443
20 330898 443
17 153922 375
13 26030 282
73 99088 351
45 126715 354
96 823957 509
24 508405 449
34 650745 509
4 691811 509
63 345436 443
52 187246 383
61 937801 525
81 528978 470
82 959448 525
57 303403 443
70 514403 470
18 172976 383
77 564940 470
71 97102 351
99 917997 525
20 220458 386
74 98677 351
56 133548 354
35 294628 443
85 818900 509
40 696750 509
9 67473 340
20 570480 470
35 754381 509
60 691961 509
42 935069 525
77 160986 383
76 682936 509
70 50972 324
13 633973 509
60 944622 525
13 283631 443
91 256978 443
40 453224 449
50 734446 509
2 231302 443
36 617308 470
77 808178 509
85 57623 340
64 288028 443
6 611019 470
63 717259 509
44 128804 354
81 265589 443
97 522217 470
35 540898 470
61 411594 449
51 482172 449
75 320814 443
82 636749 509
41 424729 449
85 334919 443
48 692612 509
51 374312 443
89 162298 383
83 788730 509
44 647813 509
4 321480 443
37 60848 340
78 719503 509
87 831222 509
57 308402 443
66 982847 525
55 518969 470
40 293537 443
31 281204 443
70 859729 525
70 119040 354
97 123283 354
22 145998 375
57 889679 525
26 997205 525
3 805365 509
32 672942 509
49 799473 509
29 464851 449
13 255775 443
31 217914 386
91 909987 525
81 584327 470
33 261760 443
70 952809 525
30 567856 470
10 127710 354
3 271395 443
66 903338 525
2 593673 470
53 564222 470
89 289715 443
100 232917 443
97 911547 525
33 939836 525
33 819453 509
2 697654 509
53 542101 470
502577 502667 258
515136 515153 196
525424 525434 126
729411 729494 212
586908 586931 191
722343 722408 274
276310 276400 314
187778 187853 254
300787 300824 234
927762 927765 202
289858 289897 252
900450 900460 233
53032 53056 141
592268 592280 191
901868 901925 233
728841 728866 362
867842 867843 96
454860 454903 294
125507 125549 256
692220 692245 186
159900 159950 246
156041 156061 277
825640 825659 207
322170 322227 216
395266 395320 149
730897 730904 119
979982 980077 246
385109 385116 224
609685 609706 204
96354 96386 297
666220 666251 261
408556 408603 268
998013 998075 228
728145 728220 212
887040 887109 233
583045 583129 266
526291 526333 196
587948 588001 266
691157 691202 199
291083 291142 296
817149 817157 220
986011 986098 321
280924 280960 327
494655 494669 196
163535 163553 259
186175 186192 210
247883 247886 182
119053 119058 150
860699 860715 282
816190 816206 207
63592 63612 162
987674 987676 184
32152 32185 192
73985 74052 219
592790 592860 191
81116 81178 320
885362 885431 370
526403 526487 302
751940 752030 287
655514 655535 323
618304 618306 173
91158 91238 209
470098 470119 214
73353 73390 188
258028 258041 195
276189 276216 270
889461 889480 171
785659 785682 256
257893 257897 257
655033 655078 186
959523 959580 246
351298 351360 379
379455 379497 242
114825 114864 199
178269 178272 148
267002 267021 239
17775 17851 217
695784 695855 305
693875 693958 305
975218 975315 228
664493 664560 323
567367 567425 240
589070 589112 284
69626 69643 175
979293 979327 215
832462 832509 282
234466 234549 275
867368 867418 339
414535 414543 131
738481 738485 256
876782 876881 295
608442 608449 160
876276 876368 295
842088 842175 251
14057 14145 183
216473 216537 231
342990 342990 198
857786 857802 127
336530 336577 322
231700 231779 231
415062 678115 509
276985 419253 449
275903 467362 449
40524 330809 443
61842 440597 449
14430 132294 354
108932 566806 470
414414 456574 418
186417 391928 443
322710 772340 509
452108 923594 525
161605 496941 449
475673 970190 525
265745 707060 509
83658 168436 383
115821 398718 443
216179 440222 449
217970 223826 355
394687 632648 509
176630 545673 470
253491 423995 449
417169 425869 418
359281 855209 525
255791 700849 509
107427 152970 375
49210 66891 340
251099 310271 407
172218 328140 443
268591 626333 509
424524 786802 509
248406 710986 509
106616 510656 449
391588 399907 405
284750 425193 449
220569 699831 509
39492 514060 470
183180 535863 470
352770 844540 525
416453 670563 509
354427 771908 509
132123 238547 443
445915 576475 470
64299 187834 383
48964 66651 340
64540 355067 443
440324 813893 509
117738 280759 443
157561 523926 470
237137 397395 441
40390 100300 351
263144 654404 509
170143 276661 443
337357 449438 449
362848 638734 509
291478 758684 509
180276 582041 470
469018 870928 525
62552 64244 330
89639 376884 443
411193 747671 509
133600 353703 443
146365 375132 443
263324 399867 441
196943 253304 443
347226 396638 436
115785 212426 383
145743 617063 470
435466 520556 470
397714 843704 525
359849 762767 509
181524 494533 449
221314 254366 443
309877 332454 384
58425 87841 351
180157 266361 443
442121 676024 509
405238 737955 509
149955 452409 449
119652 258394 443
77462 407384 443
313962 696513 509
127307 242722 443
249697 451361 449
307160 417320 449
456713 671125 509
221699 455602 449
141119 305130 443
30533 132483 354
50518 92457 351
268454 349326 441
97125 561999 470
271246 355702 441
15254 160864 383
258363 692133 509
457505 482712 444
3152 467992 449
4603 319258 443
150921 252971 443
261175 529965 470
208514 329327 443
426233 902908 525
336704 539084 470
90593 239557 443
248125 418606 449
158053 433974 449
206913 345408 443
23074 382873 443
79315 330253 443
151156 494128 449
439612 716658 509
166897 285592 443
128505 418818 449
423626 860329 525
194817 648420 509
174181 239327 443
353119 535640 470
4636 302910 443
458400 481267 444
363806 734476 509
378559 539177 470
210712 700052 509
359356 646748 509
121595 155922 375
414746 821597 509
28156 253907 443
104190 545293 470
259632 343075 407
26241 204522 383
202676 230041 386
497077 876995 525
204127 534732 470
230339 350258 443
300640 363896 441
148189 437509 449
495802 804361 509
162332 261867 443
13024 166280 383
34334 145786 375
388138 484741 449
348513 492120 449
467785 491021 413
252142 380097 441
326513 374750 441
27041 337841 443
180378 315967 443
296761 504452 449
115790 165556 383
431193 805755 509
333725 412803 449
126305 574740 470
22667 287526 443
388799 622616 470
249769 539986 470
376977 458154 449
90332 575529 470
387160 794020 509
37338 424016 449
326318 713120 509
471353 479663 382
454067 915427 525
237840 728757 509
403235 734304 509
382241 869169 525
347731 546867 470
155046 293532 443
465215 603443 470
398376 850962 525
317877 498755 449
17595 31850 308
377341 520544 470
243534 302958 407
471938 852715 525
236409 577495 470
323565 583820 470
195545 230749 443
391796 659839 509
450409 920008 525
34462 261249 443
108596 524389 470
345037 375523 441
210068 307458 443
212306 653534 509
143290 328382 443
435275 868413 525
387066 597406 470
419270 771848 509
365898 809050 509
269635 660829 509
461414 522227 470
212111 369143 443
177422 652490 509
333333 572337 470
296618 475950 449
347501 788243 509
241010 650316 509
12862 289084 443
437476 854509 525
497100 664979 509
33062 433322 449
443891 455539 387
