1 10 20
100 200 125
201 210 89
900 1000 174
200 100 125
1 1 1
1 10000 262
400000 999999 525
228644 450114 449
202475 568069 470
511215 931091 525
116764 16609 354
784215 95020 509
471009 604463 470
523261 90465 470
490333 452655 444
34157 439872 449
75408 703020 509
196504 462840 449
521869 146366 470
37417 588022 470
892020 945238 507
355441 751585 509
198366 87498 383
839447 342790 525
232844 174637 443
788674 402556 509
581276 577462 359
711903 373888 509
845428 210162 525
625910 345252 470
700957 438833 509
155337 983380 525
805616 39901 509
32157 305638 443
587811 696153 509
293989 762492 509
71237 961088 525
255576 398074 441
477741 48569 449
229393 758080 509
315593 725299 509
372859 2498 443
712928 617689 509
974419 739758 525
975142 667157 525
197491 792730 509
604009 499184 470
257787 819624 509
481093 347540 449
501067 567523 470
601281 345576 470
757983 167233 509
133650 174655 383
514590 241581 470
427441 62363 449
976596 476176 525
969106 857483 507
458919 973733 525
586309 491806 470
166681 648318 509
825696 432969 509
659051 475610 509
921565 751342 525
728697 300618 509
909225 551869 525
86092 366470 443
904762 891527 401
313691 989224 525
877523 308784 525
118511 853186 525
120635 489417 449
764588 680562 504
582747 761165 509
109302 452536 449
207564 768004 509
488377 723879 509
787773 711704 468
914006 257564 525
600935 334672 470
561534 342132 470
255228 603845 470
189835 187526 316
761790 231925 509
314382 284593 389
477406 134151 449
493885 626826 509
136435 693376 509
941326 797899 525
250061 922204 525
806246 430773 509
423524 432981 418
169039 992254 525
700543 447308 509
363912 744762 509
290860 933613 525
511857 363749 449
628586 843164 525
309813 58198 443
418223 891800 525
31886 645886 509
299802 820086 509
812084 179446 509
28465 323382 443
52247 316504 443
768892 563899 509
24970 836688 509
11513 325202 443
755852 482538 509
263764 418282 449
388602 229877 443
800466 653773 504
185291 18465 383
700347 166652 509
646745 485141 509
632872 619118 509
214766 86231 383
248457 179882 443
928283 840331 476
670153 605799 509
123591 697455 509
15282 181198 383
23989 740939 509
896299 592611 525
696124 887465 525
55638 493313 449
537892 634724 509
988521 132511 525
900374 704713 525
98131 924507 525
918096 822977 525
100561 291328 443
992929 78048 525
583644 969795 525
99039 935255 525
848031 765729 525
798560 17058 509
52843 622639 470
87393 43922 351
443726 439180 356
465616 193257 449
220375 393299 443
205150 812021 509
57975 218889 386
446312 642901 509
485498 458141 444
621862 200096 470
921736 174880 525
509587 413657 444
344555 311351 384
240467 845004 525
733400 258786 509
243405 896531 525
931384 821139 525
828129 670736 504
512467 117421 470
497339 564011 470
981818 821458 525
807293 327620 509
931929 951934 507
179136 732766 509
146229 894238 525
698386 80842 509
215496 734176 509
302371 876253 525
492993 565966 470
388469 100672 443
475064 542402 470
773869 690719 504
347827 556446 470
466287 365774 449
212972 589978 470
994579 529100 525
257882 393224 441
922632 575801 525
877148 354277 525
171952 193713 365
443182 237364 449
772168 552841 509
689366 536380 509
952724 975777 458
655775 488097 509
996644 949725 458
498215 735880 509
759338 251443 509
183275 759922 509
88207 264514 443
892144 453462 525
634950 793813 504
619039 512802 452
633911 450218 509
29955 538830 470
690019 229895 509
595307 818009 509
89312 119455 354
792287 164569 509
855804 523148 525
112090 819163 509
671949 305144 509
101467 777218 509
310753 243510 407
821689 685121 504
227175 787998 509
71554 840472 525
645615 646173 323
792815 740688 468
7026 55912 340
223494 622284 470
923550 164332 525
691390 834036 504
689637 562396 509
866355 250372 525
603667 324526 470
264998 872155 525
457625 226020 449
438873 598055 470
194051 307099 443
457789 856899 525
817445 536277 509
676354 398981 509
381644 905087 525
496429 971368 525
716066 746243 424
66615 605355 470
455378 26102 449
195767 117536 383
668063 590279 509
261154 190106 443
821260 892023 525
822823 687016 504
61496 786835 509
374612 44587 443
13347 959736 525
699776 156199 509
988033 735373 525
584072 742373 509
49639 349055 443
706325 18523 509
967365 825921 525
279500 692830 509
431250 154503 449
186631 95842 383
489178 754492 509
440150 563717 470
930430 438077 525
364320 761140 509
90820 150790 375
607503 925225 525
369094 718055 509
966666 615129 525
982530 266378 525
2461 650775 509
287586 376554 441
623143 419394 470
143863 942664 525
660313 808839 504
221621 570083 470
526631 767322 509
640710 590927 509
221590 19209 386
850902 931563 476
35049 26263 311
995382 480619 525
799120 35313 509
280361 127721 443
787819 579947 509
760386 84467 509
784194 342493 509
683100 942508 525
633741 783111 504
49041 193194 383
206574 416429 449
611835 11245 470
961302 602437 525
438773 670782 509
358956 509110 449
707116 6909 509
7584 690838 509
220342 18825 386
968355 978571 458
359426 743796 509
277601 651619 509
797857 135464 509
311122 276296 389
282983 769016 509
129674 707151 509
521609 801114 509
667773 235816 509
556711 486973 470
12560 355008 443
481358 754721 509
714474 283038 509
743516 135464 509
125532 841123 525
692090 915772 525
534918 868764 525
325968 260309 407
702994 72188 509
501323 8806 449
600848 90680 470
558403 790402 509
4261 638410 509
71123 946589 525
822178 48525 509
407218 241824 441
690679 796322 504
86336 856002 525
82657 76174 351
78171 380504 443
890563 186595 525
866523 203896 525
277322 843830 525
796779 95453 509
495953 688637 509
135461 69646 354
233270 661941 509
539542 433588 470
109149 258294 443
742222 774734 468
571665 226150 470
252198 614903 470
961376 68675 525
619225 716255 509
645224 282226 509
610698 91032 470
392544 648787 509
434141 90412 449
376598 391716 436
602709 379331 470
90269 437047 449
682851 505147 509
892912 77350 525
713750 538403 509
671058 314842 509
579402 872681 525
63833 807340 509
481162 439916 444
822158 290201 509
47114 646371 509
342010 345197 353
851674 889510 445
667487 171315 509
464227 982649 525
685483 235003 509
609367 725740 509
909218 26958 525
280120 294244 389
899058 859867 445
136592 848948 525
614129 580152 434
886024 384412 525
718248 452477 509
229936 836091 509
23487 929857 525
659098 293741 509
231689 797891 509
305236 556673 470
775870 148342 509
352933 574038 470
357305 428272 449
32899 501212 449
666395 763678 504
409321 869199 525
758910 362401 509
548769 189754 470
558512 786995 509
962188 33517 525
114659 615983 470
302188 520536 470
485603 527763 470
527039 969929 525
236917 339269 407
713686 378933 509
571242 704093 509
493347 876353 525
740404 809083 468
221872 436087 449
196164 305148 443
667233 292404 509
997335 673156 525
970192 843996 507
459474 264688 449
477459 900747 525
800441 32859 509
175281 288555 443
182109 876710 525
395427 310054 441
585464 270157 470
817824 809178 406
86960 377829 443
674789 148876 509
113384 346774 443
1795 699732 509
231464 444826 449
382521 824631 509
174212 205041 365
911386 587960 525
490096 260611 449
242446 130430 443
24860 572229 470
337993 841882 525
740763 970730 525
652052 153966 509
615057 195073 470
115178 305876 443
604144 550057 434
829078 279503 509
991623 108353 525
642694 900741 525
528086 692268 509
403465 909024 525
299142 243372 407
489791 149098 449
299921 488537 449
576948 48388 470
498491 671978 509
744806 89766 509
104725 823246 509
393856 13554 443
837468 297995 509
211559 792927 509
744333 5694 509
693818 109880 509
551601 542220 452
503810 912384 525
415369 445119 418
287938 820743 509
503429 6619 449
665060 668596 442
326167 383765 441
877098 930261 476
797962 769957 468
695804 999624 525
719160 833293 468
645539 645118 310
395938 247527 441
648615 998023 525
898920 89003 525
230210 226929 355
365160 681405 509
88826 421824 449
272435 184433 443
670411 228143 509
201962 654475 509
204469 432266 449
325622 549473 470
947146 62800 525
79481 618846 470
409794 691833 509
75992 173897 383
29694 114686 354
781523 493603 509
479849 512544 470
887018 329652 525
404755 338193 441
454098 343301 449
25549 283895 443
173727 233246 443
893089 872447 445
938311 515927 525
733066 775479 468
392911 649457 509
280931 28668 443
515643 351815 470
338372 768077 509
892501 667396 525
970345 214969 525
433306 48045 449
626062 669302 509
941822 760597 525
389918 860135 525
827155 481185 509
706104 568678 509
733661 430425 509
991090 174372 525
140399 35272 354
109340 269309 443
247281 508582 449
930244 317719 525
186308 55670 383
128723 822349 509
300293 806167 509
324768 677369 509
616767 437795 470
480224 868847 525
780860 137799 509
623351 36514 470
736866 141239 509
486244 944453 525
144749 487343 449
438804 979823 525
897519 308984 525
883639 880266 326
792210 985852 525
190725 948239 525
260252 278984 407
403224 434900 449
326484 105817 443
562318 902735 525
804573 401565 509
620019 130937 470
481442 102910 449
124409 935426 525
101705 830459 509
493578 887571 525
254810 606475 470
38935 270404 443
374254 638877 509
11158 651011 509
156390 526851 470
188204 819922 509
259208 105350 443
634217 142836 509
933484 192756 525
745087 390889 509
86197 197660 383
268402 188013 443
715902 230725 509
911151 73261 525
347561 407167 436
104628 559805 470
777969 412727 509
493839 117292 449
679407 381973 509
321299 991021 525
406826 677219 509
386035 982822 525
440453 710496 509
763439 154695 509
252719 859405 525
460345 685958 509
842116 447982 525
349994 216623 443
587131 801499 509
862910 753801 525
937205 466874 525
416637 160343 449
547898 74400 470
506534 676137 509
348400 886935 525
620006 958570 525
241962 40644 443
807313 846885 525
182647 77230 383
80706 706690 509
923268 519913 525
830226 489531 509
368077 447273 449
581151 7994 470
505396 914174 525
148093 605067 470
182135 98614 383
792215 438894 509
129909 918757 525
198734 647577 509
744914 504455 509
712644 543010 509
275560 264610 407
295769 182254 443
845608 591767 525
199394 830614 509
839209 345583 525
324036 605211 470
176173 177964 334
724835 17111 509
442155 396262 449
953148 542315 525
439519 447830 356
638940 681651 442
573744 284763 470
855611 654558 525
664509 178559 509
579099 74625 470
589650 752086 509
919084 894816 476
623493 729978 509
550240 51169 470
871829 741939 525
67123 42094 340
989624 280782 525
605135 70930 470
782470 552171 509
541135 22563 470
995570 129794 525
220155 671948 509
458857 378703 449
433472 770685 509
447889 831483 509
773339 684727 504
459522 786343 509
183228 805556 509
707613 818666 468
142666 859701 525
730370 713761 411
759626 134343 509
740451 431463 509
332817 105295 443
942876 323177 525
997138 196566 525
929291 390319 525
518941 413283 470
552497 346234 470
861251 258097 525
804902 594049 509
124522 825115 509
240665 270190 407
95187 163666 383
781975 626377 504
572116 635778 509
10412 886702 525
851981 201164 525
110793 49210 354
766995 100947 509
617320 349403 470
172577 260427 443
509505 887495 525
773877 91431 509
594442 670166 509
628688 223199 509
313237 183959 443
472002 430642 444
317692 969403 525
616871 118311 470
616435 420383 470
739076 123411 509
787208 610156 509
556840 5762 470
367490 912591 525
823460 239845 509
642334 308941 509
710050 180421 509
683816 971908 525
363606 633240 509
719533 946088 525
830112 360503 509
817799 480106 509
823109 625086 509
22939 18381 274
3478 88940 351
456880 193664 449
651793 450854 509
750974 485624 509
260117 53049 443
60754 758451 509
460105 991999 525
734219 101887 509
895938 460068 525
814830 790286 468
856307 102230 525
799118 909197 525
305032 108446 443
551092 13891 470
116281 856163 525
612471 755757 509
684233 249223 509
17656 799413 509
445939 995914 525
105830 341493 443
272616 192831 443
458381 225825 449
910898 671849 525
527485 476587 470
842282 260675 525
863059 734415 525
640410 941317 525
230604 393183 443
171116 915119 525
277991 118528 443
182876 20094 383
700059 458177 509
798480 790305 468
80684 109626 354
152744 511223 449
831823 490786 509
602449 808201 509
789397 197042 509
695026 623965 509
26177 63611 340
708057 312905 509
871608 673809 525
238723 609561 470
317110 552843 470
258377 33755 443
379188 768087 509
808091 123484 509
67213 183973 383
489056 35969 449
1039 915028 525
440935 984564 525
562665 53387 470
419205 127428 449
952288 191861 525
471760 999089 525
155319 177637 383
483981 131815 449
667283 731888 504
116640 979637 525
368922 667676 509
870197 544048 525
662718 188613 509
788071 958734 525
768177 3583 509
549666 154387 470
129745 10017 354
601074 308712 470
996954 403749 525
558927 928250 525
713886 396657 509
84521 101875 341
15363 79221 351
963238 430914 525
831912 702622 504
418959 250528 449
535800 380541 470
899956 477002 525
289800 898139 525
111524 7626 354
741023 675472 504
337401 76576 443
758303 399823 509
957761 925852 507
506545 187495 449
796501 950433 525
93402 442660 449
721513 114553 509
906945 974180 507
476509 216459 449
506812 998915 525
65440 891662 525
835233 418812 509
756014 427909 509
705598 395598 509
594824 843010 525
547197 381833 470
960574 339742 525
513556 560142 452
367460 452793 449
485450 452784 444
788054 416580 509
960110 991605 458
304197 802225 509
496627 285391 449
672794 777241 504
608649 213832 470
339307 576854 470
596395 716087 509
760343 461223 509
223596 355667 443
989627 407479 525
968236 634915 525
422053 902675 525
548691 742483 509
884722 506270 525
525 303190 443
108942 805999 509
361886 688159 509
99673 871655 525
342865 168000 443
533040 522486 408
815022 829742 450
248756 907370 525
258654 711936 509
76423 677123 509
263706 347207 441
447736 110971 449
99366 636807 509
253251 51055 443
35834 691313 509
253786 404165 441
496559 25235 449
110194 964135 525
668701 148808 509
390041 250721 441
890799 297715 525
854430 326173 525
154132 592658 470
605042 584309 403
423193 226543 449
609195 68902 470
606725 870425 525
983778 855641 507
970474 43157 525
211432 514138 470
882633 269182 525
104278 28198 351
34693 146579 375
270637 727944 509
366407 289391 441
25299 422911 449
594917 649302 509
751516 851008 525
736709 325102 509
301466 173921 443
690032 221120 509
162026 335595 443
461078 764413 509
871142 598295 525
936117 865222 476
918903 229460 525
762987 7758 509
421507 219334 449
507730 413812 444
122070 882185 525
896959 380753 525
543285 21711 470
500719 197014 449
423325 383447 449
116578 994917 525
405888 484791 449
17668 594576 470
508907 805942 509
482297 756271 509
961161 628969 525
540033 611737 452
477266 867024 525
327178 707300 509
348303 725289 509
319767 180832 443
120304 298707 443
697805 488722 509
4499 532748 470
760841 358921 509
730751 385865 509
673747 372374 509
27170 316000 443
836618 270248 509
819248 114382 509
271362 695856 509
6157 650367 509
370734 56561 443
530037 788987 509
744037 474363 509
900322 130093 525
706147 386600 509
525770 697712 509
237958 992821 525
609896 498739 470
688562 225654 509
339330 227479 443
248430 170385 443
443613 685584 509
77175 93666 338
93975 229514 386
181675 541785 470
625170 256938 470
235263 886037 525
544714 983892 525
870425 528753 525
252676 770395 509
426330 678039 509
676808 977755 525
682153 783113 504
402441 765439 509
254025 567104 470
976322 313042 525
244691 282141 407
688189 502216 509
331816 148394 443
497161 323042 449
63000 534569 470
259237 380897 441
556436 950131 525
15212 410534 449
572913 140127 470
388829 554438 470
852603 615031 525
317943 724149 509
971151 954808 458
935913 65423 525
378426 321699 441
722626 154989 509
910802 206463 525
877185 218287 525
610728 31852 470
535773 750107 509
590250 250100 470
292883 870614 525
212605 686322 509
980196 994314 427
978201 568386 525
177892 573583 470
790725 155050 509
310926 800462 509
914335 872485 476
869326 357287 525
482488 750131 509
907342 700373 525
486880 187716 449
613757 425914 470
770046 2729 509
838354 465250 525
238208 342940 407
253083 632358 509
220612 781556 509
163263 32406 383
967501 57769 525
490132 492161 320
307262 472193 449
833777 904814 525
676755 850524 525
479240 677020 509
568052 153495 470
123575 122396 331
250448 475334 449
446294 186164 449
511409 477111 426
86054 14574 351
913680 961604 507
755398 659784 504
268849 624325 470
885312 532145 525
644978 387836 509
319655 229639 443
43149 317302 443
507161 506250 382
718721 380502 509
986394 461924 525
265966 311460 407
722401 447389 509
852703 455674 525
907880 341984 525
799008 363744 509
948177 682039 525
59877 909634 525
43357 238605 443
415756 36639 449
147995 673166 509
924055 24675 525
778980 90992 509
461931 507038 426
269712 536727 470
87444 212932 383
478595 571910 470
415685 285486 449
446690 98139 449
913422 215140 525
25146 171682 383
950326 174031 525
161912 427701 449
158816 349793 443
213428 422302 449
879976 310387 525
397100 313146 441
883572 601731 525
617917 604168 447
170763 186614 365
683884 652440 442
918319 92197 525
823424 231527 509
930315 484382 525
967743 965774 365
6101 456195 449
868858 963453 507
699681 989375 525
91633 817465 509
902224 791287 525
786039 933990 525
536887 920118 525
110431 921828 525
69313 205194 383
722786 944469 525
85166 78208 338
6117 67161 340
13730 570666 470
501814 43172 449
14286 491934 449
342013 586032 470
709632 517968 509
64711 884724 525
451249 90936 449
909433 459677 525
333044 928072 525
653032 322505 509
99744 918560 525
676264 368925 509
165308 164614 308
282730 87707 443
780427 77523 509
217919 58270 386
683908 130365 509
166051 68775 383
574070 556142 421
216229 548138 470
616425 119377 470
338930 221896 443
293895 242491 407
688718 809339 504
494110 634833 509
689016 388562 509
594189 478689 470
738 340979 443
524723 982896 525
916563 790252 525
765756 46983 509
292140 369432 441
961280 774509 525
639926 200384 509
660394 41382 509
611180 927314 525
309299 139869 443
705062 794436 468
423168 716109 509
688111 690220 336
215846 687274 509
599377 687873 509
891021 997695 507
694737 81957 509
