1 10 20
100 200 125
201 210 89
900 1000 174
10 1 20
200 100 125
210 201 89
1000 900 174
1 1 1
1000000 1000000 153
999999 1000000 259
3 3 8
10 20 21
100 1000 179
200 500 144
2001 2013 144
589 622 132
830 503 171
636 155 144
852 272 171
697 628 145
443 512 142
914 754 179
321 585 144
87 716 171
327 140 144
702 853 171
686 303 145
140 545 144
604 536 137
193 396 144
982 354 179
717 261 171
670 370 145
577 553 137
955 279 179
21 897 179
681 539 145
316 133 131
225 563 144
747 645 171
335 506 142
119 436 144
74 227 125
689 760 171
395 269 144
602 274 144
987 208 179
892 239 179
438 185 144
126 237 128
595 478 142
214 700 145
802 561 171
580 750 171
1 507 144
334 196 144
253 494 144
975 64 179
438 212 144
788 397 171
728 575 171
112 906 179
886 861 179
668 648 145
274 73 128
848 843 42
872 627 179
979 559 179
940 841 179
659 966 179
342 444 134
451 991 179
963 464 179
480 562 142
805 707 153
593 974 179
455 952 179
25 321 131
437 914 179
96 443 144
161 667 145
504 801 171
234 267 128
424 692 145
519 110 144
535 149 144
808 930 179
659 648 145
114 529 144
859 956 179
164 271 128
876 656 179
15 86 116
111 507 144
876 964 174
125 128 109
482 257 144
599 199 144
590 134 144
49 318 131
451 501 142
380 612 142
626 239 144
854 846 60
144 443 144
231 714 171
279 398 144
485 36 144
653 406 145
172 482 144
75 101 119
943 95 179
277 737 171
247 469 144
190 117 125
152 29 122
435 6 144
185 254 128
364 468 134
937 539 179
48 359 144
740 715 140
440 222 144
243 168 128
83 171 125
482 766 171
370 59 144
657 65 145
888 250 179
213 140 125
366 535 142
882 626 179
490 953 179
160 809 171
665 874 179
379 283 144
42 522 144
998 311 179
382 171 144
495 343 142
188 436 144
980 687 179
598 984 179
763 210 171
747 936 179
37 972 179
850 944 179
558 597 119
520 129 144
308 124 128
152 826 171
277 430 144
82 489 144
755 83 171
389 75 144
987 827 179
914 655 179
979 8 179
39 440 144
966 765 179
20 822 171
632 598 132
450 198 144
324 760 171
55 986 179
160 739 171
547 555 137
440 747 171
84 271 128
832 220 171
579 477 142
262 657 145
585 58 144
389 522 142
793 714 153
55 819 171
896 745 179
848 82 171
104 835 171
275 661 145
760 697 171
180 961 179
820 661 171
898 553 179
984 236 179
676 797 171
211 48 125
876 353 179
534 231 144
400 27 144
454 234 144
725 329 171
282 942 179
936 101 179
583 349 142
271 775 171
896 119 179
43 131 122
757 306 171
387 157 144
295 632 144
327 78 144
397 858 171
810 828 135
593 803 171
691 893 179
661 525 145
390 661 145
359 221 144
873 744 179
112 767 171
422 830 171
474 798 171
51 336 144
508 400 142
553 108 144
131 407 144
931 802 179
76 754 171
597 788 171
310 81 128
623 870 171
446 896 179
24 376 144
597 481 142
245 704 171
650 103 145
556 308 144
53 808 171
497 432 142
748 263 171
654 736 171
718 771 153
62 944 179
162 901 179
617 831 171
418 977 179
480 487 142
415 775 171
393 931 179
825 329 171
762 941 179
552 45 144
440 855 171
344 568 142
442 357 134
406 1 144
117 835 171
81 826 171
264 643 144
883 411 179
163 370 144
233 350 144
51 641 144
363 551 142
793 27 171
913 284 179
41 920 179
915 6 179
789 610 171
198 43 125
83 556 144
698 797 171
36 821 171
440 203 144
112 178 125
849 6 171
341 934 179
385 148 144
859 962 179
58 745 171
44 897 179
342 542 142
54 509 144
596 199 144
283 817 171
888 174 179
100 166 122
667 829 171
318 905 179
390 839 171
653 813 171
777 794 122
444 289 144
386 574 142
520 208 144
107 128 114
484 184 144
340 420 134
893 181 179
483 792 171
329 575 142
891 657 179
771 931 179
297 51 128
930 477 179
504 72 144
530 431 142
722 907 179
216 519 144
821 48 171
254 375 144
323 755 171
823 893 179
40 748 171
600 909 179
491 654 145
64 628 144
57 787 171
845 67 171
842 508 171
242 269 123
738 316 171
45 600 144
810 79 171
251 501 144
333 303 144
542 41 144
286 166 128
34 575 144
922 459 179
75 838 171
473 193 144
657 470 145
753 973 179
473 144 144
179 322 131
201 421 144
633 546 137
706 784 153
791 624 171
443 508 142
517 138 144
45 966 179
889 334 179
278 684 145
991 319 179
786 720 153
307 442 144
256 583 144
67 402 144
681 36 145
294 14 128
580 169 144
929 103 179
511 563 137
835 459 171
922 120 179
687 145 145
69 342 144
211 74 125
643 483 142
770 172 171
546 45 144
760 772 153
55 343 144
996 238 179
80 149 122
731 371 171
867 710 153
221 78 125
158 876 179
223 629 144
471 169 144
227 791 171
759 641 171
454 201 144
957 227 179
170 299 128
474 902 179
211 480 144
993 34 179
963 310 179
435 956 179
946 2 179
822 116 171
394 237 144
966 363 179
575 323 144
294 571 144
15 220 125
833 465 171
613 206 144
217 696 145
867 379 171
233 558 144
678 890 179
847 292 171
917 611 179
683 373 145
450 633 142
7 114 119
1000 38 179
529 656 145
661 802 171
362 218 144
278 690 145
457 407 134
190 21 125
907 643 179
639 706 171
238 967 179
644 595 132
354 687 145
814 627 171
111 456 144
258 558 144
451 80 144
5 645 144
659 473 145
340 194 144
220 568 144
681 804 171
94 763 171
955 592 179
362 368 95
333 815 171
413 516 142
641 945 179
718 637 171
495 180 144
313 247 131
39 634 144
508 251 144
573 592 119
452 778 171
150 225 125
633 80 144
830 267 171
246 641 144
736 654 171
976 491 179
637 841 171
861 546 171
611 580 132
359 163 144
925 910 130
287 99 128
601 254 144
23 847 171
675 417 145
885 598 179
968 975 143
417 900 179
226 756 171
224 503 144
777 970 179
376 46 144
435 674 145
158 4 122
105 890 179
348 281 144
747 114 171
951 362 179
862 271 171
561 349 142
932 214 179
993 697 179
347 482 134
519 947 179
2 475 144
235 296 128
150 267 128
175 24 125
471 14 144
722 512 171
307 164 128
417 658 145
837 851 86
824 838 135
20 62 113
512 231 144
656 570 145
959 683 179
472 263 144
869 844 148
987 235 179
762 550 171
437 246 144
602 122 144
705 922 179
383 789 171
504 67 144
863 448 171
280 137 128
943 587 179
871 376 179
847 985 179
921 430 179
83 600 144
128 748 171
361 95 144
128 155 122
43 341 144
261 785 171
860 674 171
146 941 179
947 37 179
953 899 174
345 444 134
662 847 171
613 7 144
630 4 144
624 846 171
46 977 179
524 618 137
55 872 179
56 924 179
1000 656 179
491 587 142
692 505 145
617 192 144
564 813 171
814 604 171
731 253 171
190 13 125
312 622 144
326 255 131
601 612 132
365 261 144
719 849 153
329 702 145
301 303 43
857 602 171
198 516 144
486 108 144
208 515 144
191 988 179
71 724 171
865 989 179
915 377 179
531 670 145
483 130 144
811 810 135
756 597 171
681 496 145
471 104 144
125 998 179
457 989 179
56 697 145
890 758 179
22 820 171
25 118 119
843 440 171
685 966 179
162 406 144
108 72 119
963 193 179
682 289 145
145 653 145
111 894 179
836 876 179
882 835 179
222 75 125
642 591 132
508 768 171
923 615 179
44 678 145
604 360 142
624 588 132
133 57 122
113 673 145
544 648 137
981 734 179
867 92 171
730 875 179
648 714 171
274 18 128
860 699 171
751 434 171
677 870 171
962 416 179
369 88 144
213 816 171
715 702 171
320 642 144
16 496 144
527 507 124
459 358 134
156 629 144
629 72 144
480 686 145
799 15 171
372 346 126
372 249 144
373 231 144
519 824 171
171 502 144
276 68 128
456 367 134
565 560 44
715 211 171
80 970 179
479 262 144
209 406 144
489 231 144
996 711 179
734 747 140
826 111 171
644 73 144
153 117 122
515 301 144
652 939 179
519 60 144
524 328 142
121 955 179
43 259 128
953 725 179
443 444 72
476 570 142
31 819 171
518 392 142
266 783 171
232 673 145
284 250 123
772 643 171
38 833 171
621 181 144
854 692 171
71 229 125
538 284 144
27 250 128
371 182 144
549 909 179
569 939 179
307 401 144
518 889 179
35 231 128
123 559 144
529 302 144
258 95 128
919 480 179
861 423 171
835 791 135
944 490 179
773 734 153
158 420 144
65 554 144
784 19 171
135 776 171
21 373 144
253 651 145
502 854 171
413 928 179
409 874 179
299 779 171
750 314 171
66 514 144
871 432 179
568 465 142
3 582 144
502 422 142
943 238 179
33 91 116
761 387 171
475 972 179
850 120 171
800 400 171
481 461 129
610 660 145
855 450 171
134 274 128
196 598 144
251 21 128
749 385 171
865 203 171
945 485 179
83 983 179
632 164 144
493 76 144
403 606 142
91 386 144
308 438 144
256 28 128
591 880 179
617 229 144
606 936 179
469 662 145
489 797 171
288 119 128
230 144 125
488 688 145
421 6 144
181 775 171
898 549 179
379 585 142
550 111 144
229 522 144
927 500 179
152 875 179
800 80 171
329 41 144
736 165 171
277 334 144
498 762 171
369 506 142
141 494 144
276 573 144
278 816 171
806 55 171
393 193 144
754 826 153
272 702 145
349 267 144
95 606 144
315 54 131
85 725 171
870 202 171
427 109 144
883 689 179
820 220 171
213 319 131
698 998 179
863 198 171
487 992 179
5 332 144
405 216 144
160 902 179
227 920 179
446 341 134
350 895 179
64 149 122
188 325 131
268 356 144
949 82 179
528 1000 179
488 646 142
833 247 171
387 406 121
178 26 125
21 313 131
567 969 179
726 489 171
491 2 144
928 373 179
323 974 179
477 864 171
895 900 117
650 536 145
128 985 179
737 903 179
772 96 171
484 269 144
182 597 144
675 452 145
238 316 131
437 491 142
422 949 179
887 608 179
859 604 171
442 158 144
671 876 179
554 795 171
690 673 127
434 529 142
847 681 171
119 880 179
350 634 142
480 61 144
716 210 171
105 221 125
850 541 171
216 113 125
435 558 142
295 123 128
185 163 125
67 531 144
800 217 171
355 433 134
220 949 179
103 2 119
389 700 145
762 609 171
836 120 171
145 45 122
547 926 179
600 571 119
895 521 179
447 751 171
676 488 145
589 972 179
788 282 171
424 42 144
988 220 179
352 580 142
987 306 179
720 383 171
891 102 179
903 223 179
995 486 179
853 195 171
578 806 171
138 169 117
460 85 144
886 247 179
656 762 171
19 393 144
805 865 148
30 300 128
162 434 144
441 742 171
737 995 179
492 551 137
46 728 171
603 49 144
686 716 171
946 272 179
821 365 171
602 667 145
576 425 142
619 908 179
811 982 179
85 919 179
83 176 125
450 385 134
275 685 145
605 703 171
338 299 144
206 516 144
417 621 142
535 951 179
818 541 171
755 947 179
697 563 145
740 79 171
955 64 179
340 948 179
36 72 113
15 679 145
979 108 179
940 215 179
389 606 142
447 213 144
955 609 179
707 564 171
482 538 142
945 744 179
241 78 128
333 999 179
562 800 171
139 787 171
605 662 145
678 514 145
844 626 171
268 934 179
119 255 128
947 93 179
111 183 125
484 123 144
806 777 122
164 177 125
857 50 171
6 660 145
487 1 144
182 172 94
399 859 171
804 276 171
493 825 171
195 910 179
664 44 145
995 743 179
943 949 37
118 214 125
973 393 179
123 999 179
912 201 179
367 16 144
990 7 179
506 157 144
729 954 179
29 923 179
864 817 148
544 24 144
638 28 144
87 651 145
994 677 179
320 762 171
204 968 179
356 658 145
973 179 179
740 661 171
307 357 144
485 569 142
88 967 179
998 538 179
942 454 179
444 752 171
859 421 171
843 761 153
845 274 171
203 60 125
570 979 179
424 584 142
719 960 179
609 731 171
692 33 145
337 866 171
36 513 144
876 42 179
23 767 171
119 386 144
751 731 140
869 46 171
999 731 179
396 145 144
144 943 179
929 330 179
180 146 125
255 858 171
180 249 128
302 831 171
727 684 171
91 296 128
644 290 144
15 714 171
796 161 171
855 623 171
614 140 144
60 45 113
111 432 144
963 314 179
53 605 144
590 419 142
532 275 144
581 56 144
747 687 171
757 38 171
735 33 171
497 266 144
716 725 52
754 498 171
969 707 179
535 349 142
910 280 179
339 76 144
411 515 142
179 927 179
133 972 179
467 475 129
996 190 179
122 406 144
274 729 171
380 977 179
529 967 179
96 836 171
993 52 179
943 860 179
171 65 125
728 939 179
68 505 144
235 981 179
562 365 142
641 179 144
569 448 142
532 770 171
94 567 144
210 95 125
852 579 171
409 181 144
815 952 179
303 464 144
346 150 144
180 891 179
441 310 144
977 537 179
568 918 179
235 102 128
709 1 171
990 99 179
915 448 179
827 172 171
133 230 125
872 435 179
538 803 171
137 579 144
927 887 148
297 704 171
618 875 179
996 231 179
986 387 179
384 46 144
152 901 179
705 555 171
304 479 144
873 854 179
88 936 179
404 146 144
557 970 179
683 510 145
331 464 134
188 539 144
532 507 124
48 791 171
875 639 179
145 993 179
202 249 128
366 571 142
304 878 179
344 335 126
623 329 142
461 466 129
644 830 171
332 986 179
547 67 144
446 461 129
403 648 142
40 668 145
93 807 171
923 498 179
667 983 179
203 679 145
5 469 144
704 307 171
673 237 145
575 971 179
