1 10 20
100 200 125
201 210 89
900 1000 174
58982 984957 525
245948 552839 470
711537 777429 468
120660 449091 449
475759 619192 470
889063 976370 507
491501 732418 509
84150 294349 443
84179 927233 525
294734 820115 509
18001 604214 470
21688 388610 443
698190 806365 504
31910 659924 509
11250 992916 525
423319 992886 525
491848 546547 470
618931 885534 525
711974 821094 468
264561 290250 407
209637 625798 470
241381 855484 525
645572 704137 442
429351 717077 509
87321 177579 383
102462 575532 470
482151 523743 470
226945 764695 509
22720 280773 443
293417 737430 509
716524 990087 525
137142 743647 509
112475 745508 509
478428 718026 509
708981 862572 525
296237 733531 509
510604 793137 509
296277 750118 509
588049 750678 509
128462 254086 443
535677 977244 525
638573 822457 504
476357 598559 470
430949 885625 525
106482 725956 509
114078 528267 470
162886 199744 365
333064 853006 525
117498 226405 386
796352 848010 525
177887 971240 525
707330 793068 468
392461 606146 470
490616 667421 509
324874 723630 509
137464 931712 525
683774 749906 504
753163 827288 468
467556 761203 509
225514 387774 443
708323 861350 525
78819 935953 525
3698 728600 509
71895 99644 351
411317 553550 470
761738 986499 525
663632 951253 525
195178 958595 525
70547 182696 383
43060 475015 449
405606 440967 449
139054 575967 470
588983 870422 525
159254 409801 443
541125 715001 509
374802 818266 509
789593 822203 468
690160 735056 504
343804 668030 509
703650 863388 525
11458 547702 470
873659 974154 507
17345 361711 443
178994 762790 509
1809 119981 354
26936 514298 470
174822 532822 470
7006 223921 386
221755 828086 509
312126 609720 470
835382 924233 525
286427 395662 441
247279 716919 509
269485 382797 441
502758 970025 525
150998 928043 525
613730 997797 525
676008 807179 504
502366 731162 509
269357 949289 525
190910 543871 470
421280 944249 525
237089 763926 509
63713 614261 470
351879 902803 525
328718 775534 509
221619 391060 443
130365 897779 525
539424 811309 509
525367 757230 509
214098 998903 525
303369 454688 449
62618 210694 383
473912 991738 525
3065 461391 449
227682 881936 525
544941 769850 509
722530 780498 468
692594 750819 504
28986 288875 443
460004 481077 444
237535 467123 449
301885 353268 441
430534 893389 525
564882 645231 509
636527 723238 504
266635 389676 441
315917 908811 525
883738 998493 507
19040 341843 443
323615 766203 509
152677 441719 449
870942 950633 507
36409 120189 354
548196 610459 434
335751 603488 470
183034 866306 525
788556 915923 525
91292 443874 449
769762 785235 437
129021 825134 509
215518 775511 509
344534 530009 470
329073 903878 525
45052 456328 449
204629 696348 509
314884 371419 441
113664 845714 525
671405 698342 442
644103 707420 504
254767 628142 509
684882 841924 525
149949 470327 449
426237 589834 470
621733 821579 509
550820 651362 509
855776 937825 476
592371 611526 403
180244 784712 509
553319 930767 525
49937 184201 383
54086 192202 383
826443 903584 525
417644 714636 509
454878 954058 525
828362 841135 525
212241 612883 470
395071 743318 509
90235 481961 449
518373 696157 509
122070 657002 509
204789 602766 470
288338 825297 509
198982 219721 386
78366 681141 509
343357 964607 525
326932 592938 470
361108 710031 509
726521 759412 424
610997 734592 509
30192 793782 509
536637 638390 509
582866 836080 509
269666 392847 441
178291 765117 509
15020 282961 443
478872 831226 509
445061 711631 509
315256 439749 449
511048 999490 525
548568 825129 509
625106 898650 525
380051 604077 470
51180 860272 525
63996 886078 525
86086 475224 449
366355 406231 436
394902 575099 470
754530 813592 468
26469 233739 443
15071 253850 443
519383 540734 408
257358 817178 509
203239 728343 509
349675 775648 509
491403 868712 525
812283 960387 525
319715 584004 470
418353 440028 418
46706 456045 449
336569 677298 509
139922 215252 383
19607 860339 525
92622 754121 509
103841 946461 525
462216 503788 426
309524 980997 525
691138 732551 504
470832 625603 470
360134 892414 525
323783 762555 509
447678 654099 509
333683 457273 449
274966 921707 525
234096 652241 509
414021 739660 509
704606 740485 504
173054 326590 443
105501 245625 443
276883 585691 470
322382 629038 509
467041 748439 509
577885 583269 359
576533 819069 509
974802 995268 427
727615 878960 525
121712 717123 509
20028 31841 308
399486 630359 509
130910 205571 383
797117 895203 525
550655 866086 525
98226 886428 525
153042 754375 509
96987 730646 509
196257 597173 470
74357 305215 443
539404 692224 509
959421 990147 458
891431 920977 476
414038 963276 525
672084 995533 525
92838 643750 509
144688 627790 509
96120 287198 443
99580 883057 525
210209 653922 509
284690 912744 525
313119 740799 509
195615 263390 443
135762 782037 509
84136 333004 443
330632 524310 470
749398 836832 468
270637 510869 449
201063 877794 525
23993 152842 375
142366 756987 509
419443 469447 444
114918 742351 509
854210 947884 507
248177 515969 470
81236 799364 509
79988 422236 449
41030 936642 525
253025 757990 509
504591 929622 525
17129 323198 443
46060 794841 509
563167 927106 525
107484 779734 509
260083 628401 509
36795 660268 509
220125 920919 525
52594 273979 443
128317 143997 375
391800 528584 470
238944 261136 368
407989 493274 449
273054 577079 470
224144 784264 509
161603 336935 443
185782 378138 443
721622 756378 424
213237 653336 509
289693 727213 509
459893 794495 509
204029 957282 525
596681 955547 525
332029 549975 470
53772 937006 525
322641 531234 470
55182 322334 443
201964 527742 470
80245 870488 525
219490 606080 470
263309 772323 509
116736 905657 525
27027 103816 351
242454 619141 470
923974 957057 507
200478 749982 509
837586 956858 525
637455 879602 525
340220 591069 470
298794 370765 441
390564 844829 525
858840 978587 507
57976 102564 351
462832 988523 525
304316 546486 470
53552 401056 443
58369 634274 509
90181 411862 449
530429 802772 509
433446 600130 470
736824 950661 525
493300 827242 509
132380 875437 525
437093 883980 525
863901 914024 476
561240 567309 421
106733 487511 449
445918 661856 509
224339 372500 443
142361 198250 383
76290 772503 509
314954 906940 525
914217 999881 507
830084 911564 525
126230 885351 525
836532 949352 525
77219 595459 470
270164 497585 449
88647 756333 509
300017 469141 449
743643 957476 525
422682 663315 509
658418 699650 442
501096 529785 470
333274 558926 470
18576 463328 449
252314 572253 470
513459 734223 509
364770 765899 509
144910 467919 449
550086 601910 434
548522 600611 434
338792 898958 525
11320 968856 525
646166 909168 525
444891 656174 509
549877 575682 421
115305 746916 509
296010 655517 509
761970 915049 525
281000 339825 389
686328 861822 525
333646 927985 525
366326 820752 509
42458 309200 443
327790 683355 509
204277 840480 525
254052 842446 525
816445 902243 525
192919 708317 509
485957 847003 525
363932 473389 449
152445 158230 383
579696 596532 434
329049 694166 509
386547 743090 509
235073 262826 368
31622 676565 509
441958 507146 444
542829 788820 509
372196 697019 509
540271 871074 525
301309 464727 449
483552 775082 509
361739 642412 509
326971 470153 449
117060 747492 509
852267 860375 419
234598 457133 449
439445 613499 470
39473 136066 354
503797 675450 509
613148 856923 525
365520 924411 525
383202 575215 470
161996 243372 443
102068 857862 525
457127 880797 525
522197 754796 509
199898 514660 470
376147 507267 449
344253 760503 509
238011 518738 470
417528 626812 509
564494 784472 509
957299 990451 458
789826 933031 525
230434 981522 525
79839 318250 443
379144 864926 525
363795 634410 509
658281 779055 504
442139 639331 509
180624 223794 386
396742 403266 387
456318 550993 470
958967 992499 458
72633 523378 470
327528 667381 509
300351 444243 449
412584 854210 525
272766 941764 525
371625 814448 509
262372 863810 525
79475 667554 509
135856 277766 443
541343 931420 525
38701 894682 525
68671 712242 509
796217 964301 525
71951 376025 443
458711 781348 509
878190 906672 445
112087 797237 509
498782 760953 509
863350 925084 476
5340 690322 509
378626 481912 449
105867 995252 525
695096 813007 504
602130 631739 509
119540 979744 525
354338 358716 379
761370 950168 525
389349 803984 509
444121 693795 509
86324 383034 443
256860 833400 509
457428 995781 525
166030 344110 443
823720 899005 525
332510 713171 509
221236 966781 525
205740 473422 449
37340 187222 383
209674 537409 470
439235 598837 470
180469 639000 509
49889 319282 443
270420 307345 389
44271 89160 351
234734 835151 509
794023 803799 468
27908 905007 525
552261 578034 421
263723 826380 509
874903 940452 507
85191 679497 509
57424 340207 443
879294 880089 357
172306 819546 509
88059 294657 443
474488 916390 525
268954 354909 441
457581 565849 470
126580 686990 509
629250 840502 525
122797 987352 525
287186 332243 389
97842 668649 509
10771 46051 324
19965 249346 443
211563 745460 509
409946 526333 470
390890 455601 449
270450 470258 449
348425 579721 470
16489 277694 443
456827 992359 525
556289 898418 525
76417 239158 443
81383 784000 509
341659 691824 509
95752 585844 470
78758 685103 509
552336 688014 509
155739 251582 443
127905 835283 509
217646 752664 509
360017 534764 470
63970 998394 525
203110 707529 509
244972 423713 449
171908 917984 525
350352 772152 509
367474 891006 525
81572 457008 449
775634 930173 525
344343 456074 449
621272 854772 525
629610 808305 504
351689 944995 525
70456 468178 449
401011 774199 509
285144 942729 525
256988 523030 470
893073 969504 507
194413 846501 525
533784 770083 509
143826 769734 509
747187 901829 525
438956 539577 470
294389 577219 470
906397 987372 507
284467 734870 509
549398 950845 525
212564 252060 443
824608 960336 525
268321 514388 470
321874 979896 525
591603 964855 525
378990 598632 470
272607 606472 470
78596 997227 525
753772 830900 468
788914 844353 525
178318 445872 449
309704 771334 509
42730 438292 449
128900 384564 443
285162 916204 525
422673 488376 444
251269 819053 509
438869 960190 525
78974 178861 383
393285 849724 525
153568 256861 443
208198 913700 525
99475 197301 383
246202 977960 525
513921 550216 452
653355 823845 504
244867 818357 509
6625 554932 470
194080 769032 509
668078 910780 525
60601 779712 509
487051 854828 525
6410 127035 354
830546 993994 525
512849 823204 509
252618 956501 525
222095 566365 470
8344 674477 509
263828 320975 407
169797 443623 449
539934 881149 525
125508 949570 525
107621 924411 525
409528 513979 470
789 380405 443
587831 995945 525
166030 401766 443
553050 926205 525
104932 272221 443
147934 586500 470
414745 594819 470
21514 296910 443
94429 617137 470
791511 842283 525
466928 895704 525
381493 925141 525
545585 943411 525
723978 971926 525
340040 572834 470
11435 219723 386
421770 457560 418
312390 483816 449
346167 989411 525
445091 863027 525
386339 927599 525
72947 346571 443
309005 437305 449
158383 247116 443
510802 623422 470
119324 522983 470
185921 591768 470
532220 591499 452
24786 982799 525
434752 968089 525
497299 816473 509
402901 583467 470
23927 589769 470
667242 963096 525
438124 481716 444
38772 543340 470
327120 846274 525
22363 313787 443
203762 479981 449
563655 802848 509
166069 332676 443
96059 134229 354
87752 902484 525
66022 887901 525
19665 877012 525
6139 611183 470
27211 592035 470
428413 643712 509
367012 628471 509
202028 352503 443
230111 716995 509
368138 910623 525
388241 390672 436
388945 963428 525
80594 997077 525
563817 589569 434
392290 822957 509
747517 839551 525
624436 867101 525
487322 841328 525
118465 266285 443
584835 973875 525
104824 954354 525
789882 946605 525
878054 944992 507
203197 764694 509
144788 786781 509
327513 981702 525
182404 830884 509
40925 707850 509
423657 781616 509
504886 510951 382
267434 644552 509
270003 794872 509
503284 690485 509
514962 957076 525
469421 600255 470
622687 772992 509
553383 991181 525
384511 572057 470
103918 329538 443
781583 853496 525
122373 805851 509
156516 316525 443
232354 823879 509
476708 695464 509
553150 726685 509
346140 392090 436
285809 406491 441
226633 966773 525
34073 213763 383
545703 851361 525
218485 783066 509
299970 714353 509
584878 987516 525
262840 923115 525
590917 706094 509
719005 966619 525
177355 459974 449
243835 545467 470
985365 993638 396
322599 326190 384
177619 587783 470
102207 308607 443
672946 850180 525
477483 751672 509
792413 884164 525
119501 748891 509
271399 701515 509
198427 244036 443
225181 609855 470
143469 597065 470
84418 884511 525
57672 965859 525
346239 946763 525
20861 940534 525
42055 247533 443
734039 872219 525
48256 756689 509
755952 841103 525
223987 812655 509
484350 628351 509
191355 306031 443
210203 758755 509
96746 495801 449
384563 559376 470
397739 824157 509
931108 973283 507
121475 561372 470
552584 914725 525
482512 813758 509
301339 759014 509
576441 915618 525
32714 289443 443
207021 540302 470
87547 233688 443
240746 549705 470
316072 393778 441
327365 655418 509
123685 634216 509
383284 647134 509
221947 462630 449
620578 992717 525
480835 989500 525
66410 910484 525
557174 761223 509
276486 605142 470
155590 917998 525
40929 71850 340
779250 863419 525
379847 616276 470
344520 793037 509
540912 768142 509
277005 941323 525
131202 180477 383
216940 832489 509
77233 876377 525
569436 919581 525
380252 462068 449
19008 430387 449
471363 963351 525
472438 541146 470
103727 187265 383
659738 868486 525
86924 152862 375
264867 398546 441
416582 621640 470
145790 778764 509
46526 915701 525
241858 671340 509
410886 761694 509
32575 129466 354
609657 978120 525
649147 807620 504
305249 855700 525
13901 544993 470
415098 499425 444
802474 850253 525
13101 430099 449
78981 645974 509
371383 874937 525
607266 719718 509
137379 492886 449
248236 919774 525
742088 944021 525
217275 688737 509
183594 320151 443
178872 435299 449
582795 781043 509
856889 905931 445
59912 707264 509
700757 715228 504
18 14038 276
165497 492404 449
870446 996170 507
612948 863894 525
312820 977082 525
143163 788691 509
240002 285092 407
769515 779186 437
833508 964901 525
207890 742322 509
173260 990772 525
293443 597728 470
272367 590213 470
227470 378616 443
471439 590726 470
672479 687942 398
574683 726827 509
197507 665972 509
153342 639249 509
301414 764064 509
31281 219355 386
558220 819141 509
213941 701579 509
327198 961916 525
116951 601851 470
84697 434506 449
243755 396451 441
215476 562171 470
860939 925538 476
586041 663657 509
486904 932130 525
198083 344564 443
311475 689910 509
594400 903654 525
429027 591989 470
111855 973579 525
122816 388671 443
307298 584243 470
841890 847474 419
69820 487975 449
458034 478558 444
7618 637990 509
143842 732708 509
647956 940856 525
114128 119259 349
9031 849542 525
164357 432361 449
493164 740661 509
30109 952300 525
496636 896282 525
519862 543253 408
154306 832554 509
152299 222462 386
540224 793886 509
462280 652686 509
408559 952154 525
707984 959159 525
902642 923682 476
501505 690761 509
204149 377163 443
12738 520846 470
27826 726169 509
1816 830919 509
598062 982708 525
151357 627049 509
632809 846159 525
168011 763020 509
316503 397980 441
309235 893756 525
306854 483637 449
298436 838743 525
401904 651273 509
504250 763022 509
242981 408100 441
164556 201569 365
477667 592087 470
782116 810280 468
683962 975526 525
643526 673760 442
527125 741084 509
596512 600649 372
39708 172445 383
373858 904283 525
29360 666660 509
570550 907705 525
680367 772306 504
726611 976357 525
7377 122526 354
55918 875762 525
4061 869498 525
823771 933275 525
859995 931800 476
190324 726232 509
93663 499521 449
689805 908294 525
301702 363002 441
615504 865959 525
315270 807205 509
744516 781329 468
135343 563594 470
16584 705697 509
273256 951099 525
143235 591014 470
213433 324537 443
49236 179871 383
472044 772842 509
266567 337599 407
522958 564496 452
452240 822996 509
375777 976565 525
739798 739885 287
97182 749442 509
296607 900944 525
21878 904585 525
652004 827467 504
437353 755313 509
671100 892232 525
443855 649507 509
57308 387515 443
366644 436050 449
89796 685553 509
215645 654006 509
830349 923266 525
451136 994156 525
483239 828366 509
555217 732191 509
475865 623517 470
280346 721163 509
489289 635684 509
37341 471704 449
300827 543222 470
370321 968870 525
663999 912879 525
455075 469018 444
393581 604093 470
569702 573508 377
215061 836274 509
98052 449853 449
49686 949590 525
903439 951486 507
177522 651533 509
190826 226373 386
486821 513251 470
14404 667590 509
69465 685736 509
163476 254754 443
691520 706988 504
320206 735270 509
320699 484047 449
36528 248524 443
56734 69929 335
266284 310533 407
166375 648161 509
212056 357812 443
110842 881203 525
163787 407484 443
281691 776717 509
802106 872218 525
931355 960160 507
207480 670169 509
530228 609758 452
710183 733435 411
816987 880474 525
134888 550316 470
523104 960567 525
861222 970214 507
72563 220402 386
603586 771006 509
936966 999150 507
436998 645334 509
694536 751681 504
86038 181546 383
72065 843766 525
736367 976143 525
370282 859380 525
822616 898939 525
296043 408902 441
266640 824904 509
490771 565375 470
509139 531913 470
96931 592221 470
467770 836312 509
561634 732249 509
564844 655867 509
117792 175222 383
227942 562210 470
102907 499084 449
394361 428185 449
586369 963702 525
90976 160603 383
109706 933984 525
179704 820903 509
782563 943300 525
15979 628337 509
99263 409767 443
59390 780498 509
447918 727977 509
601372 678451 509
857370 898400 445
580819 962184 525
766649 772620 468
241460 981059 525
46999 209976 383
133630 893735 525
734059 975558 525
130531 379148 443
326629 643872 509
426700 522465 470
9372 673463 509
215587 657747 509
304822 888141 525
725851 991794 525
157382 427668 449
541890 942124 525
76905 422849 449
224534 517674 470
167691 360068 443
125081 144124 375
285916 594967 470
917972 960142 507
387804 580597 470
493769 518193 470
445520 581841 470
764044 803772 468
464485 611296 470
2462 5142 238
230739 748286 509
409959 503887 449
17205 778767 509
547363 624199 447
265528 561033 470
307013 877237 525
