7 44 112
4 75 116
18 79 116
14 96 116
6 9 20
9 73 116
7 41 112
19 74 116
4 15 20
19 41 112
13 79 116
6 27 112
20 86 116
19 26 24
12 55 113
18 21 21
19 98 119
3 65 113
6 72 113
3 38 112
3 10 20
8 26 24
11 47 112
9 50 112
11 80 116
1 64 113
3 67 113
1 76 116
7 50 112
14 75 116
2 38 112
6 61 113
9 12 20
18 94 116
11 23 21
1 30 112
17 24 21
12 51 112
18 48 112
20 44 112
4 12 20
10 63 113
13 47 112
18 59 113
14 53 112
13 45 112
6 99 119
10 29 112
8 75 116
10 94 116
18 82 116
7 14 20
14 85 116
9 19 21
11 61 113
18 48 112
1 63 113
10 44 112
14 24 21
11 49 112
13 87 116
18 92 116
10 29 112
17 14 18
20 38 112
14 28 112
7 27 112
14 48 112
1 66 113
12 99 119
10 14 18
9 14 20
17 80 116
7 45 112
7 71 113
14 19 21
13 29 112
15 94 116
6 58 113
13 46 112
9 50 112
14 41 112
5 79 116
18 82 116
10 5 20
20 19 21
8 87 116
6 58 113
16 55 113
19 46 112
16 66 113
4 28 112
12 14 18
7 64 113
15 16 18
20 83 116
19 34 112
11 68 113
8 50 112
7 50 112
4 97 119
9 10 20
5 20 21
4 16 20
14 33 112
9 36 112
3 74 116
5 16 20
3 98 119
18 93 116
16 5 20
15 28 112
10 27 112
8 86 116
9 88 116
9 40 112
13 79 116
7 33 112
8 45 112
5 57 113
11 81 116
2 87 116
7 39 112
4 99 119
15 22 21
5 47 112
18 79 116
18 85 116
6 100 119
1 7 17
8 5 17
15 98 119
12 86 116
11 75 116
6 29 112
15 75 116
3 80 116
5 51 112
6 72 113
14 66 113
6 61 113
7 51 112
12 83 116
5 58 113
11 45 112
2 86 116
4 84 116
18 93 116
13 31 112
4 5 6
6 50 112
11 88 116
10 45 112
2 59 113
16 87 116
4 75 116
10 16 18
4 69 113
3 37 112
7 8 17
17 91 116
12 68 113
2 3 8
10 98 119
20 33 112
19 11 21
13 19 21
17 35 112
12 4 20
17 96 116
18 43 112
7 12 20
5 94 116
1 72 113
3 1 8
17 25 24
8 85 116
18 41 112
9 57 113
11 23 21
5 100 119
6 77 116
10 59 113
12 56 113
9 38 112
18 58 113
8 83 116
6 88 116
1 88 116
8 61 113
19 15 21
7 55 113
8 3 17
16 29 112
14 5 20
17 90 116
4 65 113
11 82 116
2 59 113
2 92 116
14 18 21
6 20 21
5 81 116
3 50 112
4 93 116
15 67 113
16 83 116
13 89 116
17 26 24
18 43 112
12 89 116
19 42 112
13 71 113
13 83 116
16 40 112
1 45 112
17 77 116
20 55 113
13 79 116
4 45 112
8 57 113
6 15 20
13 24 21
14 99 119
12 57 113
9 79 116
4 87 116
18 44 112
16 26 24
13 39 112
9 60 113
2 33 112
19 62 113
1 30 112
18 86 116
11 70 113
11 93 116
19 1 21
2 24 21
8 61 113
7 29 112
4 19 21
6 16 20
2 78 116
17 95 116
14 35 112
13 4 20
9 90 116
20 81 116
20 99 119
5 22 21
4 54 113
15 8 20
4 97 119
8 5 17
13 47 112
15 17 18
3 69 113
1 16 20
15 21 21
4 2 8
8 83 116
14 40 112
13 6 20
20 27 112
13 15 18
20 7 21
9 10 20
3 47 112
8 22 21
7 33 112
2 14 20
8 58 113
15 9 20
17 27 112
8 22 21
2 41 112
15 3 20
15 44 112
15 76 116
16 40 112
4 13 20
7 73 116
20 65 113
2 57 113
8 21 21
6 98 119
14 25 24
15 43 112
11 93 116
19 49 112
18 56 113
1 35 112
3 30 112
6 91 116
15 29 112
10 46 112
5 79 116
17 44 112
6 71 113
14 14 18
7 81 116
14 53 112
15 39 112
10 40 112
7 83 116
3 90 116
17 83 116
2 1 2
5 61 113
19 87 116
17 27 112
15 59 113
5 18 21
11 52 112
11 100 119
18 23 21
5 39 112
6 99 119
15 66 113
11 82 116
8 55 113
16 70 113
17 87 116
9 69 113
1 27 112
12 27 112
1 28 112
20 79 116
15 45 112
17 73 116
3 96 116
14 19 21
14 91 116
15 78 116
11 17 18
16 76 116
12 35 112
14 32 112
6 8 17
19 7 21
1 97 119
6 22 21
2 30 112
3 57 113
12 18 21
17 34 112
5 31 112
9 63 113
10 40 112
5 42 112
7 73 116
6 3 9
13 89 116
10 22 21
15 63 113
2 45 112
3 63 113
11 13 15
5 31 112
18 77 116
6 14 20
14 65 113
11 62 113
9 66 113
14 23 21
18 53 112
6 56 113
10 62 113
3 81 116
20 90 116
5 10 20
7 66 113
2 96 116
7 17 20
2 10 20
7 40 112
15 80 116
2 56 113
15 91 116
13 20 21
17 64 113
9 62 113
18 72 113
14 13 18
20 44 112
7 78 116
8 99 119
15 23 21
18 57 113
13 40 112
9 31 112
8 57 113
6 38 112
17 49 112
5 80 116
9 62 113
4 35 112
16 69 113
5 40 112
12 25 24
2 86 116
20 16 21
4 17 20
8 2 17
20 62 113
10 67 113
17 19 21
11 60 113
20 5 21
20 2 21
11 12 15
5 31 112
14 31 112
19 81 116
12 3 20
15 13 18
8 75 116
18 77 116
16 12 18
4 47 112
6 38 112
13 98 119
16 52 112
14 74 116
16 64 113
11 96 116
15 15 18
17 68 113
19 36 112
11 80 116
2 39 112
18 78 116
7 78 116
10 53 112
1 24 21
17 69 113
10 23 21
19 45 112
8 84 116
16 82 116
18 80 116
13 35 112
7 74 116
13 52 112
3 28 112
20 40 112
9 16 20
19 39 112
5 56 113
15 36 112
3 94 116
5 40 112
8 14 20
3 56 113
10 30 112
8 77 116
10 29 112
6 7 17
8 63 113
1 43 112
14 65 113
5 70 113
7 88 116
8 72 113
4 97 119
6 70 113
14 64 113
6 8 17
3 90 116
18 30 112
5 26 24
8 54 113
13 78 116
3 96 116
5 60 113
9 42 112
13 3 20
15 83 116
1 13 20
7 42 112
4 56 113
18 11 21
6 24 21
6 98 119
3 17 20
15 9 20
11 60 113
7 18 21
18 64 113
8 81 116
5 87 116
1 68 113
3 8 17
13 61 113
7 65 113
7 28 112
19 42 112
20 50 112
10 93 116
17 23 21
3 182 125
29 21 112
31 134 122
10 115 119
33 214 125
44 173 125
5 44 112
2 122 119
29 127 119
47 11 112
14 66 113
5 49 112
49 75 116
27 16 112
19 18 21
13 206 125
4 9 20
39 149 122
15 209 125
32 112 119
5 123 119
44 137 122
49 164 122
38 183 125
9 43 112
12 59 113
44 161 122
48 175 125
26 163 122
39 78 116
7 29 112
43 40 110
35 98 119
41 173 125
22 169 122
18 144 122
31 67 113
34 206 125
28 154 122
41 113 119
32 130 122
1 121 119
21 195 125
40 170 122
10 36 112
11 168 122
40 155 122
38 42 110
42 1 112
34 5 112
38 98 119
47 126 119
32 105 119
18 133 122
34 26 112
39 38 35
19 106 119
26 76 116
21 11 21
46 81 116
29 86 116
33 64 113
20 21 8
26 187 125
38 210 125
2 125 119
22 122 119
33 183 125
32 215 125
49 76 116
8 123 119
16 207 125
7 197 125
45 158 122
26 1 24
4 89 116
38 52 110
15 192 125
27 34 112
7 97 119
21 193 125
47 122 119
46 187 125
6 55 113
21 112 119
43 125 119
24 93 116
33 208 125
11 21 21
24 183 125
34 78 116
3 157 122
9 24 21
35 190 125
47 131 122
18 57 113
12 166 122
12 99 119
43 49 105
18 2 21
45 87 116
47 103 119
48 41 110
25 200 125
48 132 122
50 181 125
30 130 122
27 151 122
33 168 122
4 56 113
38 147 122
24 127 119
25 185 125
35 204 125
7 215 125
15 111 119
16 86 116
39 202 125
24 162 122
18 108 119
29 139 122
10 5 20
34 219 125
7 104 119
8 198 125
23 90 116
2 118 119
18 198 125
31 14 112
43 133 122
44 97 119
21 18 21
13 75 116
25 74 116
30 193 125
30 11 112
7 50 112
42 112 119
13 203 125
2 15 20
5 184 125
29 106 119
9 173 125
16 175 125
30 84 116
43 174 125
4 120 119
39 81 116
3 31 112
44 119 119
31 185 125
22 38 112
18 93 116
20 201 125
33 10 112
20 18 21
26 27 112
49 153 122
16 219 125
32 213 125
11 85 116
36 107 119
40 75 116
27 98 119
37 118 119
39 150 122
17 42 112
33 85 116
9 116 119
5 184 125
44 6 112
50 54 113
32 87 116
15 184 125
42 173 125
49 205 125
7 147 122
25 157 122
8 31 112
18 113 119
22 92 116
2 14 20
45 81 116
1 172 125
12 167 122
29 145 122
29 174 125
36 39 35
2 12 20
31 198 125
15 30 112
44 219 125
3 51 112
13 186 125
45 175 125
35 56 113
3 185 125
41 114 119
39 201 125
25 134 122
6 78 116
48 192 125
40 195 125
32 80 116
49 202 125
44 154 122
20 142 122
49 30 110
50 150 122
41 220 125
28 151 122
38 133 122
2 81 116
3 204 125
15 195 125
30 36 107
27 29 112
18 213 125
20 159 122
15 169 122
34 217 125
38 91 116
8 170 122
34 172 125
31 2 112
48 18 112
23 192 125
27 220 125
18 132 122
32 36 27
20 142 122
28 189 125
16 111 119
21 201 125
46 138 122
48 88 116
22 140 122
9 202 125
9 165 122
39 70 113
43 68 113
45 128 119
11 113 119
19 91 116
50 193 125
33 40 35
24 30 112
27 218 125
17 146 122
13 59 113
38 167 122
10 171 125
50 25 112
16 184 125
36 179 125
26 147 122
19 132 122
1 186 125
1 142 122
23 20 16
7 6 17
21 101 119
40 88 116
38 151 122
49 76 116
18 162 122
36 38 22
13 127 119
28 6 112
31 2 112
49 145 122
33 69 113
14 102 119
32 25 112
19 156 122
11 103 119
13 173 125
9 212 125
3 3 8
16 31 112
50 2 112
23 152 122
50 52 25
31 99 119
45 53 105
44 90 116
20 71 113
41 32 110
48 17 112
22 199 125
41 15 112
24 90 116
34 68 113
1 36 112
49 4 112
29 35 107
29 101 119
15 1 20
44 172 125
32 188 125
35 68 113
31 134 122
43 36 110
47 218 125
37 111 119
34 58 113
1 34 112
13 134 122
49 173 125
35 1 112
45 50 105
32 71 113
43 215 125
47 71 113
14 78 116
8 206 125
21 16 21
24 85 116
8 112 119
7 121 119
10 43 112
4 121 119
33 189 125
34 126 119
18 137 122
39 111 119
36 5 112
30 38 107
35 13 112
46 207 125
6 159 122
13 85 116
22 93 116
31 111 119
11 120 119
23 70 113
47 172 125
38 176 125
46 12 112
33 208 125
7 144 122
19 22 21
46 34 110
47 109 119
46 183 125
1 98 119
1 67 113
6 168 122
5 127 119
32 165 122
32 103 119
3 132 122
44 3 112
15 39 112
37 116 119
47 105 119
34 130 122
16 46 112
23 68 113
41 48 110
47 17 112
18 191 125
16 88 116
45 39 110
36 42 110
48 17 112
7 97 119
15 124 119
25 125 119
21 47 112
32 109 119
39 69 113
19 115 119
18 192 125
47 56 113
9 122 119
19 94 116
47 110 119
31 120 119
33 60 113
24 190 125
14 205 125
42 63 113
27 2 112
7 136 122
26 46 112
6 18 21
27 139 122
1 75 116
4 46 112
18 9 21
46 208 125
25 68 113
3 131 122
29 83 116
11 69 113
24 91 116
11 51 112
1 172 125
26 157 122
34 205 125
35 82 116
46 187 125
50 212 125
10 13 15
4 62 113
39 3 112
46 102 119
36 177 125
37 2 112
19 104 119
27 102 119
29 73 116
28 57 113
26 61 113
21 182 125
38 52 110
7 106 119
46 129 122
25 131 122
4 183 125
26 99 119
25 11 24
6 15 20
26 83 116
47 116 119
13 131 122
28 157 122
18 215 125
38 78 116
19 129 122
32 193 125
36 125 119
18 214 125
21 11 21
48 97 119
18 171 125
3 77 116
30 176 125
25 12 24
32 56 113
17 39 112
38 57 113
28 204 125
50 167 122
9 127 119
22 44 112
23 17 21
11 64 113
2 178 125
23 153 122
37 82 116
17 147 122
4 141 122
25 211 125
37 125 119
42 118 119
22 9 21
10 69 113
23 15 21
2 103 119
32 162 122
50 123 119
49 23 112
2 104 119
2 30 112
24 12 21
7 38 112
25 109 119
27 37 112
45 219 125
22 217 125
39 7 112
8 105 119
33 88 116
3 36 112
9 192 125
19 85 116
23 102 119
5 202 125
10 211 125
35 111 119
46 27 112
43 108 119
41 182 125
50 123 119
10 165 122
31 173 125
13 44 112
11 219 125
17 145 122
24 201 125
14 186 125
28 122 119
10 207 125
10 52 112
40 12 112
5 15 20
10 219 125
