83176 845456 525
30513 951970 525
83574 102849 341
10461 77027 340
78484 938977 525
25108 529148 470
57104 838524 525
11293 690270 509
95935 503782 449
88633 299173 443
90212 329127 443
42948 799087 509
61245 918042 525
74449 603955 470
1694 841634 525
8007 980871 525
3443 132205 354
40979 767279 509
56205 141105 354
61080 426023 449
89191 955170 525
41172 419762 449
79928 929770 525
19101 388128 443
31769 913225 525
84043 962906 525
65368 779238 509
34740 690069 509
66154 841940 525
95099 193424 383
59374 169938 383
14698 772243 509
20948 680494 509
43852 760233 509
57670 466021 449
51331 622388 470
42055 79812 351
61900 305537 443
35638 656201 509
10692 159712 383
98297 673815 509
35779 857804 525
76193 360602 443
51948 321194 443
16763 736940 509
48479 358931 443
27016 944184 525
58661 526005 470
49520 687523 509
4980 698530 509
65685 642901 509
40801 91086 351
43689 879419 525
14353 764997 509
68331 606638 470
36487 654100 509
9533 563677 470
20048 766208 509
32538 59775 340
22950 643171 509
13919 151074 375
15191 219942 386
19236 165977 383
78650 752638 509
66118 451168 449
26680 224138 386
6500 614480 470
68259 684207 509
43648 228198 386
62161 650443 509
73826 906628 525
67978 232934 443
38592 246158 443
68383 994657 525
66406 800382 509
24506 517337 470
22628 44016 324
46824 484811 449
33844 397935 443
57473 403903 443
81277 378056 443
31797 170242 383
8325 91242 351
76483 319439 443
38645 203134 383
975 46308 324
73273 221628 386
95779 412889 449
80 492199 449
88259 695573 509
20626 812840 509
35267 360288 443
62671 699305 509
73126 870231 525
16889 737877 509
52878 731248 509
31934 240821 443
43617 795270 509
2930 658279 509
41939 996645 525
66616 981257 525
81497 384953 443
89783 92616 333
98392 970997 525
86485 492067 449
6529 684606 509
41175 680260 509
59880 554746 470
92008 424976 449
3774 769393 509
84277 246723 443
14221 430433 449
85828 505483 449
43286 243841 443
59453 736940 509
23209 938041 525
22761 308469 443
43240 509283 449
19915 420539 449
2350 113382 354
35671 98359 351
61875 904418 525
59439 207304 383
4902 788968 509
50825 799457 509
74732 821891 509
56009 784926 509
70336 631741 509
11591 992619 525
93306 763544 509
49763 799098 509
19378 662577 509
32914 151126 375
88387 245233 443
91759 585612 470
73528 312174 443
90296 527525 470
35200 441421 449
49705 533277 470
42181 883458 525
48776 305100 443
25385 895264 525
5866 474023 449
41499 896785 525
93973 918937 525
78254 228904 386
46198 878263 525
11136 858303 525
55125 96043 351
21694 633755 509
90260 978502 525
64067 365623 443
25501 678870 509
25168 757205 509
34245 553783 470
60365 577583 470
79138 378713 443
77560 465259 449
71224 999849 525
92213 352081 443
48741 55074 340
98686 185874 383
57852 505167 449
63804 995427 525
9345 180416 383
49614 282862 443
75595 607812 470
75037 181294 383
7825 488231 449
66054 531531 470
62430 611863 470
14844 933599 525
7045 581958 470
21449 359662 443
6340 793604 509
28096 49647 324
73883 325429 443
39773 814717 509
36604 796049 509
39589 431804 449
89073 472028 449
40430 651732 509
97760 395853 443
60640 882873 525
10549 320578 443
32284 958800 525
47989 408750 443
49910 621825 470
30872 315380 443
40747 633915 509
46028 285982 443
13294 868902 525
30477 330012 443
9414 317550 443
74370 647652 509
18003 644887 509
90667 462096 449
56210 790874 509
38187 640302 509
11560 648401 509
83831 666459 509
2623 610923 470
88839 536557 470
65367 399167 443
70464 985434 525
53998 395409 443
91694 548376 470
84179 309268 443
2074 480158 449
51100 567598 470
43830 953533 525
34893 522830 470
46649 969913 525
30386 776155 509
37527 424555 449
16236 204173 383
42091 341248 443
99953 574655 470
7438 194899 383
54841 592133 470
63416 854702 525
123 325411 443
50389 205519 383
27657 631872 509
68270 287748 443
77565 818572 509
33870 798862 509
73775 628916 509
53488 145765 375
69023 983964 525
73611 370801 443
24802 700986 509
69844 596716 470
17997 877784 525
64019 416168 449
42678 910711 525
16302 463877 449
75495 517937 470
95918 694297 509
96618 988126 525
86795 717898 509
28765 285542 443
97520 540259 470
25936 544210 470
5991 81085 351
33718 562113 470
64850 550234 470
85037 618418 470
67697 87134 351
13956 719310 509
24336 151019 375
56823 332071 443
19772 725148 509
68985 798922 509
36425 749334 509
5462 422476 449
84225 824458 509
16954 968383 525
82840 622473 470
22507 567092 470
27602 40765 324
53062 671795 509
9621 425006 449
22022 770651 509
36011 819117 509
9035 48143 324
82364 152683 375
90737 585030 470
87928 746572 509
12702 813626 509
15080 203701 383
47573 479488 449
47266 944118 525
65681 909227 525
2293 476814 449
8690 819203 509
39290 154577 375
12099 141279 354
94727 813913 509
26228 124424 354
59852 918240 525
80838 635867 509
90872 552780 470
39229 465104 449
21051 637551 509
98031 827960 509
59847 307447 443
7113 491650 449
90870 327692 443
97054 264833 443
40784 910146 525
13225 991289 525
33924 956393 525
87016 247759 443
83239 695294 509
17650 302913 443
88345 549357 470
94004 453343 449
88847 355289 443
75848 924156 525
60590 97005 351
95501 181550 383
26922 183872 383
95832 708822 509
29585 280494 443
86604 864627 525
9589 788768 509
57533 624486 470
51717 426785 449
1310 129833 354
52057 302086 443
38089 367794 443
32093 475985 449
57425 194571 383
65924 578554 470
55242 358386 443
83457 279188 443
80947 232391 443
7246 104801 351
34786 478015 449
75776 736227 509
83432 825341 509
82762 528294 470
72735 265659 443
64982 406908 443
97906 945901 525
66484 413800 449
50146 106288 354
29816 199618 383
11865 469660 449
83725 577856 470
31125 869894 525
71145 261242 443
85548 275894 443
7810 368621 443
57452 543056 470
57706 70660 335
29823 680049 509
58372 202130 383
57837 762396 509
6678 945396 525
38111 254466 443
85825 679237 509
86823 878855 525
98687 469927 449
77805 172504 383
16453 339455 443
60030 276371 443
36533 135842 354
87040 598681 470
94034 626255 470
68513 968173 525
63923 946836 525
38044 764854 509
8959 602409 470
69126 746756 509
49072 821896 509
45445 215353 383
55962 417851 449
12429 125200 354
4091 982505 525
52620 743218 509
56221 416700 449
91607 978295 525
18891 88310 351
81715 642505 509
60680 843979 525
11791 301932 443
94308 970083 525
20761 802752 509
48488 366400 443
54341 875760 525
25826 168804 383
99392 160326 383
7708 901113 525
17955 990418 525
8013 458558 449
61749 758773 509
97302 739616 509
51914 407859 443
45523 612874 470
69183 699374 509
89893 771943 509
18005 173547 383
55212 620949 470
84347 795889 509
19146 122457 354
79105 525106 470
20111 762760 509
21635 910619 525
85195 520012 470
34492 580192 470
99918 183726 383
52318 886529 525
39350 592383 470
8290 267617 443
27615 861101 525
80829 211164 383
48199 484647 449
91463 891420 525
27353 361008 443
96864 125647 354
9376 358956 443
86345 323780 443
49344 885239 525
52180 818291 509
32201 168137 383
22624 416522 449
72665 253799 443
19093 791554 509
68926 113788 354
81518 84141 320
94607 542512 470
8927 124282 354
50935 680013 509
35971 165457 383
71077 219361 386
19663 73540 340
98558 490911 449
99692 732735 509
98619 631717 509
77318 814102 509
28298 982212 525
52692 184419 383
69759 566376 470
97608 631246 509
88919 715386 509
78403 126710 354
33906 295683 443
87285 723406 509
46934 352027 443
250 563448 470
80113 354316 443
68081 166744 383
70149 907202 525
74494 416055 449
88178 389697 443
45196 473142 449
52882 433029 449
47632 703046 509
33522 373100 443
3339 993198 525
6174 70961 340
43875 131878 354
92703 822830 509
69251 227082 386
86487 652412 509
4037 850689 525
34834 964996 525
37352 791065 509
77855 593027 470
21881 846775 525
1790 455730 449
43906 635745 509
97866 578122 470
69090 814110 509
67607 754701 509
38913 72410 340
49046 476270 449
13860 225008 386
3702 575922 470
71140 473955 449
42365 758970 509
46543 267764 443
42172 374779 443
77058 112513 354
85494 782299 509
75813 466880 449
55770 311906 443
36832 643137 509
11256 990470 525
74778 357599 443
68104 297258 443
47520 603535 470
91354 150648 375
53777 588978 470
39366 313334 443
80122 471254 449
94970 420278 449
48684 828971 509
314 314196 443
46922 279213 443
14435 417121 449
62846 850873 525
42453 881419 525
13595 135404 354
95353 467608 449
22325 649762 509
96939 955715 525
75485 571095 470
26100 114541 354
73103 349282 443
49055 739355 509
36950 532881 470
69644 75903 325
76044 954688 525
6253 303334 443
50642 236806 443
13488 370169 443
83031 894114 525
83993 617587 470
3396 364489 443
43694 448466 449
64181 99007 351
37215 733151 509
39637 849005 525
10209 587354 470
10409 148929 375
36929 842463 525
27954 516495 470
25355 779601 509
23692 23998 251
38307 425888 449
78653 542547 470
9654 742987 509
54714 176585 383
83053 235364 443
60888 200182 383
19946 119224 354
41685 952632 525
74799 783651 509
67259 461001 449
8324 511134 449
6584 452047 449
48400 418086 449
72742 631999 509
42591 196709 383
74371 266918 443
94593 704396 509
81253 233202 443
70633 755910 509
29084 409123 443
25542 646695 509
28090 32815 285
90993 985446 525
60669 360303 443
64674 616918 470
70889 375136 443
31784 905581 525
28396 936595 525
96142 859532 525
88151 791352 509
38832 44541 306
96429 242129 443
35882 415888 449
536 657597 509
38758 709460 509
22252 950665 525
61318 102914 351
26375 244071 443
73913 371268 443
18284 392100 443
54707 483209 449
30897 763087 509
31799 363554 443
64003 86626 351
59486 665433 509
24845 702070 509
62268 866487 525
49995 494470 449
99856 738413 509
71147 623735 470
71484 972709 525
95214 222850 386
1520 101716 351
86412 367156 443
285 91345 351
69422 846840 525
2976 186215 383
22852 317999 443
66530 967655 525
20788 723649 509
52693 425719 449
9838 411820 449
90124 590906 470
14838 522770 470
75466 834280 509
7016 748384 509
38420 226195 386
60138 543098 470
26229 223865 386
50047 817164 509
99869 379271 443
28777 685686 509
17644 742418 509
56472 989555 525
68969 475454 449
46945 208726 383
22618 235430 443
29582 201880 383
61101 831091 509
48273 118363 354
87623 244346 443
90061 106752 354
89982 239807 443
70682 196359 383
80646 214984 383
36889 963143 525
15521 954294 525
65334 616155 470
13848 400632 443
22292 876456 525
99170 261054 443
87171 809960 509
20896 705726 509
29407 871875 525
56048 769192 509
8317 234890 443
32968 889686 525
64591 516782 470
43454 713140 509
18977 239177 443
65803 589010 470
61276 713659 509
54579 482289 449
35070 154820 375
6486 803176 509
65309 865403 525
99935 873568 525
96616 110434 354
16503 266464 443
67613 687303 509
76682 398491 443
22027 662738 509
75875 733973 509
8268 797028 509
63643 418097 449
56905 722829 509
11366 902339 525
55791 244942 443
97251 879560 525
32082 988977 525
98501 979721 525
74334 87443 351
79364 765321 509
4879 287751 443
34194 361478 443
79802 804836 509
78652 192244 383
70567 926216 525
78834 846182 525
95078 194250 383
7212 612508 470
7197 301076 443
75192 962648 525
12397 444906 449
99 707383 509
54308 374833 443
85344 731435 509
66607 843434 525
47377 548575 470
85365 807140 509
37153 680052 509
98519 715871 509
61685 132612 354
60170 923777 525
98229 118026 354
5441 660625 509
38423 711310 509
49840 798379 509
32983 703580 509
96292 137099 354
59955 568323 470
24214 595358 470
50142 58645 340
49830 894073 525
55627 364511 443
39521 130265 354
63093 166275 383
3308 96932 351
28426 718017 509
4123 372830 443
64807 549806 470
98107 713619 509
8162 986504 525
52886 995708 525
95715 280433 443
68639 264668 443
15969 454988 449
29392 70640 340
15799 20591 279
41857 376869 443
71281 167468 383
43465 120916 354
81664 438121 449
62839 712428 509
48357 334809 443
80051 884615 525
73035 262477 443
7872 755802 509
25585 205154 383
63051 202595 383
85195 233167 443
23062 36124 324
61447 801581 509
66963 380274 443
40902 941703 525
59366 766540 509
93779 721012 509
56619 713090 509
68022 785323 509
96217 300065 443
2841 63560 340
88393 395735 443
36589 600889 470
94516 203649 383
2217 21025 279
39009 734500 509
93142 736170 509
10097 277334 443
84079 241037 443
40592 97557 351
32863 617136 470
4260 244939 443
85867 811308 509
25673 369324 443
11520 328914 443
86715 169128 383
24638 984051 525
7115 925213 525
4202 292699 443
49440 799667 509
33326 579803 470
49552 210783 383
31626 349852 443
2572 407278 443
6834 133069 354
13919 631167 509
67288 603052 470
92223 850557 525
33480 904954 525
37030 233868 443
23745 205407 383
78777 792247 509
27763 599590 470
10004 519296 470
56585 209556 383
52474 824606 509
60849 560153 470
71536 609926 470
71266 200813 383
9307 85392 351
51658 964245 525
9090 224436 386
29750 135505 354
46408 551034 470
82444 879609 525
85400 893541 525
74201 184180 383
20610 669927 509
1205 639434 509
32809 803625 509
97353 255687 443
68228 428968 449
78479 629929 509
16126 874436 525
46621 94917 351
42099 808215 509
11004 963554 525
42719 435215 449
22141 690401 509
25770 82334 351
23740 75592 340
80975 137028 354
62866 376934 443
89228 176600 383
89559 765265 509
58147 244255 443
47508 377605 443
36267 976853 525
8281 308665 443
26321 998398 525
63683 629037 509
21198 527688 470
87131 249674 443
56434 975156 525
90292 658589 509
76156 906263 525
55518 840353 525
58380 996051 525
34188 336103 443
98688 914195 525
23945 637639 509
76411 964643 525
48990 592679 470
56274 951428 525
29139 762317 509
67464 981829 525
21884 280636 443
21991 192460 383
48061 162850 383
90273 936034 525
42177 257807 443
52385 71971 340
18438 401938 443
709 831797 509
48127 789726 509
66126 355758 443
45985 937145 525
38400 475310 449
44968 778247 509
47121 463869 449
72145 892913 525
56681 480972 449
92999 471564 449
92797 220208 386
46850 873750 525
74289 972204 525
44377 514889 470
71351 746067 509
32316 661250 509
10317 171218 383
61209 356559 443
47391 394690 443
13856 880079 525
97044 339877 443
75341 329439 443
22683 231592 443
43380 765793 509
31270 428602 449
47788 902345 525
67192 388121 443
96891 837753 509
73417 424002 449
68155 437201 449
93836 785820 509
6581 296987 443
70666 549424 470
70348 460465 449
84203 880443 525
66903 319827 443
63819 692605 509
50339 286710 443
44201 405715 443
32329 859908 525
67244 934321 525
42648 547543 470
37918 862821 525
25053 167119 383
47161 861419 525
62777 959869 525
61806 991021 525
33944 320422 443
15862 486109 449
11235 388179 443
65583 136551 354
68158 776473 509
69218 489538 449
8687 794686 509
75816 857962 525
42573 407217 443
27565 472124 449
92346 346074 443
44308 518202 470
17315 492780 449
71768 167361 383
63768 709356 509
95922 711816 509
2034 988177 525
81676 433351 449
63054 135674 354
30156 226887 386
43317 424715 449
23573 799028 509
66145 414577 449
32090 222701 386
19697 66957 340
80698 235519 443
96898 871074 525
20726 474513 449
51550 879966 525
97779 479964 449
13873 323960 443
80874 973126 525
80184 932317 525
28260 999837 525
65954 250361 443
38935 180775 383
75340 223578 386
50549 188649 383
70427 186757 383
17264 44121 324
67636 657835 509
46909 436125 449
86947 309433 443
1846 874560 525
19932 526717 470
68347 421687 449
78331 339015 443
13983 640689 509
82903 536314 470
58609 430534 449
3573 581428 470
33261 560747 470
35881 575364 470
76479 298522 443
70748 688063 509
51195 327171 443
54841 177562 383
88679 824140 509
20256 779205 509
19033 529349 470
24474 569574 470
63745 189300 383
26355 862199 525
51073 696271 509
14847 503217 449
52992 701539 509
2103 770816 509
87084 922354 525
64939 220875 386
35687 732445 509
85238 468174 449
1900 773781 509
57627 935185 525
98473 527024 470
57597 822826 509
62379 236161 443
92158 538595 470
66207 152412 375
6011 357372 443
74486 904503 525
23334 768814 509
17794 804046 509
69742 944204 525
69403 624536 470
84696 291227 443
75240 761297 509
74037 468026 449
48152 403210 443
41502 550595 470
73300 651380 509
26827 305958 443
56951 471189 449
74237 610355 470
87773 840781 525
91076 293330 443
67913 962795 525
16136 161705 383
43476 259384 443
41779 651131 509
46362 635860 509
41775 702110 509
15783 508840 449
59325 935182 525
29495 582092 470
6772 981846 525
65620 418371 449
5703 207766 383
10238 771212 509
34039 278386 443
24519 571715 470
87308 974897 525
2243 647708 509
32079 146277 375
96340 685327 509
5148 628200 509
40388 305551 443
48745 751332 509
75645 474992 449
83673 157531 383
87594 677929 509
36969 895490 525
87047 147823 375
21183 253295 443
83332 96137 333
86382 494396 449
95054 867642 525
86803 587449 470
33374 503488 449
50959 705166 509
56106 652240 509
52760 159068 383
11422 698989 509
53195 183393 383
85488 408390 443
79838 556649 470
56390 72353 335
53881 496269 449
6843 808377 509
83892 502593 449
2127 472958 449
5722 57656 340
68896 790595 509
4068 478441 449
43732 113397 354
95027 894189 525
86211 131263 354
72264 990390 525
44479 304116 443
84753 708970 509
44879 350645 443
91677 93655 315
45128 337053 443
1829 345804 443
56180 568485 470
57514 851796 525
62690 909451 525
31586 842137 525
27944 494836 449
