337 725 171
612 929 179
721 978 179
174 683 145
388 818 171
199 821 171
249 648 144
165 707 171
609 614 132
71 802 171
213 321 131
19 554 144
417 938 179
91 174 125
478 911 179
432 527 142
594 622 132
517 983 179
25 620 144
21 532 144
54 993 179
72 341 144
718 899 179
39 162 122
15 484 144
145 666 145
241 726 171
603 603 70
583 887 179
510 631 137
583 608 119
435 749 171
463 606 142
156 877 179
244 427 144
737 843 153
206 998 179
220 659 145
504 569 137
373 878 179
152 708 171
485 656 145
687 704 171
374 634 142
647 962 179
676 832 171
53 369 144
657 922 179
574 789 171
696 914 179
113 834 171
100 751 171
75 867 171
524 893 179
593 837 171
218 632 144
78 397 144
397 618 142
203 314 131
400 947 179
433 750 171
240 663 145
488 619 142
148 372 144
40 535 144
615 873 179
6 306 128
578 988 179
657 949 179
274 659 145
463 605 142
343 360 126
333 493 142
172 855 171
222 487 144
77 377 144
202 866 171
359 887 179
531 748 171
282 357 144
33 672 145
677 975 179
66 807 171
107 880 179
73 953 179
314 502 144
156 641 144
788 989 179
797 959 179
581 832 171
184 660 145
45 384 144
375 904 179
94 567 144
145 317 131
86 368 144
674 899 179
75 184 125
149 961 179
100 583 144
23 416 144
60 946 179
122 471 144
71 108 119
401 608 142
355 389 121
13 644 144
306 448 144
470 658 145
158 641 144
209 433 144
695 816 171
300 307 43
72 522 144
51 430 144
562 740 171
296 607 144
732 840 153
33 793 171
40 508 144
416 852 171
361 764 171
754 846 153
376 930 179
370 530 142
209 454 144
24 727 171
456 556 142
202 930 179
670 839 171
252 269 123
162 660 145
65 149 122
265 514 144
439 549 142
136 801 171
185 514 144
189 706 171
10 186 125
882 974 174
94 911 179
394 529 142
812 835 135
198 758 171
168 997 179
508 870 171
217 234 128
552 764 171
481 839 171
163 500 144
55 863 171
332 864 171
317 675 145
6 815 171
250 640 144
416 674 145
177 481 144
51 698 145
89 498 144
59 709 171
113 589 144
698 837 171
615 662 145
250 960 179
474 768 171
374 725 171
565 970 179
101 761 171
946 953 37
171 624 144
195 204 120
256 860 171
209 828 171
555 565 88
74 134 122
91 348 144
738 775 153
446 783 171
532 865 171
47 994 179
663 818 171
580 804 171
386 680 145
735 800 153
72 207 125
190 844 171
136 442 144
175 294 128
106 843 171
749 911 179
165 843 171
341 815 171
547 884 179
213 856 171
169 534 144
776 944 179
59 884 179
580 715 171
29 743 171
384 391 121
161 474 144
844 931 179
850 908 179
125 498 144
181 822 171
78 871 179
341 977 179
216 223 115
215 926 179
104 866 171
354 830 171
348 944 179
474 878 179
279 394 144
380 799 171
554 919 179
175 985 179
711 763 153
208 400 144
285 720 171
366 899 179
601 751 171
134 657 145
296 482 144
484 992 179
36 565 144
438 591 142
38 153 122
540 623 137
116 373 144
113 692 145
269 478 144
553 720 171
176 323 131
32 459 144
622 879 179
563 871 179
129 211 125
405 964 179
204 560 144
85 117 119
655 679 145
583 651 145
240 763 171
94 888 179
626 788 171
37 352 144
457 864 171
287 375 144
346 990 179
408 903 179
713 749 140
92 410 144
382 927 179
317 451 144
760 965 179
359 957 179
835 853 135
772 927 179
180 547 144
571 910 179
181 722 171
31 590 144
86 326 131
875 952 174
445 830 171
374 495 142
550 673 145
157 767 171
384 522 142
689 769 171
129 732 171
413 416 134
400 878 179
909 932 130
210 325 131
102 710 171
813 939 179
514 851 171
200 912 179
164 953 179
624 994 179
205 513 144
168 938 179
383 898 179
866 984 179
261 875 179
103 778 171
244 821 171
86 176 125
159 529 144
246 780 171
28 499 144
225 958 179
109 289 128
385 893 179
616 658 145
143 224 125
621 893 179
54 876 179
612 833 171
444 812 171
746 962 179
452 679 145
634 812 171
630 658 145
720 768 153
206 786 171
216 772 171
507 899 179
678 948 179
272 637 144
684 791 171
167 262 128
2 870 171
192 833 171
327 924 179
112 341 144
262 505 144
472 768 171
17 766 171
288 658 145
304 507 144
195 483 144
424 866 171
72 629 144
341 481 134
514 525 124
144 724 171
532 776 171
727 993 179
250 488 144
115 542 144
456 852 171
208 363 144
597 643 132
149 927 179
302 403 144
522 631 137
132 402 144
238 434 144
303 679 145
336 514 142
448 669 145
257 361 144
55 250 128
384 763 171
26 416 144
37 375 144
490 562 142
717 805 153
525 692 145
366 426 134
98 271 128
380 658 145
211 274 128
695 739 171
167 708 171
437 959 179
167 724 171
197 249 128
483 731 171
808 955 179
157 892 179
317 904 179
212 388 144
32 115 119
455 976 179
209 455 144
284 739 171
674 951 179
708 977 179
424 932 179
599 686 145
503 691 145
43 754 171
119 554 144
190 329 144
608 941 179
162 858 171
680 737 171
619 748 171
643 926 179
208 754 171
101 881 179
641 835 171
352 453 134
61 714 171
115 494 144
58 416 144
236 518 144
13 828 171
371 380 108
34 60 113
475 737 171
167 704 171
499 615 137
612 990 179
581 913 179
114 723 171
451 929 179
38 175 125
309 505 144
304 344 144
562 612 132
216 415 144
231 365 144
201 780 171
389 931 179
469 925 179
259 779 171
263 921 179
384 506 142
59 141 122
317 371 144
72 599 144
339 790 171
290 549 144
597 730 171
81 626 144
301 460 144
170 768 171
135 836 171
336 683 145
194 540 144
257 906 179
425 820 171
394 727 171
430 509 142
426 606 142
286 659 145
36 759 171
212 720 171
343 685 145
385 683 145
636 986 179
397 820 171
69 88 116
439 659 145
459 519 142
501 611 137
298 320 131
257 581 144
586 841 171
856 886 179
253 507 144
585 999 179
175 724 171
584 624 132
448 523 142
371 539 142
58 534 144
483 967 179
697 990 179
76 805 171
477 517 142
359 513 142
44 114 119
303 657 145
34 911 179
488 747 171
343 823 171
512 899 179
43 115 119
72 814 171
115 205 125
717 764 153
332 774 171
46 795 171
200 942 179
476 675 145
105 589 144
366 413 134
228 325 131
219 529 144
88 536 144
138 336 144
209 758 171
506 701 145
100 772 171
194 505 144
309 331 144
131 133 29
293 907 179
408 751 171
156 273 128
170 212 125
516 569 137
130 351 144
148 497 144
20 664 145
124 903 179
107 692 145
199 948 179
19 682 145
109 495 144
437 533 142
18 332 144
7 200 125
21 197 125
246 735 171
108 203 125
372 558 142
191 747 171
136 413 144
267 280 92
628 825 171
50 294 128
552 947 179
303 467 144
445 611 142
27 776 171
381 527 142
431 748 171
148 669 145
386 687 145
130 474 144
716 767 153
96 659 145
1 672 145
190 835 171
86 249 128
499 792 171
143 759 171
470 515 142
311 996 179
397 439 134
358 594 142
187 206 120
402 700 145
879 895 148
434 570 142
599 867 171
472 676 145
317 334 144
201 539 144
717 738 140
617 635 132
183 660 145
407 761 171
6 441 144
705 753 140
151 344 144
24 171 125
112 162 122
880 919 148
444 580 142
15 825 171
437 617 142
170 914 179
312 662 145
706 804 153
177 255 128
453 944 179
21 492 144
394 874 179
115 913 179
609 862 171
543 809 171
165 311 128
181 972 179
20 573 144
488 905 179
222 531 144
75 254 128
427 789 171
912 962 174
809 849 135
166 478 144
183 748 171
460 858 171
254 738 171
150 332 144
456 513 142
326 741 171
321 846 171
748 934 179
65 838 171
259 423 144
720 807 153
207 429 144
338 355 126
83 934 179
263 778 171
616 789 171
156 610 144
91 156 122
28 273 128
148 203 125
354 916 179
651 972 179
435 778 171
62 287 128
593 596 75
633 641 132
466 842 171
39 81 116
535 925 179
313 509 144
423 672 145
170 531 144
827 944 179
200 906 179
464 881 179
102 514 144
443 766 171
47 756 171
764 992 179
271 505 144
578 821 171
485 756 171
190 682 145
725 925 179
656 664 114
270 912 179
755 952 179
339 394 126
171 291 128
367 510 142
969 996 143
58 820 171
646 814 171
339 829 171
463 816 171
82 419 144
53 862 171
284 655 145
82 296 128
8 213 125
642 882 179
835 861 148
784 826 135
389 563 142
532 668 145
667 904 179
147 558 144
21 993 179
20 338 144
150 387 144
525 708 171
379 897 179
410 597 142
167 953 179
131 504 144
25 859 171
128 698 145
104 292 128
464 797 171
38 568 144
66 830 171
647 933 179
391 933 179
110 238 128
481 745 171
44 921 179
493 686 145
290 563 144
340 430 134
561 968 179
254 600 144
541 611 137
137 930 179
316 662 145
525 706 171
17 761 171
353 843 171
550 981 179
311 492 144
346 969 179
37 152 122
507 713 171
632 784 171
512 769 171
53 526 144
302 712 171
917 996 174
190 733 171
10 230 125
720 808 153
197 887 179
47 881 179
240 948 179
797 841 135
121 736 171
207 420 144
232 270 128
70 693 145
170 953 179
811 880 179
296 738 171
48 76 116
446 668 145
97 793 171
505 563 137
116 638 144
112 654 145
231 701 145
771 826 153
714 849 153
234 709 171
374 565 142
128 245 128
527 700 145
230 753 171
189 402 144
129 277 128
312 900 179
499 949 179
223 239 128
182 890 179
790 917 179
129 360 144
12 613 144
180 297 128
251 506 144
356 413 134
33 986 179
406 873 179
36 357 144
411 921 179
264 390 144
204 384 144
137 910 179
603 743 171
520 660 145
571 574 106
337 681 145
549 565 137
12 832 171
6 412 144
487 835 171
640 668 145
62 342 144
304 493 144
294 380 144
809 973 179
285 728 171
618 917 179
83 822 171
21 925 179
204 421 144
172 452 144
799 824 135
438 604 142
3 960 179
449 785 171
561 808 171
568 734 171
718 860 153
378 540 142
376 710 171
458 903 179
352 694 145
78 144 122
82 103 119
338 511 142
148 698 145
31 832 171
105 887 179
635 951 179
91 850 171
182 982 179
915 941 174
96 183 125
287 344 144
393 484 134
337 393 126
568 578 106
313 363 144
429 649 145
83 419 144
32 352 144
432 833 171
5 299 128
335 519 142
111 760 171
133 725 171
214 358 144
134 821 171
506 547 137
474 953 179
580 886 179
1 775 171
170 230 125
319 831 171
198 748 171
629 669 145
602 756 171
298 805 171
476 574 142
84 348 144
94 112 119
28 929 179
143 995 179
167 737 171
791 952 179
501 766 171
22 843 171
24 906 179
368 836 171
636 708 171
752 771 153
57 883 179
619 706 171
123 164 122
303 634 144
359 806 171
67 911 179
514 672 145
781 781 122
61 292 128
85 193 125
86 974 179
287 674 145
116 307 128
648 946 179
89 452 144
21 287 128
356 973 179
514 828 171
355 518 142
111 995 179
246 697 145
42 987 179
596 645 132
242 514 144
564 662 145
660 749 171
281 705 171
244 924 179
580 902 179
418 775 171
104 625 144
62 989 179
359 638 142
495 735 171
346 610 142
182 895 179
333 497 142
595 956 179
163 939 179
124 421 144
124 945 179
73 141 122
270 394 144
46 707 171
96 221 125
436 915 179
87 305 128
64 637 144
187 531 144
135 197 125
425 668 145
375 943 179
425 870 171
495 963 179
303 773 171
357 504 142
118 788 171
474 641 142
836 978 179
680 976 179
31 559 144
803 972 179
181 620 144
196 653 145
11 594 144
838 933 179
291 920 179
432 890 179
314 626 144
309 971 179
643 700 145
25 417 144
262 329 144
541 842 171
148 277 128
828 984 179
556 843 171
674 987 179
106 693 145
323 356 144
143 575 144
299 920 179
439 591 142
447 727 171
345 383 126
47 500 144
449 541 142
95 937 179
678 986 179
341 807 171
442 985 179
74 901 179
774 981 179
17 324 131
136 965 179
165 251 128
217 947 179
296 849 171
102 874 179
18 607 144
117 598 144
94 573 144
212 340 144
506 564 137
193 509 144
434 475 129
163 684 145
56 985 179
38 525 144
94 308 128
472 608 142
283 986 179
800 903 179
738 842 153
651 945 179
89 581 144
616 656 145
426 894 179
148 914 179
76 823 171
245 929 179
573 974 179
85 395 144
904 960 174
257 839 171
494 838 171
478 580 142
119 762 171
153 698 145
92 287 128
63 413 144
153 455 144
178 642 144
451 884 179
743 838 153
718 733 140
21 773 171
64 767 171
392 663 145
133 455 144
342 636 142
191 461 144
208 889 179
371 908 179
230 252 128
180 798 171
171 485 144
272 355 144
95 960 179
230 853 171
52 194 125
558 896 179
122 250 128
185 243 128
180 722 171
149 312 128
770 889 179
141 408 144
90 204 125
445 870 171
77 857 171
283 370 144
209 335 144
352 516 142
153 523 144
449 900 179
74 734 171
243 884 179
186 987 179
557 856 171
397 720 171
373 787 171
120 275 128
96 913 179
586 978 179
67 552 144
712 901 179
439 844 171
339 999 179
291 713 171
769 846 153
312 421 144
248 425 144
81 289 128
832 936 179
523 760 171
292 933 179
780 838 135
72 655 145
596 864 171
74 867 171
18 24 21
394 696 145
106 501 144
465 473 129
372 930 179
384 385 33
173 348 144
