1 10 20
10 1 20
5 5 6
1 1000000 525
977 955217 525
51510 730685 509
526007 734878 509
913535 738376 525
516037 968632 525
14228 407335 443
371078 708997 509
227537 366755 443
210090 476491 449
363867 96424 443
630876 181399 509
487451 874067 525
392974 193271 443
345627 749071 509
983226 28494 525
831521 953671 525
83861 459271 449
868247 519720 525
870116 590349 525
916257 847545 476
246964 899738 525
526483 345311 470
631157 992188 525
767670 790288 468
773249 431787 509
168608 131207 383
567810 777146 509
681721 123049 509
247621 920893 525
697853 138917 509
741364 655175 504
67785 728742 509
40722 269960 443
593519 692944 509
307786 665776 509
751936 508831 509
313682 725352 509
186776 263809 443
817419 736362 468
694002 352571 509
360442 352068 410
56625 914513 525
178303 279286 443
482239 65995 449
322780 729197 509
135411 379305 443
136987 369818 443
60827 876900 525
143849 574775 470
944004 454650 525
726584 260617 509
764577 408121 509
241636 720772 509
334738 958834 525
924781 609100 525
872495 197858 525
142408 961168 525
761585 379700 509
130272 935482 525
396179 719814 509
965273 417667 525
358673 536515 470
508686 482354 426
254952 129465 443
785684 213002 509
899759 631916 525
626930 345785 509
936260 71384 525
857621 795366 525
50872 883120 525
96120 440195 449
36845 438944 449
914540 461254 525
855442 786189 525
885660 259233 525
662258 395080 509
727071 263442 509
313665 918050 525
319828 580003 470
781974 186635 509
279181 189786 443
242925 541821 470
966776 454822 525
712014 633980 504
706041 653884 504
982675 467370 525
464847 127311 449
711696 461645 509
289708 266897 407
507951 78786 449
943152 901147 507
202792 707490 509
783630 958835 525
720026 684120 504
208429 566007 470
635654 646534 416
218247 118061 386
227505 571226 470
288730 53186 443
68576 261329 443
254208 755931 509
381761 234569 441
439374 220795 449
340888 274966 389
587310 104239 470
19851 831046 509
677104 21408 509
529590 331565 470
515320 622427 452
370575 944546 525
355977 863282 525
683758 5676 509
413527 706419 509
55872 787201 509
123084 922104 525
465292 286255 449
729091 416088 509
154086 549873 470
242914 925597 525
691603 587591 509
589148 538940 452
33248 188946 383
313684 472120 449
515167 413377 470
587972 47952 470
404908 737486 509
114728 212760 383
185236 111081 383
824540 526019 509
559966 257967 470
620594 267594 470
951668 655836 525
478684 881624 525
596946 799970 509
435046 671558 509
339354 67639 443
145266 235411 443
536350 541971 408
459792 786938 509
438372 804004 509
501766 757939 509
325223 632558 509
694993 604656 509
448247 825138 509
756867 224859 509
963218 393033 525
133728 757445 509
998821 451251 525
39352 708359 509
158298 258371 443
640346 472281 509
486251 893681 525
564014 255779 470
953128 186141 525
613185 928730 525
292939 785748 509
774911 770412 393
181229 636539 509
869006 131472 525
890645 55032 525
80165 950927 525
642120 652347 385
451499 189149 449
571245 920826 525
610918 682095 509
183872 725818 509
614476 264579 470
564876 67948 470
838870 61450 525
49050 33911 324
37672 406556 443
872988 458751 525
600539 83277 470
339155 835198 509
945421 939587 383
995332 981081 427
158359 375921 443
612229 955650 525
483023 190128 449
195689 9581 383
594086 642219 509
288451 231183 407
427054 418667 418
358800 534605 470
566437 322734 470
868886 196837 525
387768 432002 449
343731 763837 509
515277 801535 509
124961 732747 509
261736 407203 441
833640 746274 468
536108 257233 470
427228 614263 470
126896 478003 449
955001 650418 525
193387 973122 525
131765 876883 525
281803 837647 509
693235 569776 509
314787 24327 443
823087 86200 509
24705 719516 509
89352 226669 386
360873 494993 449
254489 682649 509
11885 79595 351
295786 226793 443
59211 528958 470
187827 136118 383
484672 57550 449
928311 200049 525
818494 844187 525
592733 22624 470
288720 976341 525
4389 251171 443
851342 443202 525
723446 626020 509
951970 696830 525
964561 124301 525
947104 7044 525
887439 464284 525
436317 693457 509
281850 626667 509
880303 127941 525
620680 831803 509
93574 187853 383
809230 122673 509
786659 50488 509
470681 314297 449
367486 91390 443
131021 852492 525
374925 381732 423
490997 752195 509
689575 977534 525
899751 776451 525
405587 679386 509
332873 848920 525
564790 257993 470
311254 621474 470
281754 413568 449
673927 972651 525
405721 877275 525
828189 471087 509
414911 446250 418
815526 674452 504
336313 692394 509
522084 23576 470
127397 377264 443
956037 255728 525
58636 378418 443
388056 779557 509
704419 848422 525
75 852304 525
995812 705528 525
476974 378122 449
31498 626832 509
109524 137648 349
101317 450539 449
836625 213792 509
936275 299751 525
595418 306782 470
515801 899770 525
679507 277264 509
376046 551448 470
311327 874957 525
721922 289969 509
535679 66875 470
89586 996497 525
798451 386278 509
697407 968463 525
600990 583069 434
849241 532458 525
778389 772251 437
99773 833333 509
406936 66189 443
792718 865658 525
280664 19849 443
264763 24848 443
728053 211441 509
501305 62498 449
738706 593507 509
361752 505530 449
105630 782869 509
121376 2085 354
974725 328957 525
454013 591338 470
517788 29663 470
948695 885511 507
891456 51986 525
60841 225736 386
823710 656325 504
979831 16813 525
687506 745384 504
391125 606222 470
839288 621517 525
435404 603896 470
135831 820273 509
39739 739847 509
31087 132163 354
491394 658536 509
970330 826751 525
127903 401017 443
70701 571573 470
465022 374460 449
426837 27032 449
690730 903331 525
840411 876605 432
517372 700290 509
145749 238272 443
547974 980570 525
769325 620369 509
290856 38800 443
91965 845834 525
693865 68556 509
645180 937118 525
830073 59724 509
459136 597262 470
188835 498639 449
722270 833957 468
473871 402382 449
759161 836143 468
985084 608810 525
119708 892385 525
81339 164750 383
2593 434739 449
945067 930685 507
759554 699010 504
376782 283821 441
76373 271142 443
225731 843509 525
5861 203159 383
812084 382436 509
844235 211023 525
207992 121017 383
485047 95003 449
930378 455279 525
156097 385192 443
799616 849901 525
306315 79662 443
267186 651443 509
729741 437415 509
886250 422121 525
600477 920215 525
925059 218352 525
768352 159948 509
255569 556942 470
900911 219212 525
26221 350836 443
941598 844377 507
789520 207213 509
575818 277741 470
418335 100772 449
955551 651400 525
434941 509308 444
15172 271484 443
583549 957465 525
526284 716604 509
151137 458660 449
197352 535918 470
721926 721201 367
107112 943494 525
551481 268338 470
38034 158114 383
59843 257103 443
779922 944375 525
435849 927713 525
436264 341054 449
568576 524037 452
700506 105712 509
20749 60535 340
415814 690624 509
399506 46221 443
872625 841087 432
79972 320204 443
132366 405972 443
903041 635186 525
103786 684630 509
289072 467655 449
505076 820169 509
767763 120154 509
83706 167410 383
138115 227701 386
134125 350341 443
406096 291951 441
73911 411456 449
930713 599787 525
762802 474074 509
341627 911182 525
580217 986466 525
90934 372792 443
747374 133822 509
546245 924667 525
504492 750171 509
253682 523796 470
116592 784737 509
251266 472961 449
552030 826171 509
34372 587543 470
878023 712216 525
823763 175539 509
31817 457071 449
537856 553130 452
236667 637921 509
637251 479269 509
167463 204938 365
474517 550451 470
219460 691832 509
391245 584166 470
582594 680618 509
787453 28474 509
695212 296065 509
364306 267239 441
252595 378103 441
538632 347714 470
817596 90272 509
716494 921077 525
902599 652804 525
469020 192153 449
400986 144907 443
663481 604807 509
881810 286666 525
378018 105682 443
156717 25121 383
878617 669176 525
162902 729944 509
874010 108405 525
815317 381784 509
649411 444270 509
46907 274067 443
180987 175378 365
284734 769929 509
954915 247146 525
32654 999134 525
745229 486947 509
914083 225173 525
228294 239531 443
89576 22861 351
738234 433328 509
365416 282095 441
217176 534379 470
958305 542517 525
393870 678259 509
92536 697381 509
382440 621576 470
980346 126169 525
5682 639281 509
891778 503103 525
307217 542045 470
68466 238640 443
385954 500535 449
145893 16237 375
100027 821289 509
57858 776149 509
427129 284286 449
203831 989190 525
185143 493825 449
482553 708451 509
140188 143239 375
301489 499787 449
347334 657347 509
706298 485203 509
118745 236981 443
363653 618411 470
205086 373675 443
386429 72455 443
709485 52272 509
217989 627111 509
254426 951077 525
949357 465982 525
528049 532091 377
755701 19961 509
941740 52412 525
291257 782413 509
305934 481090 449
254873 620335 470
750069 14051 509
513456 761771 509
251345 270579 407
236642 469637 449
698967 795471 504
749812 176609 509
760731 471403 509
842780 675710 525
983286 90037 525
18616 176817 383
66356 246462 443
171645 396206 443
303053 645065 509
836874 877326 525
349575 873126 525
296115 328113 384
211128 106873 383
417345 428294 418
511404 966939 525
386944 752867 509
977109 783894 525
856356 91421 525
146277 780973 509
111107 755741 509
269452 639777 509
420432 508219 444
132343 159474 383
322778 326710 384
377922 152630 443
726983 409697 509
392018 248268 441
111019 18642 354
58433 443656 449
677662 983621 525
456787 487358 444
100715 858078 525
723034 167792 509
672875 739628 504
968899 525702 525
398756 861701 525
470266 51540 449
721192 667732 504
484648 910043 525
24155 411957 449
969783 917855 507
924789 994740 507
686005 410762 509
856457 788920 525
114184 352598 443
855017 417092 525
704942 52998 509
642758 255769 509
8027 936551 525
952279 203390 525
600940 536060 452
245347 687184 509
361363 778105 509
935912 864764 476
236543 697094 509
689671 131110 509
409154 403877 405
39861 716966 509
976887 678598 525
189569 524990 470
350338 29032 443
147220 328995 443
272811 600553 470
414811 675172 509
262819 659650 509
267347 176590 443
901961 214793 525
644945 312657 509
441964 235370 449
9187 619389 470
790305 637746 504
448552 221020 449
307095 184426 443
737501 93371 509
845136 702051 525
731726 447980 509
82117 950185 525
602087 513333 452
862978 819486 525
923655 837146 525
179357 901282 525
377456 875413 525
733160 150186 509
101446 637510 509
310901 884734 525
450431 996800 525
636843 430101 509
166895 179479 347
527543 360616 470
325941 934671 525
488124 143392 449
433001 902104 525
133447 459927 449
108759 117248 349
207104 414156 449
923218 404372 525
486540 444886 444
81273 396433 443
72123 538412 470
387207 940603 525
482314 80318 449
393543 115958 443
704720 396068 509
554015 886949 525
959591 71143 525
233923 198032 443
232016 417842 449
96362 253643 443
488447 704994 509
356164 810440 509
47555 487260 449
119175 47379 354
990613 24844 525
799597 835181 450
340648 100383 443
451678 707812 509
11516 716771 509
36511 358038 443
793703 55515 509
325537 984721 525
845268 344454 525
502984 369081 449
908393 42579 525
844032 817849 525
17081 431552 449
470029 552871 470
952703 622873 525
84276 171565 383
752074 477246 509
799978 812985 406
759943 424283 509
93034 431466 449
620635 223308 470
390476 985225 525
623778 161158 470
510092 775660 509
884870 717726 525
595476 627193 509
273548 558422 470
568483 945290 525
567411 816924 509
581937 674801 509
123883 711918 509
182691 222654 386
627889 442838 509
189344 519966 470
875071 758894 525
109101 840606 525
424344 553679 470
937740 357226 525
783716 920737 525
826340 917047 525
857459 527953 525
30768 321526 443
307076 896706 525
928593 461652 525
346438 928713 525
105000 789279 509
922781 728567 525
127645 950228 525
656568 832249 504
866875 646739 525
781964 223918 509
165395 589363 470
278577 531422 470
337465 954216 525
784818 146783 509
249083 131022 443
602826 14586 470
856417 583082 525
621506 893730 525
634489 916402 525
830870 269983 509
822236 432576 509
695668 229993 509
873996 652983 525
111517 434357 449
828424 566509 509
17672 146718 375
764404 493116 509
936062 328317 525
170396 515363 470
176122 856946 525
576284 422960 470
506 239656 443
975634 368315 525
847425 947530 507
686910 31643 509
869915 255469 525
574600 893478 525
426621 139164 449
771507 507832 509
8639 638787 509
932702 529199 525
10112 514246 470
9837 66129 340
373114 73354 443
644545 20406 509
973981 64851 525
386603 606318 470
55146 882089 525
726410 823840 468
720134 4405 509
272631 480585 449
439443 416437 418
342253 278471 389
228550 845830 525
825316 428378 509
770096 956244 525
719863 243353 509
133108 203845 383
91100 120238 354
646484 507973 509
305347 73185 443
390050 621406 470
788158 455434 509
657544 26062 509
916085 388145 525
8612 467765 449
573767 351775 470
890926 926290 476
388178 623137 470
749177 464030 509
62763 216617 386
817838 158908 509
482538 146160 449
863981 665337 525
156623 993773 525
698611 154321 509
84858 406021 443
499651 705405 509
578614 536036 452
884668 800508 525
91560 513484 470
122781 227761 386
207973 902344 525
744972 775160 468
861285 123929 525
607190 527126 452
540903 868349 525
184987 928746 525
931920 236625 525
718532 730266 411
750472 803057 468
642094 865313 525
964690 911270 507
910213 303389 525
228869 705626 509
313638 794265 509
111666 854059 525
830170 550886 509
198700 497581 449
322301 422532 449
876720 20468 525
675568 411390 509
80089 639632 509
127705 794896 509
681153 963780 525
659724 895486 525
381850 853109 525
424858 525800 470
858123 403863 525
439716 669223 509
572325 364740 470
531045 620554 452
57420 969580 525
977639 401654 525
450096 888553 525
956495 502594 525
882030 450582 525
119598 846779 525
513468 35694 470
283418 760170 509
125638 420561 449
726193 581978 509
172164 670833 509
639679 994794 525
277653 533706 470
774978 529240 509
88947 472295 449
126809 885704 525
832901 520370 509
894439 136152 525
745397 503445 509
527079 944908 525
128503 636253 509
361079 764649 509
410265 120015 449
697936 105994 509
753215 769618 468
371714 736397 509
10708 629437 509
326500 233297 407
414106 926866 525
350329 60018 443
30929 990880 525
86871 730010 509
177778 213747 373
262752 542883 470
426177 980760 525
170656 56877 383
541697 942024 525
553674 71662 470
560787 267875 470
986194 319832 525
187293 889152 525
312139 506661 449
559678 685638 509
638398 186804 509
663069 319173 509
448333 751714 509
500021 658375 509
550521 691509 509
169999 902419 525
254098 128570 443
326532 262016 407
780809 508940 509
585616 559774 434
157429 373508 443
631593 891905 525
269091 515368 470
288962 278424 389
848429 617339 525
108979 655409 509
410006 185396 443
768123 886945 525
920533 463391 525
17575 474475 449
512232 792660 509
33852 887021 525
767172 755366 380
293624 871320 525
774567 278565 509
94884 98559 328
853924 260150 525
896757 176712 525
872690 43863 525
562316 327285 470
989727 25871 525
51103 980686 525
763119 45017 509
675129 312491 509
892952 658371 525
147927 77295 375
596076 417490 470
448671 336130 449
582342 497429 470
610506 463513 470
163576 410511 449
695182 327142 509
229449 740492 509
665128 586696 509
742498 683134 504
354298 986506 525
505434 55105 449
223463 798384 509
294746 541239 470
415695 506302 444
403189 296646 441
758089 791632 468
718377 707277 411
974273 191995 525
127943 156152 375
518205 194461 470
593732 270177 470
497302 907862 525
706238 212449 509
887390 301513 525
525265 661412 509
214909 494446 449
227594 312673 443
877390 147250 525
716559 170501 509
50933 462811 449
680769 620009 509
967745 463702 525
668648 404928 509
979142 724986 525
921971 701156 525
774139 876647 525
53488 102653 351
510738 932680 525
323700 929296 525
716961 957659 525
642638 605444 509
179339 381798 443
325867 353166 441
625016 883105 525
491680 305450 449
679677 937460 525
888179 440555 525
619316 81990 470
453715 163602 449
471181 94141 449
692476 780094 504
872338 439923 525
165946 234584 443
716615 101237 509
444656 998562 525
107564 979009 525
366667 918086 525
663289 122245 509
657186 377598 509
742202 106382 509
905348 535854 525
225072 15810 386
470346 321520 449
802718 770678 468
151774 532475 470
850993 267343 525
518512 23080 470
355733 466618 449
66009 126887 354
478886 353222 449
451276 797990 509
599134 411863 470
335834 171832 443
941122 584910 525
64291 135487 354
559315 433536 470
89375 442761 449
424946 374386 449
657724 433865 509
805705 230057 509
748559 984241 525
118768 250252 443
418758 903434 525
12048 662370 509
596395 517370 452
250854 603854 470
453255 542300 470
418832 932804 525
695869 7318 509
405266 102696 443
260752 922164 525
192032 275445 443
173201 673765 509
771226 577888 509
866456 315602 525
222348 513579 470
699047 732489 504
419255 484184 444
111298 576971 470
584643 464904 470
912525 361113 525
228272 80781 386
133995 409340 443
728991 868167 525
843439 325048 525
800479 139917 509
394195 303026 441
551509 733329 509
161816 811962 509
453366 255716 449
332046 736037 509
828864 95179 509
424073 13199 449
699225 701958 411
227099 645479 509
944421 682575 525
130985 362555 443
447907 256198 449
31172 886130 525
652501 325393 509
576395 970302 525
311263 743002 509
830650 717757 468
634453 405983 509
210363 582083 470
744709 35744 509
36913 895074 525
217815 55150 386
568067 782950 509
615067 720184 509
522997 340482 470
470203 618581 470
205354 930490 525
141477 428861 449
401832 694976 509
665825 563061 509
242487 739222 509
121209 603229 470
259061 628372 509
491282 607645 470
55975 152814 375
445999 53960 449
905374 968770 507
892812 191236 525
466200 142472 449
324639 255718 407
692839 437205 509
161320 441038 449
490280 442377 444
210529 559704 470
452973 730208 509
304479 826615 509
580223 691370 509
239555 410052 449
793507 48157 509
87759 706159 509
670050 568854 509
63050 902817 525
31266 975373 525
708735 857466 525
629199 519162 509
465797 116044 449
465766 389804 449
295230 395676 441
547467 873107 525
142380 399174 443
261650 964565 525
580927 360064 470
272146 748931 509
438891 166086 449
471430 469969 307
431004 769032 509
569093 56742 470
58857 472871 449
373548 909959 525
385130 294065 441
372304 485060 449