71 51 113
74 75 23
96 31 116
45 17 112
35 35 14
7 16 20
30 16 112
37 11 112
49 10 112
1 1 1
905109 782975 525
2819 771200 509
71078 982068 525
981582 791456 525
329424 476755 449
417318 943156 525
368075 304896 441
484989 524561 470
394764 601821 470
887550 417995 525
720197 35533 509
934678 240997 525
212769 611893 470
582872 143285 470
660184 547926 509
22592 111938 354
836919 483361 509
802068 283704 509
956781 683227 525
573180 717601 509
982591 659255 525
514491 353888 470
263686 514284 470
736373 614827 509
838649 681881 525
605864 607510 341
305588 841598 525
288494 204899 443
34790 598790 470
911065 574491 525
240246 849819 525
125621 933680 525
181635 72368 383
539453 273815 470
481322 595508 470
641781 52224 509
194461 687326 509
35663 270283 443
271454 901794 525
626392 832349 504
485443 369847 449
603457 875705 525
677165 987119 525
149380 547797 470
250294 105906 443
571426 344200 470
894496 418279 525
876490 907176 445
5390 879049 525
360005 125361 443
833549 941802 525
635191 774971 504
653097 465182 509
763131 607629 509
821732 232720 509
448073 897626 525
910504 925446 445
526439 647981 509
744353 803742 468
199971 529583 470
706499 230369 509
130294 925970 525
638659 807610 504
976411 164716 525
462406 923619 525
434692 429897 387
132403 208900 383
935584 458850 525
364905 645990 509
879991 195193 525
931079 911051 476
573089 210633 470
407619 440128 449
802733 141184 509
160696 855942 525
767132 156391 509
240037 445787 449
81819 687426 509
843497 245871 525
325260 650519 509
963202 897743 507
476197 283771 449
459076 973896 525
892562 92870 525
687114 155839 509
994687 658214 525
687054 313898 509
522021 723981 509
691827 542096 509
681984 728818 504
711913 791263 468
929482 121264 525
43872 434933 449
516133 970065 525
791358 566937 509
789962 327663 509
410082 347732 449
653406 282773 509
208231 665993 509
853780 136771 525
950890 747604 525
57429 787659 509
128342 391654 443
594025 643391 509
67843 93070 351
40181 910058 525
549924 869512 525
185482 895289 525
19295 54517 340
390515 450306 449
395372 750885 509
825742 442403 509
178912 448267 449
710763 466271 509
601768 441374 470
362462 628548 509
625273 130247 470
188474 326122 443
39769 103045 351
206534 888246 525
594415 974385 525
853523 302654 525
711520 417425 509
809817 105056 509
772140 131595 509
554735 439916 470
669021 232801 509
575188 802403 509
605802 480259 470
550503 438382 470
862037 261690 525
675430 585123 509
636767 889910 525
616478 261588 470
606223 468103 470
231481 956579 525
190604 507089 449
366269 215436 443
4480 503254 449
672540 311770 509
795152 972397 525
873611 775397 525
412441 947522 525
897567 79802 525
178438 928648 525
903538 613761 525
485670 926583 525
932285 71116 525
312126 85096 443
351292 349626 366
536644 461996 470
542074 708816 509
8605 447789 449
503959 201855 449
260499 477775 449
836175 390545 509
686358 943989 525
417523 569924 470
155332 829076 509
938680 27026 525
413603 327563 449
216100 425614 449
176106 832680 509
76062 662996 509
972747 647142 525
447757 114252 449
940380 865367 507
298483 151062 443
246121 629815 509
929817 274484 525
508264 906314 525
869784 394815 525
349034 944515 525
41757 406900 443
678099 957428 525
628616 252551 509
358316 259454 441
28296 856983 525
186220 948432 525
719566 667153 504
60257 116849 354
648062 95064 509
292960 148646 443
176257 356511 443
109026 137231 349
216657 343203 443
50959 392447 443
615196 115501 470
47533 139612 354
957064 588337 525
585067 113930 470
866514 919452 476
814006 830190 450
270633 578206 470
500068 654442 509
321742 965744 525
253212 409655 441
138451 651574 509
378907 448908 449
32231 881689 525
992364 436680 525
589864 636771 509
225639 150246 386
676115 28611 509
65838 730665 509
414454 281239 449
746308 263992 509
380371 137118 443
163243 372768 443
726489 966171 525
592687 496573 470
564041 421392 470
501079 705253 509
775566 859296 525
758097 806327 468
25649 59316 340
950990 783490 525
891362 901772 401
356316 132137 443
989061 968520 458
552344 11541 470
11023 441650 449
986474 284603 525
716584 818396 468
765484 397911 509
523688 743756 509
217769 106650 386
276475 605874 470
879179 448905 525
24789 568445 470
63527 389571 443
257701 696140 509
693585 365814 509
529344 549714 452
433283 937539 525
241329 152192 443
837063 310837 509
192607 945301 525
217605 467987 449
13201 651418 509
88082 91132 315
422909 123450 449
702277 44029 509
408218 40524 443
598723 612916 403
153260 275141 443
958223 32941 525
782531 406409 509
457984 932098 525
605576 521681 452
713131 352573 509
777918 812340 468
74105 663720 509
801056 477763 509
163229 272362 443
484572 614869 470
157980 944250 525
839774 339846 525
146104 959485 525
490338 665130 509
341435 264772 407
744955 105051 509
897336 420513 525
607739 2069 470
583954 839047 525
669568 440492 509
849760 215568 525
370935 449864 449
674330 555486 509
746873 529648 509
743359 332877 509
84535 941034 525
924039 11051 525
321547 972541 525
638891 520900 509
225721 403907 443
518605 791945 509
365647 691031 509
273679 395104 441
796211 489418 509
809013 852234 525
800731 857940 525
353901 888090 525
259895 560484 470
864635 567719 525
394055 694402 509
464227 620162 470
535969 268776 470
510217 454868 444
938763 46717 525
229834 896651 525
725829 549267 509
605885 495002 470
222536 32868 386
328939 831056 509
45212 537850 470
54164 923118 525
537763 505374 470
379262 677236 509
992472 798593 525
427267 367911 449
66679 581493 470
680036 277675 509
55917 911510 525
982987 407229 525
307508 837186 509
221477 429899 449
319338 714526 509
542758 608588 452
36053 564853 470
663261 460625 509
411417 445093 418
468287 708368 509
450126 778651 509
852489 511627 525
960181 384651 525
937362 846342 476
128530 367341 443
745788 564321 509
508789 276894 449
567775 563669 421
195437 255994 443
633632 314828 509
963070 207567 525
676199 204752 509
134390 837191 509
961031 833079 525
46698 901846 525
677219 289554 509
231153 195552 443
185654 208260 373
159505 444686 449
679630 737080 504
180815 976175 525
68319 127624 354
789919 368323 509
965598 850191 507
200842 73142 383
948113 13430 525
794333 64737 509
823982 94842 509
374432 159445 443
332174 153069 443
159883 99328 383
95244 799969 509
437198 147420 449
33737 692722 509
248915 587563 470
114004 33726 354
965716 627936 525
363320 777124 509
88138 722099 509
86162 384325 443
620244 274342 470
885793 184888 525
201173 83151 383
185645 44955 383
645197 985752 525
356395 611181 470
7683 354413 443
229918 962974 525
416907 59662 449
124686 879603 525
671259 1796 509
328662 267794 407
940611 180378 525
45216 533861 470
226406 73404 386
480762 378289 449
288890 448662 449
668102 591873 509
877164 309156 525
597680 955641 525
372510 557217 470
506849 633635 509
107848 243924 443
196464 465328 449
403685 755409 509
733024 232685 509
27224 36671 324
34796 663773 509
430847 815104 509
862454 786601 525
83077 367133 443
6398 653334 509
753876 908567 525
302466 970292 525
870792 690294 525
52080 847262 525
244691 321796 407
604182 432981 470
607930 165049 470
630639 173563 509
523751 617349 452
73846 556677 470
257707 830972 509
858818 398400 525
309125 891099 525
838140 664479 525
958752 719218 525
7122 743247 509
523716 768573 509
349742 444055 449
514693 561469 452
727062 930371 525
561707 206765 470
472101 812269 509
810597 480349 509
701361 631210 442
460471 807255 509
764152 325975 509
257613 861260 525
155709 25888 375
426138 753972 509
206162 843260 525
568421 965539 525
994196 662559 525
234378 212801 443
429705 216247 449
756858 538481 509
808828 827909 450
679877 110437 509
50973 813066 509
199925 224866 386
158440 619256 470
195066 514294 470
412882 118276 449
720602 114399 509
368050 544932 470
401614 626033 470
93070 732029 509
341998 251877 407
981783 758231 525
298254 62628 443
314838 990186 525
344656 242222 407
812286 167309 509
842166 486925 525
33871 813053 509
692155 710983 504
323239 163562 443
164048 161589 339
297866 219117 443
468322 534654 470
776002 664029 504
959897 683464 525
240821 946411 525
486625 306548 449
353298 42415 443
485256 404255 449
381236 446641 449
511677 78429 449
223003 452263 449
32948 239658 443
609687 153735 470
740134 102664 509
732002 241110 509
825174 206125 509
636393 698805 442
276297 865305 525
477139 26522 449
349856 45115 443
902090 468895 525
447576 475120 444
136306 156041 375
336273 441631 449
334878 972397 525
301739 772337 509
275648 635511 509
819441 801261 450
342706 760657 509
493542 83887 449
944979 205272 525
700196 415745 509
970062 63632 525
701791 219119 509
281452 420631 449
147446 194613 383
612790 120511 470
830658 834285 419
854306 207317 525
471502 459067 444
625661 782209 509
423120 107932 449
144897 40434 375
743955 58505 509
927761 57179 525
5368 571499 470
159866 903874 525
414054 259728 449
919759 145739 525
531939 219265 470
400079 653 443
742724 413247 509
971116 920893 507
245865 511528 449
286794 342582 389
703260 885355 525
928407 20759 525
536614 318655 470
282007 156737 443
768998 341900 509
954501 17472 525
892420 934668 476
98975 35196 351
503360 460387 444
119467 410838 449
126076 581619 470
20171 389810 443
362254 802482 509
853490 160871 525
849012 560445 525
541631 565349 452
282832 37495 443
14661 702216 509
560976 856154 525
297592 421127 449
291416 580723 470
996292 642095 525
117832 178442 383
799315 237745 509
162692 276884 443
336668 785130 509
707638 540720 509
343353 419625 449
803055 360882 509
985816 571360 525
846595 360877 525
211385 825569 509
1451 737937 509
510053 714472 509
737699 175994 509
395358 200431 443
221369 364215 443
793612 700440 504
352159 512121 470
278659 322508 389
917994 964507 507
887173 909156 445
159131 289723 443
522961 553597 452
811526 663350 504
571781 841680 525
593898 450250 470
259070 777444 509
263662 320212 407
906579 587397 525
752724 156268 509
100984 917536 525
923635 41252 525
421956 451613 418
665459 772941 504
920868 141290 525
870602 71825 525
78700 856970 525
719565 722722 411
373882 560148 470
267324 406390 441
723000 282798 509
183287 638730 509
797372 121069 509
937277 864921 476
820373 897145 525
415770 475289 444
839927 73174 525
847055 281158 525
14292 424579 449
738687 145464 509
756019 802499 468
225728 422266 449
426312 969582 525
865904 225888 525
728876 125121 509
694626 732306 504
481574 835563 509
236379 644733 509
763630 683885 504
753974 259001 509
215851 254233 443
806710 211590 509
980484 641365 525
777187 127996 509
631170 531994 509
65405 247018 443
435573 72311 449
802730 407742 509
793922 496399 509
860628 829620 525
555516 228829 470
417150 362852 449
133934 519530 470
59966 360782 443
553211 524453 452
979730 387928 525
893622 739514 525
673158 467332 509
846160 637084 525
750644 390718 509
797304 26027 509
63490 862390 525
854413 896555 445
876138 209034 525
134047 403685 443
880154 826678 525
399369 55125 443
185755 421804 449
428527 826918 509
899690 157966 525
416728 864074 525
923392 611767 525
189638 669113 509
246050 522126 470
454985 184461 449
525250 576926 452
332149 331426 353
877285 952862 507
608187 231570 470
15954 442364 449
511799 381125 449
626200 237085 470
259275 455598 449
385366 788244 509
567840 547492 421
752634 93837 509
661456 514974 509
391182 207915 443
961846 562743 525
968790 294105 525
108652 789709 509
439846 622020 470
608042 995415 525
319422 557852 470
313680 481250 449
468658 125325 449
895647 761388 525
418179 620712 470
441844 893954 525
703893 914220 525
576065 20154 470
851491 321722 525
611250 134758 470
985315 942090 458
978881 171751 525
130932 887407 525
683641 886028 525
984831 990877 427
663218 426776 509
365191 379083 423
388380 458587 449
505261 642125 509
354910 508120 449
666317 884076 525
441495 86116 449
518258 803130 509
3174 268774 443
530328 71794 470
752757 450879 509
490416 291185 449
356571 79288 443
993389 485649 525
717615 247849 509
22051 975016 525
348242 78801 443
414817 502336 444
544300 570025 452
42982 627918 509
111008 475195 449
559369 112924 470
999024 693691 525
693024 309962 509
811158 555576 509
571768 594341 434
567999 787537 509
430169 16465 449
955351 634110 525
977216 361323 525
391331 433902 449
606401 764656 509
291026 141035 443
123283 657762 509
326485 369009 441
724601 57626 509
612197 144249 470
165497 402144 443
676362 380794 509
986306 117067 525
7767 725123 509
509543 393257 449
399238 777413 509
869621 11809 525
257675 158675 443
25080 57054 340
641747 750091 504
110293 996813 525
336399 386613 441
181129 454461 449
521269 790614 509
867713 912129 476
583283 213 470
330810 470564 449
966016 409191 525
956736 113108 525
216698 289686 443
51742 534882 470
125592 337040 443
226515 500601 449
523493 705500 509
682902 38432 509
505810 772968 509
532836 525925 408
519705 40241 470
704953 247825 509
363860 923145 525
3906 922126 525
533836 431120 470
575223 632978 509
139282 473315 449
887575 142712 525
513285 652183 509
586712 52460 470
613169 638765 509
735340 809260 468
295235 584424 470
238207 640032 509
264469 287824 407
588937 561924 434
508036 794513 509
663925 315779 509
865695 988156 507
609882 533251 452
162986 553753 470
584404 288470 470
218558 797437 509
622499 702891 509
558405 232043 470
630974 55043 509
107006 315325 443
723809 192370 509
651140 494233 509
118890 338146 443
857222 756079 525
966915 668889 525
978796 279678 525
668447 242969 509
320913 463449 449
776659 197505 509
409707 850785 525
339985 69065 443
764002 558651 509
534633 829095 509
277655 636743 509
166829 758691 509
854059 356183 525
15759 33012 308
61308 437245 449
564554 749500 509
575102 280153 470
279216 415466 449
150394 563318 470
311181 546574 470
547484 485877 470
657718 706961 504
457004 839792 525
864604 522455 525
529446 818073 509
971669 408164 525
390068 301324 441
476940 224581 449
444093 753933 509
183134 26916 383
662774 786179 504
227134 528331 470
556436 18808 470
752937 941004 525
185263 224833 386
622267 378464 470
323085 194834 443
705181 599467 509
620672 374524 470
198238 693752 509
687650 324270 509
6232 728047 509
507716 490945 426
712972 934926 525
1410 831067 509
802536 942661 525
214444 540693 470
628965 29782 509
256449 414882 449
106585 345531 443
975907 322394 525
230834 561138 470
510285 403054 449
150634 740027 509
993025 312210 525
624655 464143 470
336458 322588 384
868861 354925 525
224214 117009 386
70029 649975 509
869886 291298 525
564184 794316 509
951540 147959 525
884092 413461 525
485660 184168 449
742888 612483 509
964177 582387 525
529268 269371 470
430338 971817 525
214578 922781 525
754255 893377 525
97209 232562 443
658426 629969 429
575331 332390 470
649356 664125 429
424414 917182 525
352227 414425 449
684836 416357 509
481496 221875 449
597027 341430 470
498835 659098 509
552673 649179 509
853131 514100 525
358656 579610 470
825972 34229 509
188199 175818 365
737865 325139 509
164531 466095 449
491764 970003 525
971483 863819 507
70857 709917 509
567193 505547 470
822309 92418 509
884544 529370 525
325897 242685 407
499582 253432 449
824800 541824 509
117682 496346 449
756800 278866 509
968349 354145 525
266450 642605 509
592017 783534 509
362927 295242 441
592026 114488 470
168904 319508 443
813670 986017 525
681007 502931 509
807783 762827 468
223224 745226 509
201031 40861 383
233877 956695 525
572220 190763 470
248752 908279 525
570807 546753 421
534079 5470 470
594393 299186 470
220772 318894 443
475018 925946 525
452240 304877 449
293969 304843 371
344594 341262 353
139764 380875 443
295849 178336 443
399892 662077 509
329073 109359 443
691329 246638 509
292225 445580 449
767033 336063 509
110081 675554 509
215715 314493 443
256216 918776 525
861366 4046 525
772832 594662 509
766876 998145 525
946931 898587 507
200863 222332 386
283882 293819 389
906204 256086 525
203439 8613 383
18366 458962 449
948589 547048 525
42007 13233 324
255209 497677 449
958907 201219 525
351409 590999 470
771903 357979 509
106035 272929 443
894522 468160 525
756942 763945 380
12342 74819 340
5983 362161 443
460722 446489 387
908509 139091 525
981377 569238 525
289512 993680 525
595959 700765 509
358628 695816 509
863891 186577 525
419549 898040 525
471282 906554 525
731835 151832 509
110505 566864 470
421280 579545 470
932396 44869 525
104358 319600 443
577755 413732 470
447150 162602 449
45466 401511 443
416265 228650 449
810391 851921 525
58334 517504 470
18605 58827 340
545147 48480 470
159707 192291 370
53854 859508 525
313182 525460 470
432018 60901 449
711216 343237 509
635171 407678 509
25031 391198 443
630303 787081 504
97695 918835 525
640340 602597 509
779791 181552 509
147195 901309 525
480703 826428 509
922327 715240 525
941058 658314 525
225067 642491 509
757978 338136 509
64782 278693 443
708345 556238 509
793853 879875 525
188483 260932 443
633 812323 509
199647 876032 525
649777 659367 429
367224 107724 443
207900 91176 383
417993 363919 449
504839 455884 444
586742 10501 470
480522 442060 444
903789 132446 525
241951 954227 525
187917 406341 443
515799 59429 470
214033 374201 443
819063 700416 504
451619 180517 449
746057 290102 509
520253 932708 525
890921 34871 525
2092 307911 443
917212 279133 525
77549 408527 443
703517 14931 509
891797 998571 507
230189 89502 386
846942 916509 476
180186 978522 525
987947 750962 525
900205 990072 507
218695 161335 386
192958 838690 525
726202 843538 525
15024 428209 449
969034 19152 525
674015 817562 504
30879 30174 254
934919 296481 525
83153 730042 509
617948 926941 525
990000 59020 525
544156 873771 525
751063 100399 509
902268 443161 525
619848 388154 470
408855 781137 509
97219 889277 525
888724 705797 525
280442 454938 449
272140 314447 389
723528 842261 525
526987 313706 470
130451 257872 443
605676 931622 525
138073 53742 354
651277 318085 509
990732 947124 458
881651 890072 445
965694 35715 525
362794 793712 509
29060 198501 383
330207 799770 509
949481 319980 525
596451 127478 470
186941 785050 509
831883 877838 525
832543 615665 509
1457 114815 354
496309 424659 444
245115 612670 470
300267 538690 470
