1 10 20
100 200 125
201 210 89
900 1000 174
1 999999 525
1 1 1
999999 999999 259
510303 338642 449
943132 988965 458
383925 453219 449
444006 928116 525
490433 512303 470
920147 993983 507
38791 60951 340
13657 166253 383
106935 897632 525
460539 964502 525
275993 439377 449
745798 831378 468
635513 771448 504
238892 964340 525
872007 994357 507
93442 723308 509
591570 706359 509
145768 710913 509
487243 845358 525
812224 875111 525
752660 969155 525
523444 632225 509
355989 887765 525
580708 642079 509
716358 771520 468
839834 929694 476
715796 886019 525
263779 656662 509
283484 542897 470
906933 961135 507
409100 519130 470
150576 924475 525
984689 997321 427
176910 381594 443
399387 758871 509
503299 990401 525
81132 359853 443
481959 652591 509
910105 929605 476
664348 874502 525
538907 606573 452
823282 919070 525
516512 946947 525
786656 968243 525
802087 949424 525
460108 729239 509
799036 883495 525
975698 989459 427
670675 870861 525
601364 625265 447
101266 656985 509
261524 397964 441
227483 812897 509
460673 526108 470
526504 535100 377
355342 953644 525
551863 590428 434
299571 684050 509
553899 892406 525
587508 777173 509
908448 948122 507
354371 988095 525
558499 609247 434
772451 992812 525
205482 386453 443
218831 586978 470
79108 671926 509
921 102771 351
780014 925596 525
337835 660857 509
893693 993934 507
521097 626524 509
986204 993805 396
756497 912427 525
834114 928613 525
937468 954678 507
638129 715534 504
164659 649057 509
800299 951440 525
930015 948067 507
89996 945311 525
578471 973743 525
618552 688019 509
576151 810553 509
624293 951389 525
708780 949958 525
229490 378664 443
143953 774375 509
862399 918957 476
180290 506144 449
188191 656973 509
917645 943725 507
112361 651151 509
285977 383771 441
612437 676045 509
214904 743677 509
924978 945898 507
887986 909665 445
524534 673577 509
260448 984631 525
642035 672308 442
409272 829443 509
997974 999175 396
991495 993209 352
389490 450941 449
599468 725020 509
642317 917772 525
188076 498375 449
793576 990864 525
904006 922974 476
737941 888221 525
544803 662832 509
679278 688564 398
817242 991981 525
766943 895550 525
430585 978858 525
148275 773515 509
558382 628485 509
177217 795943 509
118909 952624 525
727448 850293 525
773220 985597 525
963882 995406 458
213707 638252 509
729206 792735 468
735247 812773 468
55491 66943 335
844432 924349 476
571337 589396 434
696420 888805 525
552066 604361 434
958872 992379 458
566803 929708 525
620899 642384 509
577793 903213 525
703361 766784 504
612819 852019 525
524325 651527 509
883312 884726 370
447408 964787 525
283773 341865 389
36697 618262 470
360818 651801 509
483442 731165 509
63970 441642 449
608694 818891 509
319806 398016 441
812189 948814 525
843899 895853 445
989264 991373 352
712073 993377 525
710409 756455 424
347638 746241 509
216595 930029 525
491678 766232 509
970021 982610 458
859252 936708 476
385050 695117 509
948888 962597 414
796346 954286 525
472426 706934 509
877448 889149 445
166692 276943 443
358042 997262 525
100337 440971 449
585047 769619 509
714300 770863 468
892447 896473 370
651642 970953 525
876859 935900 476
314098 670040 509
87428 528015 470
103725 186098 383
725437 857976 525
496871 715374 509
184476 240844 443
685734 718397 504
448021 765632 509
194660 786992 509
877659 975845 507
21676 151115 375
979946 990808 427
811443 824320 450
619180 652220 509
877747 965790 507
461471 867844 525
558906 720018 509
384668 395065 436
108308 331109 443
189694 953594 525
747883 764843 424
299973 643676 509
501327 569299 470
663978 934402 525
285621 560311 470
786111 801542 468
486828 742128 509
536320 549504 452
844836 980236 507
40130 615346 470
90816 296657 443
767349 790025 468
42615 191033 383
737071 839103 525
92362 623266 470
184159 495997 449
495518 853409 525
811811 904153 525
72950 692321 509
937923 962748 507
801810 852292 525
59466 895675 525
934913 957399 507
67256 817266 509
342593 621176 470
79172 710645 509
509709 792466 509
487551 803625 509
290652 353321 441
778430 850610 525
76986 372004 443
247003 587464 470
369150 946060 525
253848 726800 509
971845 988784 427
816830 999412 525
711913 847135 525
368978 989894 525
970392 991388 458
516164 908320 525
642813 812709 504
761104 816288 468
812609 974582 525
911376 963601 507
313878 735510 509
326200 413445 449
46791 243111 443
175093 499766 449
920031 969285 507
454911 913163 525
361225 595341 470
941920 999199 458
642980 729483 504
422301 876111 525
706478 838384 525
155902 448624 449
567555 641817 509
370249 710531 509
805630 950875 525
769002 915520 525
560890 875811 525
263733 772790 509
99956 204171 383
920383 948573 507
508156 891874 525
50910 588089 470
784017 896058 525
403055 553981 470
358114 634450 509
11738 544365 470
346833 931069 525
807439 906089 525
147601 171729 383
941080 951569 414
954711 961888 414
720648 760373 424
546105 936324 525
379542 897995 525
86559 866502 525
755838 776006 468
489921 921054 525
578988 756017 509
63902 707641 509
987676 992829 352
159947 997703 525
269522 993223 525
505548 976125 525
578039 695709 509
898004 995225 507
580890 789046 509
280786 722663 509
990277 994720 365
653619 685032 442
663594 822898 504
235203 765533 509
210892 608338 470
206550 559103 470
653695 907747 525
819620 886421 525
824259 839593 525
719890 967811 525
630125 681899 442
765396 810466 468
618987 882486 525
144406 828354 509
124480 438128 449
118240 665282 509
643818 755072 504
616856 927033 525
560639 594079 434
267906 366494 441
276432 761341 509
273319 938011 525
725203 878454 525
92568 159343 383
920317 968109 507
833172 966464 525
999601 999822 290
974375 984815 427
402840 820114 509
900148 995410 507
620884 828079 509
236639 751504 509
11932 33753 308
173992 745954 509
680565 987822 525
503288 694817 509
379315 748761 509
669545 699802 442
919537 968904 507
587676 712996 509
94920 804864 509
599656 759737 509
631958 912678 525
780528 811263 468
20206 128697 354
794155 889344 525
152130 466527 449
825751 889908 525
757302 981579 525
399162 566259 470
465790 947612 525
448026 484312 444
626420 799357 504
129364 901877 525
460858 826105 509
27559 907552 525
805753 847991 525
530436 722054 509
212565 360922 443
905042 970125 507
996067 996804 365
549606 633953 509
484020 979955 525
843839 857197 419
86453 614942 470
209450 773981 509
315679 685926 509
376602 770865 509
818227 948722 525
333295 437088 449
175758 925482 525
119962 333170 443
370708 676199 509
80214 187936 383
648584 712970 504
653634 676890 442
125616 436019 449
513381 758143 509
48958 766953 509
229242 845308 525
606106 692566 509
547658 621392 447
667998 712891 504
399323 417225 449
731928 875062 525
400577 605198 470
579595 841834 525
638471 904749 525
83997 955548 525
105466 836722 509
66443 628685 509
166216 570545 470
829642 923574 525
736293 742957 424
760789 922253 525
475233 719320 509
324067 973822 525
740857 836457 468
537395 586298 452
518626 547657 452
174070 307340 443
182289 521198 470
44863 998804 525
116518 331729 443
726808 870346 525
748379 907063 525
516327 736510 509
904838 974766 507
529432 859110 525
104100 888718 525
161688 579817 470
68163 546501 470
294640 476400 449
534719 946013 525
10916 910391 525
173669 982716 525
302730 758316 509
855253 940698 507
551585 655052 509
654664 924947 525
972485 998299 440
246576 437443 449
883713 897967 445
879914 892217 445
541216 915617 525
19300 982314 525
401072 951763 525
288878 956020 525
408573 477159 449
303630 620601 470
200546 780629 509
773190 957094 525
719220 851583 525
316721 545193 470
519741 821117 509
341155 414971 449
186241 202489 360
168619 261512 443
507930 821855 509
114734 317165 443
990134 992431 321
133701 923784 525
546538 908400 525
877426 936865 476
827540 924853 525
936586 941104 507
152790 541865 470
716664 968662 525
829322 909397 525
879836 898142 445
223730 335396 443
785775 925539 525
119400 543788 470
575295 756240 509
7747 540788 470
848251 916242 476
243741 598314 470
631781 906136 525
726844 756018 424
61040 469209 449
563151 944570 525
898871 916036 476
215278 655127 509
403727 475297 449
974057 993662 427
769882 922984 525
288856 899193 525
266961 456070 449
998178 999457 396
606683 876153 525
814003 957878 525
976152 978534 383
365037 501264 449
564823 772199 509
606910 632381 509
445407 715287 509
700491 709712 504
969509 984880 458
360406 463292 449
731891 856361 525
829987 989389 525
921309 958311 507
769854 974984 525
992221 994827 365
506986 515230 470
995002 995158 277
909254 927347 476
230209 470456 449
85036 956293 525
735833 856928 525
694861 988962 525
269210 443104 449
766193 993595 525
154505 299445 443
966003 966866 365
582534 644082 509
579038 679840 509
575541 696655 509
311440 494119 449
971811 994598 427
166269 175160 347
3236 58057 340
274466 357527 441
595911 901895 525
794860 939219 525
635240 772047 504
981090 984617 383
521961 886083 525
741043 757642 424
275868 492688 449
553035 920340 525
795176 813399 468
347870 350527 366
179570 902344 525
890899 913295 476
5710 438492 449
604875 730689 509
289554 645212 509
542726 716659 509
468384 937189 525
57365 441050 449
927379 945820 507
409361 950209 525
425106 874665 525
217115 481821 449
736408 972213 525
980338 984375 427
130030 178021 383
416763 458121 418
85324 355466 443
642695 779002 504
283871 976450 525
226956 554684 470
197491 503223 449
359996 744872 509
46578 149653 375
138301 502088 449
987746 987886 290
679941 691044 398
776422 988151 525
199436 988632 525
960317 974199 458
596378 685558 509
718843 728612 411
698047 859216 525
549821 925977 525
265123 701084 509
99748 692786 509
773401 992407 525
971927 972015 246
952886 993964 458
465751 737182 509
56999 684617 509
991051 991356 290
884758 967704 507
657684 897185 525
52183 622308 470
9539 120971 354
848053 927176 476
504010 671179 509
984051 990067 427
536102 704890 509
508983 702560 509
177113 691742 509
277797 313857 389
400840 642921 509
403472 755580 509
168223 543093 470
656599 956568 525
50034 330219 443
474599 591972 470
5620 250071 443
89415 710100 509
875909 877469 401
846513 984469 507
165975 927273 525
464594 728114 509
814946 883183 525
248292 367959 441
110145 597171 470
916925 921578 432
382841 812339 509
131130 859913 525
12419 725020 509
193792 592636 470
905074 952949 507
58334 387231 443
546146 600793 452
310330 915361 525
949079 987316 458
390019 781664 509
38908 421124 449
14004 576063 470
867368 910035 445
633023 666770 442
416814 546304 470
255786 599279 470
920492 985892 507
81418 844139 525
620184 853836 525
948113 985021 458
664579 931999 525
534169 589360 452
591880 939102 525
779056 889729 525
160231 200364 370
943836 954919 414
514670 698337 509
747660 842536 525
87895 834583 509
823877 942760 525
705526 842268 525
387155 484904 449
39400 255614 443
121974 930966 525
462390 731129 509
350749 408694 436
96148 507017 449
52938 173462 383
202943 376853 443
148976 818649 509
301558 966103 525
77147 681809 509
435052 650653 509
348082 935542 525
788626 790061 406
809087 820599 450
455070 920371 525
465673 884544 525
133100 929147 525
145454 736212 509
182817 473359 449
132888 442657 449
968525 973561 458
313419 379405 441
211034 697502 509
831581 899946 525
21538 811165 509
857010 935657 476
972300 974659 383
660534 963850 525
504070 899120 525
803249 980654 525
907834 984353 507
136463 601815 470
233716 599144 470
379499 744496 509
660317 926567 525
993596 998814 440
944330 960595 414
689682 723898 504
606791 610428 403
309853 815959 509
995987 997532 365
699338 842560 525
497921 624643 470
58173 310657 443
96770 420846 449
728192 763106 424
576304 845801 525
358284 378349 423
708398 834427 468
403734 786019 509
309259 993854 525
287225 906827 525
523565 881728 525
690476 706457 504
790431 996433 525
96182 431829 449
774887 926083 525
176912 194995 365
939767 993303 458
76718 903528 525
163703 503896 449
275873 392195 441
862845 946168 507
121208 655005 509
881550 950090 507
373797 836258 509
118257 333491 443
230352 385289 443
537917 918595 525
250633 791769 509
185673 511410 449
834818 905078 525
804999 964123 525
284429 654414 509
127405 233526 443
818659 867617 525
243467 821384 509
53302 115223 354
292768 513757 470
558840 864926 525
82832 716306 509
952398 998732 458
927181 948889 507
128251 180448 383
695822 870834 525
354521 456737 449
716939 758699 424
48841 80915 351
128264 774632 509
660574 694495 442
625762 738639 509
626994 834314 504
324243 808136 509
309507 416566 449
860669 865744 388
955056 983890 458
620942 677700 509
447414 753894 509
442438 608546 470
120897 284201 443
678330 770922 504
491510 815826 509
649845 819638 504
31680 663035 509
255972 936152 525
267132 706292 509
557060 923874 525
528493 770400 509
152542 702984 509
744517 878975 525
990057 991210 321
145282 636534 509
183191 984771 525
657011 926217 525
490552 822390 509
948494 992999 458
285735 589397 470
443485 931175 525
294959 639387 509
383147 747527 509
718724 936177 525
25128 739057 509
911023 928488 476
946500 989404 458
842735 917221 476
900392 904482 401
606260 850443 525
812300 951742 525
160842 834282 509
921798 969087 507
10008 381824 443
236546 699020 509
134997 685464 509
904379 992077 507
74852 162070 383
690016 785195 504
792167 858626 525
907989 919058 476
843371 963521 507
183263 319105 443
287359 521837 470
634270 725198 504
822614 978534 525
176586 898783 525
400245 507648 449
884013 907584 445
281392 580202 470
800447 991576 525
407940 582076 470
431744 551724 470
454427 584150 470
851121 992657 507
898519 935908 476
991756 996861 365
462592 871117 525
171795 996572 525
868206 878844 432
173453 792644 509
739927 833616 468
581179 602162 434
879744 987176 507
453743 560352 470
895799 941341 507
469615 969504 525
150233 207695 383
230350 529487 470
234527 687799 509
546994 847465 525
183862 964214 525
962309 979953 458
605002 987786 525
997267 999364 440
968201 971269 458
252523 625219 470
859238 914624 476
471085 756997 509
812372 929068 525
482165 929725 525
961531 984156 458
931142 974230 507
621154 632994 509
267814 430867 449
708827 826320 468
354032 439325 449
771232 865755 525
579633 896032 525
98074 728824 509
687931 957727 525
784047 959049 525
832489 925506 525
607838 702684 509
267202 414335 449
674320 844846 525
641834 990420 525
49078 751500 509
92993 377738 443
194127 845345 525
222268 442656 449
184004 938104 525
3192 897381 525
189479 670506 509
599116 874176 525
12062 436022 449
775579 837885 525
939662 974136 458
901964 977200 507
478592 489868 413
634791 937425 525
659194 740065 504
13989 644867 509
374369 805070 509
466719 935970 525
308056 480111 449
762046 948607 525
363195 963848 525
283222 937391 525
477912 877476 525
649870 722059 504
399894 815548 509
125525 720777 509
400394 566590 470
860373 986381 507
282527 977922 525
646464 661823 429
58051 802672 509
882895 974188 507
720315 957937 525
69714 737652 509
969421 973849 458
657413 698014 442
92725 923179 525
88418 874757 525
466724 819833 509
570095 737001 509
25357 693924 509
536124 716456 509
188018 426150 449
983198 995254 427
14711 562600 470
339713 448926 449
65211 922966 525
237218 706291 509
596629 960318 525
346997 887362 525
305173 637871 509
224322 682013 509
972129 977326 383
110921 759293 509
733203 784839 468
699463 752144 504
579554 619854 447
607825 879766 525
396512 491237 449
469244 719607 509
833406 991831 525
168968 667075 509
509862 651166 509
478429 869958 525
137930 929793 525
612526 816216 509
666395 902438 525
600195 932588 525
327446 877609 525
677531 715112 504
733716 817942 468
628540 971775 525
885650 960086 507
381745 429703 449
8618 570435 470
569947 732943 509
652510 767259 504
852181 885044 432
13431 157959 383
836240 887939 525
240120 596733 470
510044 651704 509
782758 909161 525
351750 621686 470
47797 531379 470
231071 866905 525
611480 831294 509
905237 930575 476
591893 957468 525
247785 856214 525
13180 167655 383
300703 652847 509
847271 929041 476
111948 355808 443
72751 869302 525
991069 997065 365
435057 542582 470
993459 994926 365
467748 468315 276
914844 928736 476
785247 808802 468
956262 964668 414
180117 792785 509
198292 834576 509
852919 954012 507
622273 777944 509
323266 699337 509
234240 690359 509
573291 820217 509
811160 859383 525
569002 946036 525
403543 514827 470
3493 333493 443
326749 775839 509
374678 626497 509
366360 764404 509
17942 263124 443
50146 675466 509
582980 702928 509
417788 442095 418
499342 957115 525
895135 949753 507
995070 996220 365
876009 921799 476
198806 596155 470
983184 988594 427
202428 675981 509
851020 937115 476
826303 960470 525
603401 766265 509
303484 433936 449
28113 312419 443
476537 759613 509
137031 244086 443
128271 779496 509
292691 514109 470
195615 951119 525
146601 664831 509
247599 720637 509
121615 755320 509
350251 381122 423
256576 770894 509
352849 771161 509
671159 775757 504
473995 482754 413
285387 330612 389
558294 857932 525
402798 963431 525
433893 940512 525
327970 686431 509
799935 998179 525
905434 981048 507
86185 326213 443
133446 212838 383
783133 797349 468
296275 572284 470
71099 783066 509
174327 630024 509
865940 877094 432
212504 692428 509
34499 663672 509
261661 286772 407
855791 872750 432
941965 983735 458
358067 635746 509
424772 552597 470
944333 973382 458
683519 850859 525
429918 949153 525
44751 360210 443
908475 995708 507
276309 686528 509
593991 941002 525
907635 996971 507
265303 981099 525
992113 995459 365
179235 824850 509
926196 974006 507
284344 423999 449
146023 503478 449
428572 708655 509
768541 888555 525
632705 806072 504
348157 755001 509
722813 735342 380
527208 991701 525
956978 990149 458
192662 934535 525
226141 556258 470
864216 904513 445
890311 991124 507
60208 165057 383
967466 998722 458
775546 975201 525
813927 928367 525
496278 697841 509
415931 547364 470
232751 306979 407
199403 804202 509
319943 580496 470
808996 865406 525
479945 613333 470
511354 677556 509
216455 682645 509
848022 939265 476
