1 10 20
100 200 125
201 210 89
900 1000 174
1 1 1
1000000 1000000 153
1 1001 179
1001 2001 182
583106 317758 470
846533 857481 419
917781 926377 445
891248 645800 525
209090 267925 443
478028 489716 413
289826 582734 470
652070 338501 509
699128 796387 504
75898 258484 443
160481 979173 525
271394 972466 525
5498 46555 324
284804 506581 449
97101 754719 509
297439 714794 509
281163 407815 441
15383 787492 509
468847 890770 525
21385 810983 509
312727 724332 509
173630 363214 443
328073 372068 441
589776 632060 509
212240 900429 525
6476 410130 449
127632 425995 449
67301 250118 443
299885 903152 525
585598 726467 509
862197 961218 507
9804 269549 443
592308 750180 509
71571 784322 509
619275 839059 525
596048 770443 509
818691 832152 450
452549 513162 470
564740 980248 525
700766 798292 504
722871 753087 424
36533 123636 354
240749 791559 509
758730 885010 525
81755 389892 443
553044 969001 525
699712 765600 504
266730 894482 525
504719 691058 509
568905 685790 509
267282 371273 441
522221 811930 509
41532 773605 509
287502 525404 470
566567 955440 525
665017 986262 525
317606 379133 441
613708 658699 509
551006 608602 434
134609 796106 509
506148 668557 509
262641 681754 509
217954 926518 525
134834 144686 375
397486 773722 509
511029 602293 470
252079 963795 525
452651 483825 444
169157 283756 443
518822 891648 525
28400 958364 525
391315 623826 470
362793 849272 525
388882 451574 449
628438 761952 504
238424 420063 449
385390 788304 509
15200 325827 443
328758 389520 441
220599 976411 525
153013 903739 525
585261 836013 509
902604 930292 476
115039 769890 509
673476 945600 525
101126 835231 509
886700 908153 445
267066 637892 509
289168 508343 449
11353 511515 449
225779 708174 509
456466 830102 509
836363 896060 525
819986 885069 525
14211 922574 525
153400 433162 449
147739 606760 470
321519 558237 470
108296 441391 449
254900 365556 441
81252 379318 443
195765 569366 470
377739 868972 525
574482 808283 509
541309 709432 509
168533 782197 509
130581 991860 525
269232 333887 407
262532 397778 441
91741 529702 470
134634 906818 525
337093 719763 509
82857 307860 443
382517 779255 509
357413 640897 509
859293 996193 507
7738 86482 351
585905 949426 525
471563 559862 470
417089 448226 418
446796 872714 525
177603 387972 443
272073 450670 449
644078 852020 525
280346 779267 509
370822 540817 470
75360 94127 351
46658 826769 509
602151 745662 509
66209 780987 509
205762 639869 509
162327 359334 443
60350 899823 525
31626 670723 509
240111 371084 441
269954 767982 509
242309 329034 407
322819 549502 470
133946 503463 449
128880 760029 509
136246 331108 443
596208 648461 509
743705 798438 468
506826 906180 525
549107 821979 509
474424 541172 470
660824 739178 504
518756 789304 509
24125 909011 525
362425 485344 449
15665 966204 525
247078 571203 470
351275 434864 449
15514 294150 443
537828 881636 525
268699 705050 509
357007 504894 449
1412 270189 443
39714 817429 509
548163 949141 525
293660 871988 525
231760 443926 449
682245 944236 525
44781 514660 470
325555 902840 525
691976 894274 525
507757 652018 509
341513 820066 509
556338 946196 525
544807 829921 509
23858 865023 525
200952 946144 525
553455 634576 509
82568 270521 443
378306 592659 470
460634 675300 509
192558 922491 525
227769 583356 470
249391 975547 525
487864 639692 509
353949 667817 509
206333 381736 443
134228 765373 509
744164 966020 525
334139 587075 470
805094 921047 525
641433 641840 372
566372 917231 525
111859 693955 509
661713 737706 504
56683 122759 354
368000 702254 509
233024 389135 441
602279 813121 509
151419 252792 443
54266 660194 509
719233 980522 525
308896 653202 509
262626 767683 509
214223 676063 509
149706 636067 509
143668 497688 449
46595 547489 470
61532 327965 443
703783 903223 525
52998 297938 443
380918 855253 525
334171 759650 509
231861 299434 407
516610 821553 509
83047 175239 383
765900 875068 525
289858 715988 509
833279 955584 525
758715 947478 525
227875 470383 449
311257 761794 509
355992 484381 449
336967 488497 449
49006 119448 354
546100 978981 525
48770 219736 386
812948 831773 450
67841 614875 470
834745 837676 344
380798 440993 449
39920 679404 509
319824 583790 470
207895 465606 449
198634 458745 449
321745 503884 449
46805 569601 470
783464 897490 525
112959 304762 443
50030 937594 525
60061 306945 443
215332 680579 509
73303 978800 525
610211 771674 509
238004 496005 449
141151 922486 525
76368 183161 383
368835 449740 449
200641 848722 525
226033 451977 449
1001 904820 525
734137 967718 525
4684 666315 509
83466 845541 525
57543 877880 525
143581 578906 470
477686 517506 470
58376 154042 375
71103 82653 351
671462 794405 504
961872 976044 458
618398 967764 525
54248 341914 443
88780 976742 525
184353 403402 443
248347 825546 509
383151 446172 449
145373 933110 525
211167 227929 386
182301 321129 443
853042 898144 445
359787 954308 525
47657 961839 525
489180 681536 509
50365 564811 470
79530 500057 449
251320 660900 509
394765 679647 509
96511 302772 443
683340 774357 504
185974 846073 525
820856 968271 525
93669 138977 354
187612 856169 525
36638 921167 525
190635 299455 443
170823 937956 525
390086 390704 317
81799 654393 509
195503 813497 509
370279 674787 509
55730 870189 525
519158 769830 509
190744 726329 509
491864 648108 509
512828 701225 509
794639 897620 525
503587 513377 470
710473 901477 525
129627 840990 525
21208 147818 375
13535 517610 470
887998 959396 507
172185 348142 443
732573 863617 525
887330 984872 507
135169 288734 443
805052 970034 525
206546 459972 449
790056 824888 468
606929 951246 525
204865 490437 449
513470 704067 509
904927 921382 476
184029 944150 525
303391 764430 509
62285 720659 509
320193 337056 384
91396 486254 449
460189 683057 509
367735 447898 449
793953 960434 525
54797 374044 443
344478 499967 449
584524 840559 525
716560 750874 424
251124 302748 407
53910 154678 375
104802 788600 509
66115 945731 525
767245 818900 468
377038 563064 470
69888 463658 449
180198 698913 509
744932 979629 525
192734 672012 509
150187 731509 509
758077 965143 525
358560 538523 470
651481 736536 504
290924 536339 470
398640 666485 509
163724 526062 470
150673 429603 449
38145 707171 509
700323 841654 525
385727 795608 509
281447 500007 449
675535 722379 504
122149 228122 386
77281 205622 383
430325 885009 525
361403 467649 449
257870 486671 449
86546 376489 443
36483 339911 443
685162 835792 504
182111 599828 470
303080 596396 470
213306 766089 509
143308 718050 509
100044 907019 525
561700 647483 509
541415 896597 525
251752 441399 449
3068 162184 383
432950 701511 509
330287 867118 525
44018 815854 509
524558 551386 452
276300 868225 525
71337 454139 449
280242 708910 509
574734 838762 525
516784 973230 525
235817 579002 470
229737 776893 509
330500 649108 509
283899 829426 509
498943 813190 509
404363 727436 509
447140 996912 525
28415 697125 509
498021 693846 509
289882 548112 470
77993 453107 449
210033 500312 449
310123 951808 525
306274 558054 470
122858 180306 383
323148 408298 441
563192 736917 509
382889 528966 470
312389 531908 470
515160 687132 509
495396 726379 509
63002 68326 330
63492 634876 509
139980 945747 525
939073 953040 507
160599 949255 525
322017 969916 525
9129 766393 509
614337 907789 525
8568 621133 470
134172 929696 525
572996 764436 509
282493 991602 525
824303 958558 525
67054 768317 509
279403 745496 509
30531 146328 375
486388 998785 525
348225 711912 509
130565 306977 443
232265 762676 509
300926 558725 470
174838 803972 509
167669 852693 525
375897 600606 470
636050 656539 416
161812 406774 443
901531 935068 476
312659 590909 470
706112 709923 349
372216 829773 509
542113 805186 509
477627 732937 509
508117 811579 509
124644 830466 509
128610 678207 509
230178 994956 525
632956 991171 525
305462 533836 470
701628 707547 504
217255 720101 509
711249 908944 525
638086 788737 504
736932 943180 525
11850 489473 449
371266 693261 509
378890 854567 525
683970 892107 525
448028 509778 444
692307 950256 525
208739 976528 525
107558 942389 525
150182 990101 525
103514 602532 470
399881 562931 470
25318 249840 443
531984 550349 452
55063 979367 525
20111 209697 383
407286 497279 449
122921 561119 470
464327 888274 525
377167 750011 509
560471 704079 509
32945 867846 525
209213 981921 525
659568 770474 504
72812 250364 443
126180 150102 375
355783 756402 509
548809 858896 525
86715 535052 470
26856 193856 383
165760 285014 443
156420 312207 443
503729 939386 525
118685 690949 509
659688 802615 504
106054 870725 525
402349 890139 525
324046 773109 509
308155 603026 470
477008 918749 525
7877 559556 470
350677 724606 509
299737 853061 525
327117 593263 470
332659 822810 509
68119 171381 383
461740 972404 525
30242 856221 525
136118 395393 443
760818 814861 468
722068 976150 525
220988 789158 509
186353 444352 449
598937 915423 525
779712 911013 525
183639 830428 509
93384 584481 470
172869 409397 443
24118 740562 509
23738 657706 509
377368 443803 449
534943 779939 509
602699 993787 525
25879 492462 449
817081 928588 525
144479 911761 525
329535 743154 509
574705 684744 509
263070 715659 509
444172 641709 509
127859 615447 470
553925 696498 509
403875 747189 509
198662 735573 509
40891 716164 509
592417 870239 525
612148 658399 509
402100 697850 509
140154 186994 383
58869 756534 509
612458 668775 509
300247 851648 525
215813 769958 509
335894 376190 441
4099 569981 470
338561 900954 525
403869 760150 509
10329 29116 308
205516 833028 509
430148 986594 525
367239 884629 525
789625 891967 525
603768 895563 525
783665 956668 525
376910 860179 525
52454 536743 470
608381 805697 509
140196 952056 525
558803 994240 525
833502 985636 525
708684 860692 525
483994 881190 525
579589 595263 434
608956 640145 509
387835 761781 509
97196 369477 443
13808 590107 470
77218 579405 470
724490 735879 424
586903 791086 509
564156 767639 509
899524 998837 507
82276 597748 470
152687 846046 525
45920 573499 470
514693 748779 509
65467 765527 509
96809 745623 509
418648 695340 509
225669 810696 509
829351 891929 525
254550 876666 525
565557 768122 509
281276 392289 441
263149 677508 509
319537 576693 470
189067 805480 509
650969 819247 504
812956 815519 375
286760 823612 509
76280 356804 443
276216 279946 389
479426 610359 470
341673 384866 441
41432 680561 509
302157 480614 449
715995 986202 525
306939 834648 509
533422 997185 525
114360 191637 383
484414 690876 509
593592 852995 525
741954 863688 525
342160 495477 449
102826 978337 525
768763 839811 525
256483 975628 525
131621 902450 525
28768 458466 449
497949 529721 470
211837 428441 449
605033 892670 525
415381 853916 525
56169 507053 449
87267 640181 509
208037 719699 509
721925 976479 525
332033 425821 449
260227 802714 509
542317 929423 525
427358 867037 525
511323 801148 509
270844 524593 470
424391 772545 509
32317 643537 509
306462 501993 449
150729 332201 443
132647 459424 449
149474 341912 443
102076 987010 525
692580 868372 525
380207 732163 509
671007 824473 504
685720 739033 504
142219 333269 443
405912 997384 525
190506 629211 509
167332 571125 470
7982 793341 509
86536 384356 443
209523 857335 525
189475 820292 509
131005 820984 509
360453 661761 509
853868 957166 507
56280 990061 525
98471 711083 509
417053 737788 509
689610 738712 504
730293 924523 525
371017 663518 509
125518 239426 443
210623 334777 443
197301 593655 470
89491 535421 470
62385 938346 525
61383 487862 449
556551 579199 421
457736 812464 509
624605 734282 509
174309 353115 443
7993 799128 509
91232 926685 525
526839 606557 452
537804 793787 509
309904 963268 525
22921 915118 525
119323 537754 470
233358 567028 470
785987 882512 525
551701 782759 509
221242 594697 470
418119 459319 418
181773 772651 509
158097 318424 443
222499 875559 525
471667 566680 470
870701 886041 432
14930 552143 470
70777 743309 509
327630 803957 509
74284 575483 470
64407 780477 509
577629 679427 509
280895 751292 509
299180 538151 470
608564 711195 509
42474 321637 443
498178 696432 509
63767 669290 509
342965 382553 441
21777 40125 324
645210 871441 525
949136 951694 414
800194 865916 525
634365 869527 525
29548 727638 509
43618 830981 509
48450 728210 509
29615 541307 470
69804 269402 443
641320 881136 525
110772 164662 383
857258 900244 445
89726 695968 509
24777 617882 470
351368 537162 470
327849 989467 525
160868 531463 470
776447 902778 525
115956 601914 470
272345 560213 470
832335 895369 525
335326 438538 449
808311 871580 525
335536 543902 470
459668 624101 470
185625 247954 443
517772 637849 509
142656 612874 470
270335 531179 470
81024 308646 443
41568 382832 443
189616 490713 449
656603 816876 504
216825 745087 509
572609 665126 509
834928 893596 525
302760 682204 509
595676 899681 525
117765 659015 509
64275 954086 525
635820 669857 442
349719 688750 509
497097 693550 509
838637 863186 419
177671 293263 443
534239 788466 509
66808 494663 449
268378 953711 525
28871 254848 443
92723 287731 443
142071 652376 509
682339 734570 504
623500 707892 509
635154 702828 442
107251 660907 509
183868 414899 449
550237 589297 434
567394 760842 509
831700 862039 525
133870 213115 383
506282 537127 470
283119 684766 509
754857 923151 525
76590 814813 509
392351 988939 525
590751 718180 509
164603 612930 470
165870 169920 352
119746 994403 525
201762 534633 470
959610 985568 458
467205 998965 525
34276 408797 443
430496 481571 444
334563 426763 449
183328 642192 509
103603 248262 443
173640 529859 470
570561 625747 447
266629 555735 470
136179 831978 509
808162 916846 525
42865 71422 340
703099 718301 504
195028 626331 509
226986 379649 443
10878 129382 354
650824 842692 525
459074 647692 509
235634 760347 509
614688 886383 525
563088 933635 525
390311 798754 509
173025 303677 443
519994 626425 509
338332 459896 449
275670 527044 470
643686 655448 385
340107 793850 509
512344 618373 452
2070 937098 525
419739 765096 509
414243 899745 525
69641 593916 470
481846 757458 509
193082 375220 443
96405 357065 443
521814 709585 509
69134 659242 509
154332 513555 470
839576 904419 445
197809 869525 525
406223 811746 509
216434 705320 509
64445 753279 509
359426 765148 509
458632 941425 525
45552 896035 525
89776 878459 525
425036 491963 444
95036 483112 449
17049 854855 525
693965 914291 525
658873 705611 504
441843 726506 509
389405 478507 449
217722 816464 509
493999 699116 509
645407 714335 504
513410 793945 509
587442 694743 509
114037 610002 470
304422 811103 509
626494 681505 442
184812 209455 373
404590 752466 509
258638 356991 441
29221 784801 509
40996 749179 509
569101 705589 509
104627 562628 470
428098 455814 400
381258 488136 449
109315 205366 383
554194 680724 509
303806 983324 525
253100 510814 449
475886 736545 509
94310 589652 470
183300 679459 509
437311 438243 294
215254 292617 443
208023 521146 470
246851 400082 441
177277 340118 443
8274 807489 509
606445 657896 509
316424 408796 441
619555 973708 525
271798 936418 525
595907 944675 525
802977 980862 525
633600 816292 504
193437 204811 360
339273 968425 525
205276 394020 443
222462 805707 509
447299 845210 525
118877 842251 525
750108 975627 525
171304 296132 443
939512 996189 458
359900 432847 449
43897 396483 443
75394 841445 525
401732 733504 509
695804 739104 504
645206 880073 525
779587 970752 525
397705 839028 525
455013 595755 470
43064 497428 449
607931 675169 509
712383 865286 525
95364 874847 525
12973 835434 509
24886 755591 509
413754 557209 470
691650 734688 504
805204 937814 525
347291 758233 509
418507 816342 509
763370 983503 525
139942 919814 525
737546 744236 424
248539 692880 509
95678 552854 470
337985 651689 509
44005 656689 509
39950 367473 443
180960 611666 470
187310 997261 525
92830 955130 525
600370 684689 509
628340 771865 504
251976 702921 509
581648 959329 525
230132 769397 509
573530 717767 509
440882 583859 470
117160 335499 443
129617 788961 509
323317 498012 449
90403 130919 354
583141 810497 509
64511 677670 509
597590 641905 509
193220 387134 443
295797 469864 449
280931 662436 509
455674 615515 470
807734 980936 525
184787 226102 386
65364 209476 383
450686 564310 470
48182 562580 470
366718 763557 509
414094 900732 525
444465 622870 470
72246 404529 443
475688 691670 509
274858 948214 525
302609 437212 449
598161 752899 509
684755 831899 504
66020 335691 443
381289 562751 470
925927 939255 476
192671 959093 525
694117 761941 504
170725 918463 525
456960 913849 525
423093 552726 470
448980 722331 509
350712 798410 509
356853 976142 525
366621 836850 509
210533 379172 443
478229 798685 509
665513 893762 525
224039 520946 470
764670 778907 468
86423 298710 443
656886 822339 504
405485 812243 509
410189 462556 444
817948 905144 525
640865 703826 442
116898 799618 509
283450 715532 509
174332 898221 525
91850 569173 470
404261 731568 509
73207 348447 443
340345 622102 470
315895 815149 509
190372 198833 360
107673 683336 509
305638 766658 509
641852 920621 525
278119 665685 509
495495 936821 525
694738 892682 525
451556 930292 525
97890 344553 443
431629 774958 509
227775 720667 509
271161 801654 509
624137 991109 525
266991 513325 470
620523 975098 525
107126 290394 443
667503 771584 504
15712 460557 449
382574 596860 470
179224 855544 525
100930 948408 525
801886 973357 525
806973 844767 525
551606 943879 525
27569 68533 340
165711 559044 470
479771 484391 413
683066 687555 398
459853 753437 509
24788 333296 443
243197 951610 525
438905 696847 509
80222 972007 525
415128 862508 525
498190 945418 525
477670 885331 525
72995 230348 386
532278 652343 509
135237 591264 470
229733 451936 449
116091 617285 470
104946 516452 470
48796 357059 443
108453 535708 470
159771 494705 449
501703 824397 509
41139 256582 443
809166 935488 525
372258 621065 470
315268 413699 449
62378 636150 509
416280 869080 525
619039 623764 372
41160 840047 525
165280 523150 470
722927 988490 525
349093 486105 449
90121 680239 509
20717 862297 525
396648 677500 509
505218 762807 509
347731 561447 470
392634 405663 405
485324 875567 525
326923 332322 353
475254 963689 525
825447 855721 525
146988 537666 470
171227 921494 525
514239 830014 509
558485 933435 525
386755 650267 509
2890 168331 383
574835 971908 525
27771 329532 443
373014 645885 509
480511 684721 509
26300 672362 509
10855 92312 351
