1 10 20
100 200 125
201 210 89
900 1000 174
20 30 112
1 6 9
2 7 17
3 8 17
4 9 20
5 10 20
6 11 20
7 12 20
8 13 20
9 14 20
10 15 18
11 16 18
12 17 18
13 18 21
14 19 21
15 20 21
16 21 21
17 22 21
18 23 21
19 24 21
20 25 24
21 26 24
22 27 112
23 28 112
24 29 112
25 30 112
26 31 112
27 32 112
28 33 107
29 34 107
30 35 107
31 36 107
32 37 27
33 38 27
34 39 35
35 40 35
36 41 110
37 42 110
38 43 110
39 44 110
40 45 110
41 46 110
42 47 105
43 48 105
44 49 105
45 50 105
46 51 105
47 52 105
48 53 25
49 54 113
50 55 113
51 56 113
52 57 113
53 58 113
54 59 113
55 60 113
56 61 33
57 62 108
58 63 108
59 64 108
60 65 108
61 66 108
62 67 108
63 68 108
64 69 28
65 70 28
66 71 103
67 72 103
68 73 116
69 74 116
70 75 116
71 76 116
72 77 116
73 78 116
74 79 36
75 80 36
76 81 36
77 82 111
78 83 111
79 84 111
80 85 111
81 86 111
82 87 111
83 88 111
84 89 31
85 90 31
86 91 93
87 92 93
88 93 93
89 94 106
90 95 106
91 96 106
92 97 119
93 98 119
94 99 119
95 100 119
96 101 119
97 102 119
98 103 88
99 104 88
100 105 88
1 7 17
2 8 17
3 9 20
4 10 20
5 11 20
6 12 20
7 13 20
8 14 20
9 15 20
10 16 18
11 17 18
12 18 21
13 19 21
14 20 21
15 21 21
16 22 21
17 23 21
18 24 21
19 25 24
20 26 24
21 27 112
22 28 112
23 29 112
24 30 112
25 31 112
26 32 112
27 33 112
28 34 107
29 35 107
30 36 107
31 37 107
32 38 27
33 39 35
34 40 35
35 41 110
36 42 110
37 43 110
38 44 110
39 45 110
40 46 110
41 47 110
42 48 105
43 49 105
44 50 105
45 51 105
46 52 105
47 53 105
48 54 113
49 55 113
50 56 113
51 57 113
52 58 113
53 59 113
54 60 113
55 61 113
56 62 108
57 63 108
58 64 108
59 65 108
60 66 108
61 67 108
62 68 108
63 69 108
64 70 28
65 71 103
66 72 103
67 73 116
68 74 116
69 75 116
70 76 116
71 77 116
72 78 116
73 79 116
74 80 36
75 81 36
76 82 111
77 83 111
78 84 111
79 85 111
80 86 111
81 87 111
82 88 111
83 89 111
84 90 31
85 91 93
86 92 93
87 93 93
88 94 106
89 95 106
90 96 106
91 97 119
92 98 119
93 99 119
94 100 119
95 101 119
1 6 9
2 7 17
3 8 17
4 9 20
5 10 20
6 11 20
7 12 20
8 13 20
9 14 20
10 15 18
11 16 18
12 17 18
13 18 21
14 19 21
15 20 21
16 21 21
17 22 21
18 23 21
19 24 21
20 25 24
21 26 24
22 27 112
23 28 112
24 29 112
25 30 112
26 31 112
27 32 112
28 33 107
29 34 107
30 35 107
31 36 107
32 37 27
33 38 27
34 39 35
35 40 35
36 41 110
37 42 110
38 43 110
39 44 110
40 45 110
41 46 110
42 47 105
43 48 105
44 49 105
45 50 105
46 51 105
47 52 105
48 53 25
49 54 113
50 55 113
51 56 113
52 57 113
53 58 113
54 59 113
55 60 113
56 61 33
57 62 108
58 63 108
59 64 108
60 65 108
61 66 108
62 67 108
63 68 108
64 69 28
65 70 28
66 71 103
67 72 103
68 73 116
69 74 116
70 75 116
71 76 116
72 77 116
73 78 116
74 79 36
75 80 36
76 81 36
77 82 111
78 83 111
79 84 111
80 85 111
81 86 111
82 87 111
83 88 111
84 89 31
85 90 31
86 91 93
87 92 93
88 93 93
89 94 106
90 95 106
91 96 106
92 97 119
93 98 119
94 99 119
95 100 119
96 101 119
97 102 119
98 103 88
99 104 88
100 105 88
1 7 17
2 8 17
3 9 20
4 10 20
5 11 20
6 12 20
7 13 20
8 14 20
9 15 20
10 16 18
11 17 18
12 18 21
13 19 21
14 20 21
15 21 21
16 22 21
17 23 21
18 24 21
19 25 24
20 26 24
21 27 112
22 28 112
23 29 112
24 30 112
25 31 112
26 32 112
27 33 112
28 34 107
29 35 107
30 36 107
31 37 107
32 38 27
33 39 35
34 40 35
35 41 110
36 42 110
37 43 110
38 44 110
39 45 110
40 46 110
41 47 110
42 48 105
43 49 105
44 50 105
45 51 105
46 52 105
47 53 105
48 54 113
49 55 113
50 56 113
51 57 113
52 58 113
53 59 113
54 60 113
55 61 113
56 62 108
57 63 108
58 64 108
59 65 108
60 66 108
61 67 108
62 68 108
63 69 108
64 70 28
65 71 103
66 72 103
67 73 116
68 74 116
69 75 116
70 76 116
71 77 116
72 78 116
73 79 116
74 80 36
75 81 36
76 82 111
77 83 111
78 84 111
79 85 111
80 86 111
81 87 111
82 88 111
83 89 111
84 90 31
85 91 93
86 92 93
87 93 93
88 94 106
89 95 106
90 96 106
91 97 119
92 98 119
93 99 119
94 100 119
95 101 119
96 102 119
97 103 119
98 104 88
99 105 88
100 106 88
8 9 20
5 2 8
5 5 6
5 3 8
5 5 6
3 8 17
2 4 8
1 2 2
3 3 8
8 5 17
53 31 110
32 78 116
33 72 113
24 84 116
98 86 119
36 82 116
73 51 116
90 82 111
49 60 113
98 59 119
82 15 116
64 96 116
34 70 113
72 65 103
75 41 116
65 76 116
54 61 113
44 20 112
19 57 113
60 86 116
68 60 108
98 60 119
53 86 116
34 40 35
19 98 119
11 51 112
77 93 111
29 10 112
16 38 112
16 87 116
67 85 116
39 33 35
10 54 113
92 72 116
61 69 108
13 72 113
36 17 112
85 84 10
26 29 112
54 58 113
22 23 16
55 75 116
75 87 111
96 96 13
81 54 116
96 57 116
84 49 116
45 82 116
10 43 112
68 90 116
46 83 116
60 49 113
32 63 113
94 23 116
57 98 119
21 32 112
76 62 116
95 40 116
38 81 116
81 11 116
97 98 119
52 51 25
28 88 116
75 66 116
95 43 116
43 94 116
51 11 112
95 68 116
68 99 119
55 42 113
65 25 113
96 99 119
87 88 31
81 36 116
29 68 113
61 21 113
89 76 111
87 58 116
84 65 116
88 22 116
57 55 113
56 42 113
57 64 108
18 58 113
93 72 116
35 56 113
41 75 116
44 57 113
99 21 119
21 42 112
18 81 116
71 36 113
74 56 116
98 83 119
93 70 116
37 15 112
26 42 112
86 11 116
47 20 112
68 30 113
64 23 113
48 39 110
50 59 113
15 32 112
95 82 111
16 31 112
38 24 112
89 25 116
13 36 112
59 25 113
43 86 116
21 28 112
68 93 116
31 67 113
93 31 116
18 28 112
42 53 105
90 18 116
81 66 116
87 57 116
10 79 116
14 80 116
47 64 113
97 58 119
62 67 108
34 78 116
33 54 113
14 64 113
73 89 116
34 31 107
44 75 116
87 62 116
37 15 112
82 69 116
38 13 112
49 82 116
20 47 112
96 31 116
63 98 119
54 97 119
31 11 112
75 97 119
30 34 107
67 39 113
44 79 116
10 75 116
83 97 119
87 22 116
69 73 116
74 97 119
25 68 113
16 39 112
40 33 35
72 38 113
97 13 119
87 60 116
58 76 116
35 99 119
57 56 33
29 24 112
48 31 110
41 59 113
45 18 112
98 81 119
77 10 116
55 13 113
38 76 116
52 71 113
14 10 18
28 39 107
46 76 116
41 34 110
85 53 116
24 12 21
14 16 18
96 44 116
18 76 116
77 74 23
63 65 108
39 55 113
26 34 112
14 39 112
69 63 108
32 83 116
51 35 110
86 51 116
62 93 116
89 69 116
85 75 111
68 14 113
26 43 112
16 83 116
79 96 111
91 74 111
21 37 112
337 725 171
612 929 179
721 978 179
174 683 145
388 818 171
199 821 171
249 648 144
165 707 171
609 614 132
71 802 171
213 321 131
19 554 144
417 938 179
91 174 125
478 911 179
432 527 142
594 622 132
517 983 179
25 620 144
21 532 144
54 993 179
72 341 144
718 899 179
39 162 122
15 484 144
145 666 145
241 726 171
603 603 70
583 887 179
510 631 137
583 608 119
435 749 171
463 606 142
156 877 179
244 427 144
737 843 153
206 998 179
220 659 145
504 569 137
373 878 179
152 708 171
485 656 145
687 704 171
374 634 142
647 962 179
676 832 171
53 369 144
657 922 179
574 789 171
696 914 179
113 834 171
100 751 171
75 867 171
524 893 179
593 837 171
218 632 144
78 397 144
397 618 142
203 314 131
400 947 179
433 750 171
240 663 145
488 619 142
148 372 144
40 535 144
615 873 179
6 306 128
578 988 179
657 949 179
274 659 145
463 605 142
343 360 126
333 493 142
172 855 171
222 487 144
77 377 144
202 866 171
359 887 179
531 748 171
282 357 144
33 672 145
677 975 179
66 807 171
107 880 179
73 953 179
314 502 144
156 641 144
788 989 179
797 959 179
581 832 171
184 660 145
45 384 144
375 904 179
94 567 144
145 317 131
86 368 144
674 899 179
75 184 125
149 961 179
100 583 144
23 416 144
60 946 179
122 471 144
71 108 119
401 608 142
355 389 121
13 644 144
306 448 144
470 658 145
158 641 144
209 433 144
695 816 171
300 307 43
72 522 144
51 430 144
562 740 171
296 607 144
732 840 153
33 793 171
40 508 144
416 852 171
361 764 171
754 846 153
376 930 179
370 530 142
209 454 144
24 727 171
456 556 142
202 930 179
670 839 171
252 269 123
162 660 145
65 149 122
265 514 144
439 549 142
136 801 171
185 514 144
189 706 171
10 186 125
882 974 174
94 911 179
394 529 142
812 835 135
198 758 171
168 997 179
508 870 171
217 234 128
552 764 171
481 839 171
163 500 144
55 863 171
332 864 171
317 675 145
6 815 171
250 640 144
416 674 145
177 481 144
51 698 145
89 498 144
59 709 171
113 589 144
698 837 171
615 662 145
250 960 179
474 768 171
374 725 171
565 970 179
101 761 171
946 953 37
171 624 144
195 204 120
256 860 171
209 828 171
555 565 88
74 134 122
91 348 144
738 775 153
446 783 171
532 865 171
47 994 179
663 818 171
580 804 171
386 680 145
735 800 153
72 207 125
190 844 171
136 442 144
175 294 128
106 843 171
749 911 179
165 843 171
341 815 171
547 884 179
213 856 171
169 534 144
776 944 179
59 884 179
580 715 171
29 743 171
384 391 121
459 666 145
521 887 179
676 702 127
632 976 179
840 965 179
27 646 144
471 822 171
351 943 179
798 960 179
4 500 144
101 767 171
770 854 153
983 992 143
311 626 144
869 937 179
74 708 171
598 827 171
661 748 171
988 1000 112
262 302 123
972 981 143
703 800 171
208 919 179
504 956 179
822 825 135
3 951 179
469 901 179
571 830 171
357 475 134
691 931 179
191 222 120
214 750 171
648 751 171
194 413 144
608 723 171
298 505 144
433 845 171
812 863 148
439 453 116
740 941 179
839 905 179
416 729 171
518 858 171
862 892 179
101 667 145
209 213 40
217 534 144
448 600 142
858 998 179
439 892 179
231 854 171
690 878 179
580 812 171
104 870 171
882 983 174
809 835 135
749 930 179
930 998 174
392 871 179
107 478 144
196 224 120
578 770 171
837 992 179
977 999 143
756 932 179
494 918 179
977 999 143
603 996 179
482 507 142
409 913 179
27 845 171
867 965 179
861 963 179
786 999 179
985 989 50
24 831 171
254 911 179
2 153 122
488 580 142
145 961 179
258 345 144
378 600 142
51 313 131
121 675 145
143 224 125
800 976 179
766 926 179
43 749 171
61 109 119
148 247 128
369 572 142
823 866 148
599 781 171
336 814 171
626 759 171
787 881 179
553 993 179
544 585 137
916 931 130
287 335 144
449 509 142
674 750 171
2 483 144
134 813 171
94 294 128
526 902 179
619 747 171
100 625 144
557 726 171
397 482 134
843 972 179
337 581 142
261 366 144
319 653 145
450 947 179
617 626 132
464 636 142
444 785 171
632 934 179
745 986 179
443 709 171
431 928 179
291 584 144
869 914 179
181 553 144
595 648 132
615 824 171
138 899 179
524 909 179
912 938 174
158 880 179
650 762 171
52 587 144
622 879 179
330 362 126
170 670 145
559 971 179
587 883 179
840 867 148
99 365 144
717 889 179
745 892 179
512 947 179
582 838 171
982 994 143
478 897 179
817 941 179
443 964 179
271 317 131
470 692 145
41 786 171
851 920 179
665 892 179
769 882 179
119 521 144
716 956 179
564 967 179
289 398 144
419 799 171
796 844 135
938 977 143
494 696 145
866 929 179
295 396 144
377 614 142
696 786 171
860 957 179
412 431 134
114 815 171
806 941 179
419 919 179
593 815 171
863 903 179
48 381 144
636 863 171
724 749 140
401 698 145
935 935 130
55 645 144
196 324 131
999 1001 143
293 974 179
227 655 145
88 127 119
807 868 148
226 297 128
188 689 145
953 997 143
564 968 179
631 850 171
140 880 179
457 775 171
67 902 179
776 814 135
415 480 134
974 977 143
418 931 179
744 750 91
710 734 140
609 658 145