1 10 20
100 200 125
201 210 89
900 1000 174
1 999999 525
1 1 1
999999 999999 259
510303 338642 449
943132 988965 458
383925 453219 449
444006 928116 525
490433 512303 470
920147 993983 507
38791 60951 340
13657 166253 383
106935 897632 525
460539 964502 525
275993 439377 449
745798 831378 468
635513 771448 504
238892 964340 525
872007 994357 507
93442 723308 509
591570 706359 509
145768 710913 509
487243 845358 525
812224 875111 525
752660 969155 525
523444 632225 509
355989 887765 525
580708 642079 509
716358 771520 468
839834 929694 476
715796 886019 525
263779 656662 509
283484 542897 470
906933 961135 507
409100 519130 470
150576 924475 525
984689 997321 427
176910 381594 443
399387 758871 509
503299 990401 525
81132 359853 443
481959 652591 509
910105 929605 476
11235 388179 443
65583 136551 354
68158 776473 509
69218 489538 449
8687 794686 509
75816 857962 525
42573 407217 443
27565 472124 449
92346 346074 443
44308 518202 470
17315 492780 449
71768 167361 383
63768 709356 509
95922 711816 509
2034 988177 525
81676 433351 449
63054 135674 354
30156 226887 386
43317 424715 449
23573 799028 509
66145 414577 449
32090 222701 386
19697 66957 340
80698 235519 443
96898 871074 525
20726 474513 449
51550 879966 525
97779 479964 449
13873 323960 443
80874 973126 525
80184 932317 525
28260 999837 525
65954 250361 443
38935 180775 383
75340 223578 386
50549 188649 383
70427 186757 383
17264 44121 324
67636 657835 509
46909 436125 449
86947 309433 443
1846 874560 525
19932 526717 470
68347 421687 449
78331 339015 443
13983 640689 509
82903 536314 470
58609 430534 449
3573 581428 470
33261 560747 470
35881 575364 470
76479 298522 443
70748 688063 509
51195 327171 443
54841 177562 383
88679 824140 509
20256 779205 509
19033 529349 470
24474 569574 470
63745 189300 383
26355 862199 525
51073 696271 509
14847 503217 449
52992 701539 509
2103 770816 509
87084 922354 525
64939 220875 386
35687 732445 509
85238 468174 449
1900 773781 509
57627 935185 525
98473 527024 470
57597 822826 509
62379 236161 443
92158 538595 470
66207 152412 375
6011 357372 443
74486 904503 525
23334 768814 509
17794 804046 509
69742 944204 525
69403 624536 470
84696 291227 443
75240 761297 509
74037 468026 449
48152 403210 443
41502 550595 470
73300 651380 509
26827 305958 443
56951 471189 449
74237 610355 470
87773 840781 525
91076 293330 443
67913 962795 525
16136 161705 383
43476 259384 443
41779 651131 509
46362 635860 509
41775 702110 509
15783 508840 449
59325 935182 525
29495 582092 470
6772 981846 525
65620 418371 449
5703 207766 383
10238 771212 509
34039 278386 443
24519 571715 470
87308 974897 525
2243 647708 509
32079 146277 375
96340 685327 509
5148 628200 509
40388 305551 443
48745 751332 509
75645 474992 449
83673 157531 383
87594 677929 509
36969 895490 525
87047 147823 375
21183 253295 443
83332 96137 333
86382 494396 449
95054 867642 525
86803 587449 470
33374 503488 449
50959 705166 509
56106 652240 509
52760 159068 383
11422 698989 509
53195 183393 383
85488 408390 443
79838 556649 470
56390 72353 335
53881 496269 449
6843 808377 509
83892 502593 449
2127 472958 449
5722 57656 340
68896 790595 509
4068 478441 449
43732 113397 354
95027 894189 525
86211 131263 354
72264 990390 525
44479 304116 443
84753 708970 509
44879 350645 443
91677 93655 315
45128 337053 443
1829 345804 443
56180 568485 470
57514 851796 525
62690 909451 525
31586 842137 525
27944 494836 449
578537 942035 525
825858 291941 509
728323 929695 525
747547 207426 509
164683 924510 525
298033 22268 443
812381 861371 525
787159 609640 509
839336 740463 525
969294 558171 525
432348 7458 449
995198 605162 525
422138 724718 509
113647 535200 470
407401 961604 525
968662 256333 525
755496 270759 509
943396 521007 525
370522 153930 443
538178 344333 470
115714 100333 354
704128 180513 509
806011 257024 509
631998 232190 509
986525 353078 525
426040 597964 470
774824 401682 509
635353 50157 509
969101 830733 525
768867 655892 504
331609 998245 525
626115 485680 470
45631 582082 470
613199 953747 525
472719 509925 426
821997 97572 509
626605 646204 416
668334 59158 509
15257 631049 509
651644 108536 509
419179 947396 525
728516 799237 468
696373 712473 504
934430 120797 525
81339 729955 509
810638 19604 509
772484 444012 509
466713 710539 509
171535 726007 509
743280 264229 509
758405 948529 525
988321 975805 427
131384 150354 375
425746 244895 449
883373 510721 525
383784 600220 470
29056 370975 443
700700 127336 509
752342 106737 509
660562 503311 509
17137 372569 443
277001 340460 389
879396 6281 525
898430 228719 525
262181 805004 509
420923 731207 509
820851 414383 509
876875 578599 525
109834 488606 449
953262 77918 525
40824 333735 443
627004 637106 416
790410 4587 509
294187 803449 509
985857 69652 525
226271 387356 443
611367 540412 452
535883 428981 470
81840 941047 525
354336 417468 449
325328 543109 470
113286 373958 443
673485 352503 509
589898 339606 470
999548 770333 525
214362 896197 525
248288 796507 509
642594 521300 509
348301 974161 525
532846 607294 452
331054 350911 441
842613 414224 525
793078 99325 509
804034 720388 468
938953 238365 525
353271 990001 525
823286 645075 504
306033 791913 509
57960 717187 509
383866 182188 443
849752 15201 525
87106 75509 351
673366 429540 509
838440 482525 525
533739 309045 470
721460 268741 509
327446 424136 449
838969 597502 525
890982 576411 525
909319 908057 370
941753 207573 525
985660 370034 525
442552 349949 449
772785 896564 525
195078 100963 383
220705 611840 470
231225 768271 509
845723 192796 525
950364 641329 525
585299 173356 470
350819 92373 443
134785 205591 383
254549 183272 443
785965 1959 509
965851 987822 458
837036 544509 509
34040 494861 449
126245 814113 509
704180 164025 509
166325 494348 449
464014 948361 525
153497 425024 449
663702 773988 504
386800 304642 441
856776 582829 525
196648 456956 449
59348 905070 525
16712 436890 449
807359 594349 509
399539 172131 443
213737 903278 525
869689 412612 525
580055 787288 509
664847 32600 509
918233 905570 476
112179 559140 470
434204 223229 449
138539 382212 443
439212 158232 449
881652 218852 525
420881 401657 449
937575 312059 525
155961 380689 443
123666 421673 449
967776 414707 525
419850 840916 525
228150 136458 386
419131 37659 449
849798 627012 525
696309 211574 509
133763 750949 509
910277 215312 525
933404 719488 525
758138 601635 509
458242 536094 470
468640 543274 470
361136 579440 470
302070 931598 525
62286 85918 351
973467 291577 525
385226 745453 509
735229 614364 509
214298 865178 525
882145 933112 476
451948 84206 449
735775 381150 509
578420 914023 525
893601 636104 525
478152 51515 449
183111 341798 443
809515 660784 504
865018 193888 525
694630 754990 504
838363 979954 507
284419 772113 509
885856 464626 525
106495 549593 470
58065 477098 449
330773 302953 384
216686 117604 386
827109 278147 509
325679 854935 525
350790 567261 470
711255 224344 509
54332 428067 449
7399 701837 509
969235 112172 525
593780 446121 470
537298 618979 452
426847 340710 449
802761 454936 509
537101 35882 470
300062 538107 470
168531 147886 383
855056 56428 525
343455 640116 509
222968 377514 443
141146 558594 470
263786 592218 470
54584 497141 449
334009 856878 525
808859 235210 509
355467 173971 443
928726 413738 525
667970 661683 442
422351 53166 449
576192 188070 470
344732 241167 407
599318 387950 470
507693 520924 470
173080 603822 470
328951 134902 443
281474 49854 443
410676 899987 525
533874 111259 470
728973 212697 509
212066 565592 470
629808 515340 509
15969 833986 509
893427 70763 525
536304 483167 470
108882 482566 449
711529 581857 509
490127 873009 525
5296 45899 324
399559 793602 509
684034 244854 509
549787 459546 470
663210 206418 509
694908 336359 509
730820 657899 504
302022 24189 443
414162 306926 449
675500 140435 509
626905 66635 509
966299 191758 525
625184 286478 470
105828 844000 525
607994 298366 470
345385 699368 509
397453 29942 443
305529 842930 525
963562 699346 525
766472 421983 509
224966 333218 443
948959 597748 525
537997 911897 525
967974 876175 507
121327 760304 509
951968 760657 525
567831 742113 509
120611 667720 509
878446 580847 525
226741 138807 386
190935 926362 525
154022 951634 525
704300 312234 509
297096 756440 509
751410 106474 509
382985 165170 443
401253 48823 443
563674 514854 452
346293 601728 470
501520 700504 509
968035 326861 525
36723 124415 354
618962 240879 470
791747 925902 525
617351 708277 509
841767 807877 525
157584 992920 525
854083 23611 525
605436 84507 470
886802 901547 445
720296 196972 509
939520 601661 525
257572 81639 443
852712 222218 525
560197 619382 447
995593 463194 525
621111 344204 470
859513 381830 525
511475 149047 449
299037 836593 509
706059 186572 509
498315 809455 509
819165 358931 509
804487 520499 509
191016 410345 449
800644 240393 509
567450 555377 421
277233 741240 509
391406 273668 441
810442 344861 509
721356 837808 525
489689 976294 525
690727 274116 509
102950 675888 509
95456 247692 443
344551 754316 509
549961 882039 525
605523 776839 509
761150 67782 509
583462 532090 452
720037 495153 509
59977 263607 443
802655 238293 509
55276 111547 354
22988 668444 509
258675 547302 470
207972 386119 443
778388 688912 504
362383 751844 509
698098 138558 509
159374 469544 449
339014 73686 443
59818 434926 449
696690 20393 509
189319 755346 509
963066 627191 525
880632 538748 525
770633 461323 509
485421 687576 509
941138 251829 525
412494 564569 470
413670 435415 418
628258 978869 525
44299 552797 470
266359 766380 509
221258 812805 509
531624 212672 470
960819 984899 458
593970 416478 470
521119 191194 470
902531 986199 507
689495 207963 509
223270 73277 386
20223 252542 443
95600 984935 525
325030 719513 509
360184 14109 443
57440 809373 509
561922 991728 525
246125 667163 509
372061 502295 449
144330 490769 449
423957 837802 525
774703 861855 525
802398 28933 509
403550 580028 470
742208 176930 509
436858 638472 509
186311 78321 383
357982 55939 443
689355 516006 509
242792 428349 449
831572 49220 509
523386 762760 509
388729 734393 509
93462 116610 354
223559 84364 386
277850 941753 525
365507 481175 449
366433 119536 443
50738 348421 443
297823 443516 449
185739 298185 443
384762 663979 509
316976 16088 443
844368 535111 525
305128 90025 443
817453 258577 509
294932 547883 470
479418 188819 449
230313 354923 443
46725 544329 470
362821 604607 470
469128 186225 449
71940 703421 509
593604 636849 509
589422 520887 452
629932 135566 509
768947 683168 504
563219 211775 470
549409 679254 509
124789 648332 509
294727 469910 449
990379 353883 525
757880 531403 509
287262 971236 525
293510 77921 443
100299 71062 351
134674 617553 470
805635 805674 375
785914 667662 504
947856 500832 525
543028 492308 470
247799 31738 443
869911 130124 525
824799 792078 468
15363 700548 509
244910 583590 470
375467 314022 441
997103 38694 525
516800 776310 509
767332 634717 504
362671 740359 509
15021 561071 470
576314 90380 470
704547 827857 504
90082 139602 354
162976 174155 352
100905 225255 386
675977 341944 509
427063 244633 449
265660 714001 509
817762 221991 509
409983 507141 449
921027 730935 525
675233 959454 525
222465 654557 509
840836 273562 525
99588 395667 443
415221 533913 470
580635 54523 470
958781 764295 525
956246 481108 525
358532 561047 470
406778 181748 443
237530 782254 509
938277 903403 476
597916 156629 470
542388 812169 509
949174 683008 525
349341 567161 470
229077 453451 449
134877 508267 449
649070 123920 509
913276 962798 507
929706 361400 525
339058 608046 470
828755 39797 509
348054 173843 443
389168 869018 525
849839 843460 419
401631 413853 449
704365 574241 509
50514 804708 509
934299 412123 525
799154 70365 509
534183 853215 525
968633 568656 525
667302 253484 509
709178 94741 509
837009 209482 509
476652 483025 413
978455 334529 525
652809 373272 509
1504 981350 525
650163 495350 509
206250 810409 509
59904 705318 509
832105 118235 509
13206 175233 383
714521 348983 509
759636 339754 509
81063 832614 509
705280 847410 525
33757 789661 509
765204 623522 509
889888 409102 525
987088 336368 525
98391 315342 443
462928 765557 509
71118 690877 509
575325 967550 525
8769 484138 449
510202 765675 509
569583 689806 509
98668 74438 351
510429 149446 449
262450 298326 407
577168 23349 470
173889 782940 509
981733 753952 525
752575 753334 424
986002 609522 525
401415 424233 449
546282 987623 525
596369 285737 470
390047 21273 443
869174 380390 525
676862 887021 525
775079 201305 509
934307 683775 525
126996 705430 509
189695 825206 509
342424 545803 470
170620 276485 443
296316 491001 449
938457 782120 525
180964 221039 386
803085 504690 509
319611 317274 353
301824 664017 509
702832 327932 509
284167 661499 509
943448 438766 525
775943 578540 509
384146 890531 525
207324 129841 383
275777 185489 443
430086 559412 470
446451 568964 470
809884 871738 525
448622 232297 449
666089 96561 509
768879 161962 509
27529 129481 354
872885 656654 525
399497 805793 509
721337 609592 509
761863 341283 509
143359 777529 509
760225 509583 509
317823 767292 509
393024 545676 470
287153 185759 443
119163 927891 525
887758 908354 445
878537 662125 525
615245 266905 470
765563 441457 509
754530 900748 525
822740 118309 509
34061 131460 354
153458 663943 509
458262 847685 525
41562 93233 351
289689 986045 525
1999 384453 443
700182 761792 504
243541 171626 443
203488 398511 443
98546 393860 443
702030 840769 525
288778 313195 384
802824 148947 509
206019 434161 449
400843 3949 443
547373 350556 470
265488 386411 441
983569 906856 507
162616 969863 525
983370 294351 525
819595 134179 509
296941 304877 371
814497 178843 509
924892 815496 525
790659 222895 509
759816 796690 468
921023 566184 525
223069 61374 386
276304 79715 443
314243 912460 525
61347 535315 470
347291 99208 443
810307 325508 509
142124 894832 525
652796 562626 509
959060 299696 525
235800 714733 509
989138 34804 525
137561 191420 383
70019 378963 443
476793 176852 449
189374 829830 509
846026 182579 525
775193 593148 509
909464 473113 525
527257 448884 470
739329 703647 504
528418 381470 470
748978 651991 504
579264 329864 470
106217 474185 449
289961 718027 509
986017 472226 525
676854 486119 509
652978 869852 525
926219 346580 525
598772 53818 470
622657 475316 470
408706 121047 443
883188 492515 525
664510 963191 525
498786 64004 449
368250 671722 509
895200 729845 525
42031 555098 470
236181 685927 509
142019 323910 443
232223 460935 449
165485 786055 509
187250 658236 509
261916 554542 470
764485 490805 509
781804 889214 525
749226 970526 525
444395 961935 525
787793 689541 504
602522 940862 525
139926 509944 449
301695 260208 407
671713 116644 509
223127 796494 509
471527 854544 525
999124 166732 525
895388 16283 525
883076 40888 525
360398 239571 441
45072 631727 509
83656 989275 525
693591 751375 504
626274 819532 509
381730 295517 441
338653 86569 443
493411 339499 449
674155 792762 504
126466 996542 525
92902 922332 525
81378 894030 525
907628 208622 525
158319 225822 386
476374 682577 509
198684 520358 470
781404 290320 509
684152 928139 525
246508 321744 407
69429 369694 443
159063 2585 383
548390 442185 470
442921 129750 449
713102 737289 424
799804 684276 504
806919 252015 509
76623 323681 443
157118 741655 509
899315 348495 525
821309 728979 468
953559 793978 525
794902 251297 509
651800 741340 504
655040 607724 509
463 784087 509
126820 131019 344
687838 905890 525
309233 558780 470
208407 94444 383
2867 883165 525
842950 160954 525
432063 198296 449
567015 359767 470
784856 120917 509
378525 920453 525
705106 926660 525
895810 914905 476
352937 107790 443
320320 714800 509
854683 195453 525
397535 475391 449
35810 59900 340
424204 173583 449
197289 131850 383
557298 650227 509
473174 641753 509
999762 125321 525
552888 888740 525
126086 477277 449
77769 696074 509
860844 963045 507
425969 305070 449
479617 529219 470
334090 435936 449
273100 518490 470
341809 442190 449
360894 753824 509
130999 533505 470
719489 767259 424
139300 960858 525
952632 408577 525
604017 469394 470
508640 866884 525
574704 477750 470
343667 376767 441
532426 21983 470
977053 311970 525
457459 107868 449
183543 819771 509
173870 17809 383
699101 59201 509
227424 390530 443
723913 444514 509
854176 29784 525
828740 239799 509
58761 321712 443
396728 769698 509
506566 756141 509
260202 448229 449
505796 642729 509
212260 836910 509
888205 331571 525
218783 103437 386
869920 173077 525
546332 713505 509
782013 684498 504
574214 691913 509
605646 85320 470
645704 717978 504
589462 712314 509
296473 963379 525
769104 608116 509
811237 941877 525
903226 818253 525
108550 479650 449
654075 720084 504
60782 613243 470
150491 712517 509
242800 912317 525
820759 301295 509
820396 32120 509
666961 818002 504
166564 38189 383
596003 15004 470
294599 145213 443
463790 555044 470
709794 287830 509
37813 390725 443
371622 384254 423
718148 307470 509
320261 213843 443
143576 440682 449
330549 798153 509
149809 984729 525
303033 279475 389
237647 644560 509
625669 901490 525
9811 326148 443
106833 406661 443
674934 967359 525
672527 246508 509
405016 358233 436
123542 850909 525
974356 902912 507
619314 661042 509
673071 62528 509
679435 10598 509
69326 956936 525
198632 754092 509
646156 641289 416
394105 688984 509
356887 249035 441
350395 78880 443
399009 369034 436
407774 245349 441
737891 570138 509
135483 478404 449
140876 490096 449
57884 319968 443
451394 99813 449
866715 78276 525
844593 196000 525
717106 238804 509
830230 543807 509
190956 323755 443
200443 74953 383
840904 766439 525
811963 167241 509
948049 725183 525
255486 726212 509
155007 376481 443
479489 823569 509
613579 412075 470
801047 864226 525
853929 801575 525
775609 835554 468
479844 727033 509
31806 116452 354