711707 890166 525
392343 567280 470
158343 496079 449
866598 184737 525
483318 428902 444
619115 700976 509
964699 257131 525
917686 102259 525
722299 361630 509
530030 825413 509
569054 436933 470
336925 527294 470
160335 764241 509
49368 343599 443
134375 120847 344
877899 467666 525
250060 225914 443
649456 29089 509
179248 4393 383
185630 316239 443
259885 5085 443
600948 962267 525
956466 899728 507
650965 901502 525
908493 240817 525
81139 14337 351
717575 429917 509
912640 644596 525
815038 522232 509
303499 157226 443
310270 741949 509
35105 818450 509
448754 323467 449
727618 689526 504
192736 900851 525
671769 546057 509
360556 548847 470
955761 616463 525
946995 173068 525
354 593249 470
798890 571896 509
672573 251332 509
237850 227767 443
885751 716889 525
535708 208910 470
715323 152216 509
102434 388564 443
387811 224728 443
569400 356334 470
748406 747288 362
136543 147379 375
88138 859325 525
280660 66105 443
643845 744286 504
306353 725932 509
331884 144541 443
75565 381400 443
329327 98337 443
487992 339041 449
891384 837147 525
352093 912039 525
426148 840630 525
718526 112493 509
981368 916641 507
273703 615588 470
576419 152559 470
148312 76604 375
719970 793310 468
544376 994618 525
370365 340277 441
6804 453754 449
131563 313904 443
345900 613054 470
440953 95525 449
403461 600875 470
258818 248501 363
268060 291109 407
296837 602089 470
27801 893062 525
707044 330822 509
602624 264295 470
43769 86956 351
775313 674421 504
533752 316599 470
33769 949182 525
951021 624996 525
533958 104135 470
114624 323195 443
960578 252680 525
734869 174694 509
995544 894865 507
456677 228021 449
65767 849486 525
24958 274304 443
388924 583597 470
109826 562445 470
572998 229991 470
241596 969424 525
285295 132559 443
990578 125636 525
352598 706047 509
319916 864044 525
972884 828921 525
806516 414981 509
602970 394870 470
907508 408680 525
214560 147245 383
572057 865919 525
647189 176215 509
520559 423613 470
459238 24285 449
650049 821812 504
275149 886201 525
609929 246134 470
702028 363004 509
472031 512362 470
195443 491667 449
138935 232092 443
999147 24525 525
358313 515681 470
531051 748728 509
981380 93151 525
279652 562595 470
545799 387674 470
560026 704610 509
867431 227914 525
350235 296057 441
935841 476767 525
375365 891590 525
670666 469567 509
186209 611687 470
146698 528862 470
187705 757301 509
771127 139144 509
684655 439031 509
72885 3958 340
109099 592039 470
494586 5389 449
287757 582746 470
89240 370175 443
653213 819995 504
884147 385120 525
524293 541135 408
412546 643354 509
677224 695260 442
696250 782536 504
947819 184869 525
73812 27428 340
243984 514345 470
502304 688300 509
464393 72357 449
298007 757675 509
129751 437561 449
662794 213717 509
520373 788438 509
741173 673134 504
127216 652274 509
45040 776639 509
726118 461060 509
416224 285015 449
264034 740455 509
233113 268165 407
799787 976562 525
699736 840349 525
404494 216054 443
416771 784186 509
158705 517729 470
833914 533146 509
5626 999447 525
322569 373720 441
170875 754403 509
276141 618504 470
700583 488134 509
854287 183584 525
532522 332506 470
587560 606685 403
548160 537421 452
824859 267681 509
763197 202772 509
486011 188341 449
811674 514616 509
249506 342428 407
969366 429227 525
649910 75818 509
549228 735556 509
162876 532918 470
553612 231864 470
310941 688556 509
364594 524857 470
500297 571653 470
903809 321988 525
367932 246451 441
620241 422635 470
733742 144103 509
83746 465742 449
510714 729602 509
734820 288325 509
15170 297708 443
329028 478119 449
194552 277441 443
908482 315966 525
85061 23313 351
441054 324024 449
309152 766160 509
745156 772972 468
785233 224190 509
654672 330878 509
967243 451285 525
515504 721787 509
35722 777855 509
746213 407752 509
942175 430775 525
736622 760502 424
817158 786710 468
736687 92402 509
770698 380805 509
455471 939490 525
814371 137591 509
963365 144409 525
201723 521920 470
537272 245754 470
362249 103635 443
210994 474474 449
984496 871743 507
715451 701185 504
598262 109458 470
135263 715907 509
281940 771352 509
336377 577064 470
798399 168582 509
838125 993951 507
789416 696215 504
77269 17271 351
142311 887890 525
174553 131253 383
653085 378722 509
447702 849154 525
912847 783373 525
693124 944801 525
617212 924484 525
148055 481187 449
106947 533662 470
777426 770200 437
661886 709308 504
91677 676307 509
971280 608184 525
252057 988169 525
288442 263930 407
292184 125190 443
835734 6056 509
21509 913364 525
88148 853172 525
879779 349477 525
860676 908482 445
378678 455284 449
806147 556468 509
548805 461901 470
231469 218612 443
283116 738306 509
434811 411846 418
549158 283647 470
918266 457409 525
357388 375388 410
620322 836238 509
252834 871131 525
617105 898028 525
289666 254115 407
572555 299956 470
181246 953006 525
460464 276617 449
69054 432979 449
805449 963030 525
307897 769008 509
195085 123531 383
511133 684116 509
808918 680479 504
766835 710759 424
254621 865455 525
940643 432665 525
8753 939490 525
287430 688767 509
182904 618816 470
904682 756862 525
324146 7563 443
24869 12088 282
529732 196791 470
235482 337179 407
835201 288454 509
200905 568950 470
168567 225832 386
42702 121663 354
273129 455970 449
647284 571111 509
674509 322717 509
925634 206204 525
816205 485048 509
500453 489751 426
980186 879148 507
313403 109224 443
874252 21498 525
346734 902319 525
783356 475774 509
869664 454710 525
21710 473342 449
184053 83426 383
708777 831752 468
307901 956020 525
993005 330844 525
50289 150519 375
639458 684167 442
911572 723763 525
802310 763781 468
576690 86410 470
127621 953591 525
298478 267125 407
243609 752211 509
173213 137461 383
373641 275108 441
480357 910499 525
962653 47163 525
316370 869179 525
837407 123539 509
106388 970254 525
980440 270720 525
988515 368771 525
449996 623654 470
537206 298222 470
324431 315432 371
45537 32828 324
604516 359249 470
578743 917786 525
328100 309221 384
194153 815519 509
869086 224496 525
250722 785756 509
401934 866390 525
858097 201966 525
717625 703891 504
373553 719221 509
732717 534031 509
407070 35277 443
232778 982984 525
278964 138097 443
988868 252344 525
174756 642437 509
94079 76015 351
120328 193626 383
288423 306724 389
921072 524493 525
835442 953286 525
790018 245463 509
403754 77060 443
816802 602917 509
131825 473806 449
592497 275993 470
734388 181545 509
415084 820775 509
92518 764446 509
722514 367979 509
64300 178560 383
889770 234013 525
196831 829116 509
740802 271396 509
310973 719586 509
150986 134935 375
334544 320557 384
860547 398523 525
318133 987425 525
51945 445848 449
294750 919118 525
275172 291869 389
171020 340072 443
468433 626504 509
712161 533898 509
450235 691324 509
164946 120562 383
262667 342675 407
606888 534461 452
941260 505683 525
650465 637547 416
49995 959232 525
880318 13616 525
259310 401238 441
711886 220169 509
696409 445 509
547724 115304 470
420020 888029 525
356458 512962 470
350267 757355 509
296722 858311 525
409432 984961 525
563307 837893 525
114856 921631 525
449916 556053 470
467017 948397 525
863481 461892 525
39233 202319 383
163560 563243 470
978638 935770 507
935819 526897 525
362349 227670 443
626878 969891 525
239917 689499 509
41034 693689 509
392013 988048 525
253224 187610 443
802410 698077 504
989460 497056 525
786736 846491 525
106702 969299 525
908020 669843 525
349321 62909 443
664250 211343 509
46180 59895 340
80024 772336 509
465967 514907 470
377890 475138 449
673803 784397 504
246922 265920 407
191441 411802 449
395082 441154 449
800628 307169 509
388746 535049 470
443744 952723 525
624449 189749 470
829051 905663 525
611075 59113 470
206452 218395 386
174533 788297 509
691058 544637 509
718967 678854 504
801242 587923 509
222706 931440 525
311282 54224 443
673950 247982 509
893264 996516 507
751642 665465 504
788266 858048 525
850801 708070 525
335969 426614 449
385634 567738 470
663668 929584 525
951043 478910 525
357879 49062 443
69946 631219 509
950769 182513 525
90133 352801 443
826836 422198 509
494234 437827 444
902203 317290 525
862925 249574 525
308193 569848 470
985142 266075 525
573666 746084 509
584419 192840 470
989177 88691 525
177627 694923 509
215780 507709 449
881010 276391 525
517395 263332 470
473671 212058 449
837053 643624 504
122822 994212 525
269206 457401 449
421595 783466 509
162017 779741 509
300063 188196 443
824923 200065 509
700083 713855 504
287584 281670 376
169351 12572 383
743307 307882 509
718590 379047 509
857211 935052 476
607346 35654 470
288835 831290 509
245009 626367 509
192022 420104 449
902410 416374 525
387590 598785 470
290157 515999 470
989465 850857 507
861140 646699 525
302860 183090 443
373 807692 509
481662 238261 449
132411 317837 443
327402 48604 443
351204 124858 443
180007 770885 509
821805 717052 468
313883 282749 389
326495 362859 441
749748 409529 509
599561 410003 470
795564 592963 509
465859 186416 449
472450 153357 449
793722 833987 468
657070 15037 509
462394 796607 509
425452 730951 509
91887 684009 509
114469 144059 375
792396 567443 509
695671 384673 509
259291 402561 441
350336 439713 449
86175 320179 443
348664 965096 525
240965 306200 407
466176 119005 449
244385 574714 470
544370 692035 509
707495 886548 525
819308 43714 509
643180 111565 509
782053 203343 509
109247 210119 383
81019 761992 509
331616 471776 449
490217 569993 470
884587 930392 476
3984 686188 509
326339 120206 443
945069 461429 525
485370 985116 525
31162 173623 383
381977 696825 509
163393 931489 525
924184 759158 525
606019 510904 470
679521 833173 504
289570 541059 470
12082 983484 525
901628 365475 525
62220 418161 449
473936 303434 449
677068 385110 509
601181 669085 509
456808 709835 509
903082 815206 525
288893 510859 449
854448 279187 525
801314 776650 468
858584 180091 525
29588 905246 525
929571 624960 525
960497 792713 525
728328 370764 509
152695 684673 509
87924 576701 470
443122 48160 449
194372 161350 365
113970 508916 449
426962 603730 470
909710 360509 525
551024 893702 525
94694 252677 443
451758 69779 449
839634 440466 525
150545 454997 449
421810 911157 525
901196 777372 525
574694 547934 421
507649 366934 449
19252 506285 449
911465 819267 525
582590 922494 525
608329 938684 525
921003 282569 525
44917 43905 270
556893 489580 470
908382 827595 525
76003 534098 470
40343 144601 375
393438 446893 449
142292 775755 509
142650 110628 375
947539 227265 525
922542 562960 525
131627 465593 449
345527 530477 470
914127 406568 525
303402 670835 509
548804 682175 509
576963 182074 470
857007 48131 525
927647 911043 476
703332 480196 509
439525 583069 470
710505 534137 509
106027 974881 525
807160 610284 509
644033 171081 509
292372 82181 443
607335 542562 452
444300 262255 449
822243 921417 525
322959 21294 443
243345 980408 525
662646 667623 442
726843 519711 509
133997 758622 509
938258 739190 525
906360 184963 525
711111 251423 509
717668 200406 509
129856 193549 383
415722 136382 449
689104 509955 509
368421 694004 509
441769 849500 525
963868 917218 507
493522 398691 449
960856 975649 458
548787 759342 509
369126 792863 509
373679 479916 449
108151 493466 449
565691 596971 434
822867 403293 509
787520 937810 525
852658 345797 525
680349 363128 509
706300 202937 509
576342 829987 509
966012 240093 525
331119 560243 470
291288 718983 509
992493 988877 352
949853 998303 458
829311 448078 509
786850 424754 509
352969 406388 436
643672 198386 509
317807 722227 509
157833 298733 443
812148 419466 509
344237 699495 509
831765 917216 525
848444 465969 525
53832 895617 525
366113 429273 449
297532 158764 443
167180 717844 509
205157 493045 449
314370 945185 525
731340 334992 509
672639 408886 509
479412 775208 509
89272 260118 443
901754 644562 525
110788 898753 525
22600 37594 324
274793 978078 525
928757 679478 525
741707 596876 509
68518 940292 525
910139 479451 525
805407 360768 509
529627 391141 470
610773 601245 403
761496 777742 468
795442 24685 509
842742 387509 525
731748 22281 509
524655 484783 470
435466 200052 449
703612 581144 509
766093 801937 468
777793 862333 525
498764 403620 449
156750 700733 509
729254 927133 525
317930 345356 384
510390 362354 449
577329 679319 509
441042 224684 449
885267 564488 525
25627 814001 509
481225 550243 470
565708 720773 509
733688 901949 525
154546 410285 449
3601 682290 509
38769 883485 525
56787 866416 525
442933 103489 449
269064 936951 525
786086 105054 509
688490 201691 509
210207 220683 386
918587 571159 525
717395 415949 509
168856 926478 525
320896 821638 509
488257 641817 509
639130 243451 509
721399 996193 525
710612 737348 424
135263 193195 383
831884 908541 525
700180 28427 509
324515 325140 384
477804 630073 509
717103 13030 509
641860 317161 509
955724 201098 525
807538 427958 509
434938 589853 470
145264 676760 509
619608 280181 470
651016 800575 504
289112 999542 525
101880 213331 383
449199 733646 509
861089 52478 525
858401 146612 525
112834 775518 509
687850 192656 509
770361 788940 437
89842 537260 470
153368 885171 525
925459 808510 525
550682 237048 470
720951 689442 504
819255 395926 509
10269 219533 386
970423 253748 525
204333 476284 449
499070 809866 509
429860 523208 470
965867 503913 525
476827 20880 449
112561 166854 383
417370 165731 449
219184 598177 470
112624 675276 509
797309 414622 509
217562 756189 509
873834 955847 507
2174 566569 470
124152 163220 383
885375 681993 525
703742 866762 525
353471 19287 443
712837 558853 509
154434 779444 509
925628 182201 525
316012 911768 525
361418 383944 423
25678 519941 470
219996 979663 525
203721 489202 449
703848 640106 442
720400 966279 525
33632 636067 509
987305 155034 525
437210 208301 449
120654 932607 525
998703 498335 525
319125 144167 443
677816 926802 525
407331 501855 449
856342 436728 525
59661 111045 354
834376 457493 509
69232 927680 525
705401 681935 504
830605 216252 509
256284 246652 363
804604 510293 509
963747 254201 525
432215 827522 509
862522 950148 507
121298 143558 375
529200 783874 509
47327 254206 443
43787 612876 470
852965 236665 525
79320 166528 383
847859 320414 525
619131 125653 470
865085 461897 525
724373 290068 509
388580 634542 509
586182 198122 470
682708 483626 509
801098 610906 509
579337 958005 525
322099 829206 509
164620 608093 470
372922 611801 470
965712 631968 525
289607 625846 470
311166 409231 441
987912 235237 525
549968 260328 470
536649 419482 470
985156 813581 525
162306 2197 383
84855 859732 525
98486 208209 383
892952 816850 525
653180 905569 525
575068 165537 470
50505 593570 470
357153 679220 509
616469 549180 447
743684 542068 509
856913 373983 525
458208 95577 449
84192 793937 509
267097 717913 509
192528 573544 470
804448 595467 509
13463 112358 354
690577 199889 509
32333 629303 509
941351 109520 525
208036 411771 449
962703 660376 525
858130 487919 525
923815 769150 525
502565 408852 449
105776 135916 354
998305 629929 525
445145 754034 509
452825 589664 470
542221 874424 525
557299 792182 509
155621 141649 375
324950 372534 441
447896 764420 509
244705 730073 509
299860 709948 509
216995 260323 443
767023 661087 504
988123 288774 525
573878 297166 470
423662 16532 449
639873 833811 504
254813 20914 443
746754 421425 509
61806 156472 383
601438 316276 470
826257 343308 509
999464 947198 458
759838 404689 509
916784 695506 525
579248 287201 470
79388 37812 351
514903 695676 509
388484 796679 509
325673 97055 443
627555 221423 509
832264 514373 509
786734 65695 509
685061 968246 525
290482 392132 441
285056 809187 509
366373 824290 509
881114 724168 525
311587 639328 509
642073 66358 509
422394 648249 509
886489 769314 525
154817 49230 375
435393 616260 470
901320 604012 525
896300 891042 370
549313 344635 470
25087 741630 509
857010 387787 525
981760 746149 525
1581 706358 509
551427 683648 509
738776 112956 509
567701 46406 470
202657 87195 383
996842 921252 507
483666 577480 470
107723 596144 470
532057 460662 470
487924 627481 509
397470 666541 509
444435 682889 509
451843 842289 525
580050 857384 525
161872 51596 383
585632 522344 452
453986 934112 525
539997 807593 509
270676 570572 470
845162 404100 525
105083 130611 354
962191 334594 525
475980 222053 449
241812 464053 449
61027 374669 443
713576 98021 509
709434 571718 509
514531 439118 470
723937 301947 509
783450 570011 509
498366 250027 449
460018 27668 449
245934 875523 525
854022 699157 525
499374 523723 470
546239 482872 470
974345 245883 525
760457 166563 509
829337 815630 450
378985 932562 525
110060 282350 443
481513 496870 426
421948 196043 449
416352 259496 449
58488 302543 443
266764 792809 509
610845 234822 470
136031 644222 509
463665 298962 449
663736 165185 509
174340 123679 383
563476 387424 470
898450 132371 525
541524 486603 470
437056 513986 470
54933 251967 443
426227 747563 509
392775 910789 525
489550 973959 525
187784 476012 449
359499 234224 441
786431 340980 509
291814 903732 525
16835 730780 509
734657 953327 525
346317 703620 509
463760 1407 449
804109 541582 509
514923 83854 470
395690 622616 470
792713 483132 509
366769 282708 441
742614 777993 468
817821 37727 509
319833 418710 449
417633 771359 509
942727 788914 525
370533 629976 509
13451 107241 354
892815 23969 525
54098 960591 525
281586 551571 470
8428 454161 449
374954 11997 443
269449 747225 509
779675 997162 525
527163 970586 525
598169 31441 470
271461 42801 443
407216 540155 470
417205 24215 449
567118 440044 470
163623 148034 383
789479 911537 525
782105 603230 509
179807 39307 383
979191 369225 525
5390 241613 443
46791 402521 443
71227 393873 443
269619 669065 509
898551 867499 445
610607 486974 470
287571 187455 443
206735 143134 383
228045 41886 386
338622 36041 443
241863 855769 525
287902 313986 389
319373 887017 525
647373 629128 416
801185 370265 509
422782 711136 509
682540 494185 509
332526 656608 509
943636 307157 525
589753 766791 509
669470 560058 509
727358 869799 525
547428 785767 509
538531 740512 509
172487 924607 525
537217 221870 470
236645 787307 509
