459 666 145
521 887 179
676 702 127
632 976 179
840 965 179
27 646 144
471 822 171
351 943 179
798 960 179
4 500 144
101 767 171
770 854 153
983 992 143
311 626 144
869 937 179
74 708 171
598 827 171
661 748 171
988 1000 112
262 302 123
972 981 143
703 800 171
208 919 179
504 956 179
822 825 135
3 951 179
469 901 179
571 830 171
357 475 134
691 931 179
191 222 120
214 750 171
648 751 171
194 413 144
608 723 171
298 505 144
433 845 171
812 863 148
439 453 116
740 941 179
839 905 179
416 729 171
518 858 171
862 892 179
101 667 145
209 213 40
217 534 144
448 600 142
858 998 179
439 892 179
231 854 171
690 878 179
580 812 171
104 870 171
882 983 174
809 835 135
749 930 179
930 998 174
392 871 179
107 478 144
196 224 120
578 770 171
837 992 179
977 999 143
756 932 179
494 918 179
977 999 143
603 996 179
482 507 142
409 913 179
27 845 171
867 965 179
861 963 179
786 999 179
985 989 50
24 831 171
254 911 179
2 153 122
488 580 142
145 961 179
258 345 144
378 600 142
51 313 131
121 675 145
143 224 125
800 976 179
766 926 179
43 749 171
61 109 119
148 247 128
369 572 142
823 866 148
599 781 171
336 814 171
626 759 171
787 881 179
553 993 179
544 585 137
916 931 130
287 335 144
449 509 142
674 750 171
2 483 144
134 813 171
94 294 128
526 902 179
619 747 171
100 625 144
557 726 171
397 482 134
843 972 179
337 581 142
261 366 144
319 653 145
450 947 179
617 626 132
464 636 142
444 785 171
632 934 179
745 986 179
443 709 171
431 928 179
291 584 144
869 914 179
181 553 144
595 648 132
615 824 171
138 899 179
524 909 179
912 938 174
158 880 179
650 762 171
52 587 144
622 879 179
330 362 126
170 670 145
559 971 179
587 883 179
840 867 148
99 365 144
717 889 179
745 892 179
512 947 179
582 838 171
982 994 143
478 897 179
817 941 179
443 964 179
271 317 131
470 692 145
41 786 171
851 920 179
665 892 179
769 882 179
119 521 144
716 956 179
564 967 179
289 398 144
419 799 171
796 844 135
938 977 143
494 696 145
866 929 179
295 396 144
377 614 142
696 786 171
860 957 179
412 431 134
114 815 171
806 941 179
419 919 179
593 815 171
863 903 179
48 381 144
636 863 171
724 749 140
401 698 145
935 935 130
55 645 144
196 324 131
999 1001 143
293 974 179
227 655 145
88 127 119
807 868 148
226 297 128
188 689 145
953 997 143
564 968 179
631 850 171
140 880 179
457 775 171
67 902 179
776 814 135
415 480 134
974 977 143
418 931 179
744 750 91
710 734 140
609 658 145
230 648 144
27 843 171
376 665 145
716 921 179
862 895 179
887 951 174
188 719 171
312 418 144
103 666 145
26 627 144
309 959 179
435 665 145
721 784 153
41 265 128
282 957 179
751 917 179
789 978 179
745 874 179
299 485 144
450 992 179
832 932 179
114 307 128
242 764 171
572 746 171
787 872 179
281 943 179
327 659 145
347 637 142
695 944 179
434 727 171
246 525 144
312 666 145
169 390 144
617 688 145
46 767 171
778 936 179
596 744 171
320 467 144
226 533 144
610 984 179
687 914 179
444 895 179
430 888 179
946 964 130
888 935 148
788 872 179
646 666 145
398 601 142
891 1000 174
132 433 144
858 896 179
468 771 171
469 744 171
204 648 144
382 562 142
794 843 135
224 430 144
403 586 142
129 687 145
415 870 171
616 688 145
481 593 142
50 905 179
650 863 171
773 892 179
953 984 143
624 908 179
584 708 171
143 203 125
972 999 143
476 984 179
296 589 144
85 895 179
114 540 144
941 999 143
289 893 179
422 545 142
764 910 179
771 800 153
280 981 179
611 881 179
911 995 174
80 834 171
89 276 128
72 347 144
515 820 171
556 743 171
210 607 144
467 889 179
597 945 179
371 921 179
42 497 144
244 366 144
165 349 144
705 886 179
953 970 143
903 936 130
767 767 60
605 938 179
444 740 171
778 841 135
843 945 179
559 574 106
621 944 179
887 939 174
910 917 130
572 849 171
53 332 144
361 796 171
595 837 171
682 791 171
955 983 143
776 882 179
861 895 179
217 628 144
686 726 171
814 940 179
405 463 134
560 621 132
332 544 142
752 773 153
403 762 171
335 552 142
486 589 142
171 498 144
994 997 50
455 851 171
398 790 171
27 727 171
458 901 179
777 861 148
592 666 145
449 721 171
138 572 144
949 1001 143
401 585 142
407 859 171
301 501 144
512 726 171
187 577 144
635 822 171
482 849 171
487 610 142
560 752 171
88 514 144
291 778 171
837 853 86
472 948 179
398 990 179
315 799 171
635 951 179
587 597 119
466 520 142
693 730 171
801 827 135
194 949 179
650 657 145
861 961 179
286 376 144
277 355 144
103 131 122
880 974 174
185 497 144
380 533 142
236 326 131
912 945 174
391 912 179
235 549 144
716 981 179
166 335 144
40 635 144
662 783 171
527 716 171
910 923 130
860 898 179
516 598 137
999 999 50
715 777 153
148 227 125
866 998 179
904 959 174
189 789 171
910 947 174
941 949 130
526 543 137
406 641 142
811 832 135
844 960 179
948 984 143
647 660 145
937 1000 174
740 948 179
731 742 140
978 981 50
279 616 144
646 913 179
613 969 179
199 367 144
993 1001 143
797 921 179
379 756 171
936 963 174
96 553 144
762 834 153
761 765 153
329 606 142
759 947 179
741 927 179
665 668 145
501 577 137
334 642 142
120 592 144
481 560 142
637 757 171
322 851 171
331 574 142
476 904 179
275 762 171
723 774 153
552 710 171
690 767 171
75 878 179
419 637 142
293 725 171
1 916 179
96 602 144
221 890 179
672 898 179
942 997 143
279 479 144
359 505 142
438 973 179
470 626 142
621 647 132
182 484 144
392 402 121
321 408 144
278 610 144
660 874 179
443 852 171
278 1001 179
412 673 145
249 911 179
397 457 134
163 403 144
436 637 142
227 593 144
332 428 134
706 811 153
967 979 143
524 773 171
73 518 144
78 981 179
444 941 179
560 949 179
86 128 119
54 570 144
520 742 171
470 838 171
738 774 153
525 681 145
803 894 179
564 627 132
343 658 145
490 622 142
910 956 174
884 979 174
151 449 144
117 356 144
593 621 132
897 915 130
557 572 106
651 879 179
241 308 123
127 409 144
191 624 144
184 252 128
57 441 144
23 246 128
661 728 171
440 888 179
716 979 179
264 768 171
703 772 171
647 927 179
591 911 179
71 155 122
675 713 171
295 797 171
998 1000 112
743 946 179
687 831 171
573 761 171
694 974 179
837 948 179
864 923 179
390 771 171
886 934 148
95 243 128
522 634 137
885 905 148
379 658 145
720 835 153
589 787 171
439 453 116
347 393 126
427 519 142
875 899 148
925 929 130
908 952 174
211 742 171
504 749 171
191 400 144
623 926 179
700 881 179
204 784 171
210 533 144
936 995 174
797 867 148
438 679 145
89 575 144
447 624 142
76 215 125
983 992 143
930 940 174
601 922 179
975 984 143
446 631 142
836 963 179
627 780 171
612 757 171
463 728 171
65 157 122
71 386 144
14 652 145
117 526 144
731 825 153
37 244 128
878 980 174
194 932 179
826 851 135
840 897 179
828 915 179
239 338 144
559 638 132
138 297 128
668 679 114
739 830 153
898 935 130
567 988 179
721 769 153
396 585 142
251 928 179
66 455 144
316 920 179
160 244 128
953 964 130
334 786 171
546 798 171
602 830 171
762 920 179
137 141 91
157 171 125
92 875 179
316 373 144
915 972 174
901 972 174
672 762 171
497 720 171
280 545 144
321 503 144
449 624 142
467 957 179
501 857 171
200 347 144
697 918 179
626 951 179
300 609 144
739 856 153
78 854 171
774 998 179
368 879 179
368 521 142
603 979 179
235 754 171
429 974 179
227 396 144
866 947 179
630 645 132
366 853 171
537 773 171
730 934 179
562 702 145
971 979 143
665 957 179
586 885 179
608 637 132
708 758 140
59 947 179
29 1001 179
294 885 179
83 421 144
956 997 143
539 694 145
395 592 142
389 467 134
745 867 153
245 840 171
935 974 174
205 208 89
626 969 179
463 924 179
876 950 174
772 886 179
113 916 179
733 755 140
547 976 179
661 782 171
138 875 179
403 586 142
280 950 179
219 314 131
271 350 144
384 906 179
635 745 171
866 994 179
464 905 179
705 894 179
83 815 171
15 929 179
505 806 171
330 653 145
377 862 171
192 566 144
349 625 142
51 207 125
760 890 179
28 789 171
760 956 179
288 480 144
990 997 112
317 881 179
713 791 153
22 56 113
554 889 179
792 998 179
904 996 174
314 928 179
150 703 171
892 997 174
886 961 174
534 913 179
425 638 142
407 992 179
669 887 179
860 910 179
457 529 142
700 747 171
724 875 179
331 988 179
338 451 134
214 785 171
528 949 179
697 831 171
744 958 179
260 292 123
85 425 144
854 955 179
801 884 179
313 721 171
389 430 134
607 667 145
215 721 171
76 971 179
34 830 171
452 915 179
825 834 135
214 583 144
874 988 174
984 997 112
10 510 144
485 556 142
897 975 174
673 986 179
901 961 174
466 836 171
164 906 179
343 415 134
734 812 153
154 260 128
876 997 174
845 945 179
735 998 179
989 1001 143
729 942 179
322 874 179
533 959 179
207 461 144
191 940 179
126 649 145
964 971 143
298 353 144
885 993 174
189 302 128
531 929 179
711 801 153
353 833 171
834 859 148
21 101 119
285 375 144
868 889 179
784 971 179
322 502 144
300 368 144
59 698 145
895 979 174
356 854 171
314 660 145
420 973 179
553 889 179
122 331 144
649 990 179
712 983 179
301 744 171
322 546 144
736 960 179
619 955 179
777 945 179
810 986 179
311 797 171
957 1000 143
50 522 144
882 885 117
20 83 116
571 891 179
70 889 179
379 711 171
729 885 179
92 228 125
343 617 142
898 976 174
141 895 179
574 861 171
63 399 144
115 595 144
741 930 179
172 302 128
19 575 144
729 731 140
183 442 144
420 632 142
994 1000 112
846 927 179
153 631 144
731 1001 179
109 318 131
1000 1001 143
162 179 125
653 920 179
447 621 142
724 817 153
63 578 144
546 832 171
641 799 171
402 932 179
656 678 145
467 835 171
251 615 144
646 835 171
371 421 134
908 925 130
453 778 171
118 994 179
252 409 144
888 984 174
374 641 142
782 867 148
509 637 137
580 904 179
232 325 131
847 996 179
741 853 153
414 791 171
833 961 179
74 260 128
637 973 179
479 507 142
2 820 171
908 976 174
747 998 179
181 471 144
140 614 144
367 633 142
690 793 171
431 942 179
440 543 142
235 777 171
167 962 179
97 816 171
994 998 50
990 998 112
529 909 179
722 987 179
14 404 144
449 564 142
237 771 171
202 493 144
510 828 171
119 990 179
41 523 144
885 958 174
745 970 179
626 967 179
140 818 171
249 952 179
992 993 112
780 834 135
495 846 171
811 926 179
901 957 174
625 865 171
853 933 179
827 990 179
263 888 179
171 694 145
666 912 179
825 886 179
796 961 179
990 1000 112
900 938 174
28 603 144
121 545 144
708 995 179
123 948 179
499 945 179
517 824 171
792 883 179
926 938 174
363 586 142
110 121 114
116 729 171
783 966 179
834 917 179
974 993 143
323 446 144
339 485 134
250 844 171
800 941 179
972 976 143
583 638 132
34 325 131
601 901 179
135 251 128
351 435 134
489 535 142
354 573 142
561 611 132
990 995 112
588 835 171
999 1001 143
611 688 145
748 839 153
106 470 144
594 882 179
833 973 179
145 275 128
409 805 171
623 943 179
494 679 145
155 339 144
106 747 171
299 762 171
918 986 174
557 865 171
250 652 145
381 561 142
608 669 145
54 405 144
957 997 143
64 941 179
243 547 144
704 985 179
359 384 108
579 883 179
249 811 171
168 634 144
379 687 145
560 679 145
436 470 129
294 922 179
54 182 125
903 909 117
35 48 110
670 690 127
661 684 145
296 533 144
527 708 171
75 909 179
957 999 143
995 997 50
629 651 145
558 872 179
176 771 171
919 953 174
262 623 144
466 633 142
609 893 179
246 361 144
828 939 179
946 974 143
528 962 179
487 709 171
925 955 174
328 955 179
770 858 153
382 386 121
820 962 179
641 718 171
611 937 179
295 837 171
511 523 124
535 651 145
900 928 130
395 709 171
318 447 144
799 906 179
758 935 179
1 696 145
627 884 179
380 824 171
921 960 174
640 992 179
943 962 130
161 359 144
874 957 174
930 1000 174
369 596 142
459 674 145
260 771 171
752 871 179
362 652 145
449 772 171
611 998 179
739 775 153
894 1000 174
917 996 174
374 849 171
492 641 137
220 245 128
11 42 112
953 968 143
205 503 144
564 614 132
295 862 171
742 796 153
242 639 144
472 526 142
340 683 145
858 956 179
48 389 144
19 965 179
873 931 148
117 594 144
238 881 179
529 677 145
575 990 179
249 589 144
446 712 171
953 978 143
498 752 171
976 996 143
227 478 144
912 989 174
971 997 143
982 998 143
433 869 171
496 584 137
858 898 179
175 189 107
746 770 153
742 966 179
868 990 179
5 260 128
447 727 171
141 280 128
715 929 179
221 252 128
84 146 122
778 985 179
591 700 145
300 961 179
743 1000 179
997 1001 143
322 853 171
119 584 144
130 723 171
606 644 132
892 974 174
375 385 108
986 998 112
