20 30 112
40 50 110
60 70 108
80 90 111
100 110 114
120 130 122
140 150 117
160 170 112
180 190 107
200 210 89
220 230 115
240 250 110
260 270 123
280 290 105
300 310 43
320 330 144
340 350 126
360 370 95
380 390 121
400 410 41
420 430 103
440 450 116
460 470 129
480 490 142
500 510 111
520 530 124
540 550 137
560 570 106
580 590 119
600 610 132
620 630 132
640 650 145
660 670 145
680 690 127
700 710 171
720 730 96
740 750 96
760 770 153
780 790 122
800 810 73
820 830 135
840 850 60
860 870 148
880 890 148
900 910 117
920 930 130
940 950 130
960 970 143
980 990 143
1000 1010 143
1020 1030 125
1040 1050 125
1060 1070 125
1080 1090 138
1100 1110 138
1120 1130 138
1140 1150 151
1160 1170 182
1180 1190 151
1200 1210 71
1220 1230 133
1240 1250 177
1260 1270 177
1280 1290 146
1300 1310 177
1320 1330 115
1340 1350 115
1360 1370 128
1380 1390 128
1400 1410 172
1420 1430 66
1440 1450 141
1460 1470 141
1480 1490 141
1500 1510 141
1520 1530 154
1540 1550 123
1560 1570 154
1580 1590 167
1600 1610 167
1620 1630 136
1640 1650 136
1660 1670 180
1680 1690 43
1700 1710 149
1720 1730 118
1740 1750 180
1760 1770 149
1780 1790 100
1800 1810 162
1820 1830 162
1840 1850 131
1860 1870 87
1880 1890 131
1900 1910 131
1920 1930 144
1940 1950 144
1960 1970 175
1980 1990 113
2000 2010 144
2020 2030 157
2040 2050 157
2060 2070 157
2080 2090 126
2100 2110 157
2120 2130 126
2140 2150 170
2160 2170 139
2180 2190 139
2200 2210 170
2220 2230 183
2240 2250 77
2260 2270 90
2280 2290 152
2300 2310 152
2320 2330 183
2340 2350 152
2360 2370 121
2380 2390 103
2400 2410 165
2420 2430 165
2440 2450 134
2460 2470 209
2480 2490 90
2500 2510 134
2520 2530 178
2540 2550 178
2560 2570 147
2580 2590 147
2600 2610 178
2620 2630 147
2640 2650 116
2660 2670 147
2680 2690 98
2700 2710 160
2720 2730 160
2740 2750 129
2760 2770 129
2780 2790 129
2800 2810 160
2820 2830 129
2840 2850 173
2860 2870 80
2880 2890 142
2900 2910 142
2920 2930 173
2940 2950 173
2960 2970 142
2980 2990 142
3000 3010 155
3020 3030 111
3040 3050 155
3060 3070 155
3080 3090 155
3100 3110 155
3120 3130 155
3140 3150 124
3160 3170 168
3180 3190 124
3200 3210 168
3220 3230 106
3240 3250 168
3260 3270 137
3280 3290 137
3300 3310 137
3320 3330 137
3340 3350 137
3360 3370 181
3380 3390 181
3400 3410 137
3420 3430 150
3440 3450 150
3460 3470 150
3480 3490 181
3500 3510 88
3520 3530 119
3540 3550 119
3560 3570 194
3580 3590 119
3600 3610 163
3620 3630 119
3640 3650 163
3660 3670 132
3680 3690 132
3700 3710 163
3720 3730 132
3740 3750 176
3760 3770 132
3780 3790 132
3800 3810 176
3820 3830 176
3840 3850 145
3860 3870 145
3880 3890 145
3900 3910 176
3920 3930 176
3940 3950 189
3960 3970 145
3980 3990 52
4000 4010 158
4020 4030 96
4040 4050 158
4060 4070 158
4080 4090 158
4100 4110 158
4120 4130 189
4140 4150 127
4160 4170 158
4180 4190 127
4200 4210 109
4220 4230 171
4240 4250 127
4260 4270 171
4280 4290 171
4300 4310 109
4320 4330 171
4340 4350 184
4360 4370 140
4380 4390 140
4400 4410 140
4420 4430 140
4440 4450 184
4460 4470 140
4480 4490 91
4500 4510 140
4520 4530 184
4540 4550 184
4560 4570 153
4580 4590 153
4600 4610 153
4620 4630 153
4640 4650 184
4660 4670 135
4680 4690 153
4700 4710 122
4720 4730 122
4740 4750 153
4760 4770 197
4780 4790 122
4800 4810 166
4820 4830 166
4840 4850 166
4860 4870 166
4880 4890 135
4900 4910 166
4920 4930 210
4940 4950 135
4960 4970 166
4980 4990 166
5000 5010 179
5020 5030 135
5040 5050 135
5060 5070 135
5080 5090 179
5100 5110 179
5120 5130 148
5140 5150 148
5160 5170 179
5180 5190 104
5200 5210 179
5220 5230 179
5240 5250 148
5260 5270 192
5280 5290 117
5300 5310 148
5320 5330 117
5340 5350 161
5360 5370 99
5380 5390 148
5400 5410 161
5420 5430 161
5440 5450 161
5460 5470 161
5480 5490 130
5500 5510 192
5520 5530 130
5540 5550 205
5560 5570 236
5580 5590 130
5600 5610 112
5620 5630 174
5640 5650 130
5660 5670 130
5680 5690 174
5700 5710 81
5720 5730 174
5740 5750 174
5760 5770 174
5780 5790 81
5800 5810 174
5820 5830 143
5840 5850 143
5860 5870 143
5880 5890 174
5900 5910 143
5920 5930 187
5940 5950 143
5960 5970 143
5980 5990 94
6000 6010 143
6020 6030 187
6040 6050 125
6060 6070 143
6080 6090 156
6100 6110 156
6120 6130 187
6140 6150 156
6160 6170 156
6180 6190 156
6200 6210 156
6220 6230 125
6240 6250 187
6260 6270 125
6280 6290 156
6300 6310 156
6320 6330 156
6340 6350 81
6360 6370 125
6380 6390 200
6400 6410 169
6420 6430 169
6440 6450 125
6460 6470 169
6480 6490 169
6500 6510 138
6520 6530 200
6540 6550 138
6560 6570 213
6580 6590 169
6600 6610 138
6620 6630 169
6640 6650 169
6660 6670 182
6680 6690 138
6700 6710 138
6720 6730 138
6740 6750 182
6760 6770 151
6780 6790 182
6800 6810 182
6820 6830 182
6840 6850 151
6860 6870 151
6880 6890 182
6900 6910 120
6920 6930 151
6940 6950 257
6960 6970 182
6980 6990 151
7000 7010 182
7020 7030 195
7040 7050 120
7060 7070 151
7080 7090 120
7100 7110 151
7120 7130 164
7140 7150 195
7160 7170 195
7180 7190 151
7200 7210 164
7220 7230 133
7240 7250 120
7260 7270 164
7280 7290 164
7300 7310 195
7320 7330 164
7340 7350 164
7360 7370 133
7380 7390 71
7400 7410 195
7420 7430 239
7440 7450 133
7460 7470 89
7480 7490 164
7500 7510 177
7520 7530 151
7540 7550 133
7560 7570 133
7580 7590 177
7600 7610 84
7620 7630 84
7640 7650 177
7660 7670 177
7680 7690 177
7700 7710 146
7720 7730 146
7740 7750 146
7760 7770 146
7780 7790 221
7800 7810 177
7820 7830 146
7840 7850 177
7860 7870 146
7880 7890 177
7900 7910 190
7920 7930 146
7940 7950 146
7960 7970 252
7980 7990 53
8000 8010 146
8020 8030 190
8040 8050 97
8060 8070 115
8080 8090 146
8100 8110 190
8120 8130 190
8140 8150 159
8160 8170 177
8180 8190 159
8200 8210 159
8220 8230 190
8240 8250 128
8260 8270 159
8280 8290 159
8300 8310 128
8320 8330 190
8340 8350 128
8360 8370 159
8380 8390 159
8400 8410 97
8420 8430 203
8440 8450 172
8460 8470 203
8480 8490 141
8500 8510 128
8520 8530 128
8540 8550 172
8560 8570 172
8580 8590 172
8600 8610 172
8620 8630 172
8640 8650 172
8660 8670 141
8680 8690 141
8700 8710 172
8720 8730 141
8740 8750 110
8760 8770 141
8780 8790 172
8800 8810 141
8820 8830 172
8840 8850 141
8860 8870 172
8880 8890 185
8900 8910 141
8920 8930 141
8940 8950 154
8960 8970 141
8980 8990 185
9000 9010 141
9020 9030 185
9040 9050 185
9060 9070 123
9080 9090 185
9100 9110 185
9120 9130 154
9140 9150 123
9160 9170 154
9180 9190 185
9200 9210 123
9220 9230 229
9240 9250 185
9260 9270 141
9280 9290 185
9300 9310 154
9320 9330 123
9340 9350 185
9360 9370 61
9380 9390 154
9400 9410 123
9420 9430 154
9440 9450 154
9460 9470 105
9480 9490 154
9500 9510 167
9520 9530 198
9540 9550 105
9560 9570 198
9580 9590 136
9600 9610 167
9620 9630 74
9640 9650 167
9660 9670 185
9680 9690 167
9700 9710 180
9720 9730 167
9740 9750 136
9760 9770 136
9780 9790 198
9800 9810 167
9820 9830 136
9840 9850 74
9860 9870 136
9880 9890 242
9900 9910 136
9920 9930 136
9940 9950 136
9960 9970 136
9980 9990 167
10000 10010 180
10020 10030 136
10040 10050 136
10060 10070 118
10080 10090 224
10100 10110 180
10120 10130 180
10140 10150 136
10160 10170 87
10180 10190 87
10200 10210 180
10220 10230 180
10240 10250 180
10260 10270 149
10280 10290 149
10300 10310 149
10320 10330 149
10340 10350 149
10360 10370 149
10380 10390 149
10400 10410 180
10420 10430 136
10440 10450 105
10460 10470 180
10480 10490 149
10500 10510 149
10520 10530 193
10540 10550 180
10560 10570 118
10580 10590 149
10600 10610 149
10620 10630 118
10640 10650 56
10660 10670 193
10680 10690 149
10700 10710 193
10720 10730 100
10740 10750 131
10760 10770 118
10780 10790 162
10800 10810 162
10820 10830 69
10840 10850 162
10860 10870 162
10880 10890 180
10900 10910 162
10920 10930 162
10940 10950 162
10960 10970 131
10980 10990 162
11000 11010 193
11020 11030 162
11040 11050 162
11060 11070 162
11080 11090 206
11100 11110 193
11120 11130 131
11140 11150 144
11160 11170 162
11180 11190 69
11200 11210 100
11220 11230 162
11240 11250 175
11260 11270 206
11280 11290 206
11300 11310 131
11320 11330 131
11340 11350 206
11360 11370 144
11380 11390 175
11400 11410 82
11420 11430 175
11440 11450 175
11460 11470 69
11480 11490 175
11500 11510 237
11520 11530 175
11540 11550 175
11560 11570 144
11580 11590 144
11600 11610 175
11620 11630 175
11640 11650 144
11660 11670 82
11680 11690 100
11700 11710 175
11720 11730 131
11740 11750 144
11760 11770 175
11780 11790 100
11800 11810 144
11820 11830 144
11840 11850 188
11860 11870 144
11880 11890 100
11900 11910 144
11920 11930 100
11940 11950 250
11960 11970 144
11980 11990 95
12000 12010 144
12020 12030 157
12040 12050 188
12060 12070 144
12080 12090 126
12100 12110 188
12120 12130 144
12140 12150 157
12160 12170 157
12180 12190 95
12200 12210 157
12220 12230 157
12240 12250 188
12260 12270 157
12280 12290 157
12300 12310 157
12320 12330 188
12340 12350 263
12360 12370 157
12380 12390 188
12400 12410 157
12420 12430 157
12440 12450 188
12460 12470 188
12480 12490 126
12500 12510 157
12520 12530 232
12540 12550 113
12560 12570 157
12580 12590 263
12600 12610 157
12620 12630 157
12640 12650 157
12660 12670 170
12680 12690 201
12700 12710 201
12720 12730 108
12740 12750 126
12760 12770 201
12780 12790 201
12800 12810 170
12820 12830 77
12840 12850 162
12860 12870 170
12880 12890 126
12900 12910 170
12920 12930 170
12940 12950 170
12960 12970 170
12980 12990 201
13000 13010 139
13020 13030 108
13040 13050 201
13060 13070 139
13080 13090 170
13100 13110 139
13120 13130 77
13140 13150 77
13160 13170 201
13180 13190 245
13200 13210 139
13220 13230 152
13240 13250 170
13260 13270 139
13280 13290 139
13300 13310 139
13320 13330 183
13340 13350 183
13360 13370 139
13380 13390 139
13400 13410 139
13420 13430 214
13440 13450 227
13460 13470 90
13480 13490 139
13500 13510 175
13520 13530 139
13540 13550 183
13560 13570 183
13580 13590 77
13600 13610 90
13620 13630 95
13640 13650 139
13660 13670 152
13680 13690 152
13700 13710 152
13720 13730 121
13740 13750 214
13760 13770 152
13780 13790 152
13800 13810 152
13820 13830 152
13840 13850 152
13860 13870 152
13880 13890 258
13900 13910 113
13920 13930 108
13940 13950 183
13960 13970 152
13980 13990 121
14000 14010 152
14020 14030 108
14040 14050 196
14060 14070 152
14080 14090 121
14100 14110 134
14120 14130 152
14140 14150 152
14160 14170 121
14180 14190 152
14200 14210 152
14220 14230 152
14240 14250 152
14260 14270 196
14280 14290 196
14300 14310 103
14320 14330 134
14340 14350 196
14360 14370 196
14380 14390 196
14400 14410 165
14420 14430 196
14440 14450 157
14460 14470 165
14480 14490 165
14500 14510 165
14520 14530 165
14540 14550 165
14560 14570 165
14580 14590 165
14600 14610 165
14620 14630 165
14640 14650 165
14660 14670 152
14680 14690 196
14700 14710 165
14720 14730 165
14740 14750 134
14760 14770 196
14780 14790 209
14800 14810 196
14820 14830 165
14840 14850 240
14860 14870 134
14880 14890 134
14900 14910 165
14920 14930 134
14940 14950 103
14960 14970 165
14980 14990 165
15000 15010 178
15020 15030 90
15040 15050 134
15060 15070 134
15080 15090 209
15100 15110 134
15120 15130 209
15140 15150 165
15160 15170 178
15180 15190 178
15200 15210 85
15220 15230 147
15240 15250 178
15260 15270 178
15280 15290 72
15300 15310 178
15320 15330 178
15340 15350 134
15360 15370 178
15380 15390 178
15400 15410 147
15420 15430 134
15440 15450 147
15460 15470 209
15480 15490 147
15500 15510 178
15520 15530 147
15540 15550 116
15560 15570 222
15580 15590 147
15600 15610 178
15620 15630 253
15640 15650 147
15660 15670 178
15680 15690 178
15700 15710 103
15720 15730 147
15740 15750 147
15760 15770 147
15780 15790 191
15800 15810 191
15820 15830 147
15840 15850 103
15860 15870 147
15880 15890 147
15900 15910 147
15920 15930 253
15940 15950 147
15960 15970 191
15980 15990 147
16000 16010 147
16020 16030 147
16040 16050 191
16060 16070 235
16080 16090 98
16100 16110 85
16120 16130 191
16140 16150 116
16160 16170 147
16180 16190 191
16200 16210 191
16220 16230 160
16240 16250 98
16260 16270 160
16280 16290 204
16300 16310 160
16320 16330 191
16340 16350 160
16360 16370 191
16380 16390 160
16400 16410 160
16420 16430 160
16440 16450 191
16460 16470 147
16480 16490 160
16500 16510 173
16520 16530 160
16540 16550 160
16560 16570 160
16580 16590 142
16600 16610 160
16620 16630 235
16640 16650 204
16660 16670 160
16680 16690 129
16700 16710 235
16720 16730 116
16740 16750 129
16760 16770 160
16780 16790 129
16800 16810 160
16820 16830 111
16840 16850 129
16860 16870 160
16880 16890 173
16900 16910 204
16920 16930 111
16940 16950 59
16960 16970 129
16980 16990 129
17000 17010 204
17020 17030 217
17040 17050 173
17060 17070 173
17080 17090 204
17100 17110 80
17120 17130 165
17140 17150 173
17160 17170 173
17180 17190 142
17200 17210 173
17220 17230 129
17240 17250 173
17260 17270 129
17280 17290 173
17300 17310 173
17320 17330 173
17340 17350 160
17360 17370 111
17380 17390 186
17400 17410 204
17420 17430 142
17440 17450 173
17460 17470 142
17480 17490 111
17500 17510 80
17520 17530 80
17540 17550 217
17560 17570 173
17580 17590 129
17600 17610 142
17620 17630 142
17640 17650 279
17660 17670 173
17680 17690 142
17700 17710 142
17720 17730 142
17740 17750 173
17760 17770 186
17780 17790 186
17800 17810 142
17820 17830 173
17840 17850 142
17860 17870 142
17880 17890 155
17900 17910 142
17920 17930 217
17940 17950 155
17960 17970 186
17980 17990 142
18000 18010 142
18020 18030 93
18040 18050 155
18060 18070 186
18080 18090 186
18100 18110 93
18120 18130 186
18140 18150 93
18160 18170 98
18180 18190 142
18200 18210 248
18220 18230 67
18240 18250 186
18260 18270 155
18280 18290 186
18300 18310 155
18320 18330 155
18340 18350 168
18360 18370 173
18380 18390 93
18400 18410 155
18420 18430 168
18440 18450 155
18460 18470 155
18480 18490 155
18500 18510 186
18520 18530 142
18540 18550 168
18560 18570 124
18580 18590 186
18600 18610 186
18620 18630 155
18640 18650 124
18660 18670 155
18680 18690 155
18700 18710 186
18720 18730 199
18740 18750 186
18760 18770 155
18780 18790 124
18800 18810 137
18820 18830 155
18840 18850 168
18860 18870 155
18880 18890 230
18900 18910 155
18920 18930 199
18940 18950 230
18960 18970 155
18980 18990 155
19000 19010 168
19020 19030 199
19040 19050 199
19060 19070 106
19080 19090 106
19100 19110 106
19120 19130 199
19140 19150 199
19160 19170 155
19180 19190 168
19200 19210 199
19220 19230 168
19240 19250 75
19260 19270 160
19280 19290 168
19300 19310 168
19320 19330 186
19340 19350 75
19360 19370 168
19380 19390 168
19400 19410 168
19420 19430 168
19440 19450 168
19460 19470 168
19480 19490 199
19500 19510 137
19520 19530 168
19540 19550 137
19560 19570 181
19580 19590 168
19600 19610 168
19620 19630 168
19640 19650 137
19660 19670 137
19680 19690 199
19700 19710 212
19720 19730 137
19740 19750 199
19760 19770 168
19780 19790 124
19800 19810 137
19820 19830 168
19840 19850 137
19860 19870 168
19880 19890 274
19900 19910 150
19920 19930 106
19940 19950 168
19960 19970 212
19980 19990 181
20000 20010 181
20020 20030 212
20040 20050 212
20060 20070 137
20080 20090 137
20100 20110 137
20120 20130 150
20140 20150 137
20160 20170 88
20180 20190 168
20200 20210 181
20220 20230 137
20240 20250 181
20260 20270 75
20280 20290 119
20300 20310 150
20320 20330 243
20340 20350 181
20360 20370 88
20380 20390 199
20400 20410 181
20420 20430 181
20440 20450 243
20460 20470 181
20480 20490 181
20500 20510 150
20520 20530 212
20540 20550 150
20560 20570 137
20580 20590 150
20600 20610 194
20620 20630 150
20640 20650 163
20660 20670 181
20680 20690 150
20700 20710 150
20720 20730 119
20740 20750 88
20760 20770 225
20780 20790 150
20800 20810 181
20820 20830 150
20840 20850 137
20860 20870 150
20880 20890 106
20900 20910 150
20920 20930 181
20940 20950 150
20960 20970 163
20980 20990 106
21000 21010 150
21020 21030 181
21040 21050 194
21060 21070 194
21080 21090 194
21100 21110 150
21120 21130 119
21140 21150 150
21160 21170 150
21180 21190 150
21200 21210 150
21220 21230 225
21240 21250 150
21260 21270 150
21280 21290 101
21300 21310 101
21320 21330 194
21340 21350 150
21360 21370 150
21380 21390 163
21400 21410 194
21420 21430 101
21440 21450 101
21460 21470 75
21480 21490 150
21500 21510 194
21520 21530 119
21540 21550 194
21560 21570 150
21580 21590 163
21600 21610 194
21620 21630 194
21640 21650 194
21660 21670 101
21680 21690 163
21700 21710 163
21720 21730 163
21740 21750 181
21760 21770 194
21780 21790 132
21800 21810 163
21820 21830 194
21840 21850 163
21860 21870 238
21880 21890 163
21900 21910 163
21920 21930 194
21940 21950 269
21960 21970 132
21980 21990 163
22000 22010 176
22020 22030 194
22040 22050 269
22060 22070 194
22080 22090 163
22100 22110 132
22120 22130 163
22140 22150 132
22160 22170 194
22180 22190 93
22200 22210 207
22220 22230 132
22240 22250 238
22260 22270 238
22280 22290 145
22300 22310 163
22320 22330 132
22340 22350 163
22360 22370 269
22380 22390 163
22400 22410 163
22420 22430 101
22440 22450 163
22460 22470 207
22480 22490 163
22500 22510 176
22520 22530 207
22540 22550 207
22560 22570 114
22580 22590 150
22600 22610 132
22620 22630 132
22640 22650 132
22660 22670 207
22680 22690 132
22700 22710 132
22720 22730 132
22740 22750 176
22760 22770 207
22780 22790 207
22800 22810 83
22820 22830 114
22840 22850 145
22860 22870 176
22880 22890 176
22900 22910 194
22920 22930 145
22940 22950 176
22960 22970 83
22980 22990 176
23000 23010 238
23020 23030 176
23040 23050 176
23060 23070 176
23080 23090 176
23100 23110 145
23120 23130 145
23140 23150 176
23160 23170 163
23180 23190 189
23200 23210 114
23220 23230 145
23240 23250 176
23260 23270 176
23280 23290 145
23300 23310 176
23320 23330 158
23340 23350 83
23360 23370 101
23380 23390 145
23400 23410 176
23420 23430 176
23440 23450 132
23460 23470 145
23480 23490 145
23500 23510 57
23520 23530 282
23540 23550 176
23560 23570 101
23580 23590 145
23600 23610 145
23620 23630 145
23640 23650 176
23660 23670 176
23680 23690 189
23700 23710 189
23720 23730 176
23740 23750 220
23760 23770 101
23780 23790 220
23800 23810 127
23820 23830 145
23840 23850 158
23860 23870 220
23880 23890 145
23900 23910 220
23920 23930 158
23940 23950 96
23960 23970 189
23980 23990 189
24000 24010 145
24020 24030 52
24040 24050 145
24060 24070 189
24080 24090 189
24100 24110 189
24120 24130 145
24140 24150 70
24160 24170 145
24180 24190 189
24200 24210 189
24220 24230 189
24240 24250 145
24260 24270 145
24280 24290 189
24300 24310 189
24320 24330 189
24340 24350 189
24360 24370 65
24380 24390 189
24400 24410 158
24420 24430 202
24440 24450 96
24460 24470 158
24480 24490 176
24500 24510 158
24520 24530 158
24540 24550 158
24560 24570 171
24580 24590 114
24600 24610 233
24620 24630 158
24640 24650 220
24660 24670 189
24680 24690 264
24700 24710 145
24720 24730 158
24740 24750 145
24760 24770 171
24780 24790 189
24800 24810 189
24820 24830 158
24840 24850 158
24860 24870 114
24880 24890 158
24900 24910 158
24920 24930 189
24940 24950 202
24960 24970 127
24980 24990 189
25000 25010 158
25020 25030 127
25040 25050 127
25060 25070 140
25080 25090 158
25100 25110 158
25120 25130 140
25140 25150 127
25160 25170 264
25180 25190 233
25200 25210 158
25220 25230 109
25240 25250 171
25260 25270 127
25280 25290 158
25300 25310 158
25320 25330 189
25340 25350 202
25360 25370 202
25380 25390 246
25400 25410 202
25420 25430 109
25440 25450 109
25460 25470 140
25480 25490 202
25500 25510 202
25520 25530 158
25540 25550 158
25560 25570 202
25580 25590 171
25600 25610 202
25620 25630 233
25640 25650 171
25660 25670 78
25680 25690 163
25700 25710 140
25720 25730 233
25740 25750 171
25760 25770 189
25780 25790 171
25800 25810 171
25820 25830 171
25840 25850 171
25860 25870 202
25880 25890 233
25900 25910 171
25920 25930 171
25940 25950 171
25960 25970 171
25980 25990 171
26000 26010 140
26020 26030 158
26040 26050 171
26060 26070 158
26080 26090 184
26100 26110 202
26120 26130 171
26140 26150 171
26160 26170 171
26180 26190 140
26200 26210 140
26220 26230 171
26240 26250 140
26260 26270 127
26280 26290 215
26300 26310 140
26320 26330 202
26340 26350 171
26360 26370 246
26380 26390 127
26400 26410 153
26420 26430 140
26440 26450 140
26460 26470 140
26480 26490 171
26500 26510 171
26520 26530 140
26540 26550 96
26560 26570 140
26580 26590 140
26600 26610 215
26620 26630 308
26640 26650 184
26660 26670 184
26680 26690 184
26700 26710 140
26720 26730 215
26740 26750 122
26760 26770 158
26780 26790 122
26800 26810 140
26820 26830 153
26840 26850 215
26860 26870 184
26880 26890 91
26900 26910 140
26920 26930 171
26940 26950 184
26960 26970 140
26980 26990 184
27000 27010 215
27020 27030 78
27040 27050 122
27060 27070 153
27080 27090 184
27100 27110 246
27120 27130 184
27140 27150 140
27160 27170 65
27180 27190 184
27200 27210 184
27220 27230 184
27240 27250 215
27260 27270 246
27280 27290 184
27300 27310 246
27320 27330 171
27340 27350 153
27360 27370 215
27380 27390 184
27400 27410 78
27420 27430 140
27440 27450 153
27460 27470 153
27480 27490 215
27500 27510 153
27520 27530 166
27540 27550 171
27560 27570 153
27580 27590 184
27600 27610 153
27620 27630 122
27640 27650 166
27660 27670 109
27680 27690 228
27700 27710 153
27720 27730 153
27740 27750 184
27760 27770 153
27780 27790 140
27800 27810 259
27820 27830 153
27840 27850 109
27860 27870 166
27880 27890 184
27900 27910 184
27920 27930 153
27940 27950 153
27960 27970 153
27980 27990 122
28000 28010 184
28020 28030 153
28040 28050 184
28060 28070 197
28080 28090 109
28100 28110 197
28120 28130 153
28140 28150 153
28160 28170 122
28180 28190 228
28200 28210 135
28220 28230 153
28240 28250 153
28260 28270 166
28280 28290 228
28300 28310 153
28320 28330 153
28340 28350 153
28360 28370 153
28380 28390 104
28400 28410 104
28420 28430 104
28440 28450 197
28460 28470 153
28480 28490 153
28500 28510 166
28520 28530 197
28540 28550 197
28560 28570 104
28580 28590 197
28600 28610 197
28620 28630 104
28640 28650 153
28660 28670 197
28680 28690 122
28700 28710 197
28720 28730 197
28740 28750 153
28760 28770 197
28780 28790 197
28800 28810 166
28820 28830 166
28840 28850 166
28860 28870 228
28880 28890 104
28900 28910 135
28920 28930 166
28940 28950 210
28960 28970 166
28980 28990 179
29000 29010 166
29020 29030 197
29040 29050 135
29060 29070 166
29080 29090 166
29100 29110 166
29120 29130 166
29140 29150 166
29160 29170 241
29180 29190 166
29200 29210 166
29220 29230 197
29240 29250 166
29260 29270 135
29280 29290 135
29300 29310 166
29320 29330 153
29340 29350 179
29360 29370 197
29380 29390 197
29400 29410 166
29420 29430 166
29440 29450 166
29460 29470 135
29480 29490 135
29500 29510 166
29520 29530 135
29540 29550 104
29560 29570 210
29580 29590 73
29600 29610 210
29620 29630 166
29640 29650 166
29660 29670 241
29680 29690 241
29700 29710 135
29720 29730 148
29740 29750 148
29760 29770 135
29780 29790 166
29800 29810 166
29820 29830 272
29840 29850 135
29860 29870 91
29880 29890 166
29900 29910 104
29920 29930 210
29940 29950 135
29960 29970 210
29980 29990 179
30000 30010 179
30020 30030 179
30040 30050 210
30060 30070 210
30080 30090 135
30100 30110 210
30120 30130 135
30140 30150 241
30160 30170 135
30180 30190 148
30200 30210 210
30220 30230 210
30240 30250 117
30260 30270 223
30280 30290 166
30300 30310 135
30320 30330 179
30340 30350 179
30360 30370 210
30380 30390 171
30400 30410 86
30420 30430 86
30440 30450 210
30460 30470 210
30480 30490 179
30500 30510 179
30520 30530 179
30540 30550 148
30560 30570 148
30580 30590 179
30600 30610 179
30620 30630 166
30640 30650 179
30660 30670 148
30680 30690 135
30700 30710 179
30720 30730 179
30740 30750 148
30760 30770 179
30780 30790 179
30800 30810 148
30820 30830 210
30840 30850 166
30860 30870 148
30880 30890 148
30900 30910 148
30920 30930 210
30940 30950 179
30960 30970 148
30980 30990 179
31000 31010 179
31020 31030 148
31040 31050 148
31060 31070 148
31080 31090 179
31100 31110 148
31120 31130 86
31140 31150 223
31160 31170 148
31180 31190 148
31200 31210 179
31220 31230 179
31240 31250 254
31260 31270 148
31280 31290 148
31300 31310 148
31320 31330 179
31340 31350 254
31360 31370 148
31380 31390 254
31400 31410 130
31420 31430 148
31440 31450 148
31460 31470 179
31480 31490 130
31500 31510 148
31520 31530 223
31540 31550 179
31560 31570 179
31580 31590 192
31600 31610 192
31620 31630 192
31640 31650 148
31660 31670 148
31680 31690 285
31700 31710 104
31720 31730 130
31740 31750 223
31760 31770 148
31780 31790 130
31800 31810 130
31820 31830 148
31840 31850 192
31860 31870 99
31880 31890 179
31900 31910 192
31920 31930 99
31940 31950 192
31960 31970 148
31980 31990 192
32000 32010 184
32020 32030 254
32040 32050 148
32060 32070 148
32080 32090 192
32100 32110 192
32120 32130 254
32140 32150 192
32160 32170 148
32180 32190 99
32200 32210 86
32220 32230 148
32240 32250 192
32260 32270 99
32280 32290 192
32300 32310 192
32320 32330 148
32340 32350 148
32360 32370 254
32380 32390 117
32400 32410 161
32420 32430 192
32440 32450 161
32460 32470 192
32480 32490 161
32500 32510 192
32520 32530 130
32540 32550 161
32560 32570 205
32580 32590 223
32600 32610 192
32620 32630 161
32640 32650 179
32660 32670 161
32680 32690 161
32700 32710 161
32720 32730 161
32740 32750 192
32760 32770 161
32780 32790 161
32800 32810 236
32820 32830 161
32840 32850 161
32860 32870 223
32880 32890 192
32900 32910 192
32920 32930 161
32940 32950 148
32960 32970 130
32980 32990 130
33000 33010 192
33020 33030 192
33040 33050 192
33060 33070 267
33080 33090 161
33100 33110 130
33120 33130 161
33140 33150 192
33160 33170 130
33180 33190 161
33200 33210 161
33220 33230 192
33240 33250 236
33260 33270 205
33280 33290 117
33300 33310 68
33320 33330 161
33340 33350 161
33360 33370 130
33380 33390 130
33400 33410 236
33420 33430 143
33440 33450 117
33460 33470 161
33480 33490 130
33500 33510 161
33520 33530 130
33540 33550 161
33560 33570 117
33580 33590 68
33600 33610 161
33620 33630 236
33640 33650 205
33660 33670 161
33680 33690 130
33700 33710 205
33720 33730 205
33740 33750 86
33760 33770 192
33780 33790 174
33800 33810 205
33820 33830 205
33840 33850 112
33860 33870 205
33880 33890 112
33900 33910 112
33920 33930 130
33940 33950 205
33960 33970 130
33980 33990 130
34000 34010 205
34020 34030 174
34040 34050 218
34060 34070 161
34080 34090 205
34100 34110 174
34120 34130 174
34140 34150 205
34160 34170 236
34180 34190 174
34200 34210 174
34220 34230 81
34240 34250 205
34260 34270 143
34280 34290 174
34300 34310 236
34320 34330 174
34340 34350 174
34360 34370 143
34380 34390 143
34400 34410 130
34420 34430 174
34440 34450 174
34460 34470 174
34480 34490 174
34500 34510 187
34520 34530 130
34540 34550 174
34560 34570 174
34580 34590 99
34600 34610 174
34620 34630 174
34640 34650 174
34660 34670 174
34680 34690 174
34700 34710 130
34720 34730 174
34740 34750 143
34760 34770 143
34780 34790 205
34800 34810 205
34820 34830 174
34840 34850 156
34860 34870 143
34880 34890 174
34900 34910 143
34920 34930 143
34940 34950 143
34960 34970 174
34980 34990 205
35000 35010 205
35020 35030 130
35040 35050 218
35060 35070 130
35080 35090 143
35100 35110 143
35120 35130 174
35140 35150 143
35160 35170 130
35180 35190 249
35200 35210 156
35220 35230 143
35240 35250 174
35260 35270 156
35280 35290 143
35300 35310 156
35320 35330 174
35340 35350 280
35360 35370 143
35380 35390 174
35400 35410 143
35420 35430 143
35440 35450 143
35460 35470 174
35480 35490 249
35500 35510 218
35520 35530 187
35540 35550 187
35560 35570 187
35580 35590 174
35600 35610 143
35620 35630 218
35640 35650 174
35660 35670 55
35680 35690 143
35700 35710 125
35720 35730 143
35740 35750 143
35760 35770 143
35780 35790 125
35800 35810 143
35820 35830 218
35840 35850 94
35860 35870 231
35880 35890 174
35900 35910 143
35920 35930 187
35940 35950 187
35960 35970 218
35980 35990 187
36000 36010 218
36020 36030 81
36040 36050 94
36060 36070 143
36080 36090 156
36100 36110 187
36120 36130 187
36140 36150 231
36160 36170 187
36180 36190 143
36200 36210 156
36220 36230 81
36240 36250 187
36260 36270 125
36280 36290 187
36300 36310 187
36320 36330 218
36340 36350 187
36360 36370 143
36380 36390 187
36400 36410 249
36420 36430 187
36440 36450 187
36460 36470 187
36480 36490 187
36500 36510 218
36520 36530 187
36540 36550 156
36560 36570 94
36580 36590 125
36600 36610 148
36620 36630 156
36640 36650 218
36660 36670 156
36680 36690 187
36700 36710 169
36720 36730 174
36740 36750 187
36760 36770 156
36780 36790 156
36800 36810 156
36820 36830 187
36840 36850 125
36860 36870 156
36880 36890 112
36900 36910 231
36920 36930 94
36940 36950 112
36960 36970 156
36980 36990 187
37000 37010 187
37020 37030 262
37040 37050 143
37060 37070 143
37080 37090 169
37100 37110 156
37120 37130 187
37140 37150 262
37160 37170 187
37180 37190 187
37200 37210 187
37220 37230 156
37240 37250 125
37260 37270 156
37280 37290 125
37300 37310 112
37320 37330 156
37340 37350 187
37360 37370 156
37380 37390 187
37400 37410 231
37420 37430 200
37440 37450 112
37460 37470 200
37480 37490 187
37500 37510 306
37520 37530 156
37540 37550 231
37560 37570 138
37580 37590 231
37600 37610 138
37620 37630 112
37640 37650 156
37660 37670 138
37680 37690 169
37700 37710 156
37720 37730 156
37740 37750 156
37760 37770 125
37780 37790 156
37800 37810 156
37820 37830 187
37840 37850 107
37860 37870 200
37880 37890 231
37900 37910 125
37920 37930 200
37940 37950 156
37960 37970 156
37980 37990 156
38000 38010 169
38020 38030 125
38040 38050 200
38060 38070 81
38080 38090 107
38100 38110 200
38120 38130 200
38140 38150 200
38160 38170 107
38180 38190 200
38200 38210 107
38220 38230 200
38240 38250 169
38260 38270 125
38280 38290 200
38300 38310 213
38320 38330 156
38340 38350 138
38360 38370 169
38380 38390 76
38400 38410 169
38420 38430 169
38440 38450 231
38460 38470 169
38480 38490 76
38500 38510 169
38520 38530 200
38540 38550 138
38560 38570 107
38580 38590 169
38600 38610 169
38620 38630 107
38640 38650 182
38660 38670 169
38680 38690 187
38700 38710 76
38720 38730 107
38740 38750 169
38760 38770 169
38780 38790 169
38800 38810 169
38820 38830 231
38840 38850 231
38860 38870 169
38880 38890 244
38900 38910 169
38920 38930 169
38940 38950 244
38960 38970 200
38980 38990 200
39000 39010 275
39020 39030 156
39040 39050 138
39060 39070 138
39080 39090 169
39100 39110 156
39120 39130 182
39140 39150 200
39160 39170 138
39180 39190 275
39200 39210 169
39220 39230 200
39240 39250 169
39260 39270 138
39280 39290 138
39300 39310 138
39320 39330 169
39340 39350 169
39360 39370 138
39380 39390 76
39400 39410 244
39420 39430 213
39440 39450 76
39460 39470 138
39480 39490 200
39500 39510 169
39520 39530 169
39540 39550 244
39560 39570 125
39580 39590 244
39600 39610 138
39620 39630 151
39640 39650 169
39660 39670 169
39680 39690 138
39700 39710 275
39720 39730 169
39740 39750 169
39760 39770 275
39780 39790 138
39800 39810 169
39820 39830 94
39840 39850 169
39860 39870 107
39880 39890 138
39900 39910 213
39920 39930 138
39940 39950 213
39960 39970 205
39980 39990 182
40000 40010 182
40020 40030 182
40040 40050 213
40060 40070 213
40080 40090 213
40100 40110 275
40120 40130 138
40140 40150 156
40160 40170 138
40180 40190 94
40200 40210 138
40220 40230 120
40240 40250 151
40260 40270 120
40280 40290 138
40300 40310 138
40320 40330 94
40340 40350 226
40360 40370 169
40380 40390 213
40400 40410 138
40420 40430 182
40440 40450 213
40460 40470 213
40480 40490 213
40500 40510 213
40520 40530 138
40540 40550 76
40560 40570 89
40580 40590 174
40600 40610 151
40620 40630 182
40640 40650 182
40660 40670 182
40680 40690 182
40700 40710 257
40720 40730 151
40740 40750 182
40760 40770 200
40780 40790 182
40800 40810 151
40820 40830 138
40840 40850 182
40860 40870 182
40880 40890 151
40900 40910 182
40920 40930 138
40940 40950 138
40960 40970 182
40980 40990 151
41000 41010 151
41020 41030 182
41040 41050 182
41060 41070 151
41080 41090 182
41100 41110 76
41120 41130 169
41140 41150 182
41160 41170 120
41180 41190 151
41200 41210 151
41220 41230 195
41240 41250 213
41260 41270 182
41280 41290 164
41300 41310 151
41320 41330 169
41340 41350 182
41360 41370 151
41380 41390 151
41400 41410 226
41420 41430 120
41440 41450 120
41460 41470 164
41480 41490 89
41500 41510 107
41520 41530 226
41540 41550 89
41560 41570 151
41580 41590 226
41600 41610 182
41620 41630 182
41640 41650 257
41660 41670 257
41680 41690 138
41700 41710 257
41720 41730 164
41740 41750 151
41760 41770 182
41780 41790 151
41800 41810 151
41820 41830 182
41840 41850 257
41860 41870 182
41880 41890 182
41900 41910 107
41920 41930 151
41940 41950 151
41960 41970 107
41980 41990 151
42000 42010 151
42020 42030 182
42040 42050 89
42060 42070 182
42080 42090 182
42100 42110 195
42120 42130 195
42140 42150 195
42160 42170 195
42180 42190 151
42200 42210 226
42220 42230 226
42240 42250 288
42260 42270 120
42280 42290 226
42300 42310 151
42320 42330 133
42340 42350 151
42360 42370 151
42380 42390 102
42400 42410 133
42420 42430 226
42440 42450 151
42460 42470 257
42480 42490 102
42500 42510 239
42520 42530 151
42540 42550 226
42560 42570 151
42580 42590 195
42600 42610 102
42620 42630 226
42640 42650 195
42660 42670 226
42680 42690 151
42700 42710 257
42720 42730 151
42740 42750 133
42760 42770 164
42780 42790 195
42800 42810 195
42820 42830 151
42840 42850 102
42860 42870 195
42880 42890 151
42900 42910 164
42920 42930 151
42940 42950 102
42960 42970 151
42980 42990 195
43000 43010 195
43020 43030 76
43040 43050 195
43060 43070 120
43080 43090 151
43100 43110 151
43120 43130 151
43140 43150 257
43160 43170 195
43180 43190 182
43200 43210 164
43220 43230 164
43240 43250 226
43260 43270 164
43280 43290 195
43300 43310 89
43320 43330 89
43340 43350 195
43360 43370 133
43380 43390 156
43400 43410 164
43420 43430 208
43440 43450 164
43460 43470 164
43480 43490 182
43500 43510 164
43520 43530 182
43540 43550 195
43560 43570 195
43580 43590 164
43600 43610 164
43620 43630 164
43640 43650 195
43660 43670 164
43680 43690 164
43700 43710 120
43720 43730 164
43740 43750 239
43760 43770 164
43780 43790 164
43800 43810 164
43820 43830 164
43840 43850 195
43860 43870 133
43880 43890 270
43900 43910 151
43920 43930 120
43940 43950 164
43960 43970 164
43980 43990 151
44000 44010 195
44020 44030 270
44040 44050 195
44060 44070 164
44080 44090 270
44100 44110 164
44120 44130 195
44140 44150 164
44160 44170 164
44180 44190 195
44200 44210 133
44220 44230 146
44240 44250 164
44260 44270 164
44280 44290 164
44300 44310 195
44320 44330 239
44340 44350 208
44360 44370 102
44380 44390 120
44400 44410 71
44420 44430 195
44440 44450 164
44460 44470 164
44480 44490 164
44500 44510 133
44520 44530 146
44540 44550 239
44560 44570 146
44580 44590 146
44600 44610 164
44620 44630 164
44640 44650 146
44660 44670 177
44680 44690 164
44700 44710 164
44720 44730 164
44740 44750 115
44760 44770 239
44780 44790 164
44800 44810 164
44820 44830 195
44840 44850 102
44860 44870 208
44880 44890 164
44900 44910 239
44920 44930 164
44940 44950 208
44960 44970 208
44980 44990 164
45000 45010 177
45020 45030 195
45040 45050 177
45060 45070 133
45080 45090 208
45100 45110 89
45120 45130 314
45140 45150 208
45160 45170 208
45180 45190 133
45200 45210 115
45220 45230 133
45240 45250 239
45260 45270 208
45280 45290 133
45300 45310 208
45320 45330 133
45340 45350 208
45360 45370 133
45380 45390 208
45400 45410 164
45420 45430 164
45440 45450 133
45460 45470 177
45480 45490 208
45500 45510 177
45520 45530 208
45540 45550 208
45560 45570 208
45580 45590 133
45600 45610 164
45620 45630 84
45640 45650 115
45660 45670 208
45680 45690 146
45700 45710 177
45720 45730 177
45740 45750 221
45760 45770 177
45780 45790 177
45800 45810 239
45820 45830 177
45840 45850 146
45860 45870 195
45880 45890 177
45900 45910 177
45920 45930 177
45940 45950 177
45960 45970 177
45980 45990 177
46000 46010 190
46020 46030 177
46040 46050 133
46060 46070 133
46080 46090 177
46100 46110 177
46120 46130 177
46140 46150 146
46160 46170 177
46180 46190 208
46200 46210 208
46220 46230 146
46240 46250 164
46260 46270 164
46280 46290 177
46300 46310 177
46320 46330 146
46340 46350 164
46360 46370 208
46380 46390 208
46400 46410 208
46420 46430 177
46440 46450 283
46460 46470 146
46480 46490 146
46500 46510 177
46520 46530 177
46540 46550 146
46560 46570 146
46580 46590 146
46600 46610 146
46620 46630 177
46640 46650 159
46660 46670 146
46680 46690 208
46700 46710 221
46720 46730 221
46740 46750 84
46760 46770 221
46780 46790 221
46800 46810 146
46820 46830 208
46840 46850 252
46860 46870 146
46880 46890 133
46900 46910 133
46920 46930 252
46940 46950 159
46960 46970 146
46980 46990 177
47000 47010 146
47020 47030 159
47040 47050 146
47060 47070 177
47080 47090 252
47100 47110 128
47120 47130 283
47140 47150 133
47160 47170 146
47180 47190 146
47200 47210 146
47220 47230 128
47240 47250 146
47260 47270 177
47280 47290 177
47300 47310 146
47320 47330 314
47340 47350 221
47360 47370 190
47380 47390 84
47400 47410 190
47420 47430 190
47440 47450 177
47460 47470 177
47480 47490 221
47500 47510 221
47520 47530 177
47540 47550 128
47560 47570 221
47580 47590 146
47600 47610 128
47620 47630 102
47640 47650 146
47660 47670 146
47680 47690 159
47700 47710 128
47720 47730 221
47740 47750 221
47760 47770 146
47780 47790 252
47800 47810 146
47820 47830 177
47840 47850 177
47860 47870 177
47880 47890 221
47900 47910 221
47920 47930 190
47940 47950 190
47960 47970 190
47980 47990 221
48000 48010 221
48020 48030 84
48040 48050 252
48060 48070 146
48080 48090 146
48100 48110 146
48120 48130 159
48140 48150 190
48160 48170 190
48180 48190 252
48200 48210 190
48220 48230 190
48240 48250 146
48260 48270 190
48280 48290 146
48300 48310 97
48320 48330 190
48340 48350 128
48360 48370 190
48380 48390 190
48400 48410 190
48420 48430 190
48440 48450 159
48460 48470 190
48480 48490 190
48500 48510 146
48520 48530 146
48540 48550 252
48560 48570 190
48580 48590 159
48600 48610 190
48620 48630 265
48640 48650 190
48660 48670 159
48680 48690 190
48700 48710 159
48720 48730 159
48740 48750 177
48760 48770 190
48780 48790 128
48800 48810 151
48820 48830 159
48840 48850 203
48860 48870 221
48880 48890 159
48900 48910 190
48920 48930 296
48940 48950 128
48960 48970 177
48980 48990 190
49000 49010 172
49020 49030 159
49040 49050 159
49060 49070 159
49080 49090 159
49100 49110 190
49120 49130 128
49140 49150 159
49160 49170 115
49180 49190 190
49200 49210 234
49220 49230 159
49240 49250 159
49260 49270 221
49280 49290 234
49300 49310 159
49320 49330 221
49340 49350 190
49360 49370 265
49380 49390 159
49400 49410 159
49420 49430 115
49440 49450 172
49460 49470 159
49480 49490 146
49500 49510 190
49520 49530 265
49540 49550 190
49560 49570 190
49580 49590 190
49600 49610 190
49620 49630 159
49640 49650 190
49660 49670 141
49680 49690 159
49700 49710 190
49720 49730 190
49740 49750 115
49760 49770 141
49780 49790 190
49800 49810 159
49820 49830 128
49840 49850 190
49860 49870 115
49880 49890 190
49900 49910 203
49920 49930 203
49940 49950 203
49960 49970 203
49980 49990 190
50000 50010 128
50020 50030 234
50040 50050 234
50060 50070 128
50080 50090 141
50100 50110 234
50120 50130 159
50140 50150 128
50160 50170 115
50180 50190 159
50200 50210 234
50220 50230 141
50240 50250 172
50260 50270 159
50280 50290 141
50300 50310 159
50320 50330 159
50340 50350 115
50360 50370 234
50380 50390 159
50400 50410 159
50420 50430 172
50440 50450 234
50460 50470 97
50480 50490 172
50500 50510 203
50520 50530 234
50540 50550 159
50560 50570 203
50580 50590 159
50600 50610 159
50620 50630 110
50640 50650 159
50660 50670 190
50680 50690 203
50700 50710 84
50720 50730 203
50740 50750 203
50760 50770 247
50780 50790 110
50800 50810 203
50820 50830 110
50840 50850 110
50860 50870 84
50880 50890 110
50900 50910 110
50920 50930 203
50940 50950 128
50960 50970 203
50980 50990 128
51000 51010 203
51020 51030 203
51040 51050 203
51060 51070 265
51080 51090 159
51100 51110 159
51120 51130 128
51140 51150 203
51160 51170 203
51180 51190 203
51200 51210 172
51220 51230 172
51240 51250 203
51260 51270 203
51280 51290 172
51300 51310 234
51320 51330 190
51340 51350 79
51360 51370 164
51380 51390 128
51400 51410 172
51420 51430 172
51440 51450 172
51460 51470 216
51480 51490 172
51500 51510 110
51520 51530 203
51540 51550 141
51560 51570 172
51580 51590 190
51600 51610 79
51620 51630 185
51640 51650 172
51660 51670 172
51680 51690 172
51700 51710 172
51720 51730 203
51740 51750 172
51760 51770 234
51780 51790 128
51800 51810 110
51820 51830 159
51840 51850 247
51860 51870 172
51880 51890 172
51900 51910 172
51920 51930 172
51940 51950 247
51960 51970 203
51980 51990 141
52000 52010 172
52020 52030 172
52040 52050 159
52060 52070 141
52080 52090 141
52100 52110 110
52120 52130 110
52140 52150 79
52160 52170 185
52180 52190 203
52200 52210 172
52220 52230 172
52240 52250 278
52260 52270 172
52280 52290 172
52300 52310 159
52320 52330 172
52340 52350 172
52360 52370 141
52380 52390 128
52400 52410 141
52420 52430 154
52440 52450 128
52460 52470 110
52480 52490 141
52500 52510 278
52520 52530 340
52540 52550 247
52560 52570 216
52580 52590 110
52600 52610 141
52620 52630 141
52640 52650 203
52660 52670 172
52680 52690 141
52700 52710 172
52720 52730 247
52740 52750 128
52760 52770 128
52780 52790 247
52800 52810 154
52820 52830 141
52840 52850 141
52860 52870 203
52880 52890 172
52900 52910 154
52920 52930 172
52940 52950 278
52960 52970 247
52980 52990 172
53000 53010 247
53020 53030 278
53040 53050 141
53060 53070 79
53080 53090 172
53100 53110 123
53120 53130 172
53140 53150 110
53160 53170 185
53180 53190 141
53200 53210 216
53220 53230 247
53240 53250 309
53260 53270 172
53280 53290 185
53300 53310 185
53320 53330 185
53340 53350 185
53360 53370 185
53380 53390 172
53400 53410 172
53420 53430 216
53440 53450 216
53460 53470 141
53480 53490 322
53500 53510 123
53520 53530 159
53540 53550 141
53560 53570 123
53580 53590 247
53600 53610 141
53620 53630 247
53640 53650 216
53660 53670 154
53680 53690 123
53700 53710 141
53720 53730 216
53740 53750 185
53760 53770 141
53780 53790 216
53800 53810 172
53820 53830 172
53840 53850 172
53860 53870 216
53880 53890 185
53900 53910 185
53920 53930 97
53940 53950 185
53960 53970 185
53980 53990 216
54000 54010 216
54020 54030 185
54040 54050 247
54060 54070 92
54080 54090 185
54100 54110 92
54120 54130 141
54140 54150 154
54160 54170 185
54180 54190 185
54200 54210 247
54220 54230 185
54240 54250 185
54260 54270 185
54280 54290 141
54300 54310 185
54320 54330 40
54340 54350 203
54360 54370 92
54380 54390 123
54400 54410 185
54420 54430 185
54440 54450 172
54460 54470 185
54480 54490 185
54500 54510 185
54520 54530 185
54540 54550 141
54560 54570 141
54580 54590 185
54600 54610 247
54620 54630 185
54640 54650 154
54660 54670 185
54680 54690 185
54700 54710 185
54720 54730 216
54740 54750 185
54760 54770 216
54780 54790 185
54800 54810 79
54820 54830 154
54840 54850 141
54860 54870 185
54880 54890 123
54900 54910 123
54920 54930 154
54940 54950 216
54960 54970 198
54980 54990 216
55000 55010 216
55020 55030 185
55040 55050 167
55060 55070 167
55080 55090 185
55100 55110 185
55120 55130 185
55140 55150 185
55160 55170 185
55180 55190 154
55200 55210 229
55220 55230 154
55240 55250 185
55260 55270 123
55280 55290 167
55300 55310 123
55320 55330 216
55340 55350 110
55360 55370 229
55380 55390 229
55400 55410 154
55420 55430 154
55440 55450 229
55460 55470 229
55480 55490 185
55500 55510 185
55520 55530 260
55540 55550 260
55560 55570 141
55580 55590 141
55600 55610 260
55620 55630 198
55640 55650 154
55660 55670 92
55680 55690 185
55700 55710 92
55720 55730 260
55740 55750 185
55760 55770 185
55780 55790 185
55800 55810 167
55820 55830 136
55840 55850 185
55860 55870 154
55880 55890 154
55900 55910 154
55920 55930 154
55940 55950 110
55960 55970 185
55980 55990 154
56000 56010 154
56020 56030 154
56040 56050 154
56060 56070 260
56080 56090 185
56100 56110 229
56120 56130 185
56140 56150 198
56160 56170 198
56180 56190 198
56200 56210 198
56220 56230 198
56240 56250 154
56260 56270 185
56280 56290 154
56300 56310 154
56320 56330 185
56340 56350 136
56360 56370 110
56380 56390 229
56400 56410 154
56420 56430 136
56440 56450 110
56460 56470 154
56480 56490 291
56500 56510 136
56520 56530 167
56540 56550 154
56560 56570 229
56580 56590 154
56600 56610 229
56620 56630 260
56640 56650 123
56660 56670 229
56680 56690 154
56700 56710 154
56720 56730 61
56740 56750 229
56760 56770 110
56780 56790 198
56800 56810 105
56820 56830 198
56840 56850 92
56860 56870 291
56880 56890 229
56900 56910 190
56920 56930 154
56940 56950 154
56960 56970 154
56980 56990 185
57000 57010 190
57020 57030 198
57040 57050 198
57060 57070 198
57080 57090 198
57100 57110 92
57120 57130 198
57140 57150 198
57160 57170 198
57180 57190 105
57200 57210 167
57220 57230 154
57240 57250 105
57260 57270 79
57280 57290 198
57300 57310 136
57320 57330 198
57340 57350 198
57360 57370 79
57380 57390 198
57400 57410 198
57420 57430 105
57440 57450 154
57460 57470 198
57480 57490 154
57500 57510 154
57520 57530 260
57540 57550 198
57560 57570 198
57580 57590 198
57600 57610 198
57620 57630 273
57640 57650 198
57660 57670 229
57680 57690 167
57700 57710 198
57720 57730 229
57740 57750 74
57760 57770 154
57780 57790 159
57800 57810 123
57820 57830 167
57840 57850 159
57860 57870 167
57880 57890 229
57900 57910 167
57920 57930 167
57940 57950 105
57960 57970 198
57980 57990 211
58000 58010 123
58020 58030 136
58040 58050 185
58060 58070 123
58080 58090 198
58100 58110 167
58120 58130 167
58140 58150 167
58160 58170 167
58180 58190 136
58200 58210 167
58220 58230 167
58240 58250 167
58260 58270 123
58280 58290 167
58300 58310 154
58320 58330 242
58340 58350 242
58360 58370 128
58380 58390 167
58400 58410 167
58420 58430 229
58440 58450 198
58460 58470 198
58480 58490 136
58500 58510 198
58520 58530 273
58540 58550 154
58560 58570 136
58580 58590 167
58600 58610 167
58620 58630 167
58640 58650 154
58660 58670 123
58680 58690 105
58700 58710 180
58720 58730 198
58740 58750 198
58760 58770 198
58780 58790 273
58800 58810 167
58820 58830 167
58840 58850 167
58860 58870 167
58880 58890 167
58900 58910 136
58920 58930 136
58940 58950 136
58960 58970 136
58980 58990 167
59000 59010 273
59020 59030 105
59040 59050 167
59060 59070 198
59080 59090 198
59100 59110 242
59120 59130 211
59140 59150 211
59160 59170 97
59180 59190 74
59200 59210 211
59220 59230 198
59240 59250 167
59260 59270 136
59280 59290 167
59300 59310 242
59320 59330 242
59340 59350 123
59360 59370 123
59380 59390 242
59400 59410 167
59420 59430 149
59440 59450 149
59460 59470 123
59480 59490 149
59500 59510 167
59520 59530 149
59540 59550 136
59560 59570 273
59580 59590 167
59600 59610 167
59620 59630 242
59640 59650 167
59660 59670 123
59680 59690 167
59700 59710 74
59720 59730 92
59740 59750 167
59760 59770 198
59780 59790 118
59800 59810 180
59820 59830 118
59840 59850 167
59860 59870 167
59880 59890 211
59900 59910 304
59920 59930 211
59940 59950 203
59960 59970 180
59980 59990 180
60000 60010 180
60020 60030 167
60040 60050 180
60060 60070 211
60080 60090 136
60100 60110 211
60120 60130 211
60140 60150 211
60160 60170 317
60180 60190 255
60200 60210 211
60220 60230 154
60240 60250 136
60260 60270 118
60280 60290 242
60300 60310 136
60320 60330 242
60340 60350 211
60360 60370 149
60380 60390 118
60400 60410 211
60420 60430 136
60440 60450 211
60460 60470 92
60480 60490 136
60500 60510 180
60520 60530 273
60540 60550 167
60560 60570 167
60580 60590 167
60600 60610 273
60620 60630 149
60640 60650 180
60660 60670 211
60680 60690 180
60700 60710 211
60720 60730 211
60740 60750 242
60760 60770 172
60780 60790 180
60800 60810 87
60820 60830 105
60840 60850 180
60860 60870 167
60880 60890 211
60900 60910 149
60920 60930 211
60940 60950 180
60960 60970 180
60980 60990 242
61000 61010 180
61020 61030 118
61040 61050 180
61060 61070 211
61080 61090 198
61100 61110 136
61120 61130 149
61140 61150 149
61160 61170 211
61180 61190 149
61200 61210 180
61220 61230 180
61240 61250 167
61260 61270 180
61280 61290 180
61300 61310 211
61320 61330 149
61340 61350 242
61360 61370 136
61380 61390 74
61400 61410 180
61420 61430 136
61440 61450 180
61460 61470 180
61480 61490 167
61500 61510 149
61520 61530 149
61540 61550 242
61560 61570 211
61580 61590 211
61600 61610 211
61620 61630 180
61640 61650 211
61660 61670 167
61680 61690 167
61700 61710 149
61720 61730 286
61740 61750 118
61760 61770 167
61780 61790 167
61800 61810 149
61820 61830 193
61840 61850 211
61860 61870 211
61880 61890 149
61900 61910 180
61920 61930 211
61940 61950 180
61960 61970 149
61980 61990 211
62000 62010 180
62020 62030 162
62040 62050 149
62060 62070 180
62080 62090 149
62100 62110 149
62120 62130 149
62140 62150 180
62160 62170 180
62180 62190 255
62200 62210 149
62220 62230 211
62240 62250 118
62260 62270 255
62280 62290 224
62300 62310 224
62320 62330 87
62340 62350 105
62360 62370 149
62380 62390 224
62400 62410 224
62420 62430 180
62440 62450 180
62460 62470 255
62480 62490 149
62500 62510 149
62520 62530 149
62540 62550 136
62560 62570 255
62580 62590 162
62600 62610 162
62620 62630 162
62640 62650 180
62660 62670 149
62680 62690 255
62700 62710 149
62720 62730 149
62740 62750 286
62760 62770 180
62780 62790 180
62800 62810 131
62820 62830 180
62840 62850 224
62860 62870 105
62880 62890 149
62900 62910 180
62920 62930 149
62940 62950 149
62960 62970 131
62980 62990 149
63000 63010 149
63020 63030 131
63040 63050 180
63060 63070 87
63080 63090 255
63100 63110 317
63120 63130 180
63140 63150 180
63160 63170 224
63180 63190 87
63200 63210 131
63220 63230 193
63240 63250 193
63260 63270 180
63280 63290 149
63300 63310 149
63320 63330 149
63340 63350 224
63360 63370 105
63380 63390 330
63400 63410 131
63420 63430 224
63440 63450 149
63460 63470 149
63480 63490 224
63500 63510 149
63520 63530 149
63540 63550 149
63560 63570 131
63580 63590 162
63600 63610 131
63620 63630 131
63640 63650 224
63660 63670 149
63680 63690 149
63700 63710 255
63720 63730 149
63740 63750 224
63760 63770 180
63780 63790 118
63800 63810 193
63820 63830 162
63840 63850 224
63860 63870 162
63880 63890 193
63900 63910 100
63920 63930 149
63940 63950 224
63960 63970 162
63980 63990 193
64000 64010 224
64020 64030 149
64040 64050 224
64060 64070 149
64080 64090 149
64100 64110 193
64120 64130 185
64140 64150 162
64160 64170 162
64180 64190 193
64200 64210 193
64220 64230 193
64240 64250 255
64260 64270 193
64280 64290 193
64300 64310 193
64320 64330 149
64340 64350 211
64360 64370 193
64380 64390 149
64400 64410 87
64420 64430 224
64440 64450 193
64460 64470 131
64480 64490 193
64500 64510 193
64520 64530 180
64540 64550 193
64560 64570 193
64580 64590 224
64600 64610 162
64620 64630 255
64640 64650 193
64660 64670 149
64680 64690 193
64700 64710 149
64720 64730 255
64740 64750 180
64760 64770 193
64780 64790 193
64800 64810 193
64820 64830 193
64840 64850 162
64860 64870 162
64880 64890 162
64900 64910 162
64920 64930 224
64940 64950 224
64960 64970 162
64980 64990 149
65000 65010 149
65020 65030 193
65040 65050 131
65060 65070 193
65080 65090 162
65100 65110 162
65120 65130 162
65140 65150 206
65160 65170 224
65180 65190 100
65200 65210 193
65220 65230 162
65240 65250 175
65260 65270 175
65280 65290 180
65300 65310 224
65320 65330 193
65340 65350 175
65360 65370 162
65380 65390 224
65400 65410 162
65420 65430 162
65440 65450 162
65460 65470 193
65480 65490 131
65500 65510 162
65520 65530 162
65540 65550 100
65560 65570 162
65580 65590 162
65600 65610 237
65620 65630 224
65640 65650 237
65660 65670 118
65680 65690 162
65700 65710 162
65720 65730 224
65740 65750 162
65760 65770 224
65780 65790 193
65800 65810 162
65820 65830 268
65840 65850 162
65860 65870 149
65880 65890 149
65900 65910 123
65920 65930 131
65940 65950 162
65960 65970 162
65980 65990 149
66000 66010 193
66020 66030 100
66040 66050 175
66060 66070 193
66080 66090 193
66100 66110 193
66120 66130 268
66140 66150 193
66160 66170 162
66180 66190 162
66200 66210 162
66220 66230 162
66240 66250 162
66260 66270 175
66280 66290 193
66300 66310 131
66320 66330 118
66340 66350 144
66360 66370 162
66380 66390 193
66400 66410 237
66420 66430 237
66440 66450 193
66460 66470 193
66480 66490 118
66500 66510 193
66520 66530 206
66540 66550 131
66560 66570 206
66580 66590 206
66600 66610 100
66620 66630 206
66640 66650 193
66660 66670 206
66680 66690 193
66700 66710 162
66720 66730 237
66740 66750 237
66760 66770 131
66780 66790 144
66800 66810 237
66820 66830 237
66840 66850 175
66860 66870 131
66880 66890 144
66900 66910 162
66920 66930 144
66940 66950 237
66960 66970 113
66980 66990 175
67000 67010 268
67020 67030 162
67040 67050 131
67060 67070 162
67080 67090 237
67100 67110 268
67120 67130 118
67140 67150 131
67160 67170 237
67180 67190 162
67200 67210 162
67220 67230 74
67240 67250 193
67260 67270 113
67280 67290 100
67300 67310 206
67320 67330 175
67340 67350 162
67360 67370 131
67380 67390 131
67400 67410 206
67420 67430 162
67440 67450 162
67460 67470 87
67480 67490 206
67500 67510 162
67520 67530 175
67540 67550 175
67560 67570 198
67580 67590 281
67600 67610 87
67620 67630 113
67640 67650 206
67660 67670 87
67680 67690 250
67700 67710 206
67720 67730 206
67740 67750 206
67760 67770 113
67780 67790 69
67800 67810 206
67820 67830 237
67840 67850 131
67860 67870 113
67880 67890 206
67900 67910 175
67920 67930 131
67940 67950 206
67960 67970 175
67980 67990 131
68000 68010 206
68020 68030 131
68040 68050 175
68060 68070 206
68080 68090 268
68100 68110 162
68120 68130 162
68140 68150 206
68160 68170 144
68180 68190 312
68200 68210 206
68220 68230 206
68240 68250 206
68260 68270 175
68280 68290 175
68300 68310 175
68320 68330 206
68340 68350 237
68360 68370 175
68380 68390 175
68400 68410 175
68420 68430 82
68440 68450 175
68460 68470 162
68480 68490 167
68500 68510 131
68520 68530 144
68540 68550 206
68560 68570 175
68580 68590 175
68600 68610 237
68620 68630 175
68640 68650 175
68660 68670 113
68680 68690 175
68700 68710 206
68720 68730 144
68740 68750 175
68760 68770 144
68780 68790 82
68800 68810 206
68820 68830 175
68840 68850 206
68860 68870 175
68880 68890 175
68900 68910 175
68920 68930 175
68940 68950 175
68960 68970 206
68980 68990 175
69000 69010 175
69020 69030 237
69040 69050 131
69060 69070 131
69080 69090 175
69100 69110 162
69120 69130 250
69140 69150 175
69160 69170 175
69180 69190 175
69200 69210 175
69220 69230 175
69240 69250 237
69260 69270 206
69280 69290 237
69300 69310 206
69320 69330 175
69340 69350 175
69360 69370 175
69380 69390 162
69400 69410 162
69420 69430 144
69440 69450 144
69460 69470 113
69480 69490 175
69500 69510 162
69520 69530 82
69540 69550 206
69560 69570 188
69580 69590 206
69600 69610 175
69620 69630 206
69640 69650 175
69660 69670 281
69680 69690 175
69700 69710 144
69720 69730 206
69740 69750 175
69760 69770 175
69780 69790 175
69800 69810 144
69820 69830 144
69840 69850 131
69860 69870 144
69880 69890 157
69900 69910 144
69920 69930 113
69940 69950 144
69960 69970 206
69980 69990 144
70000 70010 281
70020 70030 206
70040 70050 250
70060 70070 219
70080 70090 219
70100 70110 82
70120 70130 144
70140 70150 206
70160 70170 144
70180 70190 219
70200 70210 144
70220 70230 175
70240 70250 144
70260 70270 175
70280 70290 175
70300 70310 250
70320 70330 131
70340 70350 144
70360 70370 131
70380 70390 250
70400 70410 157
70420 70430 157
70440 70450 144
70460 70470 144
70480 70490 175
70500 70510 175
70520 70530 250
70540 70550 126
70560 70570 175
70580 70590 281
70600 70610 175
70620 70630 250
70640 70650 175
70660 70670 82
70680 70690 175
70700 70710 105
70720 70730 144
70740 70750 126
70760 70770 157
70780 70790 144
70800 70810 82
70820 70830 144
70840 70850 144
70860 70870 144
70880 70890 188
70900 70910 219
70920 70930 175
70940 70950 175
70960 70970 250
70980 70990 175
71000 71010 219
71020 71030 175
71040 71050 188
71060 71070 188
71080 71090 188
71100 71110 206
71120 71130 188
71140 71150 188
71160 71170 126
71180 71190 175
71200 71210 175
71220 71230 219
71240 71250 144
71260 71270 219
71280 71290 144
71300 71310 100
71320 71330 126
71340 71350 219
71360 71370 162
71380 71390 126
71400 71410 219
71420 71430 219
71440 71450 250
71460 71470 144
71480 71490 144
71500 71510 100
71520 71530 250
71540 71550 157
71560 71570 126
71580 71590 219
71600 71610 144
71620 71630 144
71640 71650 219
71660 71670 144
71680 71690 144
71700 71710 188
71720 71730 232
71740 71750 175
71760 71770 175
71780 71790 219
71800 71810 157
71820 71830 219
71840 71850 219
71860 71870 188
71880 71890 188
71900 71910 100
71920 71930 188
71940 71950 219
71960 71970 188
71980 71990 188
72000 72010 219
72020 72030 188
72040 72050 82
72060 72070 250
72080 72090 43
72100 72110 82
72120 72130 144
72140 72150 180
72160 72170 144
72180 72190 157
72200 72210 188
72220 72230 188
72240 72250 188
72260 72270 144
72280 72290 232
72300 72310 188
72320 72330 188
72340 72350 188
72360 72370 263
72380 72390 188
72400 72410 157
72420 72430 144
72440 72450 188
72460 72470 82
72480 72490 219
72500 72510 188
72520 72530 126
72540 72550 188
72560 72570 188
72580 72590 175
72600 72610 188
72620 72630 188
72640 72650 157
72660 72670 157
72680 72690 263
72700 72710 250
72720 72730 144
72740 72750 144
72760 72770 188
72780 72790 144
72800 72810 263
72820 72830 188
72840 72850 188
72860 72870 113
72880 72890 188
72900 72910 188
72920 72930 188
72940 72950 263
72960 72970 219
72980 72990 219
73000 73010 157
73020 73030 157
73040 73050 188
73060 73070 294
73080 73090 175
73100 73110 64
73120 73130 144
73140 73150 188
73160 73170 126
73180 73190 126
73200 73210 126
73220 73230 175
73240 73250 157
73260 73270 113
73280 73290 201
73300 73310 219
73320 73330 219
73340 73350 170
73360 73370 188
73380 73390 188
73400 73410 219
73420 73430 170
73440 73450 188
73460 73470 175
73480 73490 188
73500 73510 157
73520 73530 157
73540 73550 157
73560 73570 188
73580 73590 157
73600 73610 157
73620 73630 157
73640 73650 170
73660 73670 170
73680 73690 126
73700 73710 170
73720 73730 157
73740 73750 95
73760 73770 219
73780 73790 113
73800 73810 232
73820 73830 219
73840 73850 232
73860 73870 157
73880 73890 144
73900 73910 232
73920 73930 157
73940 73950 219
73960 73970 232
73980 73990 188
74000 74010 188
74020 74030 188
74040 74050 188
74060 74070 263
74080 74090 144
74100 74110 157
74120 74130 144
74140 74150 263
74160 74170 157
74180 74190 157
74200 74210 157
74220 74230 170
74240 74250 126
74260 74270 69
74280 74290 170
74300 74310 188
74320 74330 188
74340 74350 188
74360 74370 294
74380 74390 188
74400 74410 170
74420 74430 188
74440 74450 157
74460 74470 188
74480 74490 157
74500 74510 113
74520 74530 157
74540 74550 157
74560 74570 188
74580 74590 188
74600 74610 157
74620 74630 188
74640 74650 157
74660 74670 157
74680 74690 232
74700 74710 157
74720 74730 157
74740 74750 188
74760 74770 263
74780 74790 188
74800 74810 232
74820 74830 232
74840 74850 201
74860 74870 232
74880 74890 188
74900 74910 113
74920 74930 113
74940 74950 201
74960 74970 188
74980 74990 201
75000 75010 307
75020 75030 157
75040 75050 157
75060 75070 232
75080 75090 232
75100 75110 188
75120 75130 139
75140 75150 113
75160 75170 232
75180 75190 157
75200 75210 139
75220 75230 126
75240 75250 232
75260 75270 157
75280 75290 157
75300 75310 157
75320 75330 139
75340 75350 139
75360 75370 170
75380 75390 139
75400 75410 157
75420 75430 232
75440 75450 157
75460 75470 232
75480 75490 201
75500 75510 263
75520 75530 108
75540 75550 232
75560 75570 245
75580 75590 157
75600 75610 157
75620 75630 188
75640 75650 188
75660 75670 232
75680 75690 201
75700 75710 201
75720 75730 201
75740 75750 108
75760 75770 201
75780 75790 232
75800 75810 126
75820 75830 201
75840 75850 201
75860 75870 263
75880 75890 201
75900 75910 232
75920 75930 157
75940 75950 157
75960 75970 157
75980 75990 188
76000 76010 193
76020 76030 170
76040 76050 170
76060 76070 201
76080 76090 201
76100 76110 201
76120 76130 157
76140 76150 95
76160 76170 201
76180 76190 201
76200 76210 201
76220 76230 276
76240 76250 108
76260 76270 219
76280 76290 201
76300 76310 82
76320 76330 108
76340 76350 108
76360 76370 201
76380 76390 201
76400 76410 139
76420 76430 170
76440 76450 201
76460 76470 108
76480 76490 201
76500 76510 201
76520 76530 170
76540 76550 201
76560 76570 108
76580 76590 201
76600 76610 263
76620 76630 157
76640 76650 157
76660 76670 201
76680 76690 157
76700 76710 263
76720 76730 170
76740 76750 201
76760 76770 188
76780 76790 201
76800 76810 201
76820 76830 201
76840 76850 170
76860 76870 201
76880 76890 232
76900 76910 232
76920 76930 170
76940 76950 201
76960 76970 232
76980 76990 95
77000 77010 170
77020 77030 157
77040 77050 162
77060 77070 170
77080 77090 201
77100 77110 170
77120 77130 162
77140 77150 170
77160 77170 170
77180 77190 232
77200 77210 170
77220 77230 232
77240 77250 232
77260 77270 113
77280 77290 201
77300 77310 188
77320 77330 139
77340 77350 201
77360 77370 139
77380 77390 77
77400 77410 201
77420 77430 170
77440 77450 201
77460 77470 170
77480 77490 214
77500 77510 170
77520 77530 170
77540 77550 139
77560 77570 170
77580 77590 139
77600 77610 170
77620 77630 170
77640 77650 183
77660 77670 170
77680 77690 126
77700 77710 126
77720 77730 170
77740 77750 126
77760 77770 245
77780 77790 170
77800 77810 170
77820 77830 126
77840 77850 170
77860 77870 170
77880 77890 245
77900 77910 170
77920 77930 201
77940 77950 201
77960 77970 201
77980 77990 170
78000 78010 201
78020 78030 201
78040 78050 157
78060 78070 170
78080 78090 157
78100 78110 139
78120 78130 170
78140 78150 170
78160 78170 170
78180 78190 170
78200 78210 170
78220 78230 77
78240 78250 108
78260 78270 276
78280 78290 201
78300 78310 201
78320 78330 201
78340 78350 170
78360 78370 201
78380 78390 152
78400 78410 170
78420 78430 139
78440 78450 201
78460 78470 307
78480 78490 170
78500 78510 170
78520 78530 170
78540 78550 139
78560 78570 139
78580 78590 126
78600 78610 139
78620 78630 139
78640 78650 170
78660 78670 152
78680 78690 170
78700 78710 152
78720 78730 170
78740 78750 139
78760 78770 276
78780 78790 170
78800 78810 245
78820 78830 245
78840 78850 201
78860 78870 108
78880 78890 100
78900 78910 126
78920 78930 214
78940 78950 214
78960 78970 201
78980 78990 214
79000 79010 201
79020 79030 139
79040 79050 170
79060 79070 170
79080 79090 245
79100 79110 245
79120 79130 126
79140 79150 126
79160 79170 126
79180 79190 245
79200 79210 170
79220 79230 152
79240 79250 139
79260 79270 276
79280 79290 100
79300 79310 139
79320 79330 139
79340 79350 152
79360 79370 139
79380 79390 183
79400 79410 183
79420 79430 170
79440 79450 170
79460 79470 245
79480 79490 170
79500 79510 245
79520 79530 214
79540 79550 121
79560 79570 121
79580 79590 170
79600 79610 77
79620 79630 170
79640 79650 170
79660 79670 77
79680 79690 183
79700 79710 95
79720 79730 126
79740 79750 183
79760 79770 121
79780 79790 170
79800 79810 214
79820 79830 245
79840 79850 214
79860 79870 183
79880 79890 214
79900 79910 214
79920 79930 206
79940 79950 214
79960 79970 245
79980 79990 183
80000 80010 183
80020 80030 183
80040 80050 201
80060 80070 170
80080 80090 214
80100 80110 139
80120 80130 170
80140 80150 121
80160 80170 214
80180 80190 214
80200 80210 276
80220 80230 320
80240 80250 258
80260 80270 121
80280 80290 214
80300 80310 95
80320 80330 139
80340 80350 121
80360 80370 214
80380 80390 245
80400 80410 139
80420 80430 139
80440 80450 121
80460 80470 214
80480 80490 214
80500 80510 139
80520 80530 214
80540 80550 214
80560 80570 139
80580 80590 139
80600 80610 214
80620 80630 183
80640 80650 183
80660 80670 121
80680 80690 214
80700 80710 227
80720 80730 108
80740 80750 170
80760 80770 214
80780 80790 139
80800 80810 276
80820 80830 183
80840 80850 183
80860 80870 183
80880 80890 214
80900 80910 183
80920 80930 183
80940 80950 214
80960 80970 214
80980 80990 183
81000 81010 276
81020 81030 175
81040 81050 139
81060 81070 245
81080 81090 170
81100 81110 108
81120 81130 90
81140 81150 201
81160 81170 175
81180 81190 139
81200 81210 152
81220 81230 139
81240 81250 183
81260 81270 183
81280 81290 183
81300 81310 245
81320 81330 227
81340 81350 183
81360 81370 121
81380 81390 183
81400 81410 258
81420 81430 196
81440 81450 201
81460 81470 183
81480 81490 183
81500 81510 90
81520 81530 152
81540 81550 90
81560 81570 214
81580 81590 196
81600 81610 183
81620 81630 183
81640 81650 183
81660 81670 170
81680 81690 183
81700 81710 183
81720 81730 183
81740 81750 214
81760 81770 258
81780 81790 183
81800 81810 245
81820 81830 183
81840 81850 77
81860 81870 183
81880 81890 139
81900 81910 258
81920 81930 183
81940 81950 183
81960 81970 183
81980 81990 170
82000 82010 152
82020 82030 183
82040 82050 183
82060 82070 245
82080 82090 183
82100 82110 214
82120 82130 152
82140 82150 214
82160 82170 183
82180 82190 183
82200 82210 144
82220 82230 152
82240 82250 183
82260 82270 90
82280 82290 152
82300 82310 152
82320 82330 121
82340 82350 196
82360 82370 152
82380 82390 170
82400 82410 152
82420 82430 214
82440 82450 196
82460 82470 214
82480 82490 214
82500 82510 214
82520 82530 183
82540 82550 183
82560 82570 214
82580 82590 165
82600 82610 165
82620 82630 183
82640 82650 170
82660 82670 320
82680 82690 183
82700 82710 183
82720 82730 152
82740 82750 152
82760 82770 152
82780 82790 152
82800 82810 152
82820 82830 152
82840 82850 165
82860 82870 183
82880 82890 214
82900 82910 121
82920 82930 214
82940 82950 152
82960 82970 214
82980 82990 90
83000 83010 108
83020 83030 139
83040 83050 227
83060 83070 227
83080 83090 227
83100 83110 152
83120 83130 108
83140 83150 152
83160 83170 214
83180 83190 214
83200 83210 227
83220 83230 183
83240 83250 214
83260 83270 183
83280 83290 258
83300 83310 183
83320 83330 258
83340 83350 139
83360 83370 152
83380 83390 139
83400 83410 258
83420 83430 258
83440 83450 165
83460 83470 152
83480 83490 152
83500 83510 289
83520 83530 113
83540 83550 90
83560 83570 90
83580 83590 258
83600 83610 108
83620 83630 152
83640 83650 183
83660 83670 183
83680 83690 183
83700 83710 152
83720 83730 183
83740 83750 90
83760 83770 183
83780 83790 289
83800 83810 139
83820 83830 152
83840 83850 152
83860 83870 165
83880 83890 214
83900 83910 183
83920 83930 152
83940 83950 183
83960 83970 196
83980 83990 152
84000 84010 196
84020 84030 183
84040 84050 152
84060 84070 152
84080 84090 90
84100 84110 258
84120 84130 258
84140 84150 320
84160 84170 183
84180 84190 183
84200 84210 219
84220 84230 227
84240 84250 90
84260 84270 196
84280 84290 196
84300 84310 196
84320 84330 196
84340 84350 183
84360 84370 152
84380 84390 302
84400 84410 152
84420 84430 227
84440 84450 227
84460 84470 227
84480 84490 121
84500 84510 108
84520 84530 134
84540 84550 108
84560 84570 227
84580 84590 170
84600 84610 183
84620 84630 108
84640 84650 227
84660 84670 108
84680 84690 152
84700 84710 152
84720 84730 152
84740 84750 134
84760 84770 227
84780 84790 134
84800 84810 165
84820 84830 134
84840 84850 227
84860 84870 227
84880 84890 152
84900 84910 227
84920 84930 196
84940 84950 258
84960 84970 134
84980 84990 196
85000 85010 227
85020 85030 227
85040 85050 64
85060 85070 152
85080 85090 227
85100 85110 183
85120 85130 227
85140 85150 227
85160 85170 227
85180 85190 196
85200 85210 103
85220 85230 196
85240 85250 227
85260 85270 196
85280 85290 165
85300 85310 227
85320 85330 196
85340 85350 152
85360 85370 152
85380 85390 90
85400 85410 258
85420 85430 90
85440 85450 152
85460 85470 152
85480 85490 183
85500 85510 188
85520 85530 165
85540 85550 165
85560 85570 152
85580 85590 196
85600 85610 196
85620 85630 196
85640 85650 214
85660 85670 240
85680 85690 196
85700 85710 196
85720 85730 196
85740 85750 196
85760 85770 152
85780 85790 196
85800 85810 103
85820 85830 196
85840 85850 152
85860 85870 196
85880 85890 103
85900 85910 90
85920 85930 196
85940 85950 134
85960 85970 134
85980 85990 196
86000 86010 196
86020 86030 103
86040 86050 196
86060 86070 196
86080 86090 196
86100 86110 165
86120 86130 165
86140 86150 196
86160 86170 258
86180 86190 209
86200 86210 152
86220 86230 152
86240 86250 152
86260 86270 152
86280 86290 134
86300 86310 196
86320 86330 165
86340 86350 165
86360 86370 183
86380 86390 196
86400 86410 165
86420 86430 165
86440 86450 271
86460 86470 196
86480 86490 165
86500 86510 227
86520 86530 165
86540 86550 165
86560 86570 227
86580 86590 165
86600 86610 90
86620 86630 165
86640 86650 152
86660 86670 103
86680 86690 157
86700 86710 165
86720 86730 134
86740 86750 196
86760 86770 196
86780 86790 209
86800 86810 165
86820 86830 227
86840 86850 209
86860 86870 165
86880 86890 227
86900 86910 165
86920 86930 165
86940 86950 196
86960 86970 165
86980 86990 165
87000 87010 165
87020 87030 165
87040 87050 183
87060 87070 196
87080 87090 333
87100 87110 196
87120 87130 178
87140 87150 196
87160 87170 209
87180 87190 165
87200 87210 152
87220 87230 165
87240 87250 165
87260 87270 165
87280 87290 196
87300 87310 134
87320 87330 196
87340 87350 165
87360 87370 165
87380 87390 103
87400 87410 227
87420 87430 134
87440 87450 165
87460 87470 240
87480 87490 240
87500 87510 227
87520 87530 165
87540 87550 165
87560 87570 165
87580 87590 165
87600 87610 165
87620 87630 240
87640 87650 227
87660 87670 196
87680 87690 196
87700 87710 165
87720 87730 196
87740 87750 196
87760 87770 271
87780 87790 271
87800 87810 152
87820 87830 165
87840 87850 152
87860 87870 121
87880 87890 165
87900 87910 103
87920 87930 165
87940 87950 165
87960 87970 178
87980 87990 152
88000 88010 196
88020 88030 77
88040 88050 178
88060 88070 103
88080 88090 196
88100 88110 196
88120 88130 196
88140 88150 196
88160 88170 165
88180 88190 196
88200 88210 196
88220 88230 147
88240 88250 165
88260 88270 165
88280 88290 165
88300 88310 165
88320 88330 165
88340 88350 134
88360 88370 134
88380 88390 134
88400 88410 134
88420 88430 121
88440 88450 196
88460 88470 147
88480 88490 165
88500 88510 147
88520 88530 165
88540 88550 240
88560 88570 240
88580 88590 134
88600 88610 271
88620 88630 196
88640 88650 121
88660 88670 240
88680 88690 209
88700 88710 209
88720 88730 103
88740 88750 103
88760 88770 121
88780 88790 209
88800 88810 103
88820 88830 209
88840 88850 196
88860 88870 165
88880 88890 165
88900 88910 121
88920 88930 165
88940 88950 165
88960 88970 240
88980 88990 240
89000 89010 134
89020 89030 302
89040 89050 147
89060 89070 240
89080 89090 240
89100 89110 165
89120 89130 147
89140 89150 134
89160 89170 147
89180 89190 147
89200 89210 165
89220 89230 165
89240 89250 147
89260 89270 302
89280 89290 147
89300 89310 134
89320 89330 178
89340 89350 271
89360 89370 165
89380 89390 240
89400 89410 240
89420 89430 165
89440 89450 240
89460 89470 209
89480 89490 271
89500 89510 165
89520 89530 134
89540 89550 72
89560 89570 165
89580 89590 165
89600 89610 165
89620 89630 196
89640 89650 178
89660 89670 116
89680 89690 116
89700 89710 209
89720 89730 209
89740 89750 209
89760 89770 178
89780 89790 209
89800 89810 240
89820 89830 134
89840 89850 134
89860 89870 240
89880 89890 209
89900 89910 165
89920 89930 165
89940 89950 165
89960 89970 103
89980 89990 209
90000 90010 165
90020 90030 178
90040 90050 178
90060 90070 178
90080 90090 201
90100 90110 209
90120 90130 134
90140 90150 209
90160 90170 116
90180 90190 209
90200 90210 209
90220 90230 196
90240 90250 103
90260 90270 209
90280 90290 253
90300 90310 209
90320 90330 209
90340 90350 284
90360 90370 209
90380 90390 116
90400 90410 116
90420 90430 90
90440 90450 134
90460 90470 116
90480 90490 116
90500 90510 116
90520 90530 240
90540 90550 147
90560 90570 134
90580 90590 209
90600 90610 209
90620 90630 178
90640 90650 134
90660 90670 209
90680 90690 209
90700 90710 121
90720 90730 178
90740 90750 116
90760 90770 209
90780 90790 271
90800 90810 165
90820 90830 165
90840 90850 165
90860 90870 209
90880 90890 147
90900 90910 209
90920 90930 209
90940 90950 209
90960 90970 209
90980 90990 196
91000 91010 178
91020 91030 178
91040 91050 178
91060 91070 178
91080 91090 178
91100 91110 209
91120 91130 240
91140 91150 134
91160 91170 178
91180 91190 178
91200 91210 178
91220 91230 165
91240 91250 196
91260 91270 178
91280 91290 85
91300 91310 315
91320 91330 209
91340 91350 134
91360 91370 147
91380 91390 209
91400 91410 196
91420 91430 178
91440 91450 178
91460 91470 333
91480 91490 222
91500 91510 178
91520 91530 178
91540 91550 178
91560 91570 178
91580 91590 253
91600 91610 209
91620 91630 222
91640 91650 191
91660 91670 134
91680 91690 147
91700 91710 196
91720 91730 196
91740 91750 209
91760 91770 178
91780 91790 178
91800 91810 178
91820 91830 178
91840 91850 178
91860 91870 165
91880 91890 165
91900 91910 178
91920 91930 178
91940 91950 178
91960 91970 209
91980 91990 147
92000 92010 178
92020 92030 240
92040 92050 178
92060 92070 134
92080 92090 134
92100 92110 178
92120 92130 165
92140 92150 253
92160 92170 253
92180 92190 178
92200 92210 178
92220 92230 147
92240 92250 178
92260 92270 178
92280 92290 178
92300 92310 178
92320 92330 253
92340 92350 253
92360 92370 209
92380 92390 240
92400 92410 209
92420 92430 147
92440 92450 209
92460 92470 284
92480 92490 178
92500 92510 165
92520 92530 178
92540 92550 165
92560 92570 147
92580 92590 284
92600 92610 139
92620 92630 116
92640 92650 178
92660 92670 116
92680 92690 165
92700 92710 147
92720 92730 209
92740 92750 191
92760 92770 191
92780 92790 209
92800 92810 178
92820 92830 209
92840 92850 178
92860 92870 178
92880 92890 284
92900 92910 209
92920 92930 209
92940 92950 147
92960 92970 178
92980 92990 178
93000 93010 178
93020 93030 178
93040 93050 178
93060 93070 147
93080 93090 147
93100 93110 147
93120 93130 147
93140 93150 147
93160 93170 222
93180 93190 160
93200 93210 147
93220 93230 178
93240 93250 178
93260 93270 116
93280 93290 209
93300 93310 147
93320 93330 147
93340 93350 284
93360 93370 209
93380 93390 85
93400 93410 253
93420 93430 222
93440 93450 134
93460 93470 222
93480 93490 116
93500 93510 147
93520 93530 108
93540 93550 147
93560 93570 222
93580 93590 209
93600 93610 209
93620 93630 178
93640 93650 209
93660 93670 178
93680 93690 178
93700 93710 178
93720 93730 253
93740 93750 253
93760 93770 134
93780 93790 134
93800 93810 134
93820 93830 253
93840 93850 253
93860 93870 253
93880 93890 147
93900 93910 160
93920 93930 147
93940 93950 134
93960 93970 160
93980 93990 178
94000 94010 147
94020 94030 178
94040 94050 160
94060 94070 160
94080 94090 178
94100 94110 85
94120 94130 147
94140 94150 178
94160 94170 253
94180 94190 253
94200 94210 240
94220 94230 103
94240 94250 178
94260 94270 222
94280 94290 134
94300 94310 147
94320 94330 129
94340 94350 103
94360 94370 209
94380 94390 103
94400 94410 178
94420 94430 147
94440 94450 209
94460 94470 116
94480 94490 147
94500 94510 147
94520 94530 178
94540 94550 222
94560 94570 178
94580 94590 222
94600 94610 178
94620 94630 253
94640 94650 178
94660 94670 222
94680 94690 222
94700 94710 222
94720 94730 214
94740 94750 191
94760 94770 222
94780 94790 191
94800 94810 103
94820 94830 191
94840 94850 191
94860 94870 191
94880 94890 129
94900 94910 178
94920 94930 222
94940 94950 178
94960 94970 222
94980 94990 129
95000 95010 222
95020 95030 222
95040 95050 147
95060 95070 284
95080 95090 328
95100 95110 129
95120 95130 103
95140 95150 222
95160 95170 222
95180 95190 129
95200 95210 222
95220 95230 129
95240 95250 129
95260 95270 253
95280 95290 147
95300 95310 147
95320 95330 284
95340 95350 129
95360 95370 253
95380 95390 160
95400 95410 129
95420 95430 191
95440 95450 222
95460 95470 191
95480 95490 222
95500 95510 147
95520 95530 222
95540 95550 191
95560 95570 253
95580 95590 147
95600 95610 191
95620 95630 222
95640 95650 235
95660 95670 178
95680 95690 178
95700 95710 178
95720 95730 222
95740 95750 160
95760 95770 222
95780 95790 222
95800 95810 222
95820 95830 191
95840 95850 191
95860 95870 222
95880 95890 191
95900 95910 222
95920 95930 191
95940 95950 85
95960 95970 222
95980 95990 191
96000 96010 222
96020 96030 183
96040 96050 147
96060 96070 72
96080 96090 253
96100 96110 178
96120 96130 147
96140 96150 98
96160 96170 178
96180 96190 98
96200 96210 178
96220 96230 160
96240 96250 160
96260 96270 147
96280 96290 191
96300 96310 191
96320 96330 191
96340 96350 209
96360 96370 253
96380 96390 297
96400 96410 191
96420 96430 191
96440 96450 191
96460 96470 191
96480 96490 266
96500 96510 204
96520 96530 209
96540 96550 160
96560 96570 147
96580 96590 191
96600 96610 209
96620 96630 85
96640 96650 222
96660 96670 191
96680 96690 160
96700 96710 209
96720 96730 191
96740 96750 191
96760 96770 191
96780 96790 178
96800 96810 191
96820 96830 191
96840 96850 191
96860 96870 103
96880 96890 160
96900 96910 98
96920 96930 191
96940 96950 253
96960 96970 147
96980 96990 147
97000 97010 147
97020 97030 191
97040 97050 147
97060 97070 178
97080 97090 253
97100 97110 191
97120 97130 191
97140 97150 191
97160 97170 178
97180 97190 191
97200 97210 72
97220 97230 160
97240 97250 266
97260 97270 160
97280 97290 191
97300 97310 222
97320 97330 222
97340 97350 160
97360 97370 160
97380 97390 222
97400 97410 191
97420 97430 147
97440 97450 178
97460 97470 160
97480 97490 178
97500 97510 147
97520 97530 191
97540 97550 152
97560 97570 129
97580 97590 204
97600 97610 178
97620 97630 129
97640 97650 178
97660 97670 160
97680 97690 116
97700 97710 204
97720 97730 222
97740 97750 222
97760 97770 222
97780 97790 222
97800 97810 160
97820 97830 191
97840 97850 191
97860 97870 173
97880 97890 173
97900 97910 160
97920 97930 191
97940 97950 222
97960 97970 222
97980 97990 191
98000 98010 160
98020 98030 191
98040 98050 129
98060 98070 160
98080 98090 160
98100 98110 160
98120 98130 160
98140 98150 160
98160 98170 160
98180 98190 72
98200 98210 191
98220 98230 129
98240 98250 129
98260 98270 266
98280 98290 191
98300 98310 160
98320 98330 98
98340 98350 129
98360 98370 191
98380 98390 160
98400 98410 235
98420 98430 235
98440 98450 222
98460 98470 235
98480 98490 160
98500 98510 160
98520 98530 222
98540 98550 235
98560 98570 160
98580 98590 222
98600 98610 160
98620 98630 191
98640 98650 191
98660 98670 191
98680 98690 191
98700 98710 116
98720 98730 191
98740 98750 266
98760 98770 160
98780 98790 147
98800 98810 160
98820 98830 147
98840 98850 147
98860 98870 121
98880 98890 160
98900 98910 121
98920 98930 160
98940 98950 160
98960 98970 98
98980 98990 235
99000 99010 284
99020 99030 72
99040 99050 173
99060 99070 328
99080 99090 191
99100 99110 191
99120 99130 191
99140 99150 98
99160 99170 191
99180 99190 191
99200 99210 160
99220 99230 191
99240 99250 266
99260 99270 160
99280 99290 191
99300 99310 147
99320 99330 142
99340 99350 160
99360 99370 160
99380 99390 160
99400 99410 173
99420 99430 191
99440 99450 191
99460 99470 191
99480 99490 116
99500 99510 142
99520 99530 160
99540 99550 160
99560 99570 204
99580 99590 235
99600 99610 160
99620 99630 191
99640 99650 235
99660 99670 266
99680 99690 266
99700 99710 266
99720 99730 328
99740 99750 266
99760 99770 191
99780 99790 204
99800 99810 204
99820 99830 129
99840 99850 129
99860 99870 204
99880 99890 204
99900 99910 98
99920 99930 204
99940 99950 204
99960 99970 204
99980 99990 160
