1 1 1
1 10 20
69 54 113
77 55 116
46 65 113
44 79 116
75 48 116
30 48 110
79 37 116
36 48 110
79 71 116
34 90 116
45 86 116
67 44 113
85 48 116
24 53 112
45 62 113
62 41 113
42 57 113
89 73 116
20 43 112
86 29 116
33 38 27
21 25 24
32 27 112
17 27 112
42 87 116
43 68 113
10 90 116
21 78 116
36 43 110
28 47 110
56 58 33
35 14 112
19 33 112
41 21 112
29 44 110
54 89 116
45 61 113
47 13 112
20 29 112
24 33 112
55 76 116
52 43 105
80 67 116
23 12 21
69 78 116
51 18 112
44 66 113
56 40 113
55 23 113
73 28 116
79 12 116
52 11 112
14 70 113
40 30 107
79 34 116
30 24 112
71 19 113
69 13 113
90 28 116
22 48 112
54 35 113
59 60 33
21 72 113
49 60 113
46 37 110
59 28 113
15 69 113
52 14 112
85 35 116
11 28 112
69 66 28
84 20 116
15 79 116
78 31 116
29 15 112
36 42 110
35 56 113
72 17 113
76 22 116
69 49 113
52 39 110
19 31 112
36 21 112
24 31 112
65 80 116
24 71 113
60 31 113
74 26 116
66 16 113
26 44 112
21 52 112
70 44 113
51 78 116
34 34 14
72 48 113
36 39 35
39 57 113
49 44 105
49 42 105
38 38 22
9 152 122
1 284 128
6 310 128
6 348 144
1 446 144
4 351 144
1 281 128
6 271 128
2 118 119
6 197 125
9 153 122
2 144 122
5 363 144
7 104 119
7 247 128
9 237 128
4 303 128
1 341 144
7 110 119
9 138 122
3 186 125
6 228 125
3 248 128
1 307 128
7 221 125
4 374 144
10 281 128
9 244 128
8 207 125
2 346 144
2 142 122
10 446 144
10 320 131
8 205 125
10 271 128
10 205 125
3 239 128
5 220 125
4 433 144
3 397 144
3 161 122
5 316 131
8 452 144
6 128 119
7 169 122
6 276 128
5 363 144
4 271 128
10 192 125
5 183 125
9 144 122
2 429 144
10 358 144
5 146 122
10 133 122
10 359 144
9 463 144
9 275 128
5 448 144
7 382 144
7 154 122
10 460 144
7 487 144
5 195 125
4 411 144
3 405 144
8 141 122
6 125 119
9 240 128
3 357 144
6 490 144
4 414 144
3 500 144
5 143 122
8 442 144
9 220 125
9 289 128
3 317 131
6 462 144
1 240 128
5 326 131
9 217 125
10 473 144
1 463 144
3 395 144
5 204 125
6 468 144
5 419 144
9 221 125
5 278 128
9 130 122
10 330 144
6 420 144
7 357 144
5 472 144
4 136 122
4 251 128
10 264 128
3 166 122
2 136 122
10 456 144
7 307 128
6 284 128
6 440 144
10 199 125
2 257 128
3 112 119
6 372 144
10 299 128
1 365 144
4 254 128
2 139 122
8 312 128
8 222 125
7 497 144
8 211 125
10 187 125
7 195 125
7 289 128
8 288 128
9 198 125
10 467 144
4 492 144
8 494 144
3 407 144
8 464 144
1 367 144
10 387 144
8 209 125
7 146 122
1 112 119
3 319 131
8 264 128
9 308 128
1 323 131
4 388 144
8 364 144
2 152 122
4 280 128
6 431 144
2 400 144
8 126 119
8 210 125
6 376 144
9 337 144
3 415 144
1 358 144
1 170 122
9 286 128
5 271 128
8 469 144
9 182 125
2 316 131
6 473 144
6 136 122
7 454 144
1 438 144
1 261 128
2 339 144
4 366 144
2 193 125
10 436 144
1 463 144
9 303 128
10 105 119
8 288 128
2 273 128
9 455 144
4 131 122
4 231 128
7 453 144
2 161 122
10 492 144
2 284 128
8 318 131
7 112 119
1 205 125
5 341 144
4 322 131
6 273 128
3 437 144
10 382 144
9 100 119
8 172 125
3 287 128
8 195 125
8 144 122
5 126 119
4 314 131
3 382 144
3 353 144
7 167 122
1 361 144
5 480 144
2 458 144
6 439 144
8 109 119
1 125 119
5 294 128
8 441 144
100 200 125
201 210 89
289 90 128
378 318 144
322 135 131
130 376 144
42 52 105
203 86 125
436 368 134
268 54 128
13 467 144
228 16 125
42 377 144
486 291 144
265 378 144
218 350 144
404 265 144
244 111 128
496 104 144
134 285 128
33 49 110
336 19 144
9 249 128
491 236 144
227 374 144
303 399 144
181 270 128
226 246 128
367 265 144
267 9 128
415 403 134
191 193 120
231 261 128
461 21 144
180 301 128
136 86 122
224 241 128
191 137 125
160 396 144
191 83 125
159 96 122
9 375 144
251 288 123
395 313 144
265 27 128
28 124 119
370 1 144
300 92 128
410 384 121
212 181 120
111 24 119
29 18 112
27 315 131
35 416 144
418 310 144
500 483 142
156 211 125
313 168 131
387 119 144
351 405 126
100 137 122
95 37 116
279 45 128
7 408 144
51 200 125
362 409 121
49 81 116
193 30 125
48 319 131
204 28 125
260 306 123
430 140 144
314 415 144
188 369 144
183 130 125
484 54 144
30 53 110
247 352 144
229 249 128
85 348 144
293 370 144
134 323 131
496 329 142
138 369 144
441 127 144
444 64 144
455 379 134
101 415 144
305 336 144
26 137 122
91 211 125
368 453 134
392 411 134
38 442 144
221 235 128
209 272 128
44 355 144
455 240 144
17 407 144
213 96 125
124 303 128
482 329 134
733 544 171
628 681 145
615 871 179
888 797 179
956 577 179
833 780 135
563 958 179
768 886 179
883 942 174
529 772 171
850 892 179
561 513 137
510 869 171
661 643 145
919 979 174
726 789 153
658 945 179
877 509 179
556 509 137
820 670 171
679 956 179
947 584 179
886 591 179
805 846 135
590 888 179
954 852 179
934 806 179
730 598 171
656 723 171
921 786 179
777 849 135
626 966 179
545 686 145
687 809 171
590 810 171
842 587 171
669 603 145
887 829 179
937 637 179
811 585 171
955 904 174
835 612 171
589 749 171
814 707 153
863 760 153
651 803 171
791 750 153
992 974 143
527 524 80
545 661 145
569 707 171
908 737 179
708 513 171
803 672 171
621 846 171
755 757 109
741 663 171
785 535 171
525 896 179
816 917 179
815 527 171
519 693 145
712 917 179
735 633 171
1000 896 174
892 869 179
699 626 145
835 971 179
757 615 171
816 778 135
744 934 179
734 561 171
634 580 132
643 620 132
886 942 174
520 539 124
642 691 145
650 527 145
772 567 171
546 948 179
501 545 137
644 517 137
720 535 171
707 537 171
510 977 179
501 858 171
908 586 179
926 565 179
878 666 179
522 677 145
861 702 171
889 713 179
633 761 171
952 564 179
800 805 60
678 840 171
764 511 171
939 983 143
860 955 179
602 988 179
838 873 179
812 601 171
889 561 179
986 831 179
904 595 179
958 788 179
897 968 174
743 604 171
978 682 179
694 644 145
906 634 179
742 650 171
759 706 140
629 923 179
636 955 179
635 937 179
920 881 148
594 652 145
863 688 171
918 628 179
918 536 179
732 693 171
683 854 171
827 605 171
909 614 179
796 740 153
799 548 171
682 879 179
554 921 179
698 759 171
827 900 179
600 712 171
996 924 174
585 704 171
522 595 137
767 563 171
961 982 143
881 570 179
762 962 179
561 872 179
668 557 145
886 721 179
862 921 179
716 805 153
515 905 179
890 968 174
845 592 171
899 894 117
737 546 171
882 585 179
636 685 145
796 811 135
820 531 171
625 861 171
943 545 179
993 708 179
538 508 124
864 524 171
633 516 137
736 742 140
968 737 179
521 959 179
687 696 127
967 994 143
575 672 145
866 535 171
635 584 132
977 677 179
645 693 145
939 820 179
704 817 153
513 527 124
527 573 137
705 657 171
988 603 179
954 869 179
776 705 153
722 522 171
960 544 179
517 675 145
865 661 171
697 908 179
615 825 171
584 653 145
895 928 130
763 811 153
781 864 148
675 945 179
997 533 179
571 644 132
980 834 179
665 628 145
782 512 171
875 839 179
638 795 171
676 603 145
984 760 179
830 884 179
640 782 171
860 522 171
900 1000 174
5049 5586 236
2562 7622 262
9293 1253 262
3403 615 217
9834 8959 260
3623 6408 262
8867 4849 262
4726 4683 153
228 4502 238
7127 5590 262
4102 2425 238
4198 9562 262
788 8730 262
9100 7146 252
2640 1254 209
8333 7583 252
7299 4570 262
8112 5534 262
520 2439 183
6008 5844 187
891 3348 217
9688 7125 260
5027 7570 262
9796 2470 262
6377 6066 262
8270 5839 262
636 198 144
1161 3737 238
9067 3733 262
5555 2927 238
2665 8504 262
9956 3154 262
8406 4447 262
5963 6587 262
2049 110 182
8214 73 262
4168 7729 262
2410 3026 217
7529 6499 257
2704 4474 238
7005 5404 262
3218 1853 217
4142 3674 238
1175 943 182
4842 2853 238
8323 3684 262
1870 5260 238
6941 1424 262
6894 6017 262
3538 8040 262
2261 2019 183
5195 951 238
3142 4475 238
1248 7630 262
4067 8718 262
1515 2799 209
5506 8512 262
4940 6186 262
8170 2100 262
6584 2201 262
31 3883 238
6469 2897 262
9982 6937 260
3999 7742 262
8001 7734 252
8071 3516 262
8360 1745 262
7056 6639 257
6998 6605 257
4971 2351 238
7753 900 262
7993 4181 262
6098 3380 238
6226 1529 262
8876 279 262
3980 4649 215
1454 2380 183
1574 7201 262
1668 4078 238
7160 8067 252
8985 215 262
5633 5189 236
7246 5111 262
5437 4761 210
499 4642 238
9874 9992 242
7033 7627 239
2565 1050 209
1092 4260 238
5694 9323 262
9081 5266 262
6102 3997 236
4063 3731 189
1757 7782 262
9368 6357 260
5027 5587 236
2152 2811 209
5424 1388 238
7773 914 262
7622 8140 252
69173 82679 351
91956 60691 351
77970 61257 351
10676 53832 340
27884 12209 308
98592 77295 338
15813 71131 340
35738 40910 306
75096 72067 325
92130 40279 351
19798 94825 351
61835 43067 340
25394 40971 324
24126 32173 308
36534 79852 351
27110 93369 351
40750 11443 324
26703 55306 340
12821 73853 340
51096 28921 324
30848 95634 351
24584 20029 282
89110 69131 351
92101 13655 351
53110 27083 340
14068 49159 324
63567 87293 351
63100 57506 335
55555 71295 335
26586 19324 282
34849 28200 311
68813 17679 340
38475 37484 306
75234 27024 340
91963 93545 315
24264 51955 324
13180 25087 282
35146 44412 324
92168 12049 351
16569 51920 324
86321 41457 351
36078 33920 324
48734 49357 296
58049 27425 340
70312 85145 351
28980 59279 340
69795 29870 340
61616 96721 351
83057 91084 333
91983 97553 328
30841 41307 324
71783 70585 325
82150 54719 351
55611 56295 322
77939 13520 351
40320 27070 324
57856 94804 351
71914 88564 351
14207 58226 340
55200 31484 340
49819 92156 351
69676 96460 351
27672 53538 340
26863 55716 340
19155 16320 279
36262 90662 351
80400 99241 333
45964 50540 314
39904 89466 351
61404 94846 351
67992 42687 340
32148 97438 351
29292 73640 340
24600 10643 282
38335 26223 324
77900 93423 338
99347 81255 333
16541 85334 351
50507 18287 324
21814 92946 351
84989 10953 351
55459 17693 340
18938 62392 340
77664 40847 351
14588 46688 324
33466 92572 351
45898 45528 239
64398 25504 340
73777 62371 330
86660 53640 351
52102 32318 324
40063 79958 351
24207 41736 324
59925 62050 335
55529 10101 340
38887 91640 351
65581 10542 340
28458 66514 340
22124 91683 351
89773 79629 333
376013 498719 449
735603 761277 424
517112 642712 509
832692 374319 509
259893 695019 509
200658 875181 525
273476 620794 470
695113 682956 442
457677 997555 525
453251 449033 387
523245 105453 470
811443 948795 525
112632 696827 509
935535 877795 476
555468 528996 452
991298 666400 525
411147 534789 470
427209 346349 449
502270 259171 449
333486 136804 443
634710 857648 525
973833 826716 525
969136 369436 525
122564 259432 443
928709 686197 525
214537 480059 449
753635 839651 525
477136 551818 470
969366 746059 525
351257 193236 443
624104 814397 509
599243 657571 509
923002 375744 525
394039 500713 449
192966 518993 470
112990 754823 509
214115 847079 525
165868 908596 525
779516 815746 468
134811 106581 349
207781 414895 449
534450 196947 470
857432 300219 525
346386 379825 423
923801 496006 525
793436 848830 525
728372 378349 509
851926 579188 525
418080 608472 470
526796 808269 509
888561 233926 525
106432 664074 509
371920 573706 470
276465 496142 449
675703 775588 504
396997 524419 470
108727 934342 525
887656 263837 525
807542 883784 525
689521 486279 509
821345 310280 509
608390 577182 434
661385 674024 442
379664 586825 470
200691 357229 443
650921 324269 509
931286 295263 525
365145 776119 509
357051 110206 443
908203 238522 525
933327 945872 507
895673 253803 525
949908 710158 525
836725 679680 504
512925 237775 470
781784 255377 509
831647 537638 509
675203 293353 509
684289 632130 442
856768 110234 525
216223 834325 509
400377 774744 509
108019 297876 443
135743 466870 449
735865 635136 504
257341 793147 509
114191 397217 443
879654 179495 525
449692 412296 418
623102 368275 470
272383 852554 525
861967 485032 525
218386 522677 470
389437 746648 509
676950 243501 509
995286 126289 525
420031 294116 449
758511 581252 509
886385 185145 525
172200 703466 509
1000000 1000000 153
100934 7 351
268309 8 443
178714 1 383
707202 6 509
162135 4 383
509069 55 449
343938 17 443
354091 59 443
766031 96 509
620320 35 470
260743 71 443
890563 91 525
938330 60 525
79155 80 351
360670 16 443
951303 97 525
355135 98 443
982225 50 525
568853 55 470
726602 47 509
738323 34 509
350695 14 443
216625 23 386
196371 93 383
309669 79 443
585425 6 470
304517 27 443
458345 84 449
290636 68 443
216796 45 386
399829 44 443
258465 34 443
335810 64 443
630358 23 509
353120 82 443
581895 31 470
781138 90 509
365718 35 443
933928 33 525
33701 46 308
365802 7 443
635509 87 509
309489 33 443
127247 32 354
182103 94 383
42004 38 324
209693 41 383
265465 60 443
232598 87 443
560664 47 470
526636 34 470
381812 85 443
902270 31 525
364771 26 443
725173 40 509
514618 19 470
618538 67 470
644141 90 509
966621 84 525
296578 85 443
450024 68 449
448952 21 449
929828 86 525
798009 59 509
283887 43 443
19032 11 279
655594 58 509
260650 92 443
729935 31 509
725435 58 509
887999 12 525
703740 79 509
68940 68 340
841436 44 525
736753 54 509
237394 64 443
508233 78 449
955546 18 525
361177 68 443
135327 55 354
524501 53 470
949764 11 525
887829 36 525
53599 26 340
521653 21 470
523055 5 470
88405 47 351
749698 20 509
83908 68 351
946404 55 525
48171 5 324
663169 35 509
104903 71 351
986906 29 525