1 10 20
100 200 125
201 210 89
900 1000 174
594141 320286 470
915909 292419 525
738015 496867 509
327672 392943 441
601597 747481 509
109224 293760 443
742870 259030 509
737692 611567 509
475668 187237 449
886281 912072 476
171946 498533 449
690313 468991 509
492292 431020 444
750851 472199 509
55189 301691 443
876751 60655 525
188190 187507 316
74087 834635 509
669909 287069 509
558703 187488 470
322409 168771 443
27586 757815 509
78945 288038 443
215579 47382 383
690184 33090 509
976449 177673 525
579102 574342 390
55506 408760 443
874981 150975 525
111796 348850 443
292664 349292 441
851670 312680 525
45075 896337 525
755507 503816 509
233459 510157 449
422028 202425 449
327760 181344 443
79520 929370 525
183778 691560 509
83114 263315 443
127326 251349 443
947861 134355 525
629655 425163 509
577589 670535 509
992172 335375 525
211622 88127 383
819315 843649 525
300407 389053 441
281944 608010 470
65443 346207 443
733307 732986 318
129894 147233 375
937336 60137 525
8629 247722 443
384668 894190 525
807752 214550 509
113209 298815 443
544826 268642 470
403629 714265 509
605914 653849 509
299935 683 443
1283 45501 324
303727 565749 470
968411 789875 525
828384 728652 468
752024 546189 509
174857 155245 383
922825 738336 525
330724 88233 443
688836 357571 509
803646 223563 509
318612 973577 525
812214 747685 468
999797 84117 525
382688 63570 443
368527 77940 443
478448 675306 509
187129 407353 443
37541 166561 383
544562 12204 470
357966 57508 443
784506 442911 509
374045 933953 525
611278 474037 470
61964 752933 509
418477 650071 509
128381 798334 509
467083 170164 449
730810 810720 468
699537 698130 305
788428 286355 509
507969 118010 449
331326 535125 470
