269 1668 182
440 2043 182
68 2691 209
28 1455 182
114 1266 182
29 2034 182
154 204 125
107 711 171
198 114 1
144 852 171
129 102 1
173 2190 182
142 1836 182
87 972 179
418 225 1
52 606 144
238 936 179
411 1587 182
319 714 171
141 729 171
399 207 1
436 2568 209
258 762 171
145 1050 179
22 2637 209
368 2247 183
160 1245 182
484 2226 183
35 534 144
283 2163 182
68 1692 182
26 1638 182
246 519 144
106 1011 179
54 132 122
4 846 171
229 2538 209
265 1278 182
4 2232 183
433 2910 209
317 573 144
265 1461 182
133 672 145
25 561 144
300 87 1
406 2145 182
359 2403 183
140 1269 182
383 1605 182
445 2691 209
51 1566 182
175 600 144
94 2358 183
56 651 145
257 144 1
119 1263 182
186 360 144
336 1008 179
153 1311 182
466 2190 182
478 1836 182
317 2988 217
125 246 128
171 2313 183
413 1059 179
362 2736 209
349 798 171
427 174 1
206 2367 183
338 2049 182
245 1515 182
122 1596 182
28 240 128
352 2097 182
211 75 1
119 216 125
427 2271 183
255 831 171
340 147 1
50 2154 182
494 2601 209
23 1251 182
200 738 171
23 1080 179
389 2940 217
243 1017 179
290 237 1
334 2355 183
413 483 134
323 2250 183
450 930 179
158 489 144
418 1068 179
345 549 142
232 2151 182
128 885 179
251 1407 182
180 2232 183
447 2019 182
192 1080 179
415 2133 182
305 2769 209
2 1914 182
337 537 142
354 2940 217
351 1872 182
403 1521 182
57 1626 182
20 2043 182
176 1653 182
362 2787 209
79 522 144
63 252 128
15 1740 182
220 2304 183
201 2418 183
500 1779 182
410 2364 183
97 1443 182
425 309 1
305 1395 182
402 2301 183
150 84 1
26 2016 182
132 1494 182
145 135 1
102 1449 182
396 1464 182
16 1011 179
279 1860 182
285 1668 182
12 1995 182
101 1905 182
137 720 171
30 1884 182
359 1434 182
218 351 144
227 1128 179
434 2901 209
11 612 144
335 912 179
452 642 142
213 999 179
399 2130 182
328 666 145
47 1860 182
63 1005 179
92 1554 182
462 1785 182
322 2040 182
223 1710 182
372 2712 209
248 2523 209
406 1281 182
14 939 179
29 2106 182
389 603 142
18 2913 209
14 1008 179
461 1545 182
51 516 144
498 369 1
305 2919 209
283 780 171
40 102 119
451 1155 179
333 285 1
234 1737 182
30 1635 182
330 378 126
358 1392 182
265 1089 179
497 261 1
144 2238 183
237 495 144
156 1716 182
43 258 128
449 2814 209
50 642 144
76 1731 182
483 2640 209
426 762 171
221 1185 182
365 1791 182
109 1632 182
409 66 1
257 1518 182
205 966 179
335 969 179
284 2049 182
95 2718 209
322 1176 182
240 1794 182
332 2049 182
479 228 1
385 2577 209
69 1749 182
302 975 179
418 705 171
478 1932 182
96 1416 182
236 78 1
328 561 142
131 57 1
468 2259 183
33 264 128
243 2802 209
135 1791 182
149 2553 209
470 861 171
55 2490 209
293 57 1
50 1941 182
92 2376 183
438 1317 182
210 759 171
458 2205 182
191 225 120
392 1032 179
260 18 1
150 2925 217
288 2883 209
472 2493 209
310 2760 209
211 1062 179
240 762 171
364 1488 182
322 1041 179
3 2622 209
348 15 1
263 270 123
7 1755 182
44 2214 182
425 210 1
294 1560 182
356 855 171
34 24 1
346 2526 209
312 387 144
42 417 144
354 2451 183
88 2499 209
317 2241 183
391 1887 182
5 468 144
246 2382 183
163 150 1
81 2598 209
72 2637 209
76 1050 179
442 510 142
186 648 144
97 2778 209
71 828 171
225 1620 182
139 1728 182
284 705 171
152 2109 182
151 2682 209
401 3000 217
221 1344 182
319 2316 183
229 2034 182
7 1413 182
479 483 54
292 1365 182
402 1473 182
204 285 128
25 756 171
132 186 125
459 1800 182
236 2322 183
400 2556 209
222 687 145
217 1335 182
172 2421 183
406 504 142
338 1776 182
227 2751 209
126 2070 182
475 1725 182
232 474 144
137 2976 217
359 963 179
344 258 1
394 2181 182
496 225 1
356 165 1
375 1827 182
307 1914 182
298 2727 209
381 2493 209
133 2382 183
243 777 171
454 114 1
110 2718 209
216 1404 182
60 2382 183
154 945 179
351 345 1
295 1473 182
55 1722 182
39 309 128
212 2787 209
135 1596 182
193 2772 209
387 123 1
117 1725 182
120 1314 182
413 39 1
284 708 171
434 2412 183
455 1638 182
485 222 1
334 234 1
471 2028 182
1 1320 182
127 801 171
126 765 171
15 99 119
1 408 144
43 2937 217
446 2466 209
37 1917 182
221 1512 182
396 2703 209
427 1800 182
15 1947 182
321 2580 209
297 2247 183
387 1095 179
460 1779 182
57 2016 182
387 1884 182
321 2463 183
369 1938 182
349 156 1
255 81 1
466 2055 182
91 2334 183
435 1179 182
277 510 144
467 531 142
149 1914 182
73 744 171
99 1236 182
75 1773 182
307 2418 183
2 1044 179
71 1908 182
386 1809 182
276 477 144
494 576 137
304 2085 182
157 414 144
85 2172 182
185 2022 182
30 2229 183
157 2445 183
54 2793 209
477 1719 182
29 2256 183
143 2991 217
375 897 179
41 2874 209
234 1632 182
491 2727 209
343 612 142
299 624 144
138 2349 183
141 480 144
286 1647 182
294 1194 182
371 1662 182
202 2925 217
217 2247 183
116 990 179
191 396 144
373 1251 182
370 1671 182
98 987 179
468 2046 182
483 807 171
259 2583 209
1 1629 182
343 1881 182
56 2739 209
377 2271 183
135 2571 209
120 540 144
344 339 1
115 1368 182
455 2403 183
11 1929 182
358 1386 182
81 1905 182
146 2088 182
200 2619 209
51 447 144
48 474 144
91 831 171
378 2622 209
130 1782 182
329 1593 182
157 942 179
196 1374 182
265 1449 182
342 93 1
362 2157 182
86 1467 182
497 2493 209
79 1530 182
48 2055 182
376 798 171
401 2478 209
325 255 1
295 774 171
134 2382 183
102 312 128
453 435 1
49 2415 183
309 2940 217
178 852 171
85 24 1
461 2568 209
329 1392 182
387 1563 182
391 426 134
435 36 1
100 651 145
297 1623 182
133 75 1
267 2769 209
126 2949 217
320 903 179
252 2895 209
11 2253 183
13 231 125
84 990 179
310 2634 209
381 1737 182
238 726 171
440 1329 182
483 663 145
206 2526 209
150 2160 182
327 537 144
249 654 145
168 2868 209
31 1458 182
151 1689 182
271 1173 182
150 2484 209
315 636 144
294 1311 182
484 2196 182
110 2277 183
180 2943 217
382 1383 182
137 918 179
459 2205 182
434 99 1
421 897 179
104 2277 183
149 1512 182
114 1215 182
57 765 171
359 1950 182
499 2718 209
236 453 144
214 2460 183
266 873 179
72 792 171
116 900 179
345 1635 182
11 327 131
402 213 1
161 1509 182
46 651 145
470 1188 182
286 33 1
222 2889 209
383 2034 182
413 2256 183
293 2388 183
317 2475 209
277 1797 182
476 786 171
451 2505 209
354 2703 209
426 2682 209
138 1974 182
68 1158 179
440 2763 209
245 1440 182
308 1215 182
274 1833 182
381 162 1
188 2109 182
468 786 171
426 543 142
230 2703 209
115 1335 182
104 1458 182
214 2850 209
268 2820 209
477 2160 182
390 1695 182
145 423 144
83 2760 209
388 1686 182
333 2136 182
230 1824 182
140 816 171
331 324 1
144 159 117
27 2250 183
496 2721 209
119 2715 209
145 783 171
471 2022 182
142 1815 182
389 90 1
316 120 1
484 2058 182
477 78 1
3 2211 182
214 366 144
410 1083 179
144 1479 182
287 1989 182
251 2952 217
62 2637 209
37 2061 182
335 1110 179
15 1479 182
269 2064 182
61 2697 209
175 600 144
156 1821 182
168 117 1
110 1683 182
478 1839 182
280 564 144
24 357 144
446 375 1
334 2358 183
479 618 142
359 1896 182
62 1569 182
38 1983 182
119 153 122
332 966 179
312 2238 183
80 2613 209
187 2598 209
364 1548 182
168 2808 209
242 267 123
207 1881 182
158 117 1
346 2184 182
162 2736 209
347 1935 182
22 2070 182
325 1371 182
354 297 1
372 2154 182
326 1758 182
213 1950 182
171 1020 179
190 72 1
391 2199 182
210 123 1
44 345 144
171 2307 183
87 2511 209
11 558 144
402 1359 182
57 750 171
387 2370 183
33 2184 182
96 696 145
143 327 131
273 1473 182
213 537 144
392 1641 182
293 2577 209
323 2391 183
255 513 144
162 1332 182
490 2361 183
136 453 144
397 582 142
193 579 144
21 2520 209
330 2412 183
185 1995 182
377 552 142
422 2913 209
63 1908 182
375 2154 182
337 591 142
329 594 142
435 1014 179
18 1953 182
161 942 179
118 1407 182
445 2565 209
249 1218 182
91 2511 209
320 1128 179
268 1647 182
215 2040 182
332 1566 182
69 384 144
328 2733 209
387 2400 183
442 1596 182
304 2628 209
80 2832 209
311 927 179
260 2709 209
74 540 144
489 1773 182
431 1065 179
474 2607 209
56 2007 182
448 2940 217
123 918 179
253 588 144
491 1344 182
231 2508 209
469 2640 209
224 531 144
17 921 179
327 1881 182
192 615 144
474 12 1
267 1170 182
122 2808 209
377 2139 182
410 2577 209
2 915 179
60 879 179
96 390 144
375 1812 182
400 1653 182
68 264 128
170 2061 182
27 618 144
120 852 171
40 522 144
344 2979 217
293 426 144
240 2706 209
304 2301 183
417 2682 209
200 1623 182
23 1104 179
306 135 1
431 1263 182
83 510 144
167 804 171
255 1581 182
286 2202 182
87 1287 182
329 1566 182
386 477 134
294 1482 182
288 2502 209
78 2160 182
108 699 145
468 1275 182
180 2745 209
345 2085 182
44 2787 209
312 624 144
441 2994 217
146 270 128
32 684 145
124 2871 209
38 2835 209
157 45 1
112 27 1
311 2718 209
334 147 1
149 2538 209
273 54 1
325 2190 182
323 906 179
147 1872 182
470 2130 182
194 1224 182
134 1254 182
199 1452 182
61 675 145
384 2307 183
304 660 145
499 9 1
90 2991 217
41 1278 182
156 1707 182
459 1200 182
273 705 171
26 201 125
88 1695 182
266 2565 209
79 33 1
253 687 145
114 1518 182
113 978 179
335 1857 182
54 3 1
469 201 1
180 186 94
46 1629 182
57 1644 182
272 273 17
190 162 1
433 2154 182
85 2865 209
41 1311 182
28 318 131
286 321 131
103 2199 182
385 1011 179
241 2799 209
347 144 1
41 2295 183
244 165 1
136 2193 182
316 1569 182
336 288 1
283 1089 179
378 972 179
55 960 179
167 2379 183
339 333 1
422 2037 182
260 1647 182
270 294 118
37 162 122
328 891 179
277 1089 179
6 1197 182
145 1629 182
122 762 171
462 63 1
229 2436 183
414 2631 209
95 969 179
115 2619 209
63 2475 209
491 2931 217
226 756 171
144 2886 209
65 1632 182
95 612 144
484 2076 182
124 1941 182
101 1314 182
311 9 1
387 2910 209
168 1260 182
67 756 171
347 1068 179
406 2565 209
2 2505 209
121 2889 209
438 1167 182
437 501 142
179 627 144
443 1593 182
65 1983 182
254 2088 182
175 2901 209
103 2448 183
395 1542 182
3 126 119
102 2256 183
257 135 1
312 1785 182
493 879 179
14 1470 182
33 234 128
17 1548 182
67 1035 179
346 129 1
104 2121 182
239 1491 182
254 258 123
435 2265 183
81 2709 209
401 2550 209
7 2832 209
41 414 144
203 2052 182
477 735 171
342 2112 182
106 798 171
122 2310 183
454 2139 182
15 1386 182
359 2121 182
378 1056 179
252 2988 217
168 675 145
166 2655 209
419 1458 182
240 2673 209
218 174 1
239 2280 183
482 2862 209
51 2727 209
355 375 95
467 987 179
66 2934 217
367 678 145
472 717 171
47 522 144
206 2508 209
204 927 179
280 2559 209
339 996 179
144 1608 182
498 1755 182
205 540 144
212 513 144
363 2991 217
340 1764 182
180 2793 209
82 2835 209
52 1005 179
269 2274 183
189 1668 182
128 786 171
479 2733 209
242 1875 182
349 2970 217
35 1692 182
30 2856 209
235 816 171
452 438 1
3 1782 182
76 2001 182
389 2241 183
145 60 1
311 1863 182
263 2838 209
481 927 179
325 741 171
208 408 144
40 2019 182
457 708 171
485 2424 183
247 2343 183
245 888 179
277 672 145
257 2622 209
375 2598 209
319 2097 182
473 1677 182
498 1956 182
225 1077 179
465 2349 183
260 2427 183
407 2937 217
389 2940 217
468 2214 182
384 2736 209
192 474 144
454 2436 183
370 1140 179
404 1029 179
101 2433 183
429 2352 183
410 927 179
294 1968 182
495 900 179
220 1347 182
175 2517 209
265 2346 183
51 1479 182
121 2715 209
439 2748 209
186 2775 209
305 2664 209
3 1425 182
365 2100 182
187 1380 182
48 2775 209
431 2544 209
109 879 179
201 1260 182
281 1923 182
226 282 128
116 1095 179
325 1299 182
65 66 28
66 1239 182
428 2163 182
12 36 112
205 624 144
133 2751 209
490 1440 182
389 309 1
305 1299 182
69 1524 182
440 762 171
334 1368 182
429 642 142
285 1404 182
282 1125 179
254 2691 209
256 2229 183
359 1398 182
16 1923 182
269 1236 182
406 2232 183
3 1458 182
280 1728 182
88 219 125
241 2511 209
84 324 131
63 597 144
222 1074 179
345 1185 182
104 792 171
161 1605 182
485 1263 182
474 2082 182
479 231 1
460 1143 179
56 138 122
441 2823 209
248 2478 209
393 2307 183
135 867 171
235 2652 209
320 2370 183
420 1554 182
472 2586 209
299 909 179
206 2769 209
267 2502 209
33 2745 209
137 2514 209
3 1272 182
152 969 179
418 1536 182
74 564 144
33 2586 209
27 1419 182
151 1653 182
68 1326 182
474 1872 182
389 1983 182
229 1047 179
240 1485 182
207 45 1
195 1986 182
45 165 122
19 2310 183
242 1509 182
416 1713 182
272 2451 183
260 2853 209
347 2532 209
273 360 144
196 444 144
284 2574 209
98 756 171
239 2346 183
195 2340 183
390 1239 182
272 1581 182
209 879 179
114 888 179
5 1131 179
217 1032 179
16 1797 182
117 1608 182
280 57 1
190 1707 182
269 2652 209
300 852 171
94 1566 182
443 417 1
90 297 128
116 2457 183
368 1434 182
358 21 1
359 1206 182
307 2664 209
250 1221 182
368 819 171
114 252 128
489 1938 182
