100 90000 351
90000 100 351
8000 8000 115
8400 8400 35
8800 9200 247
6600 8400 257
12497 695023 509
371329 843436 525
64534 84363 351
201301 933277 525
784637 335098 509
81721 155229 375
303022 811860 509
863085 840193 419
997702 697828 525
834484 62993 509
459443 978464 525
323657 402125 441
640004 311428 509
191110 778967 509
499932 691179 509
174919 211656 373
345394 420643 449
510113 81731 449
253462 110747 443
985614 951175 458
238355 843316 525
282252 358098 441
233952 618192 470
717980 119621 509
251095 936245 525
814911 400279 509
129277 562489 470
615390 578306 447
787719 918935 525
744637 89610 509
427882 795679 509
572634 524688 452
843221 488044 525
438017 649981 509
754444 658569 504
168637 557209 470
912804 773725 525
579060 355805 470
980990 672244 525
301317 171165 443
510296 765631 509
368848 140579 443
820849 134238 509
364635 480456 449
175157 982979 525
644715 672117 442
246077 327760 407
404739 82649 443
972918 572439 525
223592 206553 386
619071 784047 509
178397 382784 443
360302 872979 525
153216 813041 509
929089 942450 507
869885 695646 525
6070 352366 443
569365 48350 470
138240 670621 509
504862 112225 449
734340 158656 509
661113 141853 509
417598 508578 444
815361 37753 509
710877 93781 509
833706 874950 525
847059 788067 525
425837 317199 449
407826 855887 525
88714 488167 449
681816 520718 509
860068 563122 525
718927 705392 411
463565 263570 449
412335 428231 418
580831 243077 470
335828 21867 443
842102 474913 525
364264 777069 509
213590 620791 470
198506 69434 383
167896 659675 509
449867 286196 449
518091 531051 439
29143 965432 525
320684 19014 443
361755 928497 525
102637 858542 525
561019 294914 470
323228 993152 525
241157 473436 449
487140 959005 525
878444 94438 525
265358 106829 443
260767 735640 509
859278 736179 525
840290 716403 525
284408 202017 443
796530 379200 509
110627 658830 509
233738 14165 443
525700 42313 470
75377 895026 525
38601 274551 443
375488 360893 392
478993 158945 449
716519 674814 504
195699 920590 525
770806 60813 509
564378 541027 452
901239 404874 525
45238 713968 509
207426 377154 443
709651 828483 468
171279 74772 383
877412 508504 525
222290 910048 525
580647 20469 470
949099 993113 458
651346 719760 504
337062 604702 470
421851 888553 525
249796 106235 443
601817 491198 470
68732 364837 443
209787 862338 525
366967 242950 441
264907 341678 407
412328 332608 449
996871 337434 525
526744 886808 525
71114 354092 443
180341 16454 383
112225 15775 354
929860 917489 476
438309 954285 525
465089 555788 470
106702 63516 354
780639 70551 509
412513 730117 509
485168 393805 449
337735 678061 509
136707 64299 354
958453 100980 525
879344 655062 525
148910 57664 375
722762 496692 509
615910 405552 470
507431 790880 509
945518 752609 525
436436 402625 449
493653 935233 525
321053 154662 443
809736 162816 509
811766 277460 509
948874 351753 525
946883 953246 414
520863 620105 452
329437 804573 509
522817 740247 509
211960 124114 383
211625 854543 525
721848 42955 509
731672 394537 509
420958 224411 449
592432 693664 509
270117 25310 443
646656 188935 509
968100 683208 525
890688 518570 525
820300 893136 525
100975 426998 449
881573 682536 525
11434 959432 525
790412 664536 504
765296 559628 509
949503 283053 525
907684 853354 445
888121 202182 525
410804 827342 509
633771 694704 442
703023 944571 525
741318 510123 509
248368 562869 470
771168 17161 509
402510 525690 470
972816 724635 525
298600 185255 443
296554 133117 443
164583 825784 509
212010 639621 509
381262 967279 525
362424 90926 443
602706 353244 470
18977 895098 525
429124 228342 449
713759 437502 509
752555 829555 468
643769 286474 509
990538 908101 507
360094 779887 509
159055 450812 449
42377 573566 470
536044 443477 470
670033 710142 504
840070 634000 525
296765 854233 525
182781 394178 443
454547 466071 444
752135 37279 509
563225 702532 509
792834 729017 468
134468 851382 525
678045 674846 385
151990 5635 375
550050 55625 470
921846 642566 525
292900 794883 509
19461 179679 383
551243 974415 525
711998 701679 504
633500 107437 509
502261 815193 509
488622 398556 449
786172 815063 468
690236 349055 509
881969 262288 525
432422 197046 449
827093 345613 509
141972 929741 525
371964 657194 509
92146 885167 525
699448 487631 509
295819 759785 509
263161 329138 407
621932 281729 470
769588 238344 509
931568 575695 525
759444 433834 509
705753 16962 509
235166 432982 449
138423 379861 443
734779 807672 468
447130 644914 509
422033 752644 509
405215 910087 525
491426 486015 382
224061 403541 443
583016 489247 470
922424 245330 525
215675 644267 509
428526 984935 525
602485 741036 509
998136 854706 507
31110 169897 383
900581 931652 476
776071 433038 509
130147 779529 509
927503 102144 525
124129 360004 443
843413 997521 507
54305 750757 509
878953 960785 507
556558 287454 470
963908 627636 525
503505 398301 449
400849 348713 436
146031 797016 509
93455 636230 509
322477 733073 509
934453 866252 476
71096 209693 383
881460 915233 476
506281 168360 449
875744 112521 525
888029 194947 525
657304 331480 509
197425 30210 383
164594 605757 470
568562 63594 470
972338 698096 525
450587 780879 509
500169 362817 449
821775 303571 509
46256 170798 383
744729 810001 468
75412 712206 509
697291 11399 509
109759 595706 470
745537 919205 525
860609 760015 525
107416 955623 525
131350 946844 525
901296 456872 525
638703 697635 442
91903 544108 470
230377 241426 443
597487 74986 470
478447 815776 509
129778 773270 509
480862 324966 449
147911 125522 375
42461 226991 386
153108 19812 375
450950 668513 509
2041 40795 324
750229 354360 509
998339 940668 458
961338 16895 525
997447 240439 525
625940 556788 447
941983 606268 525
172460 619941 470
721071 456341 509
620941 468572 470
274220 178682 443
930391 810892 525
502205 954859 525
79168 555566 470
956702 125896 525
243523 412689 449
596488 525426 452
470486 505493 426
438090 81302 449
634270 956829 525
84926 47574 351
936668 986383 507
889216 736153 525
827785 137789 509
863533 146698 525
439231 474769 444
818706 284518 509
546206 208222 470
659071 591744 509
970513 308171 525
737847 234488 509
363114 574878 470
272707 843384 525
592489 566666 434
76765 433079 449
644435 57729 509
134036 481418 449
604363 356169 470
662746 648960 429
292154 786076 509
768570 709095 468
349205 403087 436
310017 683002 509
772596 740707 468
741112 360104 509
186472 8423 383
18057 504529 449
766377 274116 509
737744 266122 509
274230 125539 443
974895 663637 525
532073 335945 470
397179 895672 525
136347 192116 383
935387 750629 525
971200 691360 525
841147 638199 525
590343 359363 470
801709 566680 509
372935 801005 509
511560 891407 525
44074 228574 386
768169 509695 509
92418 873832 525
838247 31228 525
549508 721837 509
249339 617798 470
650392 312457 509
324394 441177 449
563622 903250 525
874219 208465 525
386570 67438 443
497836 499385 351
28493 192702 383
854607 519099 525
43041 323779 443
312276 928786 525
315391 145543 443
62213 45103 340
753995 890853 525
564485 411800 470
772599 675334 504
983147 754298 525
686189 927435 525
731071 991867 525
591589 945730 525
52370 964031 525
646498 165091 509
521970 596934 452
581809 258275 470
97927 871364 525
664948 9217 509
865602 684570 525
788160 920517 525
416865 896696 525
124536 508987 449
776153 624251 509
431948 97734 449
619263 477247 470
622074 670204 509
739634 76323 509
821175 442776 509
636836 322456 509
941020 651973 525
171227 727493 509
286489 342523 389
158032 107076 383
756328 171506 509
696572 933857 525
183437 992834 525
693064 780135 504
518143 273638 470
20177 995417 525
40798 862969 525
346282 226555 443
458657 548750 470
99913 709647 509
412892 430929 418
126537 281507 443
604411 457028 470
984818 707226 525
395101 422854 449
892841 883088 445
88054 994340 525
643099 750081 504
425016 60395 449
76268 187408 383
145575 789290 509
407222 698193 509
6784 51609 324
259040 22005 443
566987 534822 452
274878 783316 509
84169 1730 351
700182 240227 509
915059 674339 525
365095 991065 525
736993 994580 525
39355 645706 509
694765 577478 509
701785 775850 504
598763 996260 525
79593 675488 509
647338 751821 504
725115 393310 509
518681 681924 509
278097 801882 509
723973 398170 509
581320 215565 470
482116 881485 525
281652 480676 449
646209 486111 509
171693 571035 470
624253 957528 525
973283 471346 525
555791 379308 470
21148 457319 449
240914 488365 449
720522 125591 509
788218 737801 468
337886 525755 470
60334 479187 449
883964 379487 525
862393 4919 525
933612 979813 507
392146 792419 509
795967 800977 468
285476 823677 509
787020 425120 509
524261 131476 470
517400 902177 525
333344 844612 525
126980 343451 443
7248 251200 443
90472 661482 509
296263 342195 384
646294 268707 509
833454 538130 509
177586 646670 509
57440 889747 525
897195 225913 525
834355 218483 509
589133 764036 509
329941 622891 470
501234 929167 525
560134 86834 470
496038 779156 509
513413 441630 470
47995 147163 375
325347 316796 384
302747 176295 443
329642 628547 509
141067 52252 354
103733 113066 354
817427 680575 504
551065 826878 509
429728 336505 449
173742 921676 525
362736 665674 509
688237 310172 509
889261 162482 525
376559 637383 509
296134 626079 470
174310 749906 509
200420 628850 509
49978 576955 470
56371 799897 509
992793 329496 525
981058 818786 525
217836 940424 525
889168 765619 525
725060 861865 525
490586 376286 449
742055 489978 509
257257 471663 449
458219 277981 449
598138 818002 509
780107 647109 504
477696 574142 470
832073 892998 525
462111 15350 449
875818 93047 525
51646 69114 340
560443 716449 509
84775 951751 525
434273 744571 509
83311 677759 509
621934 545809 452
957750 521544 525
83699 858399 525
640568 198383 509
530008 889562 525
463409 106640 449
338747 964223 525
548442 41894 470
461417 494908 426
124467 940071 525
447000 798704 509
903091 743953 525
148344 148998 326
646721 972053 525
389061 451745 449
989758 575550 525
320679 912583 525
949814 43283 525
987564 512292 525
503328 218115 449
455669 222938 449
997670 27055 525
969908 573559 525
919008 150540 525
364619 415175 449
211730 754575 509
405952 214830 443
745470 307252 509
417295 401691 449
390665 401033 405
434057 628587 509
455980 700371 509
280171 808480 509
613376 118528 470
338374 746451 509
73658 923037 525
95350 779566 509
573215 721882 509
332240 316628 384
642327 873247 525
689387 229681 509
305240 917415 525
963542 831694 525
698563 61904 509
614078 943581 525
598745 197957 470
517945 30369 470
445114 326251 449
110182 863156 525
707279 489570 509
625981 195248 470
379680 280138 441
330875 240391 407
156647 110928 383
426352 147427 449
906171 470052 525
260362 33675 443
943237 44272 525
573895 51730 470
350541 799756 509
188740 162667 365
338105 870889 525
368229 928743 525
998922 289596 525
736737 255827 509
511307 560402 470
703450 501411 509
110163 789165 509
18077 726486 509
192479 43690 383
553594 347742 470
245232 559031 470
87574 624527 470
687670 999687 525
276259 299968 389
857287 635516 525
468393 291598 449
425810 963289 525
953221 498787 525
869219 629581 525
892177 996120 507
865747 854887 388
118312 868486 525
218306 536654 470
157880 301143 443
209771 781132 509
31848 584959 470
9219 888443 525
678674 919277 525
316699 917024 525
651907 790061 504
556862 158484 470
412272 689638 509
998926 44991 525
425137 581443 470
962966 536826 525
731583 721664 411
207064 812340 509
260585 756248 509
130035 734018 509
400397 379350 436
432486 977696 525
190497 345296 443
88928 719983 509
578542 86730 470
450084 588629 470
248396 930263 525
661810 889913 525
899448 689566 525
870873 857054 388
317173 283402 389
994984 337874 525
746683 231713 509
915616 143364 525
624756 148378 470
564326 75882 470
895379 698613 525
383814 907533 525
219374 736315 509
701742 162573 509
350337 848536 525
733973 769923 468
54039 665040 509
175980 792771 509
71380 923340 525
505199 209921 449
165040 427550 449
917509 43678 525
159762 98448 383
614383 237718 470
166349 280811 443
230731 834123 509
73841 272542 443
624713 418405 470
41087 228329 386
447190 498077 444
883072 966367 507
527697 755264 509
978458 295400 525
643242 381314 509
178630 213919 373
909590 463100 525
533838 173107 470
504587 534500 470
99898 159305 383
371260 898916 525
714236 154597 509
258355 234129 381
746913 456820 509
562040 996674 525
101809 289532 443
703461 756756 504
230251 449435 449
181540 754766 509
583648 456838 470
852119 675949 525
678018 72883 509
595363 612662 403
815676 254319 509
48159 841616 525
796743 408845 509
786720 868547 525
612840 703114 509
893232 590575 525
326226 575619 470
351049 427974 449
698959 910355 525
177910 459648 449
183441 562468 470
827136 54937 509
999710 671515 525
563300 336770 470
800976 868549 525
460042 455344 356
992899 758415 525
688685 566915 509
497590 531527 470
179643 709605 509
76887 963749 525
615369 552859 447
362327 609684 470
434712 236891 449
769072 51606 509
61876 620564 470
258421 836154 509
124491 883803 525
96523 560686 470
555344 767165 509
612064 142882 470
462987 385762 449
940405 877105 507
593791 387342 470
923022 61973 525
428384 638956 509
831575 602383 509
855870 754848 525
443378 851895 525
695314 216697 509
727397 36327 509
473046 337942 449
763936 867711 525
719613 631779 504
993681 238187 525
399332 479416 449
362723 770562 509
161688 854965 525
799918 533259 509
661613 949276 525
459020 93649 449
642524 746523 504
991652 154881 525
542183 686994 509
748602 218660 509
722465 667414 504
912334 659967 525
311737 714088 509
365452 642720 509
641137 482441 509
850122 835461 525
181895 794662 509
364992 230709 441
265162 151128 443
633294 852871 525
262249 757059 509
732562 67206 509
107149 803304 509
97330 301448 443
378521 964164 525
179345 250657 443
539771 82469 470
233194 810452 509
107190 35049 354
259237 585156 470
911838 560515 525
646842 675810 442
847508 248060 525
408559 635342 509
882362 444831 525
645689 969981 525
170732 449075 449
152134 658921 509
151457 879104 525
454897 123861 449
226124 56945 386
209391 296692 443
730746 534024 509
529676 412011 470
946574 340092 525
766224 909922 525
435816 323269 449
571959 204930 470
76946 463553 449
57555 113062 354
162399 34540 383
751716 474892 509
750271 510529 509
454193 242784 449
946319 446945 525
390622 596745 470
235793 419189 449
596764 931203 525
548447 805094 509
84775 957753 525
349967 87473 443
789142 988146 525
127097 222926 386
576473 167343 470
131155 250639 443
618183 455340 470
708691 364087 509
876521 618628 525
813588 453496 509
463066 938503 525
418352 588064 470
9056 514916 470
143436 251742 443
420726 897840 525
747505 594974 509
270800 181419 443
111148 105242 354
585908 615150 447
832571 251838 509
591743 749710 509
190372 628591 509
132745 7541 354
494573 499297 351
805831 680639 504
536452 576673 452
380712 241260 441
684240 989764 525
680492 590899 509
464949 377407 449
599319 78626 470
698659 563561 509
272442 165374 443
334241 478115 449
512393 164627 470
710404 502741 509
25854 92351 351
656747 153708 509
287766 506336 449
210604 830173 509
66519 795633 509
889344 979202 507
593174 111286 470
975399 990125 427
854445 431747 525
377417 683398 509
459776 215489 449
922826 637095 525
243705 769587 509
700808 47849 509
875957 825659 525
207157 704969 509
335243 952543 525
330187 892570 525
60292 913399 525
788507 472651 509
50945 682216 509
442578 198445 449
64043 77779 351
887632 207844 525
896313 592953 525
561730 820169 509
429783 116039 449
335848 596141 470
527021 575191 452
208562 717587 509
855560 550271 525
555562 760948 509
842787 784569 525
482329 818522 509
446562 449210 369
18891 272299 443
689834 781018 504
593010 266988 470
173861 437218 449
394648 928622 525
84545 35604 351
686703 918710 525
626065 664260 509
684035 755022 504
186707 791319 509
594520 861186 525
765670 90477 509
60335 884117 525
127407 655568 509
10679 268508 443
994249 566068 525
471586 514374 470
884815 345707 525
258983 441816 449
901718 231831 525
945938 324903 525
841269 882761 432
938050 937872 277
231110 17383 443
292209 8772 443
390328 890120 525
997852 147764 525
490679 650913 509
908968 501750 525
191237 867869 525
461431 714930 509
180024 90946 383
812308 449690 509
782801 430363 509
243841 612827 470
156642 973067 525
397403 394235 405
538662 587562 452
720034 841975 525
395200 947364 525
371216 951939 525
620595 585050 447
980897 205654 525
302214 184075 443
458520 835612 509
645256 455220 509
481351 800337 509
236879 716049 509
571452 558145 421
296469 323547 384
180125 982180 525
435882 991733 525
789437 945490 525
232308 51748 443
167054 783583 509
844751 505443 525
654352 968647 525
472098 997970 525
569247 600892 434
478150 32083 449
683429 549877 509
743525 163086 509
480507 590996 470
884187 813532 525
289493 396951 441
989737 788844 525
864353 626218 525
392841 194081 443
167491 411576 449
321678 420976 449
829642 295623 509
462819 411185 444
551948 802116 509
802986 168713 509
571038 754574 509
988779 460538 525
585230 969716 525
748602 721122 424
631559 948470 525
224772 925220 525
626983 120851 509
787154 971927 525
631243 981760 525
410232 12167 449
231078 796385 509
210915 565274 470
594781 107953 470
522008 335859 470
881970 593853 525
788479 955873 525
96897 35588 351
918013 848819 476
213648 4718 383
223978 982249 525
128804 839446 525
484621 387613 449
4097 989082 525
906086 754711 525
822187 318148 509
820710 184638 509
704617 806572 504
668154 707158 504
658894 341676 509
956496 379270 525
307022 943083 525
738776 901449 525
737768 848165 525
160277 90971 383
313656 720630 509
308845 76918 443
318953 312707 353
742589 749489 393
903317 580833 525
785464 665469 504
713009 256048 509
321778 780286 509
921884 670180 525
760988 72137 509
826917 99286 509
295099 760752 509
468217 706561 509
696351 331108 509
440616 587685 470
998770 397491 525
385652 389523 436
383149 241954 441
878470 85566 525
891293 880368 445
306015 892400 525
782591 330011 509
987147 617724 525
334226 354206 441
783733 993729 525
216291 453159 449
856445 251979 525
