1 10 20
100 200 125
201 210 89
900 1000 174
47029 70029 340
17899 13091 279
1098 6394 262
94441 59062 351
93392 87487 333
85906 70063 351
89245 79216 333
40737 95710 351
88604 20446 351
55024 29165 340
72844 15404 340
99141 56722 351
35101 33889 311
92414 68185 351
34179 99019 351
33639 54081 340
70336 13784 340
61447 7654 340
80225 14904 351
75199 57078 335
87786 45311 351
94484 76503 351
28075 5034 308
73281 63290 330
81816 74368 351
13443 23213 279
19883 2861 279
41420 75394 340
58975 23068 340
21982 74410 340
72416 78881 351
83209 48273 351
83319 54920 351
18115 67852 340
91281 55608 351
10014 95878 351
48313 10407 324
1105 11765 268
4905 75177 340
86742 72280 351
92911 58649 351
71447 47485 340
98360 27758 351
67003 66381 268
4387 35880 324
47780 17350 324
52091 74001 340
3979 74733 340
75492 66409 325
49553 64806 340
15642 19706 279
48339 41912 314
8511 86798 351
19266 18666 261
71449 25925 340
69520 82910 351
83813 18942 351
83131 38495 351
68783 62698 330
61716 26990 340
35453 62760 340
73958 23050 340
32916 39626 324
20881 47459 324
1426 4201 238
65119 8751 340
79591 71484 351
4095 66821 340
41125 59265 340
89396 10120 351
89876 62079 351
7614 51741 324
37606 99746 351
41556 79150 351
25480 14549 282
24924 37304 324
27222 31397 272
88477 85554 333
89601 1323 351
71139 44995 340
24210 20220 282
35647 44840 324
63397 51921 340
85066 83866 320
32811 87590 351
23872 46189 324
73145 41816 340
45264 49341 314
64497 19904 340
55023 57051 322
68183 90556 351
61427 59118 335
2882 63472 340
70637 6455 340
14688 2349 276
27420 90603 351
83904 347 351
32217 73946 340
35400 7305 311
47291 9352 324
83843 25789 351
77043 36134 351
50337 86559 351
70595 2961 340
32767 73083 340
48334 47790 252
98608 89455 333
98352 59855 351
95972 56400 351
23590 59446 340
46379 76008 340
45971 57439 340
91002 27411 351
89926 98457 333
11091 42848 324
74459 49056 340
32823 66357 340
40245 65467 340
56986 15839 340
26264 64208 340
24733 53269 340
89070 23254 351
42041 17584 324
27051 61498 340
37582 90062 351
31863 79871 351
21372 43019 324
39768 98731 351
44881 69176 340
96654 93082 328
37194 1295 324
82306 9647 351
6382 9499 260
61825 48002 340
50410 7153 324
45102 1725 324
17700 5253 279
38856 84924 351
93917 30000 351
69991 14515 340
68564 58549 335
43875 79274 351
52691 33879 340
76659 2955 340
77267 91329 338
6837 652 262
750 66542 340
48008 35121 324
93896 57376 351
92157 2901 351
50047 80836 351
10761 18862 279
89925 116 351
29630 22177 308
91401 96591 333
72653 96780 351
76741 26899 340
79460 84952 320
32518 36222 324
2512 74007 340
20684 95470 351
80235 52916 351
63196 92245 351
64573 68217 312
47184 33336 324
53663 56733 322
2782 9916 262
43358 96356 351
51567 35723 314
64916 95588 351
9974 93187 351
20425 37508 324
59108 12831 340
62384 4503 340
60026 67188 335
89352 36382 351
1916 82098 351
45701 16346 324
19450 55438 340
20242 36851 324
5221 26157 282
35833 70515 340
73283 54983 335
10116 60005 340
647 62205 340
46089 45227 252
85012 17675 351
80496 66170 351
9044 93491 351
77865 15381 351
94210 70783 351
8513 65350 340
60462 38603 340
89952 62938 351
81990 35140 351
2875 65536 340
43842 59283 340
15242 91773 351
59331 24049 340
61014 73344 330
4007 32455 308
23650 23963 251
58367 31114 340
68749 86428 351
28518 37183 324
55092 79444 351
31720 40240 324
28779 42130 324
91994 52249 351
71338 66008 325
89941 15976 351
29353 11811 308
50452 85064 351
573 31585 308
32152 57412 340
89429 55320 351
3264 77608 351
73489 55763 335
49953 23844 324
41660 75054 340
65296 60111 335
74745 82503 351
9692 65390 340
39529 34066 324
16813 48166 324
58610 20999 340
43151 16783 324
99968 27665 351
23727 3993 282
2635 66634 340
1750 37523 324
17777 22969 274
45767 7535 324
98163 18993 351
54324 6603 340
13187 5861 268
75146 8116 340
1516 98877 351
33580 5016 308
98883 99805 328
73308 52339 340
94692 91278 333
61276 44228 340
77822 45964 351
98331 8945 351
29382 66262 340
7238 23841 282
8166 59090 340
40558 36330 306
53155 54722 322
62260 26641 340
96670 98625 297
9048 63416 340
41627 80942 351
29990 84223 351
6843 19469 279
36410 79591 351
85449 78937 320
67863 71418 325
93214 91876 315
94611 54415 351
5932 44516 324
32173 12706 308
98031 4925 351
39322 32797 324
98152 16 351
7345 8828 252
71721 93013 351
25398 76343 340
25349 73679 340
24510 16798 282
3441 49834 324
61052 46578 340
13457 20596 279
99430 41517 351
73043 19299 340
93315 50755 351
19590 37201 324
44882 22194 324
60785 77829 351
42353 95939 351
73313 46247 340
37552 21772 324
76121 47507 340
27219 22079 308
14522 54230 340
44543 52574 340
91882 4506 351
50623 9773 324
76772 8200 340
39550 96357 351
95196 72281 351
35292 83414 351
89863 3931 351
63800 1986 340
91463 13950 351
29503 55445 340
534 22387 279
11822 68932 340
22715 63331 340
24365 82401 351
35077 96445 351
47137 49796 314
86689 59093 351
50429 28456 324
52700 34824 340
77930 30051 351
67948 71453 325
46201 57178 340
63482 55180 335
47799 68228 340
17363 35901 324
16142 97183 351
9724 3312 262
21651 4730 279
41304 33379 324
20727 52411 324
34550 60433 340
71821 72477 263
86848 81385 320
66146 52702 335
86568 65471 351
94496 67606 351
34351 25451 311
86220 65402 351
34421 4332 311
11521 63397 340
33692 45442 324
34118 13683 308
90067 43101 351
37667 75662 340
45541 16134 324
26444 72279 340
64608 7115 340
18434 12772 279
73951 86527 351
7279 36368 324
5489 32873 308
68475 68539 312
1633 67341 340
24749 84257 351
88917 44732 351
65710 41161 340
64214 41149 340
37709 79625 351
66301 33341 340
81214 86417 320
24826 34601 311
95108 83983 333
88563 37773 351
49957 38329 314
35341 17196 311
55620 75082 335
57138 58294 273
12476 55487 340
95590 16046 351
40121 91960 351
75490 51735 340
82543 76245 351
46890 61093 340
34583 52334 324
99978 86422 333
20934 90986 351
61201 230 340
85968 13042 351
13896 58601 340
20347 64664 340
12258 48778 324
58703 69233 335
73516 97327 351
31569 67822 340
39982 62774 340
44308 13016 324
99961 9762 351
85964 99292 333
44522 50517 314
41754 97259 351
15741 43842 324
94351 8775 351
71242 61841 330
51142 75257 340
49774 70256 340
27366 52516 324
72982 19541 340
48262 11958 324
59721 10698 340
7374 40266 324
60926 82438 351
32625 87460 351
45470 64344 340
67013 56729 335
80405 54510 351
66541 38471 340
52587 9505 340
54448 65720 335
72957 79549 351
47824 8452 324
89568 82408 333
90417 30214 351
10978 85811 351
83688 2129 351
7720 60067 340
7137 6498 257
16292 70089 340
58441 65086 335
17502 99179 351
24161 95628 351
98961 35681 351
12522 34141 308
40143 8024 324
41255 60402 340
77676 23694 351
75484 29207 340
18376 53294 340
53372 41040 340
68041 2152 340
20486 82343 351
35116 28825 311
17814 27775 308
50097 2336 324
32885 24696 308
13900 38178 324
28642 73570 340
51393 16838 324
10493 77038 351
99931 68021 351
78426 55157 351
6950 98763 351
38084 14600 324
45543 54262 340
12408 15590 276
82440 26536 351
3732 1909 238
48917 67898 340
5155 46540 324
71899 23774 340
49552 18330 324
19886 72519 340
14782 93510 351
6322 48664 324
74424 20011 340
71639 30427 340
94825 92189 315
34444 92316 351
31279 8944 308
62175 59331 335
68835 69141 250
62061 50523 340
86530 4838 351
34309 66549 340
97782 65040 351
61193 58410 335
34209 40507 324
28082 12694 308
95334 63637 351
85436 2390 351
82416 26478 351
64391 81784 351
71105 34686 340
52831 48912 340
54628 55526 260
23665 59734 340
6932 24011 282
82556 54435 351
73469 42830 340
68421 48174 340
96274 48932 351
96802 46090 351
19507 22465 274
83531 65565 351
1809 82238 351
24136 87472 351
82661 45917 351
33016 12545 308
11292 32932 308
65685 69038 312
48797 53343 340
57208 3471 340
96774 56925 351
10482 87532 351
89079 13263 351
59099 91107 351
7250 55904 340
11277 3920 268
44680 51399 314
53712 36412 340
49808 47565 296
57173 94268 351
24395 14354 282
79317 375 351
39365 15421 324
4380 33030 308
57768 38845 340
94323 59863 351
22071 71374 340
51449 73187 340
71293 22179 340
8671 74420 340
2448 89283 351
70288 12697 340
80261 14694 351
23562 55981 340
29354 92695 351
29302 61711 340
13855 79847 351
78341 18451 351
20841 4968 279
69981 50002 340
16049 92667 351
28371 9098 308
32992 94986 351
23266 39064 324
89895 72277 351
2720 48721 324
2806 76653 340
77017 28334 340
77782 69172 351
15496 32541 308
20223 45390 324
30919 69989 340
95242 52978 351
29649 68765 340
9355 59825 340
137 31770 308
60875 71373 335
97076 56785 351
24005 1879 282
54079 72292 335
89985 75895 351
23853 31960 308
87550 73462 351
1558 18282 279
44485 35324 324
34427 28930 311
32280 12970 308
58710 58215 273
56669 82342 351
33586 40422 324
18242 39793 324
60982 91778 351
69421 64191 312
90043 73504 351
36702 60033 340
5524 99640 351
60434 93006 351
90470 30224 351
28272 91640 351
35304 22961 311
43026 16548 324
37784 64606 340
70805 92166 351
1293 67110 340
61125 55033 335
92548 92944 302
17119 97335 351
64022 69026 312
21002 74752 340
81280 59357 351
87636 3650 351
20864 92695 351
27338 94197 351
20531 83542 351
48009 53213 340
70350 42181 340
16187 43393 324
30531 42700 324
26830 3988 308
49866 6672 324
2430 22134 279
37254 64566 340
53468 93690 351
8036 76993 340
84290 27829 351
86714 33516 351
21150 30516 308
98139 98038 222
72479 48666 340
20331 36684 324
5334 68912 340
3881 46571 324
36576 42791 306
85189 2067 351
92469 53591 351
33847 48855 324
86192 49201 351
78016 5543 351
99218 39987 351
45964 77564 351
29510 1073 308
46713 48778 314
87212 24366 351
88307 92417 333
76779 37206 340
98265 34961 351
3426 41790 324
67568 14003 340
81341 32298 351
86854 94333 333
1250 15132 276
81519 45246 351
35763 91760 351
81005 36444 351
22325 63354 340
76808 79955 351
65656 81757 351
33606 31113 285
44244 2247 324
18392 62923 340
88759 90192 315
3600 45029 324
24165 95832 351
81965 91020 333
31872 39333 324
3215 85951 351
93447 41638 351
5681 69737 340
23196 95785 351
69525 31459 340
83357 98039 333
62522 64641 330
2692 48505 324
84199 44218 351
86955 86881 227
39624 12170 324
17996 50572 324
90242 686 351
87203 29573 351
35901 79258 351
98509 45416 351
79577 85246 320
6413 99867 351
14283 86205 351
25206 23195 282
50278 26696 324
57075 1516 340
69908 32278 340
38763 78039 351
57299 79063 351
99174 4030 351
587 88467 351
53579 61856 335
5508 73674 340
34052 94707 351
90876 46877 351
70253 55404 335
58878 94471 351
89910 30172 351
46078 41185 314
4119 2336 238
64638 53483 335
79012 95601 333
37512 77632 351
72400 76913 325
16230 68444 340
31681 4854 308
45363 40992 314
7566 81100 351
3895 69482 340
37166 99701 351
10454 64981 340
89468 91732 333
26710 86856 351
46446 31366 324
31263 81545 351
13839 3473 276
64917 96668 351
17060 32567 308
67517 88505 351
39728 38253 275
36357 26536 324
5040 13281 276
36675 99975 351
83441 16899 351
85849 48144 351
34019 38410 324
14659 69048 340
51589 13650 324
81338 8656 351
96598 70581 351
77125 97167 338
30798 39276 324
15637 77921 351
68049 86255 351
42635 69657 340
76670 23493 340
37599 13440 324
37430 98366 351
4034 81866 351
69572 92372 351
61534 70041 330
86191 43689 351
59368 45355 340
29832 61461 340
28717 6207 308
69354 18136 340
78683 88615 338
9913 90312 351
19798 64034 340
79330 68187 351
68009 91737 351
6159 69115 340
41954 24738 324
97477 71657 351
16880 19514 279
57669 33152 340
39603 66700 340
63451 66008 299
40709 42402 288
24898 25761 264
2517 77973 351
17438 7398 276
54336 59817 322
65549 55526 335
70148 221 340
95356 68681 351
38097 65204 340
50343 18387 324
56017 6038 340
82088 9555 351
82732 17345 351
86238 80374 320
40967 36598 306
52832 77061 351
24450 7340 282
39681 41676 306
9137 51596 324
57645 19644 340
6505 35739 324
77468 27740 351
25452 68421 340
29266 22965 308
28577 39256 324
67789 78102 351
78497 92530 338
19281 680 279
70325 31533 340
9039 28662 308
37564 65962 340
92722 98385 328
399 47394 324
78977 8099 351
97727 85951 333
36174 93927 351
7279 5059 262
21794 94129 351
11763 70598 340
59464 2285 340
13235 25754 282
15694 314 276
32741 73536 340
96015 18233 351
57761 75180 335
88546 89120 315
16128 74566 340
31939 54969 340
61794 16293 340
74185 31931 340
55211 98194 351
18957 61937 340
9059 87847 351
26962 61720 340
48689 37040 314
51205 30027 324
5862 48149 324
37092 89080 351
24250 82058 351
11028 17360 276
5652 48490 324
14398 77318 351
66960 86537 351
13818 53868 340
9701 25692 282
33022 97318 351
26298 15811 282
6992 7867 239
80203 28234 351
54683 7874 340
667 59660 340
3172 22821 279
27146 15407 308
73058 32194 340
23201 9332 279
52664 57514 322
55262 93944 351
46864 26279 324
97697 26153 351
85290 87819 333
82406 81599 289
14226 59888 340
58509 53674 322
76677 53272 335
65668 12096 340
5896 55777 340
53228 50300 340
19065 56661 340
96570 20934 351
99916 57929 351
71964 44374 340
1707 49822 324
51655 76478 340
85292 24473 351
72081 38643 340
30964 63851 340
9812 45801 324
27260 65992 340
72195 16085 340
45142 66938 340
72659 9722 340
51724 74924 340
14266 24030 282
4174 58016 340
49306 66504 340
91449 16772 351
17622 38539 324
59213 29442 340
91836 88656 333
61573 78798 351
73730 35991 340
32211 56901 340
92833 22289 351
57025 96939 351
55554 23835 340
60575 99740 351
81270 43495 351
89436 6616 351
40314 7446 324
86970 19942 351
78105 11185 351
6103 88165 351
69494 95062 351
99341 52932 351
97898 80848 333
58591 2574 340
94906 67733 351
51245 88422 351
7784 68686 340
13564 38238 324
84652 66245 351
17565 44507 324
80129 80566 320
23401 14439 279
87806 71974 351
65682 43197 340
199 45259 324
99193 12243 351
81651 83618 320
47186 20610 324
15167 16406 253
53687 28527 340
50285 16761 324
40204 30006 324
35782 32671 324
6769 73833 340
68444 78227 351
97422 20888 351
27043 50531 324
71044 59757 335
89351 92172 333
79878 2355 351
49190 89156 351
60114 46569 340
60434 79865 351
81611 23918 351
35344 51837 324
87112 46781 351
15725 20120 279
75235 31985 340
17139 13404 271
46088 5344 324
18791 42326 324
33518 85210 351
34646 88104 351
93805 2199 351
55002 29025 340
7051 36915 324
91944 17375 351
74545 47878 340
96979 29999 351
63079 17788 340
44652 41981 288
55485 67844 335
92039 14815 351
15572 77057 351
30753 47952 324
65233 96302 351
45481 15777 324
1615 65348 340
81035 795 351
53095 25150 340
98523 38253 351
84199 67421 351
70490 7410 340
11657 78809 351
24732 40306 324
86484 18000 351
96979 70188 351
30248 10598 308
93762 8603 351
87621 58888 351
98504 22719 351
71886 41390 340
76249 82553 351
35198 20580 311
45424 61585 340
91256 86235 333
88662 3607 351
54406 36569 340
68913 13676 340
36320 39648 306
1970 91708 351
58985 23549 340
12022 3490 268
1127 15283 276
62922 75804 330
94041 85733 333
14654 9865 276
22406 60683 340
1794 30414 308
65808 26460 340
68782 26604 340
37510 92810 351
25419 95171 351
38427 75324 340
5244 66437 340
46310 25065 324
19322 79318 351
2836 64010 340
98434 72780 351
44588 81492 351
7807 78093 351
47827 9045 324
232 28735 308
21538 18879 274
45803 52962 340
88370 84671 333
39481 77801 351
38928 2448 324
41313 52662 340
31267 94031 351
48361 95729 351
34516 5850 311
32285 76989 340
83219 71894 351
1967 77987 351
17289 31154 308
66737 10304 340
31389 77091 351
82435 32289 351
47117 69545 340
59965 76690 335
51531 57896 340
3939 90628 351
16375 48432 324
27657 93733 351
23763 98533 351
59881 80286 351
76146 35655 340
18746 26866 308
61076 80021 351
78616 18251 351
74545 96523 351
96833 71233 351
80639 13564 351
99023 18518 351
99777 24353 351
43995 13031 324
72987 29680 340
2264 26709 308
45477 90237 351
85822 47272 351
49169 31276 324
61053 21468 340
40937 82731 351
61503 53934 335
70942 43874 340
92765 47100 351
13780 33171 308
87787 59437 351
94068 21196 351
27709 66881 340
77657 47316 351
90652 35411 351
79817 89289 333
28900 51517 324
62569 89023 351
3512 11703 268
54737 37429 340
24653 42184 324
30360 86663 351
55781 5571 340
23775 88971 351
40329 52623 340
42983 57968 340
628 94031 351
66832 10371 340
40557 99721 351
76111 74027 325
55758 81300 351
73818 41578 340
18272 77053 351
95661 8122 351
56029 38288 340
98295 55997 351
91882 10821 351
39824 40113 306
41753 16100 324
34789 83219 351
96901 62650 351
74170 12078 340
31498 60497 340
49830 52739 340
83375 68697 351
12410 55902 340
53217 79259 351
21829 41853 324
55428 29521 340
20387 38525 324
32542 39424 324
69836 35930 340
14256 90167 351
45889 95557 351
62060 96338 351
76286 34286 340
90898 74926 351
41836 48943 314
415 81478 351
33792 59832 340
80112 66208 351
75451 29410 340
75037 997 340
71073 55731 335
11686 41998 324
40970 49373 314
87361 21950 351
38094 77241 351
20501 11337 279
18470 97020 351
44332 48145 314
55489 11958 340
1699 12284 268
46416 47272 283
65047 12580 340
58353 86671 351
62249 61818 317
469 10318 262
36348 38417 306
89481 44010 351
5276 72119 340
96169 63441 351
16205 45443 324
22130 97115 351
8453 72700 340
58044 36820 340
8703 3979 262
17372 95507 351
82796 2825 351
22738 49030 324
59478 63175 335
46142 60384 340
23194 63681 340
68735 12927 340
45421 5666 324
31029 72525 340
86988 44744 351
90247 57630 351
57468 5519 340
87910 21026 351
61944 63804 330
57856 37300 340
334 91443 351
72495 46051 340
9939 85092 351
33485 22427 308
57983 42201 340
61863 33819 340
97681 4972 351
32271 94311 351
98687 66192 351
26067 47017 324
50813 19642 324
48919 88455 351
18494 42137 324
69893 98848 351
92705 14303 351
91129 57572 351
46935 22838 324
49832 3916 324
54272 38244 340
87647 49904 351
63790 28962 340
96371 64155 351
66158 55305 335
63551 23552 340
759 84788 351
96653 72992 351
69591 84160 351
316 42531 324
26841 72895 340
17606 45969 324
7252 67882 340
