1 10 20
100 200 125
201 210 89
900 1000 174
594141 320286 470
915909 292419 525
738015 496867 509
327672 392943 441
601597 747481 509
109224 293760 443
742870 259030 509
737692 611567 509
475668 187237 449
886281 912072 476
171946 498533 449
690313 468991 509
492292 431020 444
750851 472199 509
55189 301691 443
876751 60655 525
188190 187507 316
74087 834635 509
669909 287069 509
558703 187488 470
322409 168771 443
27586 757815 509
78945 288038 443
215579 47382 383
690184 33090 509
976449 177673 525
579102 574342 390
55506 408760 443
874981 150975 525
111796 348850 443
292664 349292 441
851670 312680 525
45075 896337 525
755507 503816 509
233459 510157 449
422028 202425 449
327760 181344 443
79520 929370 525
183778 691560 509
83114 263315 443
127326 251349 443
947861 134355 525
629655 425163 509
577589 670535 509
992172 335375 525
211622 88127 383
819315 843649 525
300407 389053 441
281944 608010 470
65443 346207 443
733307 732986 318
129894 147233 375
937336 60137 525
8629 247722 443
384668 894190 525
807752 214550 509
113209 298815 443
544826 268642 470
403629 714265 509
605914 653849 509
299935 683 443
1283 45501 324
303727 565749 470
968411 789875 525
828384 728652 468
752024 546189 509
174857 155245 383
922825 738336 525
330724 88233 443
688836 357571 509
803646 223563 509
318612 973577 525
812214 747685 468
999797 84117 525
382688 63570 443
368527 77940 443
478448 675306 509
187129 407353 443
37541 166561 383
544562 12204 470
357966 57508 443
784506 442911 509
374045 933953 525
611278 474037 470
61964 752933 509
418477 650071 509
128381 798334 509
467083 170164 449
730810 810720 468
699537 698130 305
788428 286355 509
507969 118010 449
331326 535125 470
925392 374593 525
747374 525704 509
428414 413858 418
989325 814068 525
732334 832079 468
149144 449357 449
730583 257104 509
968643 945743 414
640182 214024 509
90113 482548 449
725702 403978 509
240893 995334 525
902070 973667 507
252694 811353 509
480353 639143 509
329467 792928 509
192452 6448 383
363771 426533 449
985717 299869 525
256777 44103 443
444983 52900 449
94596 12241 351
809162 365020 509
975508 666254 525
586536 697249 509
148625 406426 443
625321 129880 470
622667 386581 470
4415 686369 509
319930 798261 509
317719 27880 443
299445 841750 525
330897 224391 443
247187 47620 443
792224 731595 468
850456 904612 445
532577 360183 470
436879 512632 470
250026 267880 407
292624 729946 509
351521 578087 470
884234 553551 525
430553 515857 470
127052 59053 354
861089 226714 525
281559 444656 449
253683 121449 443
756420 652123 504
271345 476240 449
370999 770645 509
365777 558490 470
625989 327666 470
147293 81595 375
472402 509926 426
325558 793950 509
508047 979881 525
887736 347080 525
596827 914464 525
553498 773623 509
557625 117679 470
653410 337351 509
842396 984318 507
712351 734647 411
381589 923228 525
930065 560402 525
961555 804699 525
886672 172529 525
383706 563168 470
565542 60079 470
87436 264405 443
785580 142883 509
75045 502310 449
429404 98795 449
611919 706668 509
205750 461872 449
872087 867435 432
809565 385591 509
119095 876956 525
160531 284386 443
144163 487956 449
282369 110286 443
95248 126983 354
406311 485289 449
917370 100510 525
70939 881414 525
860071 210175 525
578690 246589 470
693839 346191 509
841157 33804 525
793744 161030 509
788688 262186 509
303268 611959 470
475470 671057 509
470616 689341 509
323207 11891 443
567878 471873 470
611788 238856 470
752622 239924 509
44131 627686 509
832449 469142 509
638047 386953 509
244205 369498 441
186892 977758 525
87877 246604 443
392601 370833 436
765383 374599 509
522044 727603 509
499662 581071 470
36402 268485 443
660741 167851 509
262315 302555 407
642035 706091 504
435027 843355 525
829517 244685 509
672812 872372 525
633915 418046 509
916903 971494 507
335571 208538 443
73501 706048 509
674645 852078 525
458667 169049 449
335911 729824 509
810760 503834 509
185488 487199 449
189424 905685 525
852601 2412 525
818784 603447 509
877076 894050 445
602711 70177 470
605232 731094 509
591775 278778 470
583570 974119 525
18327 166326 383
719783 434510 509
744330 701921 504
631002 955822 525
645736 560517 509
634589 380182 509
850116 523148 525
840288 210714 525
66576 376659 443
935255 781852 525
917867 438482 525
4682 32201 308
75896 439899 449
167731 983973 525
688950 560829 509
826916 879454 525
600017 7420 470
902426 234235 525
922160 888140 476
853049 230861 525
843553 892809 445
452080 302208 449
969144 670902 525
898053 114169 525
908865 989874 507
682280 640665 442
237749 21246 443
822413 584595 509
878374 132465 525
295874 5869 443
590836 677299 509
289538 907537 525
753414 688780 504
821170 454104 509
334492 438918 449
310533 969087 525
702917 281767 509
288695 413937 449
212329 424732 449
965885 485443 525
791018 551686 509
242410 97169 443
741440 965470 525
682872 911385 525
724756 932533 525
298680 856199 525
300833 644836 509
843035 558343 525
191357 952 383
939914 221446 525
614574 726730 509
295777 324201 384
39154 74424 340
609674 259743 470
659581 966402 525
562181 609798 434
897032 384931 525
462193 583082 470
571943 593173 434
127403 451224 449
824335 334969 509
311625 806801 509
825862 73632 509
240473 632343 509
236518 54685 443
424967 507301 444
815718 116771 509
67139 558575 470
661372 722084 504
807496 761600 468
984493 266303 525
874360 970830 507
846496 882665 432
540689 164500 470
810713 340449 509
164321 157581 370
360731 310509 441
549968 813881 509
291263 925758 525
321372 183416 443
110616 789752 509
903257 130601 525
38891 109084 354
387016 794014 509
127495 563552 470
371224 536728 470
750884 640619 504
36109 80340 351
571696 97060 470
516191 954278 525
599388 760918 509
691668 688951 336
147312 231564 443
19103 806380 509
43976 996148 525
986222 350662 525
24413 768924 509
302569 703760 509
673592 328330 509
454360 766422 509
925080 18528 525
762874 281667 509
947617 281136 525
424171 437100 387
245502 863459 525
84983 715824 509
124804 626830 509
564509 852982 525
958412 458195 525
181956 290739 443
243998 616247 470
440535 569133 470
568493 757107 509
273820 19666 443
752009 861225 525
731740 84384 509
577916 691149 509
500822 722739 509
261699 257717 345
474660 114533 449
760037 959585 525
252127 158291 443
967296 627826 525
806752 804499 375
36309 84230 351
83401 772071 509
444132 80308 449
208424 659458 509
904819 585623 525
695360 380078 509
916455 441627 525
166930 491640 449
178403 883695 525
950239 632929 525
589669 493432 470
518902 477296 470
256128 799912 509
314282 423184 449
312274 167354 443
467503 497445 426
274000 343550 389
431711 491740 444
658004 294348 509
415713 296380 449
259075 801661 509
759306 365435 509
500087 983283 525
309025 633480 509
845711 20444 525
320559 415168 449
287257 212338 443
138819 526767 470
203532 165180 365
674553 262368 509
525081 756747 509
621949 890716 525
573750 176525 470
137043 981350 525
416373 147764 449
842582 356200 525
213785 602874 470
139909 546069 470
220908 960228 525
819096 827033 450
609721 481690 470
369977 752016 509
657333 359923 509
541831 375445 470
531955 467081 470
989372 407482 525
589136 506946 470
16776 407912 443
881429 456603 525
806948 933133 525
311716 107597 443
245742 643126 509
302217 557138 470
743950 634820 504
989049 134845 525
875368 335469 525
220753 347913 443
316977 821763 509
176134 496203 449
455300 350247 449
312837 48091 443
147413 630760 509
907357 217891 525
860117 150989 525
396616 377064 436
698921 886749 525
531092 535461 377
450135 494526 444
403068 607463 470
543167 581061 452
327326 133580 443
972939 646108 525
385064 554107 470
458894 580928 470
957769 661473 525
40499 224720 386
491933 16462 449
580533 997263 525
966862 565563 525
256027 367818 441
458505 497923 444
629975 232490 509
877295 227123 525
710179 765091 424
435927 862067 525
988716 106134 525
905092 370308 525
618015 252429 470
926135 954261 507
997507 613166 525
957012 714717 525
326116 80156 443
172666 116369 383
406745 808508 509
366956 886679 525
783500 673656 504
607572 952994 525
343247 30889 443
778283 674741 504
840527 689903 525
857522 669597 525
507659 180181 449
685358 817366 504
416696 439992 418
371742 796004 509
571661 44583 470
410368 644676 509
661285 295607 509
950265 133215 525
905230 737510 525
710394 61051 509
720003 526510 509
323039 317105 371
831641 148742 509
784888 551754 509
616371 126410 470
458749 479514 444
581490 940389 525
185198 124231 383
58274 576262 470
466797 105396 449
996922 25454 525
15431 353567 443
688151 166821 509
796680 334091 509
823368 655230 504
857930 991593 507
409553 456423 449
936105 633474 525
118493 211523 383
56808 920439 525
943274 675300 525
962478 987630 458
906683 550642 525
349441 583859 470
693077 404342 509
111983 481883 449
712262 278350 509
348511 413462 449
333970 654066 509
996287 443391 525
15811 648427 509
46146 181992 383
275317 548655 470
218975 101239 386
995279 872222 507
336883 662111 509
296526 180296 443
922146 66804 525
137278 502576 449
537636 446684 470
204836 840611 525
228162 803404 509
433778 212674 449
20552 295325 443
322729 758875 509
632364 653588 416
915581 728914 525
368560 912027 525
976753 680776 525
149652 923145 525
216340 896574 525
913647 629989 525
930042 106842 525
421125 982791 525
709500 858039 525
124306 82267 354
877587 776266 525
46563 341659 443
515437 105592 470
71327 570697 470
706313 29693 509
124355 171159 383
337202 734229 509
120018 510555 449
211271 13662 383
352528 813389 509
650653 564703 509
72166 24715 340
354783 299706 441
72879 395249 443
248399 932962 525
212475 488604 449
957101 382773 525
324764 787527 509
516859 849386 525
101913 586050 470
915185 696424 525
315913 797673 509
111860 919703 525
504365 226142 449
660430 236397 509
714738 665615 504
890621 889173 370
533158 492526 470
586711 619481 447
821895 643905 504
56536 922631 525
960485 649090 525
606848 421228 470
988438 686645 525
478125 765201 509
645451 109783 509
828617 933893 525
613724 46032 470
54601 741937 509
205399 195354 360
580672 65088 470
678313 881072 525
817902 149436 509
380384 446089 449
664278 958001 525
45397 819874 509
184683 968372 525
22087 237142 443
758492 55613 509
698890 785140 504
401623 983202 525
276184 451888 449
364435 754207 509
677114 291868 509
763552 333689 509
321107 8713 443
538578 495575 470
708103 856927 525
626267 242699 470
976337 107984 525
935445 132656 525
455846 122130 449
584572 165635 470
599819 168470 470
356916 669971 509
846376 785522 525
440916 889140 525
956781 556261 525
88304 28032 351
158433 460095 449
751177 170160 509
161179 374292 443
790659 310058 509
435482 134731 449
801486 351187 509
366197 776854 509
614225 159616 470
304213 999145 525
843661 13486 525
611659 501017 470
499778 189476 449
469202 12727 449
296650 137321 443
123931 565676 470
342546 134763 443
994228 746626 525
407567 426696 449
407804 378984 436
807681 337622 509
977840 709043 525
558253 425819 470
670075 816200 504
106768 405961 443
384042 575672 470
1942 805510 509
470967 182541 449
971602 405423 525
598596 490321 470
319490 729982 509
12236 359413 443
394481 741612 509
747188 875230 525
295758 527887 470
139752 847416 525
443517 968676 525
933851 996213 507
234132 986282 525
963538 865839 507
606973 120718 470
336289 864694 525
950769 462118 525
979699 145867 525
672394 804106 504
529378 926857 525
820083 663073 504
716367 563541 509
104307 211595 383
498877 389563 449
279080 388075 441
219731 298520 443
248532 423289 449
554525 963316 525
140543 737525 509
146413 776015 509
461629 844804 525
754942 264520 509
913728 304253 525
834912 251784 509
440795 399618 449
516393 112394 470
86064 638447 509
491515 533863 470
612510 140429 470
793244 480342 509
980536 843275 507
545028 999768 525
427500 273441 449
590038 917246 525
370776 502642 449
299872 764173 509
805088 199874 509
593422 841047 525
509533 268515 449
248542 579602 470
771761 70553 509
396740 225162 443
606076 342455 470
792115 811504 468
546799 522332 452
130920 847682 525
74219 774490 509
661433 619055 509
942052 719176 525
312350 453966 449
65035 972176 525
31803 294376 443
963474 556077 525
371773 895168 525
896954 63681 525
180470 565373 470
928780 900606 476
637774 548396 509
839 790944 509
548854 551177 346
248583 44736 443
514287 98588 470
908753 422441 525
240440 974239 525
257652 118660 443
213595 67913 383
632514 769820 504
310454 179395 443
128416 78714 354
684622 315349 509
501774 768640 509
684863 487753 509
950609 23094 525
310891 97313 443
161238 240671 443
183963 422079 449
518967 11896 470
543340 179601 470
962768 393705 525
919732 380346 525
235111 272148 407
880259 921561 476
430506 334532 449
286365 405437 441
800317 653813 504
509925 215345 449
825783 371725 509
869800 801534 525
52559 469368 449
491093 656257 509
93445 167108 383
864783 481468 525
384289 397413 436
562318 344603 470
632404 858249 525
6949 94417 351
666626 959860 525
543137 275134 470
400542 119046 443
602583 179550 470
501155 192595 449
818497 357091 509
837796 751462 468
970179 818824 525
922293 521143 525
582342 725994 509
971079 808670 525
495621 520877 470
381185 525663 470
357127 157777 443
850853 438379 525
546732 358024 470
956351 233751 525
803073 76489 509
161559 604800 470
693145 699661 367
256809 814859 509
984321 858736 507
446711 598716 470
33905 237889 443
410170 66729 449
68681 881162 525
894385 777338 525
947883 384995 525
861183 882126 432
903536 31723 525
39925 289096 443
251055 537438 470
445504 963205 525
32479 211138 383
60103 633261 509
569864 147293 470
348927 411265 449
495636 687839 509
556586 780248 509
721359 19646 509
114114 461168 449
191151 37884 383
856456 235689 525
28485 763204 509
814833 552629 509
666159 800733 504
893648 869850 445
792831 861447 525
882000 134622 525
952633 912439 507
677564 553666 509
597372 402920 470
836311 84530 509
466811 439717 444
203763 643677 509
718148 111815 509
359010 390276 436
50480 131526 354
416480 140339 449
686550 953766 525
715361 791491 468
948220 829216 525
493897 907707 525
962805 256843 525
534618 404912 470
886767 831939 525
294434 687159 509
756464 983991 525
345847 969525 525
450993 900956 525
276006 763848 509
261135 520726 470
70643 238599 443
635553 704627 504
580018 51786 470
958385 100669 525
881863 218574 525
792088 155288 509
258060 51924 443
189724 781550 509
451699 408905 449
188925 269873 443
811609 607340 509
895714 705600 525
632959 932281 525
53547 898072 525
313687 630608 509
277754 230787 407
44154 461266 449
277673 904970 525
386316 10660 443
150742 403136 443
862024 145242 525
930612 169508 525
218731 719921 509
923796 155423 525
364373 320658 441
348612 65817 443
628710 737223 504
471372 563822 470
411594 647899 509
846266 931332 476
892991 777986 525
638603 471600 509
107038 459751 449
30591 393816 443
702648 980383 525
762352 797778 468
334371 529226 470
289218 328781 384
135433 634669 509
383416 888695 525
734319 168669 509
271216 649504 509
979444 762591 525
275542 341699 389
953740 557369 525
82370 93728 333
91154 854780 525
23320 832739 509
676672 461545 509
476323 664298 509
725688 356232 509
643748 613414 509
30055 58392 340
538801 405407 470
938374 553479 525
165190 508077 449
446060 405001 449
234220 751789 509
223989 361767 443
652651 437881 509
958479 203292 525
712284 775110 468
533741 136550 470
899739 726183 525
212366 903730 525
456751 269963 449
689914 40806 509
895369 698540 525
174167 863423 525
199391 771295 509
4236 688198 509
217225 380526 443
643782 228313 509
19187 275775 443
598420 751787 509
704181 417930 509
190561 444513 449
200193 651476 509
523946 979020 525
116325 696407 509
61956 820460 509
230999 463475 449
283046 585908 470
3939 521461 470
946584 359398 525
794603 217330 509
763995 316814 509
675715 634657 442
212686 160791 373
719529 828091 468
921157 550976 525
981702 788274 525
388519 49655 443
641386 459412 509
753922 712880 424
607899 78123 470
202922 734352 509
558596 745477 509
268511 900821 525
717133 743070 424
462345 716281 509
556869 807890 509
142766 86462 375
64794 679820 509
404879 378991 436
724064 410333 509
756445 457936 509
168171 492822 449
942314 169564 525
680379 55699 509
98156 480002 449
714632 501686 509
378035 551775 470
208414 823602 509
814941 27001 509
156526 762292 509
771561 458322 509
183448 270533 443
331687 507842 449
359679 822825 509
109786 298584 443
376339 770652 509
534874 246940 470
247521 632230 509
840505 188654 525
729809 262066 509
988855 511056 525
614332 746150 509
125548 962055 525
393396 481645 449
32706 479173 449
668813 734184 504
378853 692354 509
143219 420824 449
391834 141038 443
413095 482335 444
269096 913015 525
809753 915506 525
130920 579724 470
662526 905825 525
386956 455166 449
990129 995102 365
873383 344535 525
368001 439981 449
203898 840580 525
631055 858892 525
217469 652826 509
915322 560680 525
782325 465003 509
34258 122333 354
190159 972749 525
244973 500901 449
936246 386057 525
458444 281568 449
397521 133697 443
960952 276192 525
187073 390326 443
770065 181330 509
253715 487188 449
78686 109429 354
910958 155814 525
529763 639602 509
300784 798128 509
699803 354008 509
532065 748802 509
492191 281781 449
167470 484918 449
695440 54666 509
480428 398279 449
743971 67781 509
157688 546551 470
429987 356405 449
903570 476418 525
607865 957431 525
807928 15855 509
663596 74555 509
797811 880213 525
815 652649 509
7715 60235 340
34496 872753 525
308177 557212 470
149333 379339 443
438432 914779 525
941081 660716 525
435128 747420 509
437768 227583 449
153142 677274 509
218951 19927 386
281772 623752 470
693327 655624 442
93725 620708 470
739516 692912 504
277055 405054 441
396281 381313 436
221494 86012 386
944485 430576 525
518349 688550 509
144605 34098 375
723610 206297 509
374487 782093 509
491202 702666 509
199381 621278 470
449982 683576 509
450287 733152 509
944441 416545 525
90607 74207 351
333985 589908 470
121490 450886 449
625642 959165 525
72630 883241 525
55203 697159 509
510332 777599 509
