84402 161733 383
226719 350779 443
443596 981049 525
58924 161152 383
548255 986986 525
666872 930337 525
383812 577385 470
36369 345596 443
151572 777828 509
62479 342957 443
465957 536931 470
72181 558721 470
306029 478330 449
678977 994618 525
542436 875943 525
276378 438622 449
707309 922591 525
665211 885234 525
227803 603885 470
203552 923492 525
642826 971860 525
604342 940594 525
170912 266928 443
116273 503687 449
179071 417542 449
592472 949693 525
84403 106198 354
274578 529480 470
348627 701792 509
799491 974040 525
528321 765211 509
605174 775757 509
496841 846795 525
97819 772915 509
781549 894552 525
205044 841565 525
136925 157791 383
846876 876035 525
434940 801526 509
824643 914963 525
894856 955695 525
299816 404359 443
254546 431632 449
257053 599795 470
128213 620860 470
374817 442969 449
407224 993869 525
140307 919732 525
346916 514422 470
146860 883869 525
336362 562705 470
212726 727420 509
306055 984415 525
130101 771218 509
228041 616741 470
313037 535538 470
269840 415776 449
193344 682941 509
408333 592931 470
298319 723615 509
382571 993057 525
298048 664668 509
568490 994844 525
284200 975507 525
743170 937537 525
28809 397906 443
32538 88642 351
707203 708112 349
1440 754447 509
452066 739194 509
295390 591843 470
223938 466809 449
861330 913612 525
48851 460056 449
281637 660514 509
357407 529817 470
154472 638327 509
72416 199813 383
172994 651580 509
389719 919541 525
569726 747678 509
139019 516915 470
90956 978888 525
147317 162876 383
653452 729276 509
100923 705098 509
307819 769255 509
719051 990992 525
759704 829164 509
122463 669325 509
77740 625456 470
589983 885391 525
304489 613896 470
159835 461356 449
248533 385748 443
550746 869751 525
541772 957436 525
19384 273319 443
288361 340991 443
221580 686603 509
366623 393090 443
39597 317696 443
352559 926316 525
884620 921879 525
40918 873870 525
294210 555192 470
117791 610706 470
258048 722257 509
276607 429306 449
124679 972596 525
355570 742007 509
155143 588291 470
248127 303245 443
36208 376632 443
91155 849013 525
12645 573734 470
191759 365830 443
555698 800874 509
68760 566494 470
694196 769603 509
390804 536166 470
512036 591377 470
167124 958362 525
429107 847396 525
134511 196810 383
465531 559024 470
218087 460521 449
13535 158985 383
569134 652130 509
252918 782512 509
85555 495418 449
522552 741632 509
857742 898647 525
443440 743960 509
342223 622777 470
278633 942450 525
432873 991857 525
671323 738183 509
773461 872241 525
776143 884861 525
198629 267863 443
66910 293144 443
319330 410558 449
271022 313787 443
94325 636990 509
349462 431502 449
335353 402033 443
593453 805100 509
146241 683106 509
100496 427250 449
62086 347049 443
195615 980091 525
289703 583747 470
197338 915627 525
25106 672016 509
201023 876847 525
423699 720406 509
604148 744700 509
243293 430820 449
221806 744168 509
5632 358898 443
799857 811179 509
221095 235711 443
253246 899906 525
646391 834991 509
682398 709170 509
246207 360445 443
336245 510884 449
422273 429489 449
40873 129368 354
15772 907904 525
10697 791751 509
452870 594726 470
384392 835125 509
299539 687901 509
288607 841899 525
323463 904798 525
255880 480327 449
954494 979426 525
513247 793960 509
719035 782863 509
224173 378891 443
124626 400887 443
470726 750608 509
112780 887278 525
29487 489511 449
487380 491458 449
424644 551867 470
901911 972580 525
174930 583591 470
212089 593203 470
653934 947457 525
129214 546404 470
148575 657471 509
353834 939173 525
504821 722588 509
96825 352509 443
102013 366986 443
817086 881729 525
607246 621544 470
550970 807175 509
106360 996419 525
80448 356416 443
467819 897036 525
258239 628741 509
528557 801584 509
99320 193711 383
240739 349374 443
42122 417110 449
222168 799347 509
2224 985872 525
155750 426652 449
169256 903174 525
517009 704846 509
657390 737839 509
5533 137895 354
317706 431550 449
413348 641002 509
274039 971186 525
591415 760333 509
247131 361593 443
547189 932292 525
146803 696347 509
206743 918690 525
161914 376886 443
227417 725166 509
680876 959429 525
156926 921448 525
296352 411164 449
505150 864210 525
408727 870125 525
178128 481873 449
102395 525271 470
8915 880011 525
89289 562527 470
250499 262945 443
395368 711395 509
462271 632286 509
107792 872366 525
365353 763988 509
181620 350000 443
95406 960580 525
194833 488918 449
190422 892072 525
513945 920628 525
32687 988812 525
380230 902843 525
590056 872710 525
274241 673017 509
87078 427674 449
826885 892232 525
501106 540515 470
805738 838981 525
854906 900003 525
721270 867456 525
391249 601958 470
182065 542412 470
289363 419481 449
196263 637590 509
68830 600674 470
330126 867024 525
280966 702966 509
264495 767771 509
238031 580702 470
61092 920567 525
608453 625197 470
757544 797672 509
259886 697748 509
431797 858234 525
48386 317482 443
296087 608075 470
347557 452987 449
927436 974486 525
135600 680260 509
283980 351338 443
299000 436134 449
397571 725685 509
174656 332984 443
660435 960921 525
837887 929208 525
148198 203208 383
631594 729330 509
763755 930167 525
19050 426456 449
156992 339687 443
134784 703666 509
326421 992483 525
13567 722118 509
607007 624681 470
3272 970839 525
5999 369444 443
97776 417614 449
454595 818596 509
144289 235557 443
163994 198863 383
182423 381368 443
43806 610561 470
266614 769114 509
185379 999601 525
23922 89156 351
375499 962167 525
48543 249311 443
708957 748143 509
505603 524018 470
414826 627877 509
21516 382179 443
111122 810006 509
99588 649949 509
469513 658600 509
744086 826366 509
171500 862488 525
485699 744789 509
389934 751365 509
633482 635385 509
262791 339792 443
709987 721989 509
177900 764380 509
189429 219265 386
59378 272483 443
466380 738635 509
22412 870338 525
351772 779836 509
57164 230904 443
367312 528957 470
198527 270543 443
367746 936909 525
306067 474949 449
209260 713059 509
450208 478546 449
662432 753862 509
766632 879151 525
237850 863246 525
345436 415689 449
251190 478487 449
261515 287592 443
134347 760113 509
131178 911604 525
160392 388080 443
784596 856756 525
656840 897911 525
175758 907563 525
476316 884575 525
224006 700913 509
514438 837403 525
119094 437941 449
166457 601418 470
55232 59041 340
350133 579308 470
19673 597788 470
84805 979090 525
162388 541939 470
280056 919154 525
357750 947223 525
97342 501226 449
30026 307820 443
120939 760075 509
569346 752211 509
572793 703536 509
153921 669526 509
827642 896152 525
44633 329148 443
550782 605205 470
590267 892954 525
674921 988981 525
112907 277482 443
628418 674751 509
514679 909567 525
54242 403485 443
41162 869795 525
92235 855221 525
77462 919722 525
305637 326656 443
338530 902545 525
448661 748628 509
432064 518571 470
744137 845072 525
22240 676418 509
758643 907887 525
137530 432579 449
77409 142747 375
21569 226049 386
582845 854575 525
78751 809266 509
264805 893923 525
220000 620611 470
279202 892751 525
933179 955725 525
581349 912722 525
101461 481675 449
11584 694719 509
208625 381129 443
180661 330080 443
148127 486343 449
335261 535468 470
182725 204011 383
445460 791546 509
144984 697946 509
615534 725902 509
353607 786334 509
388968 708636 509
120782 625292 470
250947 293549 443
444443 656630 509
51349 300612 443
335563 526599 470
126215 135184 354
160328 629155 509
20920 422784 449
514066 695990 509
761749 868064 525
176908 466165 449
300830 493398 449
543010 810282 509
439036 649698 509
488183 761721 509
383555 890406 525
209675 688735 509
135370 982636 525
135432 710111 509
881911 952860 525
721843 845391 525
221671 516345 470
323643 933813 525
814076 969255 525
602963 783296 509
71268 184217 383
596698 873439 525
107876 285088 443
163534 901560 525
210159 803522 509
655437 777157 509
583088 601604 470
442624 959898 525
239127 931591 525
148161 228336 386
197597 480465 449
397071 521540 470
358875 825825 509
401850 452699 449
788952 847167 525
390352 401847 443
33078 652505 509
481832 675664 509
142166 445652 449
30558 107049 354
112106 901676 525
679738 701628 509
295626 848620 525
181561 986410 525
465825 829248 509
364978 760581 509
190666 391690 443
413175 919078 525
610350 798923 509
780268 962727 525
826469 945075 525
47647 659978 509
414034 957987 525
51595 870360 525
935995 986921 525
176002 976552 525
266673 820776 509
229637 945373 525
89095 105866 351
548214 802567 509
209101 465768 449
84558 975817 525
68290 508461 449
542286 937988 525
587424 626707 509
8899 778096 509
68240 125632 354
670320 785708 509
170367 495036 449
94896 574777 470
106460 852877 525
333477 773447 509
325288 620963 470
171351 497473 449
149726 736158 509
148365 404130 443
488686 742913 509
162692 273391 443
249745 993246 525
363825 870530 525
172998 964083 525
406521 855025 525
42591 446592 449
32547 910471 525
323293 582870 470
618511 633235 509
111489 447450 449
199756 344648 443
136181 390584 443
607328 641156 509
425256 617790 470
162487 847934 525
338137 545312 470
59377 972580 525
123426 155676 375
158190 180644 383
599730 924502 525
250214 579470 470
282263 739076 509
164786 583810 470
70798 293607 443
10973 994778 525
462484 858131 525
193613 403069 443
575972 784070 509
837044 969167 525
528883 984068 525
5669 52104 340
182048 796016 509
334169 811262 509
605824 663414 509
78030 735366 509
66448 900384 525
781774 944946 525
500832 840178 525
196844 751666 509
335543 611590 470
26583 771455 509
425608 654148 509
81070 707155 509
204743 928296 525
75231 693483 509
485539 658537 509
68577 320441 443
187628 521974 470
160981 799605 509
962396 963723 414
917614 981893 525
55095 243998 443
322625 701674 509
322503 376768 443
80473 955317 525
367946 430894 449
305984 964095 525
120580 415857 449
223018 910928 525
686370 686784 336
20355 825054 509
612809 878679 525
146007 700268 509
350664 995061 525
545780 915834 525
10043 485662 449
253794 547907 470
456199 764728 509
277935 523103 470
69990 351476 443
377103 973444 525
98244 669284 509
794662 836558 509
419002 472869 449
17789 654992 509
733695 772042 509
712440 820446 509
497502 594852 470
328564 397802 443
136415 572264 470
61507 467452 449
142716 555866 470
402772 984820 525
24401 958386 525
403453 946190 525
77124 452901 449
188845 231226 443
650809 657555 509
239522 853151 525
383075 422857 449
772213 871519 525
138870 475051 449
327524 972751 525
288637 592490 470
770748 893789 525
485014 724411 509
121167 541260 470
507948 902133 525
545234 600454 470
37543 991295 525
235037 350963 443
710673 757016 509
363754 921910 525
5650 416244 449
140344 540674 470
15815 948967 525
661417 781115 509
314691 905448 525
351211 991081 525
57630 668525 509
101249 364374 443
326826 888801 525
503214 988573 525
43218 452809 449
245634 327214 443
465962 509026 449
347845 925076 525
206825 593380 470
413942 577890 470
153287 154950 352
108485 977524 525
773897 975375 525
348053 881987 525
225182 441307 449
448640 704221 509
100872 870040 525
308369 524383 470
130796 686398 509
175538 879233 525
429235 867338 525
344231 607649 470
39079 710162 509
523843 606153 470
30068 740983 509
303784 781028 509
126826 144330 375
318879 324532 443
128176 606770 470
353165 380762 443
552478 816132 509
378010 765378 509
341190 671477 509
262426 834347 509
605748 830534 509
136638 325740 443
433209 753561 509
45526 897359 525
666617 901343 525
370835 774800 509
414531 704590 509
235481 612921 470
661665 790699 509
672682 709697 509
360604 726797 509
312207 531756 470
572351 793126 509
589651 645585 509
332439 391432 443
271260 640723 509
64961 491678 449
240366 979770 525
800037 941536 525
291525 973252 525
279531 305156 443
487881 782396 509
395042 640481 509
70506 431093 449
314431 400047 443
297957 690239 509
508142 781723 509
427850 874081 525
537627 925847 525
537724 680016 509
435047 480913 449
319114 641294 509
439903 866946 525
373937 876476 525
531949 891777 525
390734 443871 449
335073 609835 470
529733 937675 525
14913 481448 449
572372 842453 525
54456 411877 449
82206 236622 443
239703 468525 449
175414 561908 470
57330 579576 470
372266 534138 470
144695 769320 509
557299 654039 509
24054 474125 449
81130 615215 470
783157 968146 525
68710 111166 354
114465 426704 449
25227 597944 470
8625 361216 443
158284 601626 470
423008 891392 525
244409 661287 509
54260 728481 509
687643 757435 509
400620 820152 509
126472 992480 525
107932 842540 525
125778 238767 443
214691 630257 509
282782 987901 525
379730 914578 525
259180 932144 525
744040 858301 525
4373 980434 525
181326 664296 509
127330 529937 470
308664 674088 509
637967 689437 509
185405 588735 470
33138 271744 443
410178 611167 470
887616 897551 525
896427 924585 525
473348 691360 509
779464 987841 525
17231 920100 525
523495 832040 509
26856 314900 443
281839 858073 525
148526 606559 470
580986 597287 470
659362 982067 525
115203 346513 443
313311 945304 525
494567 779431 509
102629 443370 449
122570 576148 470
897734 989883 525
533643 753275 509
98798 657665 509
533421 954688 525
67916 122362 354
417277 466132 449
227843 528436 470
289216 488196 449
13480 251864 443
615717 644648 509
680973 866507 525
139567 574425 470
868481 922347 525
751103 776093 509
393726 729606 509
265173 418177 449
263452 274730 443
225432 596379 470
809475 984132 525
193032 465209 449
467381 698493 509
147716 548015 470
216798 786584 509
862886 955219 525
414810 504216 449
220378 945504 525
283459 917549 525
77954 629453 509
209191 646156 509
265218 767306 509
262692 655317 509
200066 497831 449
425118 586195 470
135270 594538 470
922609 943790 525
825271 961718 525
718969 730112 509
349681 573172 470
269674 782779 509
199863 315806 443
315071 490538 449
780336 859814 525
64987 970275 525
324195 503541 449
97045 559353 470
223807 474392 449
678689 908614 525
275524 935246 525
475605 912066 525
234573 486789 449
586932 643336 509
165631 500330 449
4588 973482 525
284681 954932 525
960263 984907 525
74276 754388 509
384898 571077 470
116106 324128 443
418752 694964 509
118800 349869 443
396071 637896 509
844531 952036 525
221223 709969 509
430217 550310 470
157498 277215 443
513748 539634 470
280669 324948 443
135408 157868 383
956146 976174 525
14905 852820 525
495690 823412 509
91066 775082 509
282010 529571 470
9450 678142 509
163590 554055 470
47980 945636 525
146066 312740 443
266620 842732 525
544367 782003 509
126457 476079 449
138710 750089 509
477850 710897 509
662901 851092 525
319701 491644 449
129541 764592 509
186877 257350 443
74 590690 470
791071 977511 525
857901 950218 525
240064 377691 443
390430 734198 509
170291 790734 509
728326 830930 509
4129 159345 383
254885 279460 443
59356 793525 509
163542 993435 525
563180 571780 470
315686 660633 509
456102 549616 470
79620 565256 470
529441 924855 525
342392 767636 509
692005 740829 509
12016 140426 354
85647 622032 470
655064 901965 525
769800 795044 509
280572 982823 525
7013 254877 443
315994 692824 509
205467 456658 449
259730 799179 509
864455 902806 525
673811 894169 525
691362 745230 509
566256 763200 509
559762 634359 509
413682 605817 470
305480 392272 443
142952 693771 509
784998 917633 525
677830 934942 525
446217 755656 509
890639 935923 525
266507 717176 509
789624 896909 525
392072 810408 509
278004 924414 525
282596 418362 449
102603 124513 354
560502 967756 525
76112 185759 383
504899 516960 470
76312 255672 443
114058 685374 509
124345 494494 449
622065 782727 509
458214 978915 525
701180 707217 509
830807 949328 525
382014 611806 470
445415 979778 525
213180 847705 525
839554 843819 525
42864 558126 470
601349 804319 509
521266 701679 509
772506 835454 509
396131 869752 525
114820 579491 470
321640 672610 509
83484 422919 449
58766 255338 443
586638 597166 470
345466 766510 509
46716 145645 375
301043 592614 470
430311 574423 470
99045 557770 470
35804 377732 443
98175 420192 449
233184 915210 525
873846 892849 525
493442 683525 509
726898 744919 509
211518 991123 525
279527 485122 449
267147 894976 525
831416 891578 525
469351 691214 509
99015 469991 449
39022 69302 340
199956 367600 443
358938 684959 509
536792 895259 525
162411 797520 509
457974 853026 525
734488 890595 525
97352 956161 525
403426 467803 449
374106 829625 509
271976 898863 525
172777 186335 383
357287 643518 509
228208 509800 449
697114 698493 367
938011 970860 525
34822 619719 470
262683 508527 449
445997 617792 470
287117 423831 449
362238 675605 509
776518 793500 509
604232 810751 509
42313 558333 470
397246 437877 449
551411 634634 509
86792 252429 443
28764 442128 449
56499 505770 449
758687 947848 525
512247 515835 470
187125 928393 525
287126 649496 509
80978 962533 525
305937 977190 525
498036 842961 525
124378 212605 383
76777 158466 383
450587 673190 509
51801 245500 443
101577 718139 509
16705 60483 340
199223 331678 443
130648 526787 470
58366 110821 354
156278 767671 509
608235 715599 509
433358 736957 509
89123 587369 470
526083 650889 509
722598 750675 509
705396 765120 509
50600 652903 509
280624 814894 509
430838 912547 525
185278 292568 443
485574 585374 470
223060 380975 443
417616 447355 449
278664 899971 525
108349 465478 449
7243 187921 383
242489 324418 443
651451 759321 509
200142 637991 509
344034 722320 509
372911 544487 470
583682 960359 525
481951 871245 525
705154 858396 525
443045 755055 509
1800 743204 509
28162 527516 470
166386 382034 443
219284 256749 443
37753 711197 509
46929 93237 351
340882 675955 509
185593 863830 525
17016 387535 443
547342 720491 509
314417 657384 509
538322 644117 509
243152 401033 443
116356 371502 443
493249 815510 509
272863 842474 525
118104 562157 470
70727 155739 375
508891 955456 525
414133 652008 509
63375 840503 525
362533 366943 443
545837 988664 525
34408 242350 443
144692 739095 509
334127 415476 449
497420 791901 509
235748 844940 525
873 103599 351
551566 836175 509
43651 917689 525
13830 271000 443
250746 386792 443
209355 300388 443
250114 567268 470
306263 438911 449
746556 955339 525
198323 249229 443
661053 909066 525
