7829 241 262
720 1988 182
7743 1819 262
3052 4518 238
8156 6211 257
4067 812 238
6820 9736 260
4014 5403 215
4757 5623 236
2748 6369 262
4836 9508 262
9618 5366 262
1884 5794 238
4183 3085 238
8578 7776 252
3637 1893 217
480 1918 182
7187 2168 262
89 8659 262
5024 1551 238
6952 3856 262
6759 8167 257
9039 4303 262
8829 6027 262
6214 6933 244
5045 308 238
3712 6298 262
5078 1174 238
3981 5295 215
7989 2985 262
5640 9023 262
3316 4968 238
3783 9743 262
2465 1110 209
9935 8709 260
8740 9002 247
6052 5893 187
108 8267 262
6351 5069 262
6210 3517 262
8318 2700 262
5495 1297 238
4610 1857 238
6257 2737 262
3474 5261 238
4524 2530 238
1404 753 182
2548 1983 209
3133 9801 262
7955 3363 262
4681 9931 262
6988 9131 252
1561 2092 180
5396 6152 236
7664 5134 262
7020 1276 262
350 2769 209
313 1935 182
6033 3348 238
7537 1492 262
5559 1962 238
3447 7435 262
239 6549 262
5519 5673 236
8661 7584 252
2422 7675 262
6630 1342 262
389 4905 238
6568 3971 262
171 6419 262
8001 1625 262
6059 1474 238
8982 733 262
9264 3352 262
2703 2807 173
5403 6192 262
9065 1217 262
6046 7052 262
7614 5633 262
441 978 179
6382 6763 244
4822 1384 238
8123 8533 234
3124 5516 238
2837 5295 238
5788 3946 236
3484 485 217
1909 5301 238
8698 6811 257
7690 9530 260
5885 3234 238
1825 9967 262
6098 7601 262
7763 8686 252
8016 3861 262
2044 2422 183
5412 7201 262
7731 1841 262
6974 7952 239
8732 2406 262
6023 8119 262
2196 7105 262
3086 5676 238
7131 1865 262
6291 3066 262
8488 9470 260
6368 5969 262
5809 8159 262
614 9953 262
8492 7185 252
5582 3084 238
7605 2811 262
6455 3593 262
6996 8061 252
6203 5181 262
10 9302 262
4471 5016 210
1132 8933 262
2245 8281 262
8855 8581 216
9574 4284 262
959 4134 238
6467 5122 262
3816 337 238
6739 4030 262
6065 2076 238
1161 4586 238
655 3264 217
6211 3960 262
7999 4510 262
2399 6075 238
4530 7264 262
7796 5330 262
8555 5180 262
5700 4384 236
2814 7780 262
6080 6885 262
7222 3042 262
5017 4299 215
8656 3811 262
8388 6109 262
3545 6264 262
1341 761 182
1124 1138 138
1812 3536 217
8975 3846 262
8001 9407 260
8620 7115 252
9124 670 262
8444 7994 234
4374 2348 238
1342 1027 182
9631 6584 260
3383 3324 181
5952 2525 238
1099 1837 182
483 9117 262
4934 3109 238
8465 3690 262
2198 3094 217
971 1267 182
6855 7427 257
277 319 131
1728 8490 262
3224 8952 262
8409 8341 234
5842 3627 238
7412 1263 262
2991 3272 199
6898 1675 262
4038 4780 215
6373 9477 260
7586 6553 257
9172 9151 198
4828 3166 238
9844 2863 262
4989 882 238
1454 1183 177
8804 7503 252
5504 8942 262
909 422 179
3159 1547 217
186 6251 262
989 6900 262
5454 1365 238
7637 5991 262
7639 5759 262
2414 5765 238
8547 8827 216
4022 5854 236
2102 9233 262
9251 5519 262
4196 3414 238
3648 5256 238
1767 1676 180
9314 5086 262
3605 2670 217
4238 7348 262
1436 5709 238
2094 358 182
53 8994 262
1573 9705 262
1787 8228 262
772 8550 262
1975 3420 217
2197 6339 262
3588 1213 217
4842 5735 236
3617 1032 217
8136 3848 262
7698 5959 262
7468 9837 260
3359 7737 262
1023 6581 262
4081 9172 262
7190 8995 252
2425 1377 183
2052 2899 209
5732 312 238
4893 9325 262
8144 3470 262
4619 1206 238
1408 8044 262
1535 433 182
5001 8112 262
8873 5727 262
5622 4911 236
4559 8579 262
4204 6904 262
9336 8708 260
7474 9961 260
4997 7835 262
731 4440 238
60 640 144
9952 7572 260
6526 6533 169
9844 5128 262
7579 312 262
6953 3698 262
3367 1982 217
2675 9464 262
9963 4255 262
1748 2502 209
6272 8878 257
7128 1114 262
1795 3884 238
2438 7459 262
6179 9062 257
7391 3584 262
1448 2618 209
2253 796 183
9142 8202 247
1625 2329 183
8087 4026 262
6006 8053 262
6063 2962 238
7291 3707 262
8915 8309 234
4350 9409 262
4244 2392 238
9153 9605 260
4371 2698 238
4789 7193 262
8219 9248 247
6965 1764 262
2749 2054 209
9236 9708 260
5347 2522 238
4381 8595 262
3135 213 217
8352 4413 262
9847 4359 262
6377 787 262
4284 6066 236
5507 6736 262
7534 9781 260
5754 2872 238
8447 282 262
9263 6963 260
8379 9717 260
3438 2090 217
2227 3163 217
8292 232 262
3166 8950 262
5479 5456 192
366 994 179
9610 1664 262
6718 6963 257
2985 5287 238
1829 6788 262
9151 7177 252
4394 9099 262
9396 6995 260
9160 1440 262
3327 9914 262
5605 3943 236
4557 5662 236
7643 7272 239
104 9708 262
3417 5948 238
1572 9589 262
1700 1867 180
7592 5480 262
6852 8824 257
1457 8001 262
7828 7067 239
1146 4560 238
7676 801 262
9083 5676 262
3733 826 238
1132 1239 182
6554 8883 257
7033 3463 262
1019 1431 182
5704 9466 262
2600 7517 262
8863 1339 262
8243 3138 262
2723 6463 262
5142 8113 262
1420 1697 180
151 9181 262
8467 9703 260
5746 9569 262
2719 1644 209
1230 1507 177
9985 8892 260
2757 3486 217
1211 4706 238
9576 919 262
4579 5924 236
4063 2323 238
5474 2035 238
2159 9676 262
3890 4833 215
375 1408 182
4966 2426 238
9059 3267 262
3238 331 217
2321 1441 183
7876 9389 260
8230 7591 252
2536 3401 217
444 1908 182
6691 2193 262
2497 2166 209
985 5316 238
5946 2447 238
233 4005 238
5877 3054 238
5203 1503 238
74 6105 238
44 4488 238
8026 2875 262
6632 370 262
2351 3815 238
5716 6603 262
7796 8617 252
6658 8305 257
1770 1052 182
410 6823 262
7868 684 262
6687 3902 262
9975 4505 262
255 5230 238
6763 1113 262
2994 75 217
7104 349 262
4988 435 238
9159 9439 260
6922 2881 262
8057 2600 262
5896 4469 236
8843 2020 262
1111 8741 262
8356 6773 257
4477 8733 262
420 185 144
9266 319 262
1931 6181 262
1497 3361 217
7665 3233 262
872 4795 238
3267 2763 217
5756 9913 262
2668 7699 262
3854 1294 238
7874 623 262
5866 195 238
9247 7609 252
8852 1792 262
7936 4583 262
5600 4257 236
5897 1789 238
3978 3908 189
7288 2480 262
5222 9979 262
2151 6715 262
7504 2542 262
8030 8062 190
9390 3273 262
6370 6342 200
8580 7914 252
8013 6180 257
539 3412 217
3378 3052 199
462 5476 238
9252 2943 262
7271 3496 262
5733 4673 236
5100 3152 238
6368 8850 257
3276 3316 168
4883 7371 262
8197 2201 262
4369 3124 238
1933 6119 238
9497 2723 262
8876 2177 262
3171 9481 262
5739 1449 238
6747 5854 262
9258 3310 262
1768 9452 262
1559 9491 262
2673 4082 238
8636 9209 247
5836 5189 236
5130 5006 179
1479 6336 262
7712 9505 260
9639 1265 262
8132 7255 252
1011 9785 262
9807 4005 262
5442 3639 238
7731 1578 262
9756 8580 260
9497 7411 260
1618 7794 262
526 5315 238
8024 6065 262
5208 8269 262
1973 3359 217
177 9398 262
4464 4727 184
5576 8883 262
526 4658 238
7872 834 262
2584 8879 262
320 6999 262
4639 8118 262
22 5302 238
2936 4963 238
2389 2230 183
7769 8599 252
6854 9051 257
8853 4273 262
3605 8018 262
6594 5098 262
7973 7246 252
7171 5513 262
6126 5680 218
9254 3581 262
4159 4389 215
5112 6741 262
7894 5148 262
6109 6504 262
3255 4311 238
5026 7968 262
140 7917 262
7909 4119 262
7856 7698 221
962 5674 238
1455 8235 262
8721 3437 262
1423 2029 180
1805 1443 180
2193 1306 180
8872 36 262
1531 5390 238
1384 8137 262
8437 597 262
1176 3546 217
7559 3182 262
3226 7843 262
4465 5895 236
9535 3037 262
6366 4074 262
5002 179 238
4703 6133 236
7603 2402 262
5064 7232 262
3965 7441 262
9422 6904 260
7879 6423 257
7601 7685 177
7104 5776 262
6440 8619 257
8555 8515 172
65369 11020 340
13047 24125 282
50579 73406 340
53637 16467 340
64656 63797 299
73661 41343 340
82255 81801 289
67654 36282 340
78476 94058 338
22681 45064 324
65395 98616 351
34603 64377 340
22891 36579 324
71313 13460 340
35202 89483 351
19021 10676 279
14734 17318 271
34250 20730 311
47013 42730 314
84759 84392 289
93464 39014 351
49574 28644 324
17870 70111 340
60394 42156 340
98486 91127 333
24162 10238 282
50072 18249 324
88275 98056 333
81166 64189 351
12935 65600 340
99269 77497 338
94739 30365 351
97377 80376 333
74141 87133 351
19463 10286 279
52892 82502 351
73055 85272 351
61922 40863 340
75603 53032 335
85379 60401 351
45851 31379 324
99167 93620 328
24257 57160 340
93667 79092 333
29134 47274 324
15769 28274 308
28909 11082 308
22024 55986 340
35194 26233 311
35213 18159 311
38725 81970 351
18150 19767 274
51968 87504 351
74420 10377 340
72520 85690 351
65747 28532 340
68375 34719 340
98196 70828 351
47039 16965 324
60155 60333 317
92605 26662 351
51949 31118 324
73850 58130 335
89587 98267 333
40626 24766 324
72477 64798 325
76809 21987 340
10833 59383 340
16944 97646 351
73676 73920 294
29135 71315 340
51711 92558 351
11630 24274 282
95636 82873 333
20740 53168 340
23002 92645 351
20373 45505 324
68283 83781 351
10046 48247 324
42133 79868 351
74944 15883 340
12178 36731 324
63122 92107 351
12997 68629 340
50117 72182 340
35247 69401 340
85742 10186 351
10824 59398 340
57517 81913 351
84121 13083 351
56840 99684 351
40271 82396 351
69948 24130 340
54731 84410 351
44032 17517 324
51647 88777 351
87756 90599 333
25131 86874 351
14343 98366 351
94825 83714 333
37232 45294 314
75263 57209 335
90042 44170 351
30349 31269 254
24124 47534 324
75437 56257 335
66467 36213 340
53462 25668 340
17103 28013 308
42171 43315 288
27684 50243 324
72472 61478 330
50537 31169 324
78642 16039 351
26963 80925 351
18775 82519 351
19242 21822 274
60276 55009 322
23770 95244 351
47749 54466 340
59505 43536 340
35319 21825 311
41489 35338 324
19740 38996 324
24172 46429 324
61609 52535 335
42482 78276 351
59874 61002 335
13237 39827 324
45949 86945 351
73602 29683 340
55351 35139 340
35419 93663 351
93215 95897 328
67341 11003 340
32017 49153 324
34726 90087 351
41825 23559 324
35664 67474 340
21195 79812 351
86496 99723 333
51752 18951 324
88465 88824 271
84376 31505 351
90887 85489 333
10100 13191 268
71207 30051 340
10138 26209 282
58643 49276 340
53971 25919 340
43722 16387 324
79285 71337 351
18467 58548 340
92880 64199 351
10471 37090 324
23750 22670 282
81458 28041 351
34903 65534 340
34781 80966 351
16681 86589 351
56821 37654 340
17262 69709 340
11072 95422 351
47671 31711 324
96424 54110 351
59183 20711 340
90529 87295 333
60384 24199 340
63444 97967 351
24071 88233 351
28648 82528 351
32577 61466 340
67159 66125 268
99050 17768 351
61742 94860 351
17759 19057 261
65467 48722 340
72764 34601 340
73128 39281 340
28945 66693 340
94725 76880 351
54916 70295 335
88715 36120 351
19817 35877 324
19664 49254 324
36124 21823 324
70325 95283 351
57161 95166 351
44877 33054 324
61770 34795 340
79998 45666 351
11308 57958 340
49624 32153 324
67820 94556 351
83357 40987 351
80854 51613 351
93845 82750 333
80532 15527 351
54155 89100 351
94866 28085 351
45606 13189 324
29026 91327 351
64170 20381 340
65098 75324 325
38238 62327 340
47995 95317 351
69560 45416 340
63424 79918 351
10332 15085 276
41845 25783 324
19351 35551 311
91887 57136 351
60404 40995 340
31805 41185 324
45775 45408 239
32135 69035 340
41835 70736 340
15560 30003 308
19599 81304 351
93561 79880 333
21589 46803 324
13391 28085 308
68165 18556 340
85969 34928 351
98220 99864 328
70425 14915 340
21374 32639 308
56724 19276 340
69978 94932 351
28632 42772 324
11700 34383 311
95859 15224 351
28025 41987 324
98810 30523 351
98156 53406 351
88881 68296 351
42050 42988 288
76044 63662 325
39983 53661 340
39720 74796 340
97903 42892 351
37197 90698 351
94685 86659 333
32374 65797 340
62921 47279 340
43464 13891 324
65328 85330 351
49682 33991 324
27801 91912 351
81795 22178 351
33896 35152 311
73270 92324 351
54178 86765 351
56342 98982 351
81258 11617 351
40511 24554 324
82973 88925 333
99325 99098 297
37987 31743 324
35360 80015 351
77630 88348 338
65209 15571 340
17106 45942 324
24297 69523 340
52709 55742 322
59762 38940 340
42611 90130 351
61369 11770 340
39583 68811 340
18617 39135 324
70928 47963 340
56818 62377 335
92708 30967 351
12888 80145 351
91613 62425 351
77640 85055 338
74261 71910 294
89293 94540 333
42938 17101 324
42883 57880 340
10919 83407 351
28744 33630 285
97351 96742 266
71033 43123 340
70442 65023 312
91270 26678 351
14193 46962 324
20777 83777 351
50596 85807 351
17393 31923 308
38567 17366 324
53967 31171 340
24664 41573 324
20311 36469 324
97523 52860 351
11386 22031 279
45503 63487 340
55979 22078 340
50323 96356 351
11020 53375 340
26548 89998 351
72903 22663 340
32107 45783 324
18065 86391 351
92734 39540 351
32722 75341 340
64007 16892 340
27293 29728 272
75718 39151 340
16444 83088 351
41785 90423 351
59918 86404 351
92903 38389 351
65443 73353 325
69818 60770 335
77535 25623 351
14272 80365 351
53878 65304 335
15794 10989 276
16695 11394 276
12972 18655 279
83741 78547 338
92505 65277 351
88018 68736 351
65330 92384 351
52002 75155 340
75990 17237 340
87947 36042 351
11432 29610 308
80007 95214 333
35377 62302 340
89573 99821 333
53972 60573 322
88324 54035 351
95344 79899 333
29490 94702 351
75797 21993 340
26981 28590 259
14778 47052 324
89099 26360 351
26464 13205 282
22825 41952 324
23325 49948 324
14360 17568 271
14974 14295 271
15315 50436 324
13022 63536 340
38502 52490 314
21700 23351 269
34473 92996 351
19381 95532 351
41572 15968 324
59578 72091 335
29033 70236 340
18112 86774 351
62825 15501 340
57600 76200 335
76625 71261 325
36251 40424 306
16903 33764 308
75886 91512 351
56874 84669 351
64745 36274 340
47728 55052 340
59129 90161 351
96825 87731 333
59301 20685 340
77283 32616 351
46120 67108 340
97929 29358 351
24211 11553 282
70576 91578 351
14451 92476 351
10382 73297 340
64535 84626 351
73222 58138 335
87378 40636 351
71575 89437 351
72460 69002 325
47228 19468 324
62773 61418 317
17071 73530 340
66821 73303 325
27851 15554 308
20514 20286 243
84034 98292 333
96845 62376 351
98207 76061 351
51177 44670 314
13479 30501 308
25451 93966 351
49585 48455 296
93167 64414 351
83805 59978 351
12761 75983 340
29049 20592 308
75862 25858 340
74929 40957 340
11826 27669 308
43755 13968 324
21632 16002 279
91381 55682 351
90363 74519 351
96890 72958 351
56551 82007 351
96929 48997 351
52908 36205 340
83478 32170 351
18744 51884 324
43871 29585 324
13065 49123 324
65596 90009 351
49411 65256 340
82173 42058 351
70257 81017 351
18928 70844 340
34813 24878 311
54883 84131 351
46950 10172 324
27076 63368 340
33915 81342 351
31296 75419 340
44082 15444 324
43582 50011 314
92539 54015 351
12933 13773 276
20805 86895 351
53125 12328 340
17161 97206 351
21874 83672 351
67922 24756 340
61116 57445 335
31843 65107 340
41331 84113 351
93212 76008 351
51958 37286 314
74996 94256 351
30424 15026 308
40062 54430 340
42111 75994 340
32334 84520 351
89375 44332 351
64900 30679 340
64300 92936 351
24054 14816 282
47925 44920 314
28329 69618 340
10882 95184 351
11630 32975 308
36553 13296 324
72756 83306 351
27194 18310 308
90607 19441 351
13093 71113 340
48649 70446 340
25498 18969 282
32551 85880 351
55134 33393 340
55304 64209 335
96653 52711 351
38487 43807 306
48686 72861 340
55156 80325 351
79679 65745 351
41452 89550 351
81952 99796 333
18526 63526 340
49593 55212 340
15865 48044 324
81107 90565 333
75568 96133 351
65108 95543 351
64210 57171 335
88430 58271 351
12519 31263 308
20023 78235 351
69081 71601 325
52881 46918 340
50837 67214 340
24699 13553 282
75764 40162 340
75349 53188 335
30796 59506 340
63889 13065 340
58894 55528 322
85987 95164 333
33981 63335 340
47910 26858 324
69639 75385 325
89178 50145 351
73258 88931 351
78825 81213 320
43158 43744 239
79191 55515 351
21240 71797 340
96306 70664 351
99397 41635 351
62304 94658 351
19296 31463 308
23732 44714 324
