1 1 1
10 1 20
59 72 108
53 99 119
1 38 112
87 91 93
82 90 111
18 71 113
75 82 111
20 94 116
68 82 116
99 100 26
41 92 116
40 100 119
55 86 116
23 92 116
75 84 111
48 88 116
84 95 106
96 97 119
43 63 113
6 95 116
13 32 112
3 10 20
57 98 119
43 95 116
62 94 116
29 60 113
100 100 26
77 79 36
9 56 113
6 52 112
4 70 113
88 94 106
55 92 116
55 83 116
72 77 116
7 64 113
20 79 116
29 50 110
85 96 106
68 68 15
52 54 113
97 100 119
88 99 119
90 100 119
81 89 111
71 100 119
86 89 31
4 28 112
98 100 26
18 44 112
94 96 106
15 81 116
20 64 113
48 94 116
95 99 119
11 20 21
60 98 119
53 55 113
30 90 116
82 85 111
52 60 113
77 82 111
97 97 119
72 83 116
97 98 119
81 97 119
52 98 119
22 70 113
13 98 119
70 79 116
17 79 116
41 44 110
29 34 107
77 77 23
100 100 26
98 100 26
17 63 113
31 97 119
22 44 112
52 53 12
54 95 116
72 89 116
58 80 116
17 70 113
9 25 24
51 94 116
80 89 111
55 85 116
20 66 113
11 57 113
97 99 119
8 27 112
95 100 119
30 67 113
17 36 112
87 92 93
12 74 116
91 95 106
60 99 119
42 56 113
111 912 179
207 497 144
279 715 171
264 982 179
501 983 179
140 525 144
186 345 144
429 476 129
760 846 153
499 799 171
103 381 144
965 995 143
647 982 179
694 936 179
796 942 179
302 522 144
956 994 143
720 822 153
226 275 128
410 481 134
816 874 179
896 914 130
970 989 143
607 932 179
970 975 143
648 906 179
678 874 179
948 971 143
174 732 171
508 838 171
912 985 174
659 677 145
528 994 179
259 510 144
362 830 171
289 725 171
277 447 144
970 997 143
533 931 179
347 679 145
315 830 171
379 478 134
606 954 179
841 938 179
766 948 179
738 795 153
3 828 171
71 270 128
459 698 145
547 970 179
619 886 179
654 950 179
996 996 50
301 391 144
788 809 122
107 255 128
939 995 143
375 774 171
477 484 98
286 854 171
49 687 145
74 105 119
618 985 179
38 351 144
958 1000 143
694 733 171
725 890 179
75 854 171
794 976 179
687 712 171
715 791 153
240 565 144
625 868 171
463 769 171
950 1000 143
330 409 126
199 891 179
331 748 171
267 438 144
542 596 137
256 349 144
866 959 179
784 845 135
399 581 142
908 961 174
747 948 179
419 659 145
178 543 144
92 762 171
755 923 179
52 297 128
916 933 130
412 690 145
523 523 124
674 752 171
27 351 144
552 588 137
528 852 171
22 890 179
610 837 171
766 863 153
991 991 99
969 984 143
139 882 179
616 698 145
856 903 179
322 447 144
124 340 144
141 267 128
624 841 171
653 927 179
285 601 144
568 895 179
501 900 179
402 631 142
270 787 171
190 599 144
115 477 144
768 874 179
753 944 179
768 862 153
116 892 179
432 627 142
105 341 144
199 423 144
261 837 171
488 827 171
768 876 179
189 618 144
411 684 145
721 777 153
679 769 171
430 669 145
589 603 119
346 487 142
606 708 171
592 849 171
533 565 137
186 897 179
972 977 143
408 730 171
851 860 148
497 979 179
844 972 179
786 926 179
190 655 145
331 635 142
330 442 134
225 667 145
192 833 171
565 862 171
228 715 171
339 563 142
115 938 179
641 854 171
682 749 171
940 979 143
771 811 153
438 675 145
697 716 171
932 983 174
147 621 144
334 698 145
935 968 174
739 879 179
975 998 143
714 952 179
333 376 126
635 869 171
249 690 145
301 924 179
465 628 142
156 298 128
741 942 179
520 914 179
179 448 144
125 745 171
919 927 130
113 935 179
783 994 179
238 395 144
877 960 174
263 399 144
783 903 179
198 871 179
437 737 171
137 522 144
117 207 125
672 784 171
327 476 144
987 989 50
920 988 174
540 844 171
662 837 171
621 846 171
209 624 144
579 800 171
455 701 145
996 999 50
392 578 142
6831 9049 257
2264 6448 262
8785 9501 260
2494 4228 238
1412 3157 217
9535 9862 211
2035 6305 262
8823 9282 260
3966 8096 262
7286 8456 252
5601 8875 262
2434 9813 262
8476 8699 203
6810 8737 257
3525 3656 194
9846 9990 242
7857 7884 146
5229 9669 262
9120 9460 260
4051 5803 236
7538 8093 252
8610 9222 247
8669 9908 260
2422 3251 217
4824 8926 262
4569 5481 210
6326 9812 260
9852 9998 242
2126 2944 217
6360 8457 257
5465 9042 262
9929 9993 180
7077 8442 252
8055 9727 260
7688 9329 260
6761 9117 257
7244 8721 252
1790 8993 262
1596 9988 262
2185 4475 238
5205 7620 262
1940 5094 238
1333 1974 180
2400 7058 262
5749 9061 262
6882 8003 257
9281 9788 198
3416 3892 238
1810 4196 238
9319 9403 198
7315 8828 252
8837 9996 260
7465 9438 260
3139 7232 262
5979 6324 262
7309 8552 252
9574 9582 198
3698 6660 262
9318 9539 198
1013 4027 238
8917 9464 260
9113 9309 260
2431 8617 262
4339 7568 262
8545 9128 247
4619 7600 262
2146 3018 217
2059 6812 262
9269 9338 185
7492 7508 177
4922 5748 236
3092 7136 262
7816 8740 252
8464 8957 216
8964 9077 185
6530 8614 257
6779 9388 260
8335 8638 234
3347 6228 262
3842 10000 262
9663 9788 198
4044 4812 215
7906 9997 260
6687 9413 260
9090 9846 260
7543 9591 260
4182 8654 262
1189 4569 238
2683 7256 262
3858 8896 262
7086 7406 208
6359 9535 260
1581 7238 262
8858 9322 260
6531 7911 257
9548 9701 198
3711 6652 262
3738 6812 262
1533 6335 262
3118 9312 262
6858 8133 257
6285 8765 257
2742 6384 262
7008 7176 195
950 5893 238
522 2748 209
8207 8939 234
8770 9061 247
6582 9730 260
4112 7634 262
4567 4655 184
345 4615 238
5091 6093 236
2382 2630 209
9670 9862 211
2090 6634 262
6988 7570 239
7883 9696 260
3749 8512 262
6861 7901 257
1280 6283 262
8918 9947 260
820 1182 182
2520 3959 238
8144 8495 234
2531 3991 238
3149 5152 238
8870 9483 260
1920 8597 262
7261 7590 239
1801 4186 238
9426 9729 198
7326 7565 239
6169 7712 262
3719 6165 236
2768 9908 262
8477 9325 260
6420 6567 200
497 2737 209
6433 6612 244
3583 9784 262
879 1202 182
8427 9431 260
8770 9718 260
7892 9180 252
6571 7464 257
7669 9143 252
7077 9431 260
7449 9337 260
318 1097 179
6296 9988 260
1784 5921 238
8667 9522 260
8660 9204 247
8253 8893 234
2349 4071 238
7808 8396 252
6186 8470 257
1951 3009 217
2257 7088 262
9910 9928 149
937 5402 238
2523 4339 238
5721 6347 262
6366 9850 260
2396 2621 209
576 6864 262
6254 6314 156
909 5167 238
1962 9300 262
3937 7240 262
2811 8702 262
1004 4324 238
2850 7240 262
1896 6250 262
7655 7950 221
6348 8098 257
9966 9969 136
3789 7052 262
163 8640 262
7981 9309 260
6902 8138 257
6155 9553 262
7887 9856 260
3451 6448 262
4051 5059 215
3274 8096 262
9367 9915 242
4941 6317 262
2463 3015 217
2386 3128 217
8283 8616 234
7902 8883 252
3677 4868 238
2235 5439 238
8363 9875 260
3794 4311 202
8455 9638 260
8303 9600 260
6967 9877 260
5151 8812 262
6579 9540 260
1493 7007 262
4966 9244 262
2625 8437 262
3820 8521 262
6699 8313 257
5889 9935 262
54 3053 217
2906 6178 262
9021 9108 185
2803 9401 262
2160 2918 209
5000 8430 262
1568 6028 238
5139 6039 236
9073 9828 260
255 4511 238
3562 7069 262
8996 9298 260
5813 8848 262
2542 9462 262
3656 4136 238
4815 9068 262
8181 9357 260
4473 4670 184
8998 9004 185
2733 2880 173
294 1646 182
7045 7710 239
727 4635 238
4821 8113 262
3782 4825 215
5650 9738 262
3936 6722 262
1389 4648 238
3039 6788 262
1755 8180 262
6155 7901 262
8743 9822 260
9100 9717 260
8695 9829 260
5281 5878 236
6119 9559 262
349 5354 238
3013 6199 262
2477 4740 238
9772 9829 198
41 7292 262
1269 5780 238
5553 8168 262
3149 7345 262
8617 9432 260
384 2034 182
9741 9798 198
9406 9447 154
7950 8211 252
6732 7533 257
8044 9212 247
8445 8665 203
7703 7930 221
3594 3813 238
7723 7749 177
1212 3333 217
5311 9124 262
8255 8741 234
8580 8669 172
7196 8203 252
6589 8807 257
5775 9440 262
9834 9947 242
9463 9993 242
1191 7619 262
1029 9483 262
8944 9126 247
4065 4633 215
3384 4887 238
1417 9481 262
8001 8970 247
938 6850 262
1651 1730 180
8828 9497 260
3336 9423 262
6377 7204 257
955 6809 262
5207 5393 192
6752 7544 257
9290 9755 198
2552 7234 262
7836 9671 260
8260 8719 234
2673 7179 262
9874 9898 242
2139 4635 238
3078 7963 262
39 3379 217
1937 3121 217
339 1162 182
280 7225 262
7329 9042 252
42881 58759 340
84536 98509 333
56504 84644 351
35847 92151 351
82163 86499 320
36070 68613 340
70889 80453 351
94224 97946 328
77492 97881 338
52054 57884 340
83694 97857 333
33146 98880 351
37627 96359 351
79602 86436 320
79896 90764 333
82254 93013 333
63963 97216 351
83304 89447 333
15337 20848 279
63551 96658 351
31327 72169 340
92206 98338 328
45459 94653 351
91325 96160 333
32728 47414 324
22969 28831 308
15150 39001 324
84792 90562 333
76845 80515 351
58444 72298 335
13202 34444 311
40303 65708 340
35296 48412 324
78957 90627 333
75890 85823 351
82896 88735 333
43065 75577 340
48694 63209 340
66344 97856 351
83679 85433 320
75933 88640 351
12336 39556 324
40289 85281 351
29191 74006 340
95459 99538 328
19317 78019 351
72242 84566 351
18994 92546 351
94397 96604 328
54249 82800 351
94090 96875 328
51665 78374 351
39982 59545 340
77711 86502 338
27484 36179 324
79659 80864 320
28572 46167 324
89147 93411 333
47636 84075 351
35556 57165 340
62330 91962 351
77425 98570 338
44440 85169 351
22216 94428 351
54953 89501 351
51362 95119 351
57377 81355 351
98637 99799 328
56685 58673 304
83555 97714 333
80290 89127 333
27554 70126 340
19544 95353 351
61578 63909 330
31418 76133 340
94363 98290 328
47387 51376 309
10940 91828 351
81935 95767 333
42864 65664 340
37486 38999 306
49066 68585 340
45576 63269 340
82340 96127 333
36367 38364 306
31985 53025 340
38174 81293 351
60069 71834 335
74603 98926 351
83021 87866 333
17727 22618 274
40545 87301 351
32784 66289 340
73468 81899 351
32700 34256 311
58455 91826 351
25875 62889 340
27542 80100 351
52309 78352 351
17088 47986 324
88838 96716 333
31508 69181 340
43326 62952 340
92845 95295 328
70112 93062 351
95667 98007 297
4907 62334 340
79923 95750 333
77934 95211 338
47279 87888 351
1782 77825 351
20849 29665 308
65572 84074 351
95917 99661 328
13685 69711 340
78511 82766 338
30686 93235 351
52121 63419 340
76513 80594 351
2874 65677 340
55200 83999 351
76549 83397 351
71339 76470 325
68436 91356 351
43461 95256 351
59843 71109 335
10663 68284 340
1428 3022 217
10112 54193 340
70991 83833 351
18649 72505 340
56904 98578 351
6466 25675 282
53136 61366 335
605 29218 308
4392 85895 351
25396 72239 340
97347 99894 328
32334 61500 340
66383 95899 351
11950 47321 324
79049 93926 333
31189 53999 340
39780 60651 340
63404 77281 351
49633 79239 351
41903 46579 314
18971 71795 340
6748 28264 308
36660 50378 314
9262 56056 340
45114 78477 351
58853 68226 335
82165 83277 320
58254 76644 335
87420 98610 333
38093 90592 351
78582 96783 338
40543 61604 340
27888 68871 340
46067 61583 340
16568 23845 282
95446 99073 328
78652 99507 338
58105 77970 351
24614 89216 351
36846 46285 314
45168 91719 351
1367 49079 324
46286 79381 351
6227 95973 351
3028 5129 238
33434 52325 324
47556 88005 351
41731 58938 340
48789 81979 351
54673 72735 335
10534 16596 276
2119 21742 279
99190 99908 328
97589 98452 297
60874 84104 351
62010 82791 351
79385 86665 320
14074 40250 324
36704 47798 314
54122 88275 351
76469 88274 351
64137 81475 351
126 48278 324
7833 47333 324
51287 52968 340
51609 72974 340
61508 77465 351
53753 86563 351
82121 85325 320
63423 86481 351
50897 74889 340
83615 88703 333
87359 91502 333
837 901 179
893 985 174
648 892 179
221 747 171
30 567 144
444 658 145
959 962 130
151 371 144
798 861 148
121 277 128
818 903 179
144 777 171
258 365 144
559 752 171
488 518 142
790 809 122
372 390 121
6 481 144
678 916 179
716 790 153
339 831 171
405 638 142
306 741 171
296 525 144
4 907 179
525 577 137
821 923 179
557 627 132
246 325 131
865 918 179
861 876 179
552 844 171
217 734 171
516 786 171
329 434 134
464 472 129
731 735 140
278 852 171
126 318 131
220 390 144
6 491 144
128 615 144
715 997 179
947 960 130
19 493 144
126 230 125
321 523 144
565 837 171
983 990 143
50 426 144
770 808 153
865 886 179
267 777 171
883 920 148
908 965 174
389 557 142
197 855 171
758 871 179
727 822 153
709 800 153
168 683 145
773 997 179
859 945 179
511 755 171
483 512 142
854 865 148
651 859 171
505 668 145
384 646 142
384 818 171
361 630 142
734 822 153
505 933 179
255 937 179
694 969 179
120 840 171
1 104 119
998 1000 112
1000 1000 112
372 613 142
727 935 179
325 592 144
125 272 128
821 861 148
644 721 171
327 804 171
285 721 171
269 859 171
251 455 144
368 923 179
81 952 179
383 622 142
714 925 179
697 846 171
264 316 131
714 998 179
297 362 144
453 815 171
422 548 142
316 971 179
473 997 179
71 83 116
995 995 24
719 956 179
229 573 144
990 992 112
94 153 122
696 914 179
365 551 142
423 437 116
183 597 144
909 980 174
634 820 171
57 977 179
20 55 113
946 975 143
895 933 130
304 405 144
111 964 179
775 909 179
48 233 128
554 650 145
88 377 144
568 744 171
209 544 144
334 617 142
924 948 174
834 881 179
492 883 179
213 239 128
311 807 171
377 414 134
704 752 140
733 865 153
955 995 143
623 782 171
915 982 174
283 334 144
927 938 174
66 972 179
739 775 153
846 925 179
863 886 179
895 896 99
164 479 144
218 541 144
809 824 135
346 858 171
30 280 128
656 820 171
711431 965246 525
684166 803063 504
96337 566801 470
278543 423829 449
28327 358444 443
726622 730485 380
489958 978535 525
327529 482202 449
156251 513525 470
69835 819349 509
496802 753997 509
818205 976553 525
284702 984079 525
480826 996307 525
914141 973749 507
694030 885702 525
902036 966885 507
756506 765784 380
814751 972873 525
101760 825741 509
839013 956409 507
984062 999710 440
757632 845981 525
440857 501440 444
697425 848113 525
62321 381019 443
175519 620567 470
220398 318763 443
11774 658626 509
935633 990102 507
9959 944051 525
9571 152150 375
6068 791151 509
869 120438 354
4065 21741 279
3890 714368 509
6355 739102 509
5605 461396 449
844 74981 340
9156 474507 449
5149 496880 449
5778 749837 509
8314 901752 525
9999 99633 351
1181 780577 509
3728 49406 324
3744 621928 470
9762 902532 525
6725 508233 449
4293 268502 443
1 1000000 525
