130174 917398 525
773379 514092 509
352600 341277 441
301272 953069 525
639939 65198 509
146471 520700 470
23971 979450 525
118380 594607 470
177585 188107 365
466748 764984 509
232119 481787 449
371521 808048 509
952401 704564 525
540092 916547 525
763721 137803 509
165249 138628 383
359237 764869 509
580118 655885 509
7546 739665 509
115129 275120 443
653778 87242 509
924758 231269 525
950106 33680 525
299097 805977 509
449730 37529 449
439608 148946 449
195867 482798 449
975505 56111 525
173192 617178 470
73433 489406 449
685771 893459 525
102900 595990 470
553440 638096 509
421940 780107 509
768403 14132 509
416413 829238 509
129663 849771 525
671853 277002 509
69219 890283 525
253042 857575 525
796 668525 509
984905 242751 525
431132 334814 449
146882 962823 525
664519 99642 509
456638 331410 449
835665 576686 509
283771 457823 449
455563 594502 470
190060 385797 443
519481 177592 470
151538 619250 470
801039 828500 450
281197 906273 525
98191 412729 449
862779 518859 525
532697 340402 470
64064 786891 509
448772 954010 525
496909 485953 426
674856 304074 509
838232 268404 525
505099 241304 449
18494 39726 324
542517 771872 509
462856 236549 449
736455 800410 468
630187 264250 509
251486 16783 443
79488 215661 383
267185 997383 525
926218 365771 525
199764 474371 449
200979 850258 525
783899 571559 509
958295 554677 525
334991 125968 443
839662 748928 525
278455 332617 389
937293 119527 525
370689 84469 443
478841 581157 470
858263 444336 525
559804 411312 470
423794 792610 509
610741 794125 509
513372 666202 509
354928 592868 470
756652 745883 424
447719 707973 509
732021 835162 468
815133 676905 504
956321 684887 525
210121 162967 373
821150 489288 509
532089 947998 525
869329 68103 525
423768 983253 525
331158 410489 449
627039 832322 504
704369 245903 509
416748 652112 509
419340 500589 444
113500 633078 509
899530 858246 445
471752 775844 509
425279 932629 525
207625 533235 470
821101 847778 525
588147 100669 470
418330 86762 449
379846 331225 441
26394 389682 443
491372 977264 525
431463 242260 449
838513 476098 525
78573 977880 525
757807 183638 509
831767 739525 468
273636 868273 525
9141 423447 449
779834 505689 509
475730 870385 525
23071 130272 354
690475 391098 509
69952 420787 449
736757 587868 509
486140 336692 449
308870 148470 443
386944 418505 449
129743 988506 525
287195 894899 525
577579 657424 509
515316 424669 470
113961 510057 449
830457 525259 509
261699 536144 470
614862 363989 470
310619 529177 470
103980 993054 525
517618 585670 452
332944 166125 443
564367 367723 470
827357 994050 525
761054 400489 509
620404 96481 470
993979 147568 525
643361 368875 509
364919 567044 470
597671 662416 509
474841 232727 449
846413 916226 476
235675 914581 525
325752 592682 470
38291 169091 383
794710 447663 509
974856 240431 525
981041 192663 525
350892 74692 443
633065 565336 509
149741 281373 443
448510 958607 525
218742 535371 470
560715 890978 525
124012 437663 449
384243 689009 509
602084 660487 509
932773 154684 525
859216 508529 525
17625 727039 509
282827 263715 407
776693 338857 509
445221 580274 470
307743 924732 525
313798 41230 443
851415 293807 525
85382 818495 509
49345 170818 383
768106 163606 509
417145 974468 525
35760 500405 449
675879 77971 509
513859 576192 452
591130 562213 434
312605 147635 443
150502 382014 443
219890 445541 449
261315 997114 525
325988 78734 443
549532 405759 470
318609 811425 509
311362 405855 441
349300 56928 443
714517 469801 509
318818 227713 443
134182 576698 470
174033 445899 449
783200 437516 509
771529 624421 509
854546 311946 525
573518 623145 447
672309 913493 525
677758 548421 509
749024 787052 468
434692 583750 470
778374 764215 468
521076 868207 525
148784 571401 470
674317 295168 509
994144 891316 507
596493 597014 266
381397 352177 423
615339 881321 525
292940 272753 389
782222 915262 525
203410 216664 386
952085 175347 525
780211 485869 509
952121 429996 525
128719 18654 354
813015 923569 525
467669 445858 444
729905 21007 509
646652 616408 509
393592 115694 443
204900 625361 470
170441 926737 525
601454 930350 525
243419 377308 441
253737 467214 449
768088 919965 525
99309 642562 509
773796 939774 525
609405 967869 525
867199 948771 507
971566 235668 525
139584 228812 386
8745 665497 509
972782 273854 525
328989 992454 525
328094 190833 443
467911 779600 509
226975 561313 470
488092 152359 449
897906 978240 507
963027 459109 525
592128 749680 509
810995 447223 509
590130 52021 470
63993 712562 509
24243 284113 443
337684 306054 384
533399 285931 470
676305 990795 525
789157 342865 509
365335 19175 443
57011 141278 354
312558 401539 441
883818 400518 525
677987 248977 509
709417 103528 509
147583 26852 375
22710 352456 443
278727 340036 389
442097 164898 449
224568 774082 509
329574 965796 525
881732 296412 525
631993 55978 509
161853 788592 509
836032 616280 509
70400 739278 509
1431 361536 443
944089 631398 525
419202 966476 525
21103 591487 470
465137 624717 470
551403 841919 525
420025 314678 449
81543 180623 383
470971 568545 470
367905 128009 443
696100 695173 336
965675 946799 414
583166 72189 470
717857 707160 411
519959 718170 509
373944 933428 525
639072 914427 525
27270 585676 470
350573 367941 410
508462 905896 525
235060 920999 525
558819 255323 470
332017 103346 443
911290 487700 525
464241 459126 444
570435 782890 509
894768 536396 525
787226 208993 509
300776 188836 443
564416 90564 470
788437 250591 509
466926 885279 525
561231 418625 470
140214 965465 525
260809 593514 470
820236 857321 525
64318 104139 351
326825 612326 470
217292 289323 443
66407 789767 509
160879 47389 383
537066 928235 525
953961 392102 525
170918 869119 525
379686 412372 449
494973 446771 444
237107 907185 525
297212 959719 525
186887 935443 525
864591 972649 507
237334 34789 443
526070 781172 509
787277 106745 509
445992 181275 449
963104 293169 525
818009 114727 509
522401 971788 525
699927 832788 504
779804 624750 509
982557 131480 525
369517 602816 470
568138 557272 421
263530 284368 407
940993 316659 525
183410 383717 443
558093 890968 525
733113 749893 424
339806 100095 443
863063 57538 525
471496 339807 449
826892 393010 509
476218 442048 444
342980 572276 470
85325 721909 509
391409 408627 405
79691 322507 443
887329 805803 525
411400 921498 525
135573 355115 443
201243 700184 509
686439 926733 525
696203 282148 509
807716 922095 525
242159 593574 470
687739 103152 509
116646 665229 509
267952 117494 443
437841 979915 525
45131 272758 443
554610 638653 509
120789 899393 525
194962 739412 509
886864 743751 525
948517 873139 507
776746 271854 509
539214 854668 525
22171 628865 509
527472 483032 470
207978 601619 470
898210 286207 525
632517 178122 509
449272 517549 470
637262 372873 509
647342 734546 504
262727 329110 407
809114 194662 509
574251 706910 509
54077 597688 470
458899 430409 400
356826 94219 443
84891 950275 525
986074 505262 525
211434 627294 509
400342 239921 441
412218 328076 449
799233 927011 525
382648 807949 509
444130 140539 449
968546 297228 525
980850 424868 525
13 495567 449
62313 974875 525
348 318302 443
864383 900431 445
817756 949205 525
742001 411949 509
678486 586566 509
733714 919557 525
270552 603639 470
323044 704625 509
203332 255735 443
499698 457006 444
929930 51464 525
104499 601683 470
724448 578116 509
6082 228692 386
290928 716428 509
465791 826122 509
918107 218595 525
343026 453390 449
551928 459034 470
539742 518372 439
453098 527784 470
441719 670050 509
656693 112990 509
86521 401543 443
35424 70259 340
15238 520229 470
184660 886691 525
103293 393582 443
904201 386131 525
155744 336111 443
343552 496668 449
619490 240983 470
38388 869012 525
26376 104557 351
867702 685261 525
683116 111084 509
784750 454696 509
931185 53708 525
715776 405328 509
401229 57347 443
202187 420168 449
59167 667361 509
133532 506360 449
192562 244616 443
980768 233402 525
940905 78712 525
623872 14571 470
992336 745384 525
397509 577726 470
443477 562512 470
183384 689276 509
501424 222931 449
522528 526254 408
78373 209921 383
42130 86055 351
807826 283036 509
691741 495080 509
801691 393895 509
288550 516567 470
397356 372979 436
926264 232260 525
123800 19624 354
567607 775778 509
423305 6339 449
976181 136442 525
237954 227230 443
761387 885493 525
312237 946587 525
238116 794824 509
954135 305612 525
788448 464476 509
365309 844615 525
77963 211419 383
66834 314609 443
418285 619252 470
496380 686880 509
797475 795543 468
418692 636469 509
337144 430487 449
464834 889309 525
211856 369397 443
217035 230173 368
851529 237885 525
437280 745571 509
44814 519615 470
686447 35645 509
807352 245198 509
581243 34542 470
508163 119409 449
358983 612159 470
913308 668041 525
887698 409565 525
130084 683380 509
719352 976513 525
918821 595266 525
333198 571885 470
395280 606920 470
221072 103326 386
634696 715177 504
912707 344817 525
944232 304480 525
775052 575012 509
967151 954810 414
396230 688884 509
620913 552926 447
380417 492274 449
639486 385360 509
471753 805226 509
367090 901634 525
402481 112948 443
74797 147302 375
611732 775440 509
40755 154580 375
663928 943866 525
558375 488430 470
544531 297878 470
866397 409455 525
371479 248313 441
165368 738326 509
20229 912237 525
762535 726988 424
251693 240901 350
87345 335881 443
882290 552896 525
700934 979745 525
722811 193758 509
833819 661849 504
931460 299659 525
775130 928473 525
457893 102735 449
984296 202421 525
978136 539129 525
816848 216534 509
547836 658636 509
475004 687044 509
509911 142528 449
526077 23248 470
617579 93414 470
348998 977613 525
59299 259408 443
488524 684706 509
518101 79320 470
637513 833694 504
859609 679195 525
633834 499858 509
798373 548952 509
153663 443549 449
806107 486424 509
492627 566874 470
763377 443714 509
227687 574631 470
832511 197206 509
247599 851527 525
833517 769012 468
130831 155035 375
849348 109491 525
378077 561435 470
410812 905011 525
601351 153321 470
842945 735087 525
855975 795730 525
830330 678910 504
593752 911810 525
813248 864138 525
239705 594421 470
101689 407088 443
643002 788313 504
998820 211190 525
722132 311663 509
737766 812077 468
538930 749174 509
316078 254925 407
285301 380248 441
242041 80136 443
926949 94646 525
404267 80433 443
619030 760591 509
224366 467940 449
762926 415844 509
506790 1160 449
706719 700483 504
654136 476271 509
472371 443761 444
581694 189676 470
667032 462064 509
9819 818368 509
209236 13879 383
439147 758915 509
241701 105892 443
877829 384199 525
357470 383897 423
38666 708283 509
244776 609908 470
850352 330291 525
25042 945473 525
832506 618350 509
884097 938176 476
996175 124677 525
104972 799764 509
707054 587045 509
61396 69678 330
54424 919139 525
514845 923131 525
956518 114380 525
728002 741979 424
502726 668660 509
635188 9133 509
283086 875992 525
230040 74830 386
538733 748009 509
222180 448750 449
603913 639503 509
876296 489633 525
100409 50132 351
491435 285609 449
618389 147487 470
119534 79165 354
523515 746396 509
426209 267795 449
123722 520913 470
143610 980882 525
836616 771049 468
139661 42670 354
292958 343296 384
442862 139387 449
539551 242735 470
486934 401955 449
594050 565883 434
274269 505134 449
77968 355450 443
438208 289520 449
134072 42091 354
203841 298839 443
157268 952653 525
847398 315312 525
557909 469718 470
859770 452429 525
433527 91472 449
150720 645271 509
5863 412391 449
164249 448935 449
331155 683453 509
477390 337469 449
418436 91165 449
688881 793109 504
339345 853687 525
258557 269514 407
808549 86084 509
301323 582327 470
643698 623990 509
70093 59430 335
879490 685507 525
407255 419214 449
963425 467787 525
600540 105273 470
337162 246955 407
43553 695258 509
317527 685021 509
509398 960678 525
566878 909699 525
918199 936272 476
883876 551630 525
993664 338478 525
475096 813699 509
225427 78997 386
70644 568940 470
2512 31865 308
391656 992032 525
735928 346634 509
13708 920594 525
947162 508497 525
535499 253427 470
555876 989813 525
12994 319358 443
708151 86883 509
244071 578078 470
568133 480403 470
268515 58360 443
308787 985379 525
160257 533891 470
267603 577140 470
556585 3742 470
195466 658417 509
819730 624331 509
488839 323918 449
745585 590807 509
837121 918270 525
565753 879583 525
112126 518626 470
618243 430324 470
751971 6612 509
491107 672393 509
96074 311948 443
386565 267235 441
142538 439778 449
965085 609407 525
934981 733205 525
509501 292846 449
347871 189172 443
993910 886536 507
463796 937051 525
379910 950820 525
565709 522042 452
397676 574453 470
568853 122275 470
151460 163833 383
471717 386605 449
78090 268455 443
591538 809856 509
19575 4311 279
954903 48470 525
753444 445821 509
631565 846590 525
805396 374839 509
238152 920753 525
42747 855691 525
701692 535088 509
635838 757924 504
889850 658298 525
871526 67516 525
637559 667082 442
634613 795379 504
432028 147356 449
231709 119950 443
143763 700385 509
688684 206830 509
473757 817793 509
240502 126095 443
526218 886544 525
274794 148130 443
464804 142133 449
305978 226159 443
699412 557886 509
486128 209947 449
345612 946436 525
527150 919693 525
276194 877607 525
859249 314949 525
500742 915007 525
169820 720202 509
692238 414572 509
983569 296428 525
930526 975665 507
259724 271524 407
360650 634088 509
115936 193590 383
940980 142770 525
378144 764939 509
958703 810629 525
182885 795535 509
26094 175537 383
893072 832275 525
913949 370884 525
641102 788530 504
386438 936176 525
758564 566223 509
488775 763640 509
846805 953021 507
156078 770738 509
662977 778335 504
741323 400819 509
880983 866467 432
827311 844535 525
449668 111070 449
838521 744554 525
938793 775173 525
633379 890247 525
289403 718738 509
919008 56361 525
172065 963728 525
277633 613370 470
247498 832340 509
647388 436215 509
699204 396253 509
404548 430674 449
610198 597971 403
239335 204552 443
63444 468331 449
905951 598845 525
350727 948604 525
691812 902599 525
627989 461766 509
841639 146106 525
646426 188776 509
501299 860293 525
959128 243945 525
233540 795789 509
883690 971086 507
420964 548547 470
467318 443273 444
619145 740129 509
18945 72792 340
321702 550606 470
667383 167421 509
817926 437083 509
397675 710660 509
917174 154007 525
637840 804838 504
264058 28497 443
961292 501539 525
307417 538291 470
899151 720345 525
672505 669397 367
580232 621298 447
483365 238886 449
137343 426360 449
67591 698563 509
33146 439954 449
833003 898827 525
531178 630275 509
57149 772367 509
687522 223902 509
829199 286441 509
170541 851065 525
587415 679873 509
42118 280052 443
394059 647791 509
179318 915119 525
981304 16093 525
883876 297501 525
947507 103908 525
114966 442613 449
77075 253529 443
249652 553866 470
394160 717273 509
323053 96028 443
589147 52763 470
422818 45271 449
468915 589552 470
890835 650309 525
726314 61483 509
963735 340570 525
541496 308053 470
603556 222725 470
426943 339585 449
94150 604237 470
992595 736870 525
943617 396591 525
984059 425491 525
150875 697695 509
549253 819781 509
668872 824430 504
898607 585687 525
55512 86363 351
79456 763692 509
477429 771752 509
309672 715929 509
769650 21158 509
692414 36828 509
563529 460928 470
272237 574452 470
713593 256577 509
193222 407972 443
436341 232704 449
713863 988383 525
148573 480172 449
167773 553870 470
995592 454858 525
537584 286796 470
414617 787271 509
399428 748849 509
540944 348386 470
90714 603976 470
977836 409857 525
921141 97460 525
749925 707859 424
871164 41994 525
986171 956868 458
474707 171351 449
769272 126761 509
398155 925955 525
519540 48377 470
651511 902382 525
901701 547384 525
374998 895570 525
521553 235380 470
13376 306727 443
626008 599270 447
869498 559 525
627033 60567 509
451810 266878 449
929777 156949 525
933960 683834 525
470358 373103 449
454656 526146 470
974720 126553 525
55717 608335 470
684150 540740 509
928891 428765 525
217129 226697 368
623792 831852 509
646092 108554 509
662404 730315 504
481224 129913 449
769722 494426 509
599092 309433 470
849681 798361 525
829050 714534 468
383002 401285 436
258330 709506 509
311296 969505 525
936551 912680 476
740213 248009 509
569415 138417 470
667788 170067 509
2176 155645 375
156895 440011 449
936316 373268 525
735146 131295 509
422154 290205 449
368542 123720 443
859397 424952 525
728765 823512 468
554303 785085 509
570534 90263 470
288204 199813 443
434320 866083 525
680000 177852 509
36162 643583 509
563966 48900 470
555300 868077 525
10616 462130 449
22068 952474 525
491075 986122 525
13759 880389 525
350975 463153 449
627083 52886 509
819633 897464 525
355519 635048 509
499788 241238 449
389631 200990 443
245287 849784 525
174610 304038 443
35214 622645 470
893230 953473 507
990984 887253 507
681862 535330 509
65040 964761 525
432602 794556 509
888825 464289 525
643969 490195 509
142611 34535 375
864738 706893 525
480496 142784 449
96167 838947 525
491394 533959 470
17313 418978 449
236172 328489 407
345269 336786 366
683787 849185 525
232379 333768 407
323652 623780 470
322382 670071 509
97420 99325 328
103052 540730 470
905763 975253 507
810522 680956 504
761032 838755 525
410557 862231 525
561038 839337 525
330750 199989 443
226444 416829 449
599678 84890 470
455085 767800 509
165655 410675 449
42619 765419 509
290852 319513 384
638565 143823 509
90878 774096 509
45207 331751 443
900077 613545 525
708732 798874 468
993029 986146 396
700086 839679 525
822369 395017 509
7805 216934 386
429960 531552 470
322661 196143 443
587903 336801 470
256853 934392 525
607071 603796 372
634499 618569 509
296768 48305 443
925328 693025 525
842021 54585 525
291564 598201 470
210195 427584 449
171056 154847 383
553420 576397 421
734436 603021 509
695410 867862 525
624587 207622 470
452723 714586 509
484913 35376 449
417349 71536 449
241846 743758 509
931821 123403 525
457785 236617 449
397537 61623 443
532721 188762 470
961497 53846 525
502153 267466 449
70614 530924 470
419403 828220 509
556311 711207 509
30615 19523 308
