583106 317758 470
846533 857481 419
917781 926377 445
891248 645800 525
209090 267925 443
852971 304301 525
690077 645728 442
227154 961569 525
705641 894778 525
554211 204201 470
342339 246922 407
982594 911637 507
202362 456278 449
362194 778931 509
494028 198008 449
523345 552690 452
18708 478309 449
992888 556673 525
311905 323563 384
834746 43301 509
442667 546922 470
745740 271463 509
631824 641993 416
250623 758152 509
786833 223856 509
366589 977633 525
698110 402490 509
619044 849272 525
628020 966984 525
985275 369456 525
493479 789381 509
136742 625045 470
945568 212701 525
948920 359892 525
950137 630406 525
684332 947377 525
950032 945961 414
259316 225785 443
605864 224337 470
197085 642914 509
490216 364917 449
730805 759061 424
708047 725253 411
369068 655418 509
517369 656898 509
212750 844397 525
547319 125802 470
317257 919527 525
96677 383980 443
775267 528834 509
8316 747699 509
8077 362323 443
568620 833347 509
950562 48327 525
884702 656017 525
432101 148038 449
492263 246522 449
95343 941595 525
366554 45432 443
614395 279949 470
988790 818880 525
117133 82743 354
865531 309406 525
178290 217275 386
796192 761404 468
376789 937502 525
325814 269817 407
426569 347955 449
111433 603321 470
751248 819237 468
932835 781007 525
942523 109907 525
275373 606489 470
957593 400837 525
178559 754815 509
937745 291850 525
637415 738581 504
385723 408172 436
836503 161659 525
214556 880131 525
631379 672698 442
693944 8009 509
372841 871048 525
353445 834451 509
143604 42163 375
706323 553817 509
287631 981031 525
971172 135649 525
639463 877724 525
463139 56014 449
973852 966697 458
317245 575311 470
155153 188428 383
830125 396797 509
312809 154097 443
176185 850625 525
204056 217699 386
818391 251551 509
37817 925274 525
180917 298703 443
870511 236298 525
814622 685467 504
912915 768667 525
294262 154334 443
358734 418759 449
495836 274211 449
843767 94401 525
23412 188382 383
93843 605703 470
809556 162942 509
457452 578380 470
561243 461000 470
76962 599177 470
177519 335941 443
490084 962038 525
720154 435406 509
457395 335066 449
365603 253189 441
123950 713524 509
426726 351046 449
461048 205344 449
855780 251496 525
978608 236947 525
357328 562274 470
613553 453794 470
117089 667183 509
367929 284403 441
604838 541976 452
835420 87610 509
453806 389683 449
367696 970777 525
937932 807958 525
718395 469469 509
46228 429318 449
986859 70590 525
923011 663936 525
224757 973381 525
976068 426661 525
893911 512335 525
639714 901376 525
699339 394458 509
658496 503789 509
427723 905682 525
679439 434472 509
989408 369080 525
68560 657257 509
120106 484278 449
964533 750682 525
293522 514940 470
258493 599767 470
222286 441387 449
21001 825243 509
666184 38218 509
571555 387883 470
571697 112098 470
232647 204412 443
451987 267060 449
985887 849958 507
936933 294418 525
471505 682348 509
282915 607944 470
90764 125185 354
144913 840384 525
892223 801529 525
772467 499869 509
623672 795433 509
63265 961062 525
460952 3331 449
608048 893713 525
911616 834569 525
444612 713817 509
291549 465527 449
12840 699390 509
995975 734083 525
895488 987116 507
836013 95834 525
1490 537292 470
391949 586485 470
831374 679095 504
27550 960864 525
280699 738770 509
596732 152014 470
878551 131522 525
182732 790710 509
496928 969988 525
608977 316001 470
287039 561498 470
733307 239018 509
911151 651050 525
804978 776256 468
326402 314652 384
475425 348754 449
38005 264121 443
944467 446913 525
149165 256681 443
647585 320344 509
958374 519731 525
502000 382000 449
306339 489500 449
856178 245477 525
679562 549209 509
719153 200648 509
497835 147919 449
626809 720235 504
648468 177179 509
786493 228651 509
714574 26632 509
265425 718651 509
99558 993962 525
319258 623028 470
929974 666405 525
619870 590343 447
161472 780322 509
61154 713297 509
21608 934136 525
643884 694530 442
145017 861508 525
17441 63145 340
928127 919186 476
42356 600812 470
450435 785723 509
298266 426002 449
649391 501887 509
125236 125291 287
691215 764260 504
955354 491699 525
721995 891502 525
406880 121424 443
187923 273898 443
68339 103705 351
36700 517717 470
768953 473801 509
206550 139041 383
948697 851582 507
108268 74101 354
308859 540393 470
58311 781220 509
281229 472204 449
111860 836946 509
55917 981157 525
113989 537997 470
599692 883121 525
147018 625156 470
661117 690339 442
791842 296688 509
536622 967010 525
760432 867453 525
127574 334703 443
564743 938889 525
758859 306116 509
451505 836637 509
207576 524262 470
793110 644893 504
633122 49636 509
769967 235513 509
356014 45302 443
554074 618328 447
470810 541808 470
639808 774668 504
247663 522392 470
397297 92168 443
658982 862567 525
320588 369701 441
966388 881407 507
79861 761408 509
749578 413177 509
640906 394996 509
814773 836243 450
176372 812734 509
896529 766128 525
992160 689007 525
297768 232672 407
720148 400278 509
227022 337542 443
430656 641856 509
162025 473020 449
806359 903607 525
280214 823624 509
758178 100475 509
324570 595739 470
409722 40597 449
467114 45437 449
847122 915136 476
53808 520203 470
925894 144982 525
805041 462833 509
854631 793091 525
133079 105826 354
811796 534202 509
528385 525383 408
369249 15320 443
621466 934054 525
220963 176113 386
943708 852320 507
592124 678136 509
420586 444822 418
822937 896860 525
339852 845318 525
383515 980143 525
837244 459726 525
244626 774927 509
958604 555558 525
7037 440967 449
845954 773259 525
189183 131964 383
105211 375146 443
865774 963226 507
16056 590799 470
687916 470996 509
998710 955698 458
555243 349751 470
185467 534181 470
308140 263922 407
412532 353216 449
145323 722302 509
938667 587732 525
724190 35816 509
987403 879762 507
896754 45091 525
622932 806327 509
698810 437907 509
202777 495983 449
28763 705688 509
448653 293611 449
800375 213145 509
371555 929737 525
535332 894995 525
333804 263252 407
185056 36397 383
886303 545949 525
169131 27162 383
581697 847169 525
516011 236411 470
587288 289753 470
957702 473581 525
235386 576135 470
839510 933922 476
510307 53651 470
431774 773772 509
649498 184790 509
541263 772021 509
140765 82238 354
491334 863567 525
989166 642241 525
22784 957746 525
438343 352165 449
323963 54591 443
247828 858640 525
794316 765252 468
136567 346686 443
968999 262251 525
683523 711607 504
62308 812107 509
526615 79303 470
725178 295949 509
397085 568 443
591216 183251 470
31447 984374 525
976242 346787 525
642486 453346 509
522332 661453 509
252182 793138 509
749839 627447 504
252473 45572 443
799623 337855 509
158834 572294 470
237570 645230 509
144036 647980 509
897003 875912 445
503668 642620 509
905143 289690 525
361664 37614 443
565390 172440 470
936644 953595 507
809711 436239 509
294939 2886 443
72207 979522 525
304328 809288 509
228990 521526 470
565394 197526 470
783315 803408 468
528772 997805 525
321044 691718 509
927621 362701 525
492596 810302 509
750481 165597 509
269020 468640 449
910433 135583 525
816567 69128 509
255191 244651 363
923113 169733 525
49131 315153 443
766491 598462 509
735977 688850 504
769831 201053 509
746109 269463 509
497253 859834 525
89092 424048 449
510000 88829 470
906647 771492 525
825819 201385 509
25917 323498 443
951664 733878 525
1881 133986 354
817836 947347 525
419015 859228 525
854518 355743 525
396655 754412 509
331904 869677 525
110488 850952 525
687270 506167 509
103214 88416 341
202283 143067 383
901938 774795 525
269562 298765 407
720938 797227 468
138463 802826 509
239877 329312 407
831644 8203 509
622076 331821 470
360438 590135 470
924296 666335 525
321501 28637 443
569795 891031 525
500936 406069 449
51482 65544 340
1116 376257 443
579302 975034 525
219778 551063 470
896408 188466 525
931611 587403 525
233612 4053 443
127091 282209 443
669132 278592 509
273557 621376 470
8007 808276 509
397273 386145 436
230287 600231 470
736353 543785 509
530678 267062 470
211271 129149 383
322216 818442 509
76042 299501 443
112941 714850 509
852302 75426 525
768157 655466 504
227676 525009 470
136747 78930 354
740386 266686 509
251153 445193 449
791377 697693 504
85800 318491 443
895602 273725 525
78103 535771 470
343537 399209 441
170513 653512 509
595585 618641 447
692345 611847 509
647266 128111 509
9728 270054 443
254944 83588 443
90706 809105 509
376398 926498 525
546527 563246 452
939592 412486 525
773839 278897 509
175801 976881 525
669667 758022 504
310599 687983 509
925712 149512 525
890087 222047 525
196566 753365 509
718228 378827 509
891577 978021 507
229960 908767 525
670424 987750 525
779219 394164 509
983119 119984 525
97158 459477 449
965425 391651 525
179221 502966 449
27834 775867 509
904402 255792 525
416134 694323 509
191160 77449 383
631911 711635 504
816915 373175 509
923049 170424 525
704095 265679 509
459358 177445 449
837145 155194 525
229449 108668 443
205955 334382 443
177629 812477 509
757403 390307 509
615612 889922 525
376062 791779 509
441582 901898 525
375386 118046 443
927120 244045 525
822984 598890 509
290145 925226 525
166638 451289 449
392943 425612 449
3649 972300 525
747232 309544 509
75330 290311 443
263621 943089 525
596910 23237 470
258410 208481 443
294622 611317 470
975090 567237 525
538730 763137 509
276320 105601 443
105650 318265 443
492581 887040 525
695778 307618 509
562108 284967 470
809893 88340 509
349135 880807 525
132171 189609 383
934012 857307 476
806964 393030 509
242175 296465 407
695100 411725 509
507777 348952 449
605944 977784 525
454770 362433 449
122817 24176 354
47626 311419 443
784006 594301 509
836129 477629 525
158815 231495 443
88093 609646 470
86756 412795 449
924026 841708 476
785845 454818 509
703816 52594 509
763874 872350 525
754596 833494 468
793132 154805 509
529885 362382 470
294347 520938 470
855274 200614 525
602181 160089 470
624805 692923 509
762280 932162 525
701171 705609 504
559455 981364 525
775943 248087 509
330980 44284 443
511275 209441 470
879509 210807 525
75203 626482 509
439351 824768 509
418656 3185 449
448680 433807 400
27814 885439 525
483315 252869 449
96577 795 351
544160 63567 470
406945 103516 443
672841 211750 509
384100 548763 470
646516 979296 525
939168 239025 525
405853 243220 441
330520 593057 470
696740 751564 504
498872 206343 449
313218 662425 509
180876 518206 470
259794 650515 509
237236 376994 441
413494 242659 449
275447 118405 443
291710 979941 525
162942 563364 470
40649 536861 470
846591 416438 525
967931 50772 525
363097 605846 470
742574 175177 509
890501 76897 525
667547 530842 509
6219 318495 443
107795 218322 386
280190 980321 525
214503 472841 449
157047 962680 525
886399 790147 525
929562 78906 525
488615 937195 525
143274 954976 525
452626 475973 444
157253 704986 509
61335 451935 449
562637 337014 470
555770 838700 525
180451 971171 525
219259 867729 525
596342 747148 509
558041 487430 470
641300 592264 509
609313 200942 470
225913 67688 386
496572 835329 509
934758 387334 525
624131 522024 452
950112 243810 525
271907 864661 525
357499 115481 443
885845 314211 525
337642 484779 449
944323 908273 507
3127 460674 449
483928 47593 449
3320 842014 525
776516 303786 509
839034 566390 525
826016 255037 509
263668 808336 509
336847 66309 443
345775 370264 441
501624 233582 449
942337 199756 525
630895 538400 509
98169 725055 509
482077 560701 470
80319 97633 333
81826 580053 470
869494 170603 525
345964 278458 441
742156 482629 509
960781 137175 525
763850 746533 424
423278 316916 449
917939 196740 525
821968 529198 509
629500 556697 509
80935 126936 354
600592 609872 403
476727 621378 470
394645 609177 470
528943 772496 509
313248 747464 509
198804 199134 236
393112 377428 436
486665 170476 449
899204 581061 525
443994 267011 449
817249 165979 509
158043 417176 449
626869 789977 504
804453 952059 525
612287 575687 434
635759 876396 525
115448 467223 449
90035 400309 443
495014 192919 449
805246 144658 509
421740 600791 470
210060 460837 449
158126 522896 470
474045 892269 525
13607 595351 470
856084 825632 525
966814 856992 507
950603 481575 525
558841 483732 470
783411 682546 504
325156 791376 509
619133 623854 372
749519 977418 525
880152 578030 525
165011 473948 449
300879 770031 509
587437 113807 470
595348 409204 470
124045 957797 525
71841 354079 443
228933 766248 509
739635 504433 509
995243 580674 525
973694 967412 458
481022 572510 470
162750 381972 443
626509 129574 509
851249 257523 525
577493 258907 470
174769 101486 383
605290 79845 470
542122 897989 525
452437 258492 449
173052 577892 470
141842 555408 470
644667 710839 504
741409 208320 509
314731 863265 525
226242 787417 509
328673 808818 509
280205 227165 443
695455 716419 504
212272 181418 373
853748 597698 525
185496 850983 525
859695 152702 525
592114 465948 470
890239 772873 525
305918 608168 470
971339 827452 525
952334 642824 525
507351 666464 509
344596 137427 443
748882 864434 525
33452 164405 383
489643 747777 509
541708 297779 470
172955 674952 509
542723 340010 470
125888 194581 383
438224 110136 449
161605 7621 383
27135 787075 509
652166 495107 509
982810 751504 525
440845 352279 449
529447 652089 509
483925 177935 449
110669 237997 443
601279 723254 509
409650 585478 470
819684 285366 509
910616 229732 525
878573 707821 525
18636 165754 383
704635 534416 509
962387 733655 525
537092 600787 452
310228 987520 525
196007 833685 509
364888 520224 470
641031 861861 525
446341 738124 509
434317 665649 509
860931 481427 525
73413 178089 383
975109 563581 525
498955 413125 444
361277 470930 449
461067 434439 444
779644 283707 509
804491 735776 468
752365 50043 509
126376 70084 354
512266 704498 509
167309 376585 443
312799 565220 470
795784 249831 509
967465 606947 525
42619 446344 449
535637 997063 525
335018 412231 449
797353 386037 509
395836 493386 449
419873 37021 449
421799 324378 449
538214 470196 470
770304 635136 504
758985 691778 504
305657 879189 525
365794 329232 441
56803 844172 525
264811 845600 525
233044 339495 407
912768 413791 525
172122 225582 386
671483 642976 442
781282 364615 509
420483 680890 509
231847 517443 470
142761 478873 449
27985 190248 383
745368 776577 468
760082 727320 424
309771 323223 384
47515 491592 449
782904 959343 525
975851 206810 525
290363 438265 449
90100 511072 449
807477 305955 509
106980 791130 509
583381 576448 434
110898 84429 354
719431 962759 525
92409 586492 470
779770 522293 509
961141 89932 525
436214 823830 509
82249 502904 449
643323 320776 509
304727 838014 525
609642 63792 470
454601 8670 449
78507 215165 383
382189 400643 436
528768 415482 470
172055 141113 383
560053 223771 470
227111 521651 470
656611 304290 509
335956 224805 443
602090 916713 525
244514 799752 509
228284 894590 525
156860 588134 470
701829 894326 525
759184 671185 504
411270 378502 449
63245 977682 525
765092 578171 509
814933 198996 509
651891 725228 504
132142 743155 509
2733 915037 525
444965 487970 444
139149 706425 509
464276 697387 509
500594 13221 449
486965 607163 470
411263 64654 449
919346 552655 525
433979 83338 449
678580 867678 525
409627 107985 449
334164 908785 525
218334 734568 509
912339 857504 476
59441 516498 470
760225 249439 509
884398 447559 525
929375 512307 525
486221 443500 444
982773 998928 440
631924 372231 509
390165 234613 441
351647 797311 509
141263 130301 375
243305 619617 470
110440 903122 525
975879 526864 525
682972 736387 504
533300 640325 509
133400 782321 509
494273 236486 449
488723 681637 509
190413 653089 509
205098 525980 470
188330 103767 383
278695 115335 443
149214 234795 443
328429 130579 443
850923 669175 525
393929 274777 441
294856 952562 525
583228 809481 509
347686 92347 443
250582 95029 443
815036 793484 468
348552 551387 470
757572 918357 525
998314 751909 525
348170 747810 509
483954 647880 509
399031 203017 443
40344 516873 470
17714 854336 525
384908 481755 449
210649 434309 449
703226 564111 509
540599 627709 509
601423 801318 509
620225 601905 447
859134 647680 525
803331 635939 504
68270 162051 383
686845 958746 525
399229 610737 470
560275 779885 509
370527 402756 436
150075 790464 509
78369 536251 470
445096 157784 449
984201 833290 525
189944 124053 383
532859 607195 452
304627 58312 443
23748 73088 340
778951 306532 509
993165 275143 525
487718 199967 449
456417 567287 470
810101 191063 509
235627 268331 407
543540 218354 470
878924 283454 525
287905 593652 470
156572 750274 509
459749 846456 525
694853 422746 509
533520 136645 470
265237 432287 449
149239 280839 443
22586 712968 509
439370 801511 509
418554 387091 449
76487 445790 449
794924 694890 504
990482 505315 525
639103 567627 509
968721 497645 525
422893 277518 449
160293 566547 470
704678 257022 509
764188 623155 509
420776 973167 525
138766 415570 449
434343 316932 449
727537 820102 468
702703 731806 504
550454 764949 509
687645 646454 442
902019 266937 525
885012 558283 525
688162 918967 525
342392 561653 470
831750 322842 509
63993 591679 470
458840 226737 449
715133 226692 509
749202 796573 468
527096 106759 470
934684 903711 476
705370 321407 509
216188 747289 509
112954 702201 509
782490 351164 509
7290 29094 308
15633 295792 443
71258 28288 340
989315 465686 525
42801 331702 443
77616 832173 509
11335 100105 351
531008 606587 452
562264 482219 470
714245 690405 504
607917 548532 434
87992 738982 509
290507 605229 470
99006 366848 443
983153 427910 525
410765 44770 449
976016 282332 525
615075 545858 452
270634 957832 525
406554 719727 509
105772 410739 449
191628 378925 443
113914 984772 525
341427 455323 449
286181 734188 509
321406 598606 470
276929 660478 509
731226 860619 525
966574 963611 383
706836 417647 509
380316 721694 509
256688 266602 407
3266 642083 509
281950 983819 525
197720 306975 443
925936 926523 326
111397 697273 509
920475 447155 525
120711 491491 449
951559 189267 525
837788 740107 525
521424 257363 470
706730 221988 509
649242 402360 509
873940 530186 525
831892 486035 509
184495 566593 470
28747 636176 509
731858 784044 468
865210 184670 525
55817 678501 509
648786 377759 509
